ARM GAS  C:\Users\DEVELO~1\AppData\Local\Temp\cc3jj7Md.s 			page 1


   1              		.cpu cortex-m7
   2              		.arch armv7e-m
   3              		.fpu softvfp
   4              		.eabi_attribute 20, 1
   5              		.eabi_attribute 21, 1
   6              		.eabi_attribute 23, 3
   7              		.eabi_attribute 24, 1
   8              		.eabi_attribute 25, 1
   9              		.eabi_attribute 26, 1
  10              		.eabi_attribute 30, 2
  11              		.eabi_attribute 34, 1
  12              		.eabi_attribute 18, 4
  13              		.file	"audio_codec_pcm4104.c"
  14              		.text
  15              	.Ltext0:
  16              		.cfi_sections	.debug_frame
  17              		.section	.text.audio_codec_pcm4104_init,"ax",%progbits
  18              		.align	1
  19              		.p2align 4,,15
  20              		.global	audio_codec_pcm4104_init
  21              		.syntax unified
  22              		.thumb
  23              		.thumb_func
  24              		.type	audio_codec_pcm4104_init, %function
  25              	audio_codec_pcm4104_init:
  26              	.LFB448:
  27              		.file 1 "drivers/audio/audio_codec_pcm4104.c"
  28              		.loc 1 19 37 view -0
  29              		.cfi_startproc
  30              		@ args = 0, pretend = 0, frame = 0
  31              		@ frame_needed = 0, uses_anonymous_args = 0
  32              		@ link register save eliminated.
  33              		.loc 1 26 1 view .LVU1
  34 0000 7047     		bx	lr
  35              		.cfi_endproc
  36              	.LFE448:
  37              		.size	audio_codec_pcm4104_init, .-audio_codec_pcm4104_init
  38 0002 00BF     		.section	.text.audio_codec_pcm4104_set_mute,"ax",%progbits
  39              		.align	1
  40              		.p2align 4,,15
  41              		.global	audio_codec_pcm4104_set_mute
  42              		.syntax unified
  43              		.thumb
  44              		.thumb_func
  45              		.type	audio_codec_pcm4104_set_mute, %function
  46              	audio_codec_pcm4104_set_mute:
  47              	.LVL0:
  48              	.LFB449:
  49              		.loc 1 28 46 view -0
  50              		.cfi_startproc
  51              		@ args = 0, pretend = 0, frame = 0
  52              		@ frame_needed = 0, uses_anonymous_args = 0
  53              		@ link register save eliminated.
  54              		.loc 1 37 5 view .LVU3
  55              		.loc 1 39 1 is_stmt 0 view .LVU4
  56 0000 7047     		bx	lr
  57              		.cfi_endproc
ARM GAS  C:\Users\DEVELO~1\AppData\Local\Temp\cc3jj7Md.s 			page 2


  58              	.LFE449:
  59              		.size	audio_codec_pcm4104_set_mute, .-audio_codec_pcm4104_set_mute
  60 0002 00BF     		.text
  61              	.Letext0:
  62              		.section	.debug_info,"",%progbits
  63              	.Ldebug_info0:
  64 0000 B5000000 		.4byte	0xb5
  65 0004 0500     		.2byte	0x5
  66 0006 01       		.byte	0x1
  67 0007 04       		.byte	0x4
  68 0008 00000000 		.4byte	.Ldebug_abbrev0
  69 000c 02       		.uleb128 0x2
  70 000d 49010000 		.4byte	.LASF12
  71 0011 1D       		.byte	0x1d
  72 0012 A3000000 		.4byte	.LASF13
  73 0016 26000000 		.4byte	.LASF14
  74 001a 0C000000 		.4byte	.LLRL0
  75 001e 00000000 		.4byte	0
  76 0022 00000000 		.4byte	.Ldebug_line0
  77 0026 03       		.uleb128 0x3
  78 0027 04       		.byte	0x4
  79 0028 05       		.byte	0x5
  80 0029 696E7400 		.ascii	"int\000"
  81 002d 01       		.uleb128 0x1
  82 002e 04       		.byte	0x4
  83 002f 07       		.byte	0x7
  84 0030 19000000 		.4byte	.LASF0
  85 0034 01       		.uleb128 0x1
  86 0035 08       		.byte	0x8
  87 0036 05       		.byte	0x5
  88 0037 E9000000 		.4byte	.LASF1
  89 003b 01       		.uleb128 0x1
  90 003c 08       		.byte	0x8
  91 003d 04       		.byte	0x4
  92 003e 16010000 		.4byte	.LASF2
  93 0042 01       		.uleb128 0x1
  94 0043 01       		.byte	0x1
  95 0044 06       		.byte	0x6
  96 0045 0A010000 		.4byte	.LASF3
  97 0049 01       		.uleb128 0x1
  98 004a 01       		.byte	0x1
  99 004b 08       		.byte	0x8
 100 004c C7000000 		.4byte	.LASF4
 101 0050 01       		.uleb128 0x1
 102 0051 02       		.byte	0x2
 103 0052 05       		.byte	0x5
 104 0053 3F010000 		.4byte	.LASF5
 105 0057 01       		.uleb128 0x1
 106 0058 02       		.byte	0x2
 107 0059 07       		.byte	0x7
 108 005a F7000000 		.4byte	.LASF6
 109 005e 01       		.uleb128 0x1
 110 005f 04       		.byte	0x4
 111 0060 05       		.byte	0x5
 112 0061 DA000000 		.4byte	.LASF7
 113 0065 01       		.uleb128 0x1
 114 0066 04       		.byte	0x4
ARM GAS  C:\Users\DEVELO~1\AppData\Local\Temp\cc3jj7Md.s 			page 3


 115 0067 07       		.byte	0x7
 116 0068 7A000000 		.4byte	.LASF8
 117 006c 01       		.uleb128 0x1
 118 006d 08       		.byte	0x8
 119 006e 07       		.byte	0x7
 120 006f 8C000000 		.4byte	.LASF9
 121 0073 01       		.uleb128 0x1
 122 0074 01       		.byte	0x1
 123 0075 08       		.byte	0x8
 124 0076 D5000000 		.4byte	.LASF10
 125 007a 01       		.uleb128 0x1
 126 007b 01       		.byte	0x1
 127 007c 02       		.byte	0x2
 128 007d E3000000 		.4byte	.LASF11
 129 0081 04       		.uleb128 0x4
 130 0082 22010000 		.4byte	.LASF15
 131 0086 01       		.byte	0x1
 132 0087 1C       		.byte	0x1c
 133 0088 06       		.byte	0x6
 134 0089 00000000 		.4byte	.LFB449
 135 008d 02000000 		.4byte	.LFE449-.LFB449
 136 0091 01       		.uleb128 0x1
 137 0092 9C       		.byte	0x9c
 138 0093 A6000000 		.4byte	0xa6
 139 0097 05       		.uleb128 0x5
 140 0098 75000000 		.4byte	.LASF16
 141 009c 01       		.byte	0x1
 142 009d 1C       		.byte	0x1c
 143 009e 28       		.byte	0x28
 144 009f 7A000000 		.4byte	0x7a
 145 00a3 01       		.uleb128 0x1
 146 00a4 50       		.byte	0x50
 147 00a5 00       		.byte	0
 148 00a6 06       		.uleb128 0x6
 149 00a7 00000000 		.4byte	.LASF17
 150 00ab 01       		.byte	0x1
 151 00ac 13       		.byte	0x13
 152 00ad 06       		.byte	0x6
 153 00ae 00000000 		.4byte	.LFB448
 154 00b2 02000000 		.4byte	.LFE448-.LFB448
 155 00b6 01       		.uleb128 0x1
 156 00b7 9C       		.byte	0x9c
 157 00b8 00       		.byte	0
 158              		.section	.debug_abbrev,"",%progbits
 159              	.Ldebug_abbrev0:
 160 0000 01       		.uleb128 0x1
 161 0001 24       		.uleb128 0x24
 162 0002 00       		.byte	0
 163 0003 0B       		.uleb128 0xb
 164 0004 0B       		.uleb128 0xb
 165 0005 3E       		.uleb128 0x3e
 166 0006 0B       		.uleb128 0xb
 167 0007 03       		.uleb128 0x3
 168 0008 0E       		.uleb128 0xe
 169 0009 00       		.byte	0
 170 000a 00       		.byte	0
 171 000b 02       		.uleb128 0x2
ARM GAS  C:\Users\DEVELO~1\AppData\Local\Temp\cc3jj7Md.s 			page 4


 172 000c 11       		.uleb128 0x11
 173 000d 01       		.byte	0x1
 174 000e 25       		.uleb128 0x25
 175 000f 0E       		.uleb128 0xe
 176 0010 13       		.uleb128 0x13
 177 0011 0B       		.uleb128 0xb
 178 0012 03       		.uleb128 0x3
 179 0013 0E       		.uleb128 0xe
 180 0014 1B       		.uleb128 0x1b
 181 0015 0E       		.uleb128 0xe
 182 0016 55       		.uleb128 0x55
 183 0017 17       		.uleb128 0x17
 184 0018 11       		.uleb128 0x11
 185 0019 01       		.uleb128 0x1
 186 001a 10       		.uleb128 0x10
 187 001b 17       		.uleb128 0x17
 188 001c 00       		.byte	0
 189 001d 00       		.byte	0
 190 001e 03       		.uleb128 0x3
 191 001f 24       		.uleb128 0x24
 192 0020 00       		.byte	0
 193 0021 0B       		.uleb128 0xb
 194 0022 0B       		.uleb128 0xb
 195 0023 3E       		.uleb128 0x3e
 196 0024 0B       		.uleb128 0xb
 197 0025 03       		.uleb128 0x3
 198 0026 08       		.uleb128 0x8
 199 0027 00       		.byte	0
 200 0028 00       		.byte	0
 201 0029 04       		.uleb128 0x4
 202 002a 2E       		.uleb128 0x2e
 203 002b 01       		.byte	0x1
 204 002c 3F       		.uleb128 0x3f
 205 002d 19       		.uleb128 0x19
 206 002e 03       		.uleb128 0x3
 207 002f 0E       		.uleb128 0xe
 208 0030 3A       		.uleb128 0x3a
 209 0031 0B       		.uleb128 0xb
 210 0032 3B       		.uleb128 0x3b
 211 0033 0B       		.uleb128 0xb
 212 0034 39       		.uleb128 0x39
 213 0035 0B       		.uleb128 0xb
 214 0036 27       		.uleb128 0x27
 215 0037 19       		.uleb128 0x19
 216 0038 11       		.uleb128 0x11
 217 0039 01       		.uleb128 0x1
 218 003a 12       		.uleb128 0x12
 219 003b 06       		.uleb128 0x6
 220 003c 40       		.uleb128 0x40
 221 003d 18       		.uleb128 0x18
 222 003e 7A       		.uleb128 0x7a
 223 003f 19       		.uleb128 0x19
 224 0040 01       		.uleb128 0x1
 225 0041 13       		.uleb128 0x13
 226 0042 00       		.byte	0
 227 0043 00       		.byte	0
 228 0044 05       		.uleb128 0x5
ARM GAS  C:\Users\DEVELO~1\AppData\Local\Temp\cc3jj7Md.s 			page 5


 229 0045 05       		.uleb128 0x5
 230 0046 00       		.byte	0
 231 0047 03       		.uleb128 0x3
 232 0048 0E       		.uleb128 0xe
 233 0049 3A       		.uleb128 0x3a
 234 004a 0B       		.uleb128 0xb
 235 004b 3B       		.uleb128 0x3b
 236 004c 0B       		.uleb128 0xb
 237 004d 39       		.uleb128 0x39
 238 004e 0B       		.uleb128 0xb
 239 004f 49       		.uleb128 0x49
 240 0050 13       		.uleb128 0x13
 241 0051 02       		.uleb128 0x2
 242 0052 18       		.uleb128 0x18
 243 0053 00       		.byte	0
 244 0054 00       		.byte	0
 245 0055 06       		.uleb128 0x6
 246 0056 2E       		.uleb128 0x2e
 247 0057 00       		.byte	0
 248 0058 3F       		.uleb128 0x3f
 249 0059 19       		.uleb128 0x19
 250 005a 03       		.uleb128 0x3
 251 005b 0E       		.uleb128 0xe
 252 005c 3A       		.uleb128 0x3a
 253 005d 0B       		.uleb128 0xb
 254 005e 3B       		.uleb128 0x3b
 255 005f 0B       		.uleb128 0xb
 256 0060 39       		.uleb128 0x39
 257 0061 0B       		.uleb128 0xb
 258 0062 27       		.uleb128 0x27
 259 0063 19       		.uleb128 0x19
 260 0064 11       		.uleb128 0x11
 261 0065 01       		.uleb128 0x1
 262 0066 12       		.uleb128 0x12
 263 0067 06       		.uleb128 0x6
 264 0068 40       		.uleb128 0x40
 265 0069 18       		.uleb128 0x18
 266 006a 7A       		.uleb128 0x7a
 267 006b 19       		.uleb128 0x19
 268 006c 00       		.byte	0
 269 006d 00       		.byte	0
 270 006e 00       		.byte	0
 271              		.section	.debug_aranges,"",%progbits
 272 0000 24000000 		.4byte	0x24
 273 0004 0200     		.2byte	0x2
 274 0006 00000000 		.4byte	.Ldebug_info0
 275 000a 04       		.byte	0x4
 276 000b 00       		.byte	0
 277 000c 0000     		.2byte	0
 278 000e 0000     		.2byte	0
 279 0010 00000000 		.4byte	.LFB448
 280 0014 02000000 		.4byte	.LFE448-.LFB448
 281 0018 00000000 		.4byte	.LFB449
 282 001c 02000000 		.4byte	.LFE449-.LFB449
 283 0020 00000000 		.4byte	0
 284 0024 00000000 		.4byte	0
 285              		.section	.debug_rnglists,"",%progbits
ARM GAS  C:\Users\DEVELO~1\AppData\Local\Temp\cc3jj7Md.s 			page 6


 286              	.Ldebug_ranges0:
 287 0000 15000000 		.4byte	.Ldebug_ranges3-.Ldebug_ranges2
 288              	.Ldebug_ranges2:
 289 0004 0500     		.2byte	0x5
 290 0006 04       		.byte	0x4
 291 0007 00       		.byte	0
 292 0008 00000000 		.4byte	0
 293              	.LLRL0:
 294 000c 07       		.byte	0x7
 295 000d 00000000 		.4byte	.LFB448
 296 0011 02       		.uleb128 .LFE448-.LFB448
 297 0012 07       		.byte	0x7
 298 0013 00000000 		.4byte	.LFB449
 299 0017 02       		.uleb128 .LFE449-.LFB449
 300 0018 00       		.byte	0
 301              	.Ldebug_ranges3:
 302              		.section	.debug_line,"",%progbits
 303              	.Ldebug_line0:
 304 0000 6E000000 		.section	.debug_str,"MS",%progbits,1
 304      03003A00 
 304      00000201 
 304      FB0E0D00 
 304      01010101 
 305              	.LASF17:
 306 0000 61756469 		.ascii	"audio_codec_pcm4104_init\000"
 306      6F5F636F 
 306      6465635F 
 306      70636D34 
 306      3130345F 
 307              	.LASF0:
 308 0019 756E7369 		.ascii	"unsigned int\000"
 308      676E6564 
 308      20696E74 
 308      00
 309              	.LASF14:
 310 0026 433A5C43 		.ascii	"C:\\ChibiStudio\\chibios2111\\demos\\STM32\\RT-STM3"
 310      68696269 
 310      53747564 
 310      696F5C63 
 310      68696269 
 311 0054 32483734 		.ascii	"2H743ZI_REV_XY-NUCLEO144 - Copie\000"
 311      335A495F 
 311      5245565F 
 311      58592D4E 
 311      55434C45 
 312              	.LASF16:
 313 0075 6D757465 		.ascii	"mute\000"
 313      00
 314              	.LASF8:
 315 007a 6C6F6E67 		.ascii	"long unsigned int\000"
 315      20756E73 
 315      69676E65 
 315      6420696E 
 315      7400
 316              	.LASF9:
 317 008c 6C6F6E67 		.ascii	"long long unsigned int\000"
 317      206C6F6E 
ARM GAS  C:\Users\DEVELO~1\AppData\Local\Temp\cc3jj7Md.s 			page 7


 317      6720756E 
 317      7369676E 
 317      65642069 
 318              	.LASF13:
 319 00a3 64726976 		.ascii	"drivers/audio/audio_codec_pcm4104.c\000"
 319      6572732F 
 319      61756469 
 319      6F2F6175 
 319      64696F5F 
 320              	.LASF4:
 321 00c7 756E7369 		.ascii	"unsigned char\000"
 321      676E6564 
 321      20636861 
 321      7200
 322              	.LASF10:
 323 00d5 63686172 		.ascii	"char\000"
 323      00
 324              	.LASF7:
 325 00da 6C6F6E67 		.ascii	"long int\000"
 325      20696E74 
 325      00
 326              	.LASF11:
 327 00e3 5F426F6F 		.ascii	"_Bool\000"
 327      6C00
 328              	.LASF1:
 329 00e9 6C6F6E67 		.ascii	"long long int\000"
 329      206C6F6E 
 329      6720696E 
 329      7400
 330              	.LASF6:
 331 00f7 73686F72 		.ascii	"short unsigned int\000"
 331      7420756E 
 331      7369676E 
 331      65642069 
 331      6E7400
 332              	.LASF3:
 333 010a 7369676E 		.ascii	"signed char\000"
 333      65642063 
 333      68617200 
 334              	.LASF2:
 335 0116 6C6F6E67 		.ascii	"long double\000"
 335      20646F75 
 335      626C6500 
 336              	.LASF15:
 337 0122 61756469 		.ascii	"audio_codec_pcm4104_set_mute\000"
 337      6F5F636F 
 337      6465635F 
 337      70636D34 
 337      3130345F 
 338              	.LASF5:
 339 013f 73686F72 		.ascii	"short int\000"
 339      7420696E 
 339      7400
 340              	.LASF12:
 341 0149 474E5520 		.ascii	"GNU C17 11.3.1 20220712 -mcpu=cortex-m7 -mthumb -mf"
 341      43313720 
 341      31312E33 
ARM GAS  C:\Users\DEVELO~1\AppData\Local\Temp\cc3jj7Md.s 			page 8


 341      2E312032 
 341      30323230 
 342 017c 6C6F6174 		.ascii	"loat-abi=soft -march=armv7e-m -ggdb -O2 -fomit-fram"
 342      2D616269 
 342      3D736F66 
 342      74202D6D 
 342      61726368 
 343 01af 652D706F 		.ascii	"e-pointer -falign-functions=16 -ffunction-sections "
 343      696E7465 
 343      72202D66 
 343      616C6967 
 343      6E2D6675 
 344 01e2 2D666461 		.ascii	"-fdata-sections -fno-common\000"
 344      74612D73 
 344      65637469 
 344      6F6E7320 
 344      2D666E6F 
 345              		.ident	"GCC: (Arm GNU Toolchain 11.3.Rel1) 11.3.1 20220712"
ARM GAS  C:\Users\DEVELO~1\AppData\Local\Temp\cc3jj7Md.s 			page 9


DEFINED SYMBOLS
                            *ABS*:00000000 audio_codec_pcm4104.c
C:\Users\DEVELO~1\AppData\Local\Temp\cc3jj7Md.s:18     .text.audio_codec_pcm4104_init:00000000 $t
C:\Users\DEVELO~1\AppData\Local\Temp\cc3jj7Md.s:25     .text.audio_codec_pcm4104_init:00000000 audio_codec_pcm4104_init
C:\Users\DEVELO~1\AppData\Local\Temp\cc3jj7Md.s:39     .text.audio_codec_pcm4104_set_mute:00000000 $t
C:\Users\DEVELO~1\AppData\Local\Temp\cc3jj7Md.s:46     .text.audio_codec_pcm4104_set_mute:00000000 audio_codec_pcm4104_set_mute

NO UNDEFINED SYMBOLS
