ARM GAS  C:\Users\DEVELO~1\AppData\Local\Temp\cc4xD4dh.s 			page 1


   1              		.cpu cortex-m7
   2              		.arch armv7e-m
   3              		.fpu softvfp
   4              		.eabi_attribute 20, 1
   5              		.eabi_attribute 21, 1
   6              		.eabi_attribute 23, 3
   7              		.eabi_attribute 24, 1
   8              		.eabi_attribute 25, 1
   9              		.eabi_attribute 26, 1
  10              		.eabi_attribute 30, 2
  11              		.eabi_attribute 34, 1
  12              		.eabi_attribute 18, 4
  13              		.file	"brick_asc.c"
  14              		.text
  15              	.Ltext0:
  16              		.cfi_sections	.debug_frame
  17              		.section	.text.brick_asc_array_set_factors,"ax",%progbits
  18              		.align	1
  19              		.p2align 4,,15
  20              		.global	brick_asc_array_set_factors
  21              		.syntax unified
  22              		.thumb
  23              		.thumb_func
  24              		.type	brick_asc_array_set_factors, %function
  25              	brick_asc_array_set_factors:
  26              	.LVL0:
  27              	.LFB0:
  28              		.file 1 "drivers/HallEffect/brick_asc.c"
  29              		.loc 1 3 121 view -0
  30              		.cfi_startproc
  31              		@ args = 4, pretend = 0, frame = 0
  32              		@ frame_needed = 0, uses_anonymous_args = 0
  33              		.loc 1 4 3 view .LVU1
  34              		.loc 1 3 121 is_stmt 0 view .LVU2
  35 0000 2DE9F041 		push	{r4, r5, r6, r7, r8, lr}
  36              		.cfi_def_cfa_offset 24
  37              		.cfi_offset 4, -24
  38              		.cfi_offset 5, -20
  39              		.cfi_offset 6, -16
  40              		.cfi_offset 7, -12
  41              		.cfi_offset 8, -8
  42              		.cfi_offset 14, -4
  43              		.loc 1 3 121 view .LVU3
  44 0004 9DF81880 		ldrb	r8, [sp, #24]	@ zero_extendqisi2
  45              		.loc 1 4 6 view .LVU4
  46 0008 40B3     		cbz	r0, .L1
  47 000a B1FA81F6 		clz	r6, r1
  48 000e 7609     		lsrs	r6, r6, #5
  49 0010 21B3     		cbz	r1, .L1
  50              		.loc 1 4 37 discriminator 1 view .LVU5
  51 0012 8A42     		cmp	r2, r1
  52 0014 1446     		mov	r4, r2
  53 0016 21D2     		bcs	.L1
  54              		.loc 1 4 67 discriminator 2 view .LVU6
  55 0018 9F18     		adds	r7, r3, r2
  56              		.loc 1 4 58 discriminator 2 view .LVU7
  57 001a 8F42     		cmp	r7, r1
ARM GAS  C:\Users\DEVELO~1\AppData\Local\Temp\cc4xD4dh.s 			page 2


  58 001c 1ED8     		bhi	.L1
  59              		.loc 1 15 3 is_stmt 1 view .LVU8
  60 001e B8F1100F 		cmp	r8, #16
  61 0022 0546     		mov	r5, r0
  62 0024 28BF     		it	cs
  63 0026 4FF01008 		movcs	r8, #16
  64 002a B8F1010F 		cmp	r8, #1
  65 002e 38BF     		it	cc
  66 0030 4FF00108 		movcc	r8, #1
  67              	.LVL1:
  68              		.loc 1 22 3 view .LVU9
  69              	.LBB2:
  70              		.loc 1 22 8 view .LVU10
  71              		.loc 1 22 29 view .LVU11
  72 0034 BA42     		cmp	r2, r7
  73 0036 11DA     		bge	.L1
  74              	.LVL2:
  75              	.L3:
  76              		.loc 1 23 5 view .LVU12
  77              		.loc 1 23 8 is_stmt 0 view .LVU13
  78 0038 04EB840C 		add	ip, r4, r4, lsl #2
  79              		.loc 1 22 47 view .LVU14
  80 003c 0134     		adds	r4, r4, #1
  81              	.LVL3:
  82              	.LBB3:
  83              		.loc 1 28 24 view .LVU15
  84 003e 2022     		movs	r2, #32
  85 0040 0021     		movs	r1, #0
  86              	.LBE3:
  87              		.loc 1 23 8 view .LVU16
  88 0042 05EBCC03 		add	r3, r5, ip, lsl #3
  89              		.loc 1 23 16 view .LVU17
  90 0046 45F83C60 		str	r6, [r5, ip, lsl #3]
  91              		.loc 1 24 5 is_stmt 1 view .LVU18
  92              		.loc 1 25 5 view .LVU19
  93              		.loc 1 22 47 is_stmt 0 view .LVU20
  94 004a E4B2     		uxtb	r4, r4
  95              	.LBB4:
  96              		.loc 1 28 24 view .LVU21
  97 004c 181D     		adds	r0, r3, #4
  98              	.LBE4:
  99              		.loc 1 24 17 view .LVU22
 100 004e 9E84     		strh	r6, [r3, #36]	@ movhi
 101              		.loc 1 26 5 is_stmt 1 view .LVU23
 102              		.loc 1 26 19 is_stmt 0 view .LVU24
 103 0050 83F82680 		strb	r8, [r3, #38]
 104              		.loc 1 27 5 is_stmt 1 view .LVU25
 105              	.LBB5:
 106              		.loc 1 27 10 view .LVU26
 107              	.LVL4:
 108              		.loc 1 27 27 view .LVU27
 109              		.loc 1 28 24 is_stmt 0 view .LVU28
 110 0054 FFF7FEFF 		bl	memset
 111              	.LVL5:
 112              		.loc 1 28 24 view .LVU29
 113              	.LBE5:
 114              		.loc 1 22 47 is_stmt 1 view .LVU30
ARM GAS  C:\Users\DEVELO~1\AppData\Local\Temp\cc4xD4dh.s 			page 3


 115              		.loc 1 22 29 view .LVU31
 116 0058 A742     		cmp	r7, r4
 117 005a EDDC     		bgt	.L3
 118              	.LVL6:
 119              	.L1:
 120              		.loc 1 22 29 is_stmt 0 view .LVU32
 121              	.LBE2:
 122              		.loc 1 31 1 view .LVU33
 123 005c BDE8F081 		pop	{r4, r5, r6, r7, r8, pc}
 124              		.cfi_endproc
 125              	.LFE0:
 126              		.size	brick_asc_array_set_factors, .-brick_asc_array_set_factors
 127              		.section	.text.brick_asc_process,"ax",%progbits
 128              		.align	1
 129              		.p2align 4,,15
 130              		.global	brick_asc_process
 131              		.syntax unified
 132              		.thumb
 133              		.thumb_func
 134              		.type	brick_asc_process, %function
 135              	brick_asc_process:
 136              	.LVL7:
 137              	.LFB1:
 138              		.loc 1 33 74 is_stmt 1 view -0
 139              		.cfi_startproc
 140              		@ args = 0, pretend = 0, frame = 0
 141              		@ frame_needed = 0, uses_anonymous_args = 0
 142              		.loc 1 34 3 view .LVU35
 143              		.loc 1 34 6 is_stmt 0 view .LVU36
 144 0000 002A     		cmp	r2, #0
 145 0002 18BF     		it	ne
 146 0004 0028     		cmpne	r0, #0
 147              		.loc 1 34 11 view .LVU37
 148 0006 0346     		mov	r3, r0
 149              		.loc 1 34 6 view .LVU38
 150 0008 0CBF     		ite	eq
 151 000a 0120     		moveq	r0, #1
 152              	.LVL8:
 153              		.loc 1 34 6 view .LVU39
 154 000c 0020     		movne	r0, #0
 155 000e 38D0     		beq	.L12
 156              		.loc 1 38 3 is_stmt 1 view .LVU40
 157              		.loc 1 33 74 is_stmt 0 view .LVU41
 158 0010 30B5     		push	{r4, r5, lr}
 159              		.cfi_def_cfa_offset 12
 160              		.cfi_offset 4, -12
 161              		.cfi_offset 5, -8
 162              		.cfi_offset 14, -4
 163              		.loc 1 38 10 view .LVU42
 164 0012 93F82640 		ldrb	r4, [r3, #38]	@ zero_extendqisi2
 165              		.loc 1 38 6 view .LVU43
 166 0016 04F1FF3C 		add	ip, r4, #-1
 167 001a BCF10F0F 		cmp	ip, #15
 168 001e 23D8     		bhi	.L18
 169              		.loc 1 47 3 is_stmt 1 view .LVU44
 170              		.loc 1 47 30 is_stmt 0 view .LVU45
 171 0020 93F824C0 		ldrb	ip, [r3, #36]	@ zero_extendqisi2
ARM GAS  C:\Users\DEVELO~1\AppData\Local\Temp\cc4xD4dh.s 			page 4


 172              		.loc 1 47 12 view .LVU46
 173 0024 1868     		ldr	r0, [r3]
 174 0026 03EB4C0E 		add	lr, r3, ip, lsl #1
 175              		.loc 1 49 12 view .LVU47
 176 002a 0844     		add	r0, r0, r1
 177              		.loc 1 47 26 view .LVU48
 178 002c BEF80450 		ldrh	r5, [lr, #4]
 179              		.loc 1 48 3 is_stmt 1 view .LVU49
 180              		.loc 1 48 26 is_stmt 0 view .LVU50
 181 0030 AEF80410 		strh	r1, [lr, #4]	@ movhi
 182              		.loc 1 49 3 is_stmt 1 view .LVU51
 183              		.loc 1 49 12 is_stmt 0 view .LVU52
 184 0034 411B     		subs	r1, r0, r5
 185              	.LVL9:
 186              		.loc 1 51 10 view .LVU53
 187 0036 93F82500 		ldrb	r0, [r3, #37]	@ zero_extendqisi2
 188              		.loc 1 51 6 view .LVU54
 189 003a 8442     		cmp	r4, r0
 190              		.loc 1 49 12 view .LVU55
 191 003c 1960     		str	r1, [r3]
 192              	.LVL10:
 193              		.loc 1 51 3 is_stmt 1 view .LVU56
 194              		.loc 1 51 6 is_stmt 0 view .LVU57
 195 003e 03D9     		bls	.L11
 196              		.loc 1 52 5 is_stmt 1 view .LVU58
 197              		.loc 1 52 15 is_stmt 0 view .LVU59
 198 0040 0130     		adds	r0, r0, #1
 199 0042 C0B2     		uxtb	r0, r0
 200 0044 83F82500 		strb	r0, [r3, #37]
 201              	.L11:
 202              		.loc 1 55 3 is_stmt 1 view .LVU60
 203              		.loc 1 55 26 is_stmt 0 view .LVU61
 204 0048 0CF1010C 		add	ip, ip, #1
 205              		.loc 1 55 32 view .LVU62
 206 004c BCFBF4FE 		udiv	lr, ip, r4
 207              		.loc 1 56 29 view .LVU63
 208 0050 B1FBF0F1 		udiv	r1, r1, r0
 209              		.loc 1 58 21 view .LVU64
 210 0054 201A     		subs	r0, r4, r0
 211              		.loc 1 55 32 view .LVU65
 212 0056 04FB1ECC 		mls	ip, r4, lr, ip
 213              		.loc 1 58 21 view .LVU66
 214 005a B0FA80F0 		clz	r0, r0
 215              		.loc 1 55 13 view .LVU67
 216 005e 83F824C0 		strb	ip, [r3, #36]
 217              		.loc 1 56 3 is_stmt 1 view .LVU68
 218              		.loc 1 56 9 is_stmt 0 view .LVU69
 219 0062 1180     		strh	r1, [r2]	@ movhi
 220              		.loc 1 58 3 is_stmt 1 view .LVU70
 221              		.loc 1 58 21 is_stmt 0 view .LVU71
 222 0064 4009     		lsrs	r0, r0, #5
 223              		.loc 1 59 1 view .LVU72
 224 0066 30BD     		pop	{r4, r5, pc}
 225              	.LVL11:
 226              	.L18:
 227              		.loc 1 39 5 is_stmt 1 view .LVU73
 228              		.loc 1 39 9 is_stmt 0 view .LVU74
ARM GAS  C:\Users\DEVELO~1\AppData\Local\Temp\cc4xD4dh.s 			page 5


 229 0068 1180     		strh	r1, [r2]	@ movhi
 230              		.loc 1 40 5 is_stmt 1 view .LVU75
 231              		.loc 1 40 17 is_stmt 0 view .LVU76
 232 006a 64B1     		cbz	r4, .L13
 233              		.loc 1 40 17 view .LVU77
 234 006c 0124     		movs	r4, #1
 235 006e 1022     		movs	r2, #16
 236              	.LVL12:
 237              	.L10:
 238              		.loc 1 40 17 discriminator 4 view .LVU78
 239 0070 83F82620 		strb	r2, [r3, #38]
 240              		.loc 1 41 5 is_stmt 1 discriminator 4 view .LVU79
 241              		.loc 1 41 16 is_stmt 0 discriminator 4 view .LVU80
 242 0074 0122     		movs	r2, #1
 243              		.loc 1 42 15 discriminator 4 view .LVU81
 244 0076 83F82440 		strb	r4, [r3, #36]
 245              		.loc 1 43 14 discriminator 4 view .LVU82
 246 007a 1960     		str	r1, [r3]
 247              		.loc 1 41 16 discriminator 4 view .LVU83
 248 007c 83F82520 		strb	r2, [r3, #37]
 249              		.loc 1 42 5 is_stmt 1 discriminator 4 view .LVU84
 250              		.loc 1 43 5 discriminator 4 view .LVU85
 251              		.loc 1 44 5 discriminator 4 view .LVU86
 252              		.loc 1 59 1 is_stmt 0 discriminator 4 view .LVU87
 253 0080 30BD     		pop	{r4, r5, pc}
 254              	.LVL13:
 255              	.L12:
 256              		.cfi_def_cfa_offset 0
 257              		.cfi_restore 4
 258              		.cfi_restore 5
 259              		.cfi_restore 14
 260              		.loc 1 35 12 view .LVU88
 261 0082 0020     		movs	r0, #0
 262              		.loc 1 59 1 view .LVU89
 263 0084 7047     		bx	lr
 264              	.L13:
 265              		.cfi_def_cfa_offset 12
 266              		.cfi_offset 4, -12
 267              		.cfi_offset 5, -8
 268              		.cfi_offset 14, -4
 269              		.loc 1 59 1 view .LVU90
 270 0086 0120     		movs	r0, #1
 271              		.loc 1 40 17 view .LVU91
 272 0088 0246     		mov	r2, r0
 273              	.LVL14:
 274              		.loc 1 40 17 view .LVU92
 275 008a F1E7     		b	.L10
 276              		.cfi_endproc
 277              	.LFE1:
 278              		.size	brick_asc_process, .-brick_asc_process
 279              		.text
 280              	.Letext0:
 281              		.file 2 "c:\\chibistudio\\tools\\gnu tools arm embedded\\11.3 2022.08\\arm-none-eabi\\include\\mac
 282              		.file 3 "c:\\chibistudio\\tools\\gnu tools arm embedded\\11.3 2022.08\\arm-none-eabi\\include\\sys
 283              		.file 4 "c:\\chibistudio\\tools\\gnu tools arm embedded\\11.3 2022.08\\lib\\gcc\\arm-none-eabi\\11
 284              		.file 5 "drivers/HallEffect/brick_asc.h"
 285              		.file 6 "<built-in>"
ARM GAS  C:\Users\DEVELO~1\AppData\Local\Temp\cc4xD4dh.s 			page 6


 286              		.section	.debug_info,"",%progbits
 287              	.Ldebug_info0:
 288 0000 46020000 		.4byte	0x246
 289 0004 0500     		.2byte	0x5
 290 0006 01       		.byte	0x1
 291 0007 04       		.byte	0x4
 292 0008 00000000 		.4byte	.Ldebug_abbrev0
 293 000c 09       		.uleb128 0x9
 294 000d 96010000 		.4byte	.LASF25
 295 0011 1D       		.byte	0x1d
 296 0012 0E010000 		.4byte	.LASF26
 297 0016 47010000 		.4byte	.LASF27
 298 001a 1B000000 		.4byte	.LLRL11
 299 001e 00000000 		.4byte	0
 300 0022 00000000 		.4byte	.Ldebug_line0
 301 0026 01       		.uleb128 0x1
 302 0027 01       		.byte	0x1
 303 0028 06       		.byte	0x6
 304 0029 60020000 		.4byte	.LASF0
 305 002d 02       		.uleb128 0x2
 306 002e 12000000 		.4byte	.LASF3
 307 0032 02       		.byte	0x2
 308 0033 2B       		.byte	0x2b
 309 0034 18       		.byte	0x18
 310 0035 39000000 		.4byte	0x39
 311 0039 01       		.uleb128 0x1
 312 003a 01       		.byte	0x1
 313 003b 08       		.byte	0x8
 314 003c 42000000 		.4byte	.LASF1
 315 0040 01       		.uleb128 0x1
 316 0041 02       		.byte	0x2
 317 0042 05       		.byte	0x5
 318 0043 2D010000 		.4byte	.LASF2
 319 0047 02       		.uleb128 0x2
 320 0048 96000000 		.4byte	.LASF4
 321 004c 02       		.byte	0x2
 322 004d 39       		.byte	0x39
 323 004e 19       		.byte	0x19
 324 004f 53000000 		.4byte	0x53
 325 0053 01       		.uleb128 0x1
 326 0054 02       		.byte	0x2
 327 0055 07       		.byte	0x7
 328 0056 73000000 		.4byte	.LASF5
 329 005a 01       		.uleb128 0x1
 330 005b 04       		.byte	0x4
 331 005c 05       		.byte	0x5
 332 005d 4B020000 		.4byte	.LASF6
 333 0061 02       		.uleb128 0x2
 334 0062 A1000000 		.4byte	.LASF7
 335 0066 02       		.byte	0x2
 336 0067 4F       		.byte	0x4f
 337 0068 19       		.byte	0x19
 338 0069 6D000000 		.4byte	0x6d
 339 006d 01       		.uleb128 0x1
 340 006e 04       		.byte	0x4
 341 006f 07       		.byte	0x7
 342 0070 61000000 		.4byte	.LASF8
ARM GAS  C:\Users\DEVELO~1\AppData\Local\Temp\cc4xD4dh.s 			page 7


 343 0074 01       		.uleb128 0x1
 344 0075 08       		.byte	0x8
 345 0076 05       		.byte	0x5
 346 0077 00010000 		.4byte	.LASF9
 347 007b 01       		.uleb128 0x1
 348 007c 08       		.byte	0x8
 349 007d 07       		.byte	0x7
 350 007e C5000000 		.4byte	.LASF10
 351 0082 0A       		.uleb128 0xa
 352 0083 04       		.byte	0x4
 353 0084 05       		.byte	0x5
 354 0085 696E7400 		.ascii	"int\000"
 355 0089 01       		.uleb128 0x1
 356 008a 04       		.byte	0x4
 357 008b 07       		.byte	0x7
 358 008c B8000000 		.4byte	.LASF11
 359 0090 02       		.uleb128 0x2
 360 0091 DC000000 		.4byte	.LASF12
 361 0095 03       		.byte	0x3
 362 0096 18       		.byte	0x18
 363 0097 13       		.byte	0x13
 364 0098 2D000000 		.4byte	0x2d
 365 009c 02       		.uleb128 0x2
 366 009d 3E010000 		.4byte	.LASF13
 367 00a1 03       		.byte	0x3
 368 00a2 24       		.byte	0x24
 369 00a3 14       		.byte	0x14
 370 00a4 47000000 		.4byte	0x47
 371 00a8 02       		.uleb128 0x2
 372 00a9 86000000 		.4byte	.LASF14
 373 00ad 03       		.byte	0x3
 374 00ae 30       		.byte	0x30
 375 00af 14       		.byte	0x14
 376 00b0 61000000 		.4byte	0x61
 377 00b4 02       		.uleb128 0x2
 378 00b5 1C000000 		.4byte	.LASF15
 379 00b9 04       		.byte	0x4
 380 00ba D1       		.byte	0xd1
 381 00bb 17       		.byte	0x17
 382 00bc 89000000 		.4byte	0x89
 383 00c0 01       		.uleb128 0x1
 384 00c1 08       		.byte	0x8
 385 00c2 04       		.byte	0x4
 386 00c3 54020000 		.4byte	.LASF16
 387 00c7 0B       		.uleb128 0xb
 388 00c8 2C000000 		.4byte	.LASF28
 389 00cc 28       		.byte	0x28
 390 00cd 05       		.byte	0x5
 391 00ce 0A       		.byte	0xa
 392 00cf 08       		.byte	0x8
 393 00d0 12010000 		.4byte	0x112
 394 00d4 0C       		.uleb128 0xc
 395 00d5 73756D00 		.ascii	"sum\000"
 396 00d9 05       		.byte	0x5
 397 00da 0B       		.byte	0xb
 398 00db 0C       		.byte	0xc
 399 00dc A8000000 		.4byte	0xa8
ARM GAS  C:\Users\DEVELO~1\AppData\Local\Temp\cc4xD4dh.s 			page 8


 400 00e0 00       		.byte	0
 401 00e1 03       		.uleb128 0x3
 402 00e2 37010000 		.4byte	.LASF17
 403 00e6 0C       		.byte	0xc
 404 00e7 0C       		.byte	0xc
 405 00e8 12010000 		.4byte	0x112
 406 00ec 04       		.byte	0x4
 407 00ed 03       		.uleb128 0x3
 408 00ee B3000000 		.4byte	.LASF18
 409 00f2 0D       		.byte	0xd
 410 00f3 0B       		.byte	0xb
 411 00f4 90000000 		.4byte	0x90
 412 00f8 24       		.byte	0x24
 413 00f9 03       		.uleb128 0x3
 414 00fa 36000000 		.4byte	.LASF19
 415 00fe 0E       		.byte	0xe
 416 00ff 0B       		.byte	0xb
 417 0100 90000000 		.4byte	0x90
 418 0104 25       		.byte	0x25
 419 0105 03       		.uleb128 0x3
 420 0106 AC000000 		.4byte	.LASF20
 421 010a 0F       		.byte	0xf
 422 010b 0B       		.byte	0xb
 423 010c 90000000 		.4byte	0x90
 424 0110 26       		.byte	0x26
 425 0111 00       		.byte	0
 426 0112 0D       		.uleb128 0xd
 427 0113 9C000000 		.4byte	0x9c
 428 0117 22010000 		.4byte	0x122
 429 011b 0E       		.uleb128 0xe
 430 011c 89000000 		.4byte	0x89
 431 0120 0F       		.byte	0xf
 432 0121 00       		.byte	0
 433 0122 0F       		.uleb128 0xf
 434 0123 00000000 		.4byte	.LASF29
 435 0127 01       		.byte	0x1
 436 0128 21       		.byte	0x21
 437 0129 06       		.byte	0x6
 438 012a 74010000 		.4byte	0x174
 439 012e 00000000 		.4byte	.LFB1
 440 0132 8C000000 		.4byte	.LFE1-.LFB1
 441 0136 01       		.uleb128 0x1
 442 0137 9C       		.byte	0x9c
 443 0138 74010000 		.4byte	0x174
 444 013c 04       		.uleb128 0x4
 445 013d 61736300 		.ascii	"asc\000"
 446 0141 21       		.byte	0x21
 447 0142 2A       		.byte	0x2a
 448 0143 7B010000 		.4byte	0x17b
 449 0147 10000000 		.4byte	.LLST8
 450 014b 0C000000 		.4byte	.LVUS8
 451 014f 04       		.uleb128 0x4
 452 0150 727800   		.ascii	"rx\000"
 453 0153 21       		.byte	0x21
 454 0154 38       		.byte	0x38
 455 0155 9C000000 		.4byte	0x9c
 456 0159 29000000 		.4byte	.LLST9
ARM GAS  C:\Users\DEVELO~1\AppData\Local\Temp\cc4xD4dh.s 			page 9


 457 015d 21000000 		.4byte	.LVUS9
 458 0161 04       		.uleb128 0x4
 459 0162 747800   		.ascii	"tx\000"
 460 0165 21       		.byte	0x21
 461 0166 46       		.byte	0x46
 462 0167 80010000 		.4byte	0x180
 463 016b 50000000 		.4byte	.LLST10
 464 016f 48000000 		.4byte	.LVUS10
 465 0173 00       		.byte	0
 466 0174 01       		.uleb128 0x1
 467 0175 01       		.byte	0x1
 468 0176 02       		.byte	0x2
 469 0177 6C020000 		.4byte	.LASF21
 470 017b 06       		.uleb128 0x6
 471 017c C7000000 		.4byte	0xc7
 472 0180 06       		.uleb128 0x6
 473 0181 9C000000 		.4byte	0x9c
 474 0185 10       		.uleb128 0x10
 475 0186 E4000000 		.4byte	.LASF30
 476 018a 01       		.byte	0x1
 477 018b 03       		.byte	0x3
 478 018c 06       		.byte	0x6
 479 018d 00000000 		.4byte	.LFB0
 480 0191 60000000 		.4byte	.LFE0-.LFB0
 481 0195 01       		.uleb128 0x1
 482 0196 9C       		.byte	0x9c
 483 0197 3E020000 		.4byte	0x23e
 484 019b 04       		.uleb128 0x4
 485 019c 61736300 		.ascii	"asc\000"
 486 01a0 03       		.byte	0x3
 487 01a1 34       		.byte	0x34
 488 01a2 7B010000 		.4byte	0x17b
 489 01a6 7B000000 		.4byte	.LLST0
 490 01aa 75000000 		.4byte	.LVUS0
 491 01ae 05       		.uleb128 0x5
 492 01af 23000000 		.4byte	.LASF22
 493 01b3 40       		.byte	0x40
 494 01b4 B4000000 		.4byte	0xb4
 495 01b8 97000000 		.4byte	.LLST1
 496 01bc 93000000 		.4byte	.LVUS1
 497 01c0 05       		.uleb128 0x5
 498 01c1 3C000000 		.4byte	.LASF23
 499 01c5 52       		.byte	0x52
 500 01c6 90000000 		.4byte	0x90
 501 01ca AE000000 		.4byte	.LLST2
 502 01ce AA000000 		.4byte	.LVUS2
 503 01d2 05       		.uleb128 0x5
 504 01d3 72020000 		.4byte	.LASF24
 505 01d7 61       		.byte	0x61
 506 01d8 90000000 		.4byte	0x90
 507 01dc C5000000 		.4byte	.LLST3
 508 01e0 C1000000 		.4byte	.LVUS3
 509 01e4 05       		.uleb128 0x5
 510 01e5 AC000000 		.4byte	.LASF20
 511 01e9 71       		.byte	0x71
 512 01ea 90000000 		.4byte	0x90
 513 01ee DC000000 		.4byte	.LLST4
ARM GAS  C:\Users\DEVELO~1\AppData\Local\Temp\cc4xD4dh.s 			page 10


 514 01f2 D8000000 		.4byte	.LVUS4
 515 01f6 11       		.uleb128 0x11
 516 01f7 34000000 		.4byte	.LBB2
 517 01fb 28000000 		.4byte	.LBE2-.LBB2
 518 01ff 07       		.uleb128 0x7
 519 0200 6900     		.ascii	"i\000"
 520 0202 16       		.byte	0x16
 521 0203 10       		.byte	0x10
 522 0204 90000000 		.4byte	0x90
 523 0208 F3000000 		.4byte	.LLST5
 524 020c ED000000 		.4byte	.LVUS5
 525 0210 12       		.uleb128 0x12
 526 0211 0C000000 		.4byte	.LLRL6
 527 0215 07       		.uleb128 0x7
 528 0216 6A00     		.ascii	"j\000"
 529 0218 1B       		.byte	0x1b
 530 0219 12       		.byte	0x12
 531 021a 90000000 		.4byte	0x90
 532 021e 0A010000 		.4byte	.LLST7
 533 0222 08010000 		.4byte	.LVUS7
 534 0226 13       		.uleb128 0x13
 535 0227 58000000 		.4byte	.LVL5
 536 022b 3E020000 		.4byte	0x23e
 537 022f 08       		.uleb128 0x8
 538 0230 01       		.uleb128 0x1
 539 0231 51       		.byte	0x51
 540 0232 01       		.uleb128 0x1
 541 0233 30       		.byte	0x30
 542 0234 08       		.uleb128 0x8
 543 0235 01       		.uleb128 0x1
 544 0236 52       		.byte	0x52
 545 0237 02       		.uleb128 0x2
 546 0238 08       		.byte	0x8
 547 0239 20       		.byte	0x20
 548 023a 00       		.byte	0
 549 023b 00       		.byte	0
 550 023c 00       		.byte	0
 551 023d 00       		.byte	0
 552 023e 14       		.uleb128 0x14
 553 023f 8F000000 		.4byte	.LASF31
 554 0243 50000000 		.4byte	.LASF32
 555 0247 06       		.byte	0x6
 556 0248 00       		.byte	0
 557 0249 00       		.byte	0
 558              		.section	.debug_abbrev,"",%progbits
 559              	.Ldebug_abbrev0:
 560 0000 01       		.uleb128 0x1
 561 0001 24       		.uleb128 0x24
 562 0002 00       		.byte	0
 563 0003 0B       		.uleb128 0xb
 564 0004 0B       		.uleb128 0xb
 565 0005 3E       		.uleb128 0x3e
 566 0006 0B       		.uleb128 0xb
 567 0007 03       		.uleb128 0x3
 568 0008 0E       		.uleb128 0xe
 569 0009 00       		.byte	0
 570 000a 00       		.byte	0
ARM GAS  C:\Users\DEVELO~1\AppData\Local\Temp\cc4xD4dh.s 			page 11


 571 000b 02       		.uleb128 0x2
 572 000c 16       		.uleb128 0x16
 573 000d 00       		.byte	0
 574 000e 03       		.uleb128 0x3
 575 000f 0E       		.uleb128 0xe
 576 0010 3A       		.uleb128 0x3a
 577 0011 0B       		.uleb128 0xb
 578 0012 3B       		.uleb128 0x3b
 579 0013 0B       		.uleb128 0xb
 580 0014 39       		.uleb128 0x39
 581 0015 0B       		.uleb128 0xb
 582 0016 49       		.uleb128 0x49
 583 0017 13       		.uleb128 0x13
 584 0018 00       		.byte	0
 585 0019 00       		.byte	0
 586 001a 03       		.uleb128 0x3
 587 001b 0D       		.uleb128 0xd
 588 001c 00       		.byte	0
 589 001d 03       		.uleb128 0x3
 590 001e 0E       		.uleb128 0xe
 591 001f 3A       		.uleb128 0x3a
 592 0020 21       		.uleb128 0x21
 593 0021 05       		.sleb128 5
 594 0022 3B       		.uleb128 0x3b
 595 0023 0B       		.uleb128 0xb
 596 0024 39       		.uleb128 0x39
 597 0025 0B       		.uleb128 0xb
 598 0026 49       		.uleb128 0x49
 599 0027 13       		.uleb128 0x13
 600 0028 38       		.uleb128 0x38
 601 0029 0B       		.uleb128 0xb
 602 002a 00       		.byte	0
 603 002b 00       		.byte	0
 604 002c 04       		.uleb128 0x4
 605 002d 05       		.uleb128 0x5
 606 002e 00       		.byte	0
 607 002f 03       		.uleb128 0x3
 608 0030 08       		.uleb128 0x8
 609 0031 3A       		.uleb128 0x3a
 610 0032 21       		.uleb128 0x21
 611 0033 01       		.sleb128 1
 612 0034 3B       		.uleb128 0x3b
 613 0035 0B       		.uleb128 0xb
 614 0036 39       		.uleb128 0x39
 615 0037 0B       		.uleb128 0xb
 616 0038 49       		.uleb128 0x49
 617 0039 13       		.uleb128 0x13
 618 003a 02       		.uleb128 0x2
 619 003b 17       		.uleb128 0x17
 620 003c B742     		.uleb128 0x2137
 621 003e 17       		.uleb128 0x17
 622 003f 00       		.byte	0
 623 0040 00       		.byte	0
 624 0041 05       		.uleb128 0x5
 625 0042 05       		.uleb128 0x5
 626 0043 00       		.byte	0
 627 0044 03       		.uleb128 0x3
ARM GAS  C:\Users\DEVELO~1\AppData\Local\Temp\cc4xD4dh.s 			page 12


 628 0045 0E       		.uleb128 0xe
 629 0046 3A       		.uleb128 0x3a
 630 0047 21       		.uleb128 0x21
 631 0048 01       		.sleb128 1
 632 0049 3B       		.uleb128 0x3b
 633 004a 21       		.uleb128 0x21
 634 004b 03       		.sleb128 3
 635 004c 39       		.uleb128 0x39
 636 004d 0B       		.uleb128 0xb
 637 004e 49       		.uleb128 0x49
 638 004f 13       		.uleb128 0x13
 639 0050 02       		.uleb128 0x2
 640 0051 17       		.uleb128 0x17
 641 0052 B742     		.uleb128 0x2137
 642 0054 17       		.uleb128 0x17
 643 0055 00       		.byte	0
 644 0056 00       		.byte	0
 645 0057 06       		.uleb128 0x6
 646 0058 0F       		.uleb128 0xf
 647 0059 00       		.byte	0
 648 005a 0B       		.uleb128 0xb
 649 005b 21       		.uleb128 0x21
 650 005c 04       		.sleb128 4
 651 005d 49       		.uleb128 0x49
 652 005e 13       		.uleb128 0x13
 653 005f 00       		.byte	0
 654 0060 00       		.byte	0
 655 0061 07       		.uleb128 0x7
 656 0062 34       		.uleb128 0x34
 657 0063 00       		.byte	0
 658 0064 03       		.uleb128 0x3
 659 0065 08       		.uleb128 0x8
 660 0066 3A       		.uleb128 0x3a
 661 0067 21       		.uleb128 0x21
 662 0068 01       		.sleb128 1
 663 0069 3B       		.uleb128 0x3b
 664 006a 0B       		.uleb128 0xb
 665 006b 39       		.uleb128 0x39
 666 006c 0B       		.uleb128 0xb
 667 006d 49       		.uleb128 0x49
 668 006e 13       		.uleb128 0x13
 669 006f 02       		.uleb128 0x2
 670 0070 17       		.uleb128 0x17
 671 0071 B742     		.uleb128 0x2137
 672 0073 17       		.uleb128 0x17
 673 0074 00       		.byte	0
 674 0075 00       		.byte	0
 675 0076 08       		.uleb128 0x8
 676 0077 49       		.uleb128 0x49
 677 0078 00       		.byte	0
 678 0079 02       		.uleb128 0x2
 679 007a 18       		.uleb128 0x18
 680 007b 7E       		.uleb128 0x7e
 681 007c 18       		.uleb128 0x18
 682 007d 00       		.byte	0
 683 007e 00       		.byte	0
 684 007f 09       		.uleb128 0x9
ARM GAS  C:\Users\DEVELO~1\AppData\Local\Temp\cc4xD4dh.s 			page 13


 685 0080 11       		.uleb128 0x11
 686 0081 01       		.byte	0x1
 687 0082 25       		.uleb128 0x25
 688 0083 0E       		.uleb128 0xe
 689 0084 13       		.uleb128 0x13
 690 0085 0B       		.uleb128 0xb
 691 0086 03       		.uleb128 0x3
 692 0087 0E       		.uleb128 0xe
 693 0088 1B       		.uleb128 0x1b
 694 0089 0E       		.uleb128 0xe
 695 008a 55       		.uleb128 0x55
 696 008b 17       		.uleb128 0x17
 697 008c 11       		.uleb128 0x11
 698 008d 01       		.uleb128 0x1
 699 008e 10       		.uleb128 0x10
 700 008f 17       		.uleb128 0x17
 701 0090 00       		.byte	0
 702 0091 00       		.byte	0
 703 0092 0A       		.uleb128 0xa
 704 0093 24       		.uleb128 0x24
 705 0094 00       		.byte	0
 706 0095 0B       		.uleb128 0xb
 707 0096 0B       		.uleb128 0xb
 708 0097 3E       		.uleb128 0x3e
 709 0098 0B       		.uleb128 0xb
 710 0099 03       		.uleb128 0x3
 711 009a 08       		.uleb128 0x8
 712 009b 00       		.byte	0
 713 009c 00       		.byte	0
 714 009d 0B       		.uleb128 0xb
 715 009e 13       		.uleb128 0x13
 716 009f 01       		.byte	0x1
 717 00a0 03       		.uleb128 0x3
 718 00a1 0E       		.uleb128 0xe
 719 00a2 0B       		.uleb128 0xb
 720 00a3 0B       		.uleb128 0xb
 721 00a4 3A       		.uleb128 0x3a
 722 00a5 0B       		.uleb128 0xb
 723 00a6 3B       		.uleb128 0x3b
 724 00a7 0B       		.uleb128 0xb
 725 00a8 39       		.uleb128 0x39
 726 00a9 0B       		.uleb128 0xb
 727 00aa 01       		.uleb128 0x1
 728 00ab 13       		.uleb128 0x13
 729 00ac 00       		.byte	0
 730 00ad 00       		.byte	0
 731 00ae 0C       		.uleb128 0xc
 732 00af 0D       		.uleb128 0xd
 733 00b0 00       		.byte	0
 734 00b1 03       		.uleb128 0x3
 735 00b2 08       		.uleb128 0x8
 736 00b3 3A       		.uleb128 0x3a
 737 00b4 0B       		.uleb128 0xb
 738 00b5 3B       		.uleb128 0x3b
 739 00b6 0B       		.uleb128 0xb
 740 00b7 39       		.uleb128 0x39
 741 00b8 0B       		.uleb128 0xb
ARM GAS  C:\Users\DEVELO~1\AppData\Local\Temp\cc4xD4dh.s 			page 14


 742 00b9 49       		.uleb128 0x49
 743 00ba 13       		.uleb128 0x13
 744 00bb 38       		.uleb128 0x38
 745 00bc 0B       		.uleb128 0xb
 746 00bd 00       		.byte	0
 747 00be 00       		.byte	0
 748 00bf 0D       		.uleb128 0xd
 749 00c0 01       		.uleb128 0x1
 750 00c1 01       		.byte	0x1
 751 00c2 49       		.uleb128 0x49
 752 00c3 13       		.uleb128 0x13
 753 00c4 01       		.uleb128 0x1
 754 00c5 13       		.uleb128 0x13
 755 00c6 00       		.byte	0
 756 00c7 00       		.byte	0
 757 00c8 0E       		.uleb128 0xe
 758 00c9 21       		.uleb128 0x21
 759 00ca 00       		.byte	0
 760 00cb 49       		.uleb128 0x49
 761 00cc 13       		.uleb128 0x13
 762 00cd 2F       		.uleb128 0x2f
 763 00ce 0B       		.uleb128 0xb
 764 00cf 00       		.byte	0
 765 00d0 00       		.byte	0
 766 00d1 0F       		.uleb128 0xf
 767 00d2 2E       		.uleb128 0x2e
 768 00d3 01       		.byte	0x1
 769 00d4 3F       		.uleb128 0x3f
 770 00d5 19       		.uleb128 0x19
 771 00d6 03       		.uleb128 0x3
 772 00d7 0E       		.uleb128 0xe
 773 00d8 3A       		.uleb128 0x3a
 774 00d9 0B       		.uleb128 0xb
 775 00da 3B       		.uleb128 0x3b
 776 00db 0B       		.uleb128 0xb
 777 00dc 39       		.uleb128 0x39
 778 00dd 0B       		.uleb128 0xb
 779 00de 27       		.uleb128 0x27
 780 00df 19       		.uleb128 0x19
 781 00e0 49       		.uleb128 0x49
 782 00e1 13       		.uleb128 0x13
 783 00e2 11       		.uleb128 0x11
 784 00e3 01       		.uleb128 0x1
 785 00e4 12       		.uleb128 0x12
 786 00e5 06       		.uleb128 0x6
 787 00e6 40       		.uleb128 0x40
 788 00e7 18       		.uleb128 0x18
 789 00e8 7A       		.uleb128 0x7a
 790 00e9 19       		.uleb128 0x19
 791 00ea 01       		.uleb128 0x1
 792 00eb 13       		.uleb128 0x13
 793 00ec 00       		.byte	0
 794 00ed 00       		.byte	0
 795 00ee 10       		.uleb128 0x10
 796 00ef 2E       		.uleb128 0x2e
 797 00f0 01       		.byte	0x1
 798 00f1 3F       		.uleb128 0x3f
ARM GAS  C:\Users\DEVELO~1\AppData\Local\Temp\cc4xD4dh.s 			page 15


 799 00f2 19       		.uleb128 0x19
 800 00f3 03       		.uleb128 0x3
 801 00f4 0E       		.uleb128 0xe
 802 00f5 3A       		.uleb128 0x3a
 803 00f6 0B       		.uleb128 0xb
 804 00f7 3B       		.uleb128 0x3b
 805 00f8 0B       		.uleb128 0xb
 806 00f9 39       		.uleb128 0x39
 807 00fa 0B       		.uleb128 0xb
 808 00fb 27       		.uleb128 0x27
 809 00fc 19       		.uleb128 0x19
 810 00fd 11       		.uleb128 0x11
 811 00fe 01       		.uleb128 0x1
 812 00ff 12       		.uleb128 0x12
 813 0100 06       		.uleb128 0x6
 814 0101 40       		.uleb128 0x40
 815 0102 18       		.uleb128 0x18
 816 0103 7A       		.uleb128 0x7a
 817 0104 19       		.uleb128 0x19
 818 0105 01       		.uleb128 0x1
 819 0106 13       		.uleb128 0x13
 820 0107 00       		.byte	0
 821 0108 00       		.byte	0
 822 0109 11       		.uleb128 0x11
 823 010a 0B       		.uleb128 0xb
 824 010b 01       		.byte	0x1
 825 010c 11       		.uleb128 0x11
 826 010d 01       		.uleb128 0x1
 827 010e 12       		.uleb128 0x12
 828 010f 06       		.uleb128 0x6
 829 0110 00       		.byte	0
 830 0111 00       		.byte	0
 831 0112 12       		.uleb128 0x12
 832 0113 0B       		.uleb128 0xb
 833 0114 01       		.byte	0x1
 834 0115 55       		.uleb128 0x55
 835 0116 17       		.uleb128 0x17
 836 0117 00       		.byte	0
 837 0118 00       		.byte	0
 838 0119 13       		.uleb128 0x13
 839 011a 48       		.uleb128 0x48
 840 011b 01       		.byte	0x1
 841 011c 7D       		.uleb128 0x7d
 842 011d 01       		.uleb128 0x1
 843 011e 7F       		.uleb128 0x7f
 844 011f 13       		.uleb128 0x13
 845 0120 00       		.byte	0
 846 0121 00       		.byte	0
 847 0122 14       		.uleb128 0x14
 848 0123 2E       		.uleb128 0x2e
 849 0124 00       		.byte	0
 850 0125 3F       		.uleb128 0x3f
 851 0126 19       		.uleb128 0x19
 852 0127 3C       		.uleb128 0x3c
 853 0128 19       		.uleb128 0x19
 854 0129 6E       		.uleb128 0x6e
 855 012a 0E       		.uleb128 0xe
ARM GAS  C:\Users\DEVELO~1\AppData\Local\Temp\cc4xD4dh.s 			page 16


 856 012b 03       		.uleb128 0x3
 857 012c 0E       		.uleb128 0xe
 858 012d 3A       		.uleb128 0x3a
 859 012e 0B       		.uleb128 0xb
 860 012f 3B       		.uleb128 0x3b
 861 0130 0B       		.uleb128 0xb
 862 0131 00       		.byte	0
 863 0132 00       		.byte	0
 864 0133 00       		.byte	0
 865              		.section	.debug_loclists,"",%progbits
 866 0000 10010000 		.4byte	.Ldebug_loc3-.Ldebug_loc2
 867              	.Ldebug_loc2:
 868 0004 0500     		.2byte	0x5
 869 0006 04       		.byte	0x4
 870 0007 00       		.byte	0
 871 0008 00000000 		.4byte	0
 872              	.Ldebug_loc0:
 873              	.LVUS8:
 874 000c 00       		.uleb128 0
 875 000d 00       		.uleb128 .LVU39
 876 000e 00       		.uleb128 .LVU39
 877 000f 00       		.uleb128 0
 878              	.LLST8:
 879 0010 06       		.byte	0x6
 880 0011 00000000 		.4byte	.LVL7
 881 0015 04       		.byte	0x4
 882 0016 00       		.uleb128 .LVL7-.LVL7
 883 0017 0C       		.uleb128 .LVL8-.LVL7
 884 0018 01       		.uleb128 0x1
 885 0019 50       		.byte	0x50
 886 001a 04       		.byte	0x4
 887 001b 0C       		.uleb128 .LVL8-.LVL7
 888 001c 8C01     		.uleb128 .LFE1-.LVL7
 889 001e 01       		.uleb128 0x1
 890 001f 53       		.byte	0x53
 891 0020 00       		.byte	0
 892              	.LVUS9:
 893 0021 00       		.uleb128 0
 894 0022 00       		.uleb128 .LVU53
 895 0023 00       		.uleb128 .LVU53
 896 0024 00       		.uleb128 .LVU56
 897 0025 00       		.uleb128 .LVU56
 898 0026 00       		.uleb128 .LVU73
 899 0027 00       		.uleb128 .LVU73
 900 0028 00       		.uleb128 0
 901              	.LLST9:
 902 0029 06       		.byte	0x6
 903 002a 00000000 		.4byte	.LVL7
 904 002e 04       		.byte	0x4
 905 002f 00       		.uleb128 .LVL7-.LVL7
 906 0030 36       		.uleb128 .LVL9-.LVL7
 907 0031 01       		.uleb128 0x1
 908 0032 51       		.byte	0x51
 909 0033 04       		.byte	0x4
 910 0034 36       		.uleb128 .LVL9-.LVL7
 911 0035 3E       		.uleb128 .LVL10-.LVL7
 912 0036 02       		.uleb128 0x2
ARM GAS  C:\Users\DEVELO~1\AppData\Local\Temp\cc4xD4dh.s 			page 17


 913 0037 7E       		.byte	0x7e
 914 0038 04       		.sleb128 4
 915 0039 04       		.byte	0x4
 916 003a 3E       		.uleb128 .LVL10-.LVL7
 917 003b 68       		.uleb128 .LVL11-.LVL7
 918 003c 04       		.uleb128 0x4
 919 003d A3       		.byte	0xa3
 920 003e 01       		.uleb128 0x1
 921 003f 51       		.byte	0x51
 922 0040 9F       		.byte	0x9f
 923 0041 04       		.byte	0x4
 924 0042 68       		.uleb128 .LVL11-.LVL7
 925 0043 8C01     		.uleb128 .LFE1-.LVL7
 926 0045 01       		.uleb128 0x1
 927 0046 51       		.byte	0x51
 928 0047 00       		.byte	0
 929              	.LVUS10:
 930 0048 00       		.uleb128 0
 931 0049 00       		.uleb128 .LVU78
 932 004a 00       		.uleb128 .LVU78
 933 004b 00       		.uleb128 .LVU88
 934 004c 00       		.uleb128 .LVU88
 935 004d 00       		.uleb128 .LVU92
 936 004e 00       		.uleb128 .LVU92
 937 004f 00       		.uleb128 0
 938              	.LLST10:
 939 0050 06       		.byte	0x6
 940 0051 00000000 		.4byte	.LVL7
 941 0055 04       		.byte	0x4
 942 0056 00       		.uleb128 .LVL7-.LVL7
 943 0057 70       		.uleb128 .LVL12-.LVL7
 944 0058 01       		.uleb128 0x1
 945 0059 52       		.byte	0x52
 946 005a 04       		.byte	0x4
 947 005b 70       		.uleb128 .LVL12-.LVL7
 948 005c 8201     		.uleb128 .LVL13-.LVL7
 949 005e 04       		.uleb128 0x4
 950 005f A3       		.byte	0xa3
 951 0060 01       		.uleb128 0x1
 952 0061 52       		.byte	0x52
 953 0062 9F       		.byte	0x9f
 954 0063 04       		.byte	0x4
 955 0064 8201     		.uleb128 .LVL13-.LVL7
 956 0066 8A01     		.uleb128 .LVL14-.LVL7
 957 0068 01       		.uleb128 0x1
 958 0069 52       		.byte	0x52
 959 006a 04       		.byte	0x4
 960 006b 8A01     		.uleb128 .LVL14-.LVL7
 961 006d 8C01     		.uleb128 .LFE1-.LVL7
 962 006f 04       		.uleb128 0x4
 963 0070 A3       		.byte	0xa3
 964 0071 01       		.uleb128 0x1
 965 0072 52       		.byte	0x52
 966 0073 9F       		.byte	0x9f
 967 0074 00       		.byte	0
 968              	.LVUS0:
 969 0075 00       		.uleb128 0
ARM GAS  C:\Users\DEVELO~1\AppData\Local\Temp\cc4xD4dh.s 			page 18


 970 0076 00       		.uleb128 .LVU12
 971 0077 00       		.uleb128 .LVU12
 972 0078 00       		.uleb128 .LVU32
 973 0079 00       		.uleb128 .LVU32
 974 007a 00       		.uleb128 0
 975              	.LLST0:
 976 007b 06       		.byte	0x6
 977 007c 00000000 		.4byte	.LVL0
 978 0080 04       		.byte	0x4
 979 0081 00       		.uleb128 .LVL0-.LVL0
 980 0082 38       		.uleb128 .LVL2-.LVL0
 981 0083 01       		.uleb128 0x1
 982 0084 50       		.byte	0x50
 983 0085 04       		.byte	0x4
 984 0086 38       		.uleb128 .LVL2-.LVL0
 985 0087 5C       		.uleb128 .LVL6-.LVL0
 986 0088 01       		.uleb128 0x1
 987 0089 55       		.byte	0x55
 988 008a 04       		.byte	0x4
 989 008b 5C       		.uleb128 .LVL6-.LVL0
 990 008c 60       		.uleb128 .LFE0-.LVL0
 991 008d 04       		.uleb128 0x4
 992 008e A3       		.byte	0xa3
 993 008f 01       		.uleb128 0x1
 994 0090 50       		.byte	0x50
 995 0091 9F       		.byte	0x9f
 996 0092 00       		.byte	0
 997              	.LVUS1:
 998 0093 00       		.uleb128 0
 999 0094 00       		.uleb128 .LVU12
 1000 0095 00       		.uleb128 .LVU12
 1001 0096 00       		.uleb128 0
 1002              	.LLST1:
 1003 0097 06       		.byte	0x6
 1004 0098 00000000 		.4byte	.LVL0
 1005 009c 04       		.byte	0x4
 1006 009d 00       		.uleb128 .LVL0-.LVL0
 1007 009e 38       		.uleb128 .LVL2-.LVL0
 1008 009f 01       		.uleb128 0x1
 1009 00a0 51       		.byte	0x51
 1010 00a1 04       		.byte	0x4
 1011 00a2 38       		.uleb128 .LVL2-.LVL0
 1012 00a3 60       		.uleb128 .LFE0-.LVL0
 1013 00a4 04       		.uleb128 0x4
 1014 00a5 A3       		.byte	0xa3
 1015 00a6 01       		.uleb128 0x1
 1016 00a7 51       		.byte	0x51
 1017 00a8 9F       		.byte	0x9f
 1018 00a9 00       		.byte	0
 1019              	.LVUS2:
 1020 00aa 00       		.uleb128 0
 1021 00ab 00       		.uleb128 .LVU12
 1022 00ac 00       		.uleb128 .LVU12
 1023 00ad 00       		.uleb128 0
 1024              	.LLST2:
 1025 00ae 06       		.byte	0x6
 1026 00af 00000000 		.4byte	.LVL0
ARM GAS  C:\Users\DEVELO~1\AppData\Local\Temp\cc4xD4dh.s 			page 19


 1027 00b3 04       		.byte	0x4
 1028 00b4 00       		.uleb128 .LVL0-.LVL0
 1029 00b5 38       		.uleb128 .LVL2-.LVL0
 1030 00b6 01       		.uleb128 0x1
 1031 00b7 52       		.byte	0x52
 1032 00b8 04       		.byte	0x4
 1033 00b9 38       		.uleb128 .LVL2-.LVL0
 1034 00ba 60       		.uleb128 .LFE0-.LVL0
 1035 00bb 04       		.uleb128 0x4
 1036 00bc A3       		.byte	0xa3
 1037 00bd 01       		.uleb128 0x1
 1038 00be 52       		.byte	0x52
 1039 00bf 9F       		.byte	0x9f
 1040 00c0 00       		.byte	0
 1041              	.LVUS3:
 1042 00c1 00       		.uleb128 0
 1043 00c2 00       		.uleb128 .LVU12
 1044 00c3 00       		.uleb128 .LVU12
 1045 00c4 00       		.uleb128 0
 1046              	.LLST3:
 1047 00c5 06       		.byte	0x6
 1048 00c6 00000000 		.4byte	.LVL0
 1049 00ca 04       		.byte	0x4
 1050 00cb 00       		.uleb128 .LVL0-.LVL0
 1051 00cc 38       		.uleb128 .LVL2-.LVL0
 1052 00cd 01       		.uleb128 0x1
 1053 00ce 53       		.byte	0x53
 1054 00cf 04       		.byte	0x4
 1055 00d0 38       		.uleb128 .LVL2-.LVL0
 1056 00d1 60       		.uleb128 .LFE0-.LVL0
 1057 00d2 04       		.uleb128 0x4
 1058 00d3 A3       		.byte	0xa3
 1059 00d4 01       		.uleb128 0x1
 1060 00d5 53       		.byte	0x53
 1061 00d6 9F       		.byte	0x9f
 1062 00d7 00       		.byte	0
 1063              	.LVUS4:
 1064 00d8 00       		.uleb128 0
 1065 00d9 00       		.uleb128 .LVU9
 1066 00da 00       		.uleb128 .LVU9
 1067 00db 00       		.uleb128 .LVU32
 1068              	.LLST4:
 1069 00dc 06       		.byte	0x6
 1070 00dd 00000000 		.4byte	.LVL0
 1071 00e1 04       		.byte	0x4
 1072 00e2 00       		.uleb128 .LVL0-.LVL0
 1073 00e3 34       		.uleb128 .LVL1-.LVL0
 1074 00e4 02       		.uleb128 0x2
 1075 00e5 91       		.byte	0x91
 1076 00e6 00       		.sleb128 0
 1077 00e7 04       		.byte	0x4
 1078 00e8 34       		.uleb128 .LVL1-.LVL0
 1079 00e9 5C       		.uleb128 .LVL6-.LVL0
 1080 00ea 01       		.uleb128 0x1
 1081 00eb 58       		.byte	0x58
 1082 00ec 00       		.byte	0
 1083              	.LVUS5:
ARM GAS  C:\Users\DEVELO~1\AppData\Local\Temp\cc4xD4dh.s 			page 20


 1084 00ed 02       		.uleb128 .LVU11
 1085 00ee 00       		.uleb128 .LVU12
 1086 00ef 00       		.uleb128 .LVU12
 1087 00f0 00       		.uleb128 .LVU15
 1088 00f1 02       		.uleb128 .LVU31
 1089 00f2 00       		.uleb128 .LVU32
 1090              	.LLST5:
 1091 00f3 06       		.byte	0x6
 1092 00f4 34000000 		.4byte	.LVL1
 1093 00f8 04       		.byte	0x4
 1094 00f9 00       		.uleb128 .LVL1-.LVL1
 1095 00fa 04       		.uleb128 .LVL2-.LVL1
 1096 00fb 01       		.uleb128 0x1
 1097 00fc 52       		.byte	0x52
 1098 00fd 04       		.byte	0x4
 1099 00fe 04       		.uleb128 .LVL2-.LVL1
 1100 00ff 0A       		.uleb128 .LVL3-.LVL1
 1101 0100 01       		.uleb128 0x1
 1102 0101 54       		.byte	0x54
 1103 0102 04       		.byte	0x4
 1104 0103 24       		.uleb128 .LVL5-.LVL1
 1105 0104 28       		.uleb128 .LVL6-.LVL1
 1106 0105 01       		.uleb128 0x1
 1107 0106 54       		.byte	0x54
 1108 0107 00       		.byte	0
 1109              	.LVUS7:
 1110 0108 02       		.uleb128 .LVU27
 1111 0109 00       		.uleb128 .LVU29
 1112              	.LLST7:
 1113 010a 08       		.byte	0x8
 1114 010b 54000000 		.4byte	.LVL4
 1115 010f 04       		.uleb128 .LVL5-.LVL4
 1116 0110 02       		.uleb128 0x2
 1117 0111 30       		.byte	0x30
 1118 0112 9F       		.byte	0x9f
 1119 0113 00       		.byte	0
 1120              	.Ldebug_loc3:
 1121              		.section	.debug_aranges,"",%progbits
 1122 0000 24000000 		.4byte	0x24
 1123 0004 0200     		.2byte	0x2
 1124 0006 00000000 		.4byte	.Ldebug_info0
 1125 000a 04       		.byte	0x4
 1126 000b 00       		.byte	0
 1127 000c 0000     		.2byte	0
 1128 000e 0000     		.2byte	0
 1129 0010 00000000 		.4byte	.LFB0
 1130 0014 60000000 		.4byte	.LFE0-.LFB0
 1131 0018 00000000 		.4byte	.LFB1
 1132 001c 8C000000 		.4byte	.LFE1-.LFB1
 1133 0020 00000000 		.4byte	0
 1134 0024 00000000 		.4byte	0
 1135              		.section	.debug_rnglists,"",%progbits
 1136              	.Ldebug_ranges0:
 1137 0000 25000000 		.4byte	.Ldebug_ranges3-.Ldebug_ranges2
 1138              	.Ldebug_ranges2:
 1139 0004 0500     		.2byte	0x5
 1140 0006 04       		.byte	0x4
ARM GAS  C:\Users\DEVELO~1\AppData\Local\Temp\cc4xD4dh.s 			page 21


 1141 0007 00       		.byte	0
 1142 0008 00000000 		.4byte	0
 1143              	.LLRL6:
 1144 000c 05       		.byte	0x5
 1145 000d 3E000000 		.4byte	.LBB3
 1146 0011 04       		.byte	0x4
 1147 0012 00       		.uleb128 .LBB3-.LBB3
 1148 0013 04       		.uleb128 .LBE3-.LBB3
 1149 0014 04       		.byte	0x4
 1150 0015 0E       		.uleb128 .LBB4-.LBB3
 1151 0016 10       		.uleb128 .LBE4-.LBB3
 1152 0017 04       		.byte	0x4
 1153 0018 16       		.uleb128 .LBB5-.LBB3
 1154 0019 1A       		.uleb128 .LBE5-.LBB3
 1155 001a 00       		.byte	0
 1156              	.LLRL11:
 1157 001b 07       		.byte	0x7
 1158 001c 00000000 		.4byte	.LFB0
 1159 0020 60       		.uleb128 .LFE0-.LFB0
 1160 0021 07       		.byte	0x7
 1161 0022 00000000 		.4byte	.LFB1
 1162 0026 8C01     		.uleb128 .LFE1-.LFB1
 1163 0028 00       		.byte	0
 1164              	.Ldebug_ranges3:
 1165              		.section	.debug_line,"",%progbits
 1166              	.Ldebug_line0:
 1167 0000 10030000 		.section	.debug_str,"MS",%progbits,1
 1167      03008701 
 1167      00000201 
 1167      FB0E0D00 
 1167      01010101 
 1168              	.LASF29:
 1169 0000 62726963 		.ascii	"brick_asc_process\000"
 1169      6B5F6173 
 1169      635F7072 
 1169      6F636573 
 1169      7300
 1170              	.LASF3:
 1171 0012 5F5F7569 		.ascii	"__uint8_t\000"
 1171      6E74385F 
 1171      7400
 1172              	.LASF15:
 1173 001c 73697A65 		.ascii	"size_t\000"
 1173      5F7400
 1174              	.LASF22:
 1175 0023 63617061 		.ascii	"capacity\000"
 1175      63697479 
 1175      00
 1176              	.LASF28:
 1177 002c 62726963 		.ascii	"brick_asc\000"
 1177      6B5F6173 
 1177      6300
 1178              	.LASF19:
 1179 0036 636F756E 		.ascii	"count\000"
 1179      7400
 1180              	.LASF23:
 1181 003c 73746172 		.ascii	"start\000"
ARM GAS  C:\Users\DEVELO~1\AppData\Local\Temp\cc4xD4dh.s 			page 22


 1181      7400
 1182              	.LASF1:
 1183 0042 756E7369 		.ascii	"unsigned char\000"
 1183      676E6564 
 1183      20636861 
 1183      7200
 1184              	.LASF32:
 1185 0050 5F5F6275 		.ascii	"__builtin_memset\000"
 1185      696C7469 
 1185      6E5F6D65 
 1185      6D736574 
 1185      00
 1186              	.LASF8:
 1187 0061 6C6F6E67 		.ascii	"long unsigned int\000"
 1187      20756E73 
 1187      69676E65 
 1187      6420696E 
 1187      7400
 1188              	.LASF5:
 1189 0073 73686F72 		.ascii	"short unsigned int\000"
 1189      7420756E 
 1189      7369676E 
 1189      65642069 
 1189      6E7400
 1190              	.LASF14:
 1191 0086 75696E74 		.ascii	"uint32_t\000"
 1191      33325F74 
 1191      00
 1192              	.LASF31:
 1193 008f 6D656D73 		.ascii	"memset\000"
 1193      657400
 1194              	.LASF4:
 1195 0096 5F5F7569 		.ascii	"__uint16_t\000"
 1195      6E743136 
 1195      5F7400
 1196              	.LASF7:
 1197 00a1 5F5F7569 		.ascii	"__uint32_t\000"
 1197      6E743332 
 1197      5F7400
 1198              	.LASF20:
 1199 00ac 66616374 		.ascii	"factor\000"
 1199      6F7200
 1200              	.LASF18:
 1201 00b3 68656164 		.ascii	"head\000"
 1201      00
 1202              	.LASF11:
 1203 00b8 756E7369 		.ascii	"unsigned int\000"
 1203      676E6564 
 1203      20696E74 
 1203      00
 1204              	.LASF10:
 1205 00c5 6C6F6E67 		.ascii	"long long unsigned int\000"
 1205      206C6F6E 
 1205      6720756E 
 1205      7369676E 
 1205      65642069 
 1206              	.LASF12:
ARM GAS  C:\Users\DEVELO~1\AppData\Local\Temp\cc4xD4dh.s 			page 23


 1207 00dc 75696E74 		.ascii	"uint8_t\000"
 1207      385F7400 
 1208              	.LASF30:
 1209 00e4 62726963 		.ascii	"brick_asc_array_set_factors\000"
 1209      6B5F6173 
 1209      635F6172 
 1209      7261795F 
 1209      7365745F 
 1210              	.LASF9:
 1211 0100 6C6F6E67 		.ascii	"long long int\000"
 1211      206C6F6E 
 1211      6720696E 
 1211      7400
 1212              	.LASF26:
 1213 010e 64726976 		.ascii	"drivers/HallEffect/brick_asc.c\000"
 1213      6572732F 
 1213      48616C6C 
 1213      45666665 
 1213      63742F62 
 1214              	.LASF2:
 1215 012d 73686F72 		.ascii	"short int\000"
 1215      7420696E 
 1215      7400
 1216              	.LASF17:
 1217 0137 62756666 		.ascii	"buffer\000"
 1217      657200
 1218              	.LASF13:
 1219 013e 75696E74 		.ascii	"uint16_t\000"
 1219      31365F74 
 1219      00
 1220              	.LASF27:
 1221 0147 433A5C43 		.ascii	"C:\\ChibiStudio\\chibios2111\\demos\\STM32\\RT-STM3"
 1221      68696269 
 1221      53747564 
 1221      696F5C63 
 1221      68696269 
 1222 0175 32483734 		.ascii	"2H743ZI_REV_XY-NUCLEO144 - Copie\000"
 1222      335A495F 
 1222      5245565F 
 1222      58592D4E 
 1222      55434C45 
 1223              	.LASF25:
 1224 0196 474E5520 		.ascii	"GNU C17 11.3.1 20220712 -mcpu=cortex-m7 -mthumb -mf"
 1224      43313720 
 1224      31312E33 
 1224      2E312032 
 1224      30323230 
 1225 01c9 6C6F6174 		.ascii	"loat-abi=soft -march=armv7e-m -ggdb -O2 -fomit-fram"
 1225      2D616269 
 1225      3D736F66 
 1225      74202D6D 
 1225      61726368 
 1226 01fc 652D706F 		.ascii	"e-pointer -falign-functions=16 -ffunction-sections "
 1226      696E7465 
 1226      72202D66 
 1226      616C6967 
 1226      6E2D6675 
ARM GAS  C:\Users\DEVELO~1\AppData\Local\Temp\cc4xD4dh.s 			page 24


 1227 022f 2D666461 		.ascii	"-fdata-sections -fno-common\000"
 1227      74612D73 
 1227      65637469 
 1227      6F6E7320 
 1227      2D666E6F 
 1228              	.LASF6:
 1229 024b 6C6F6E67 		.ascii	"long int\000"
 1229      20696E74 
 1229      00
 1230              	.LASF16:
 1231 0254 6C6F6E67 		.ascii	"long double\000"
 1231      20646F75 
 1231      626C6500 
 1232              	.LASF0:
 1233 0260 7369676E 		.ascii	"signed char\000"
 1233      65642063 
 1233      68617200 
 1234              	.LASF21:
 1235 026c 5F426F6F 		.ascii	"_Bool\000"
 1235      6C00
 1236              	.LASF24:
 1237 0272 6C656E67 		.ascii	"length\000"
 1237      746800
 1238              		.ident	"GCC: (Arm GNU Toolchain 11.3.Rel1) 11.3.1 20220712"
ARM GAS  C:\Users\DEVELO~1\AppData\Local\Temp\cc4xD4dh.s 			page 25


DEFINED SYMBOLS
                            *ABS*:00000000 brick_asc.c
C:\Users\DEVELO~1\AppData\Local\Temp\cc4xD4dh.s:18     .text.brick_asc_array_set_factors:00000000 $t
C:\Users\DEVELO~1\AppData\Local\Temp\cc4xD4dh.s:25     .text.brick_asc_array_set_factors:00000000 brick_asc_array_set_factors
C:\Users\DEVELO~1\AppData\Local\Temp\cc4xD4dh.s:128    .text.brick_asc_process:00000000 $t
C:\Users\DEVELO~1\AppData\Local\Temp\cc4xD4dh.s:135    .text.brick_asc_process:00000000 brick_asc_process

UNDEFINED SYMBOLS
memset
