ARM GAS  C:\Users\DEVELO~1\AppData\Local\Temp\cc6iS1A9.s 			page 1


   1              		.cpu cortex-m7
   2              		.arch armv7e-m
   3              		.fpu softvfp
   4              		.eabi_attribute 20, 1
   5              		.eabi_attribute 21, 1
   6              		.eabi_attribute 23, 3
   7              		.eabi_attribute 24, 1
   8              		.eabi_attribute 25, 1
   9              		.eabi_attribute 26, 1
  10              		.eabi_attribute 30, 2
  11              		.eabi_attribute 34, 1
  12              		.eabi_attribute 18, 4
  13              		.file	"font5x7.c"
  14              		.text
  15              	.Ltext0:
  16              		.cfi_sections	.debug_frame
  17              		.global	font5x7
  18              		.section	.rodata.font5x7,"a"
  19              		.align	2
  20              		.type	font5x7, %object
  21              		.size	font5x7, 475
  22              	font5x7:
  23 0000 00000000 		.ascii	"\000\000\000\000\000"
  23      00
  24 0005 00005F00 		.ascii	"\000\000_\000\000"
  24      00
  25 000a 00070007 		.ascii	"\000\007\000\007\000"
  25      00
  26 000f 147F147F 		.ascii	"\024\177\024\177\024"
  26      14
  27 0014 242A7F2A 		.ascii	"$*\177*\022"
  27      12
  28 0019 23130864 		.ascii	"#\023\010db"
  28      62
  29 001e 36495522 		.ascii	"6IU\"P"
  29      50
  30 0023 00050300 		.ascii	"\000\005\003\000\000"
  30      00
  31 0028 001C2241 		.ascii	"\000\034\"A\000"
  31      00
  32 002d 0041221C 		.ascii	"\000A\"\034\000"
  32      00
  33 0032 14083E08 		.ascii	"\024\010>\010\024"
  33      14
  34 0037 08083E08 		.ascii	"\010\010>\010\010"
  34      08
  35 003c 00503000 		.ascii	"\000P0\000\000"
  35      00
  36 0041 08080808 		.ascii	"\010\010\010\010\010"
  36      08
  37 0046 00606000 		.ascii	"\000``\000\000"
  37      00
  38 004b 20100804 		.ascii	" \020\010\004\002"
  38      02
  39 0050 3E514945 		.ascii	">QIE>"
  39      3E
  40 0055 00427F40 		.ascii	"\000B\177@\000"
ARM GAS  C:\Users\DEVELO~1\AppData\Local\Temp\cc6iS1A9.s 			page 2


  40      00
  41 005a 42615149 		.ascii	"BaQIF"
  41      46
  42 005f 2141454B 		.ascii	"!AEK1"
  42      31
  43 0064 1814127F 		.ascii	"\030\024\022\177\020"
  43      10
  44 0069 27454545 		.ascii	"'EEE9"
  44      39
  45 006e 3C4A4949 		.ascii	"<JII0"
  45      30
  46 0073 01710905 		.ascii	"\001q\011\005\003"
  46      03
  47 0078 36494949 		.ascii	"6III6"
  47      36
  48 007d 06494929 		.ascii	"\006II)\036"
  48      1E
  49 0082 00363600 		.ascii	"\00066\000\000"
  49      00
  50 0087 00563600 		.ascii	"\000V6\000\000"
  50      00
  51 008c 08142241 		.ascii	"\010\024\"A\000"
  51      00
  52 0091 14141414 		.ascii	"\024\024\024\024\024"
  52      14
  53 0096 00412214 		.ascii	"\000A\"\024\010"
  53      08
  54 009b 02015109 		.ascii	"\002\001Q\011\006"
  54      06
  55 00a0 32497941 		.ascii	"2IyA>"
  55      3E
  56 00a5 7E111111 		.ascii	"~\021\021\021~"
  56      7E
  57 00aa 7F494949 		.ascii	"\177III6"
  57      36
  58 00af 3E414141 		.ascii	">AAA\""
  58      22
  59 00b4 7F414122 		.ascii	"\177AA\"\034"
  59      1C
  60 00b9 7F494949 		.ascii	"\177IIIA"
  60      41
  61 00be 7F090909 		.ascii	"\177\011\011\011\001"
  61      01
  62 00c3 3E414949 		.ascii	">AIIz"
  62      7A
  63 00c8 7F080808 		.ascii	"\177\010\010\010\177"
  63      7F
  64 00cd 00417F41 		.ascii	"\000A\177A\000"
  64      00
  65 00d2 2040413F 		.ascii	" @A?\001"
  65      01
  66 00d7 7F081422 		.ascii	"\177\010\024\"A"
  66      41
  67 00dc 7F404040 		.ascii	"\177@@@@"
  67      40
  68 00e1 7F020C02 		.ascii	"\177\002\014\002\177"
  68      7F
ARM GAS  C:\Users\DEVELO~1\AppData\Local\Temp\cc6iS1A9.s 			page 3


  69 00e6 7F040810 		.ascii	"\177\004\010\020\177"
  69      7F
  70 00eb 3E414141 		.ascii	">AAA>"
  70      3E
  71 00f0 7F090909 		.ascii	"\177\011\011\011\006"
  71      06
  72 00f5 3E415121 		.ascii	">AQ!^"
  72      5E
  73 00fa 7F091929 		.ascii	"\177\011\031)F"
  73      46
  74 00ff 46494949 		.ascii	"FIII1"
  74      31
  75 0104 01017F01 		.ascii	"\001\001\177\001\001"
  75      01
  76 0109 3F404040 		.ascii	"?@@@?"
  76      3F
  77 010e 1F204020 		.ascii	"\037 @ \037"
  77      1F
  78 0113 3F403840 		.ascii	"?@8@?"
  78      3F
  79 0118 63140814 		.ascii	"c\024\010\024c"
  79      63
  80 011d 07087008 		.ascii	"\007\010p\010\007"
  80      07
  81 0122 61514945 		.ascii	"aQIEC"
  81      43
  82 0127 007F4141 		.ascii	"\000\177AA\000"
  82      00
  83 012c 02040810 		.ascii	"\002\004\010\020 "
  83      20
  84 0131 0041417F 		.ascii	"\000AA\177\000"
  84      00
  85 0136 04020102 		.ascii	"\004\002\001\002\004"
  85      04
  86 013b 40404040 		.ascii	"@@@@@"
  86      40
  87 0140 00010204 		.ascii	"\000\001\002\004\000"
  87      00
  88 0145 20545454 		.ascii	" TTTx"
  88      78
  89 014a 7F484444 		.ascii	"\177HDD8"
  89      38
  90 014f 38444444 		.ascii	"8DDD "
  90      20
  91 0154 38444448 		.ascii	"8DDH\177"
  91      7F
  92 0159 38545454 		.ascii	"8TTT\030"
  92      18
  93 015e 087E0901 		.ascii	"\010~\011\001\002"
  93      02
  94 0163 0C525252 		.ascii	"\014RRR>"
  94      3E
  95 0168 7F080404 		.ascii	"\177\010\004\004x"
  95      78
  96 016d 00447D40 		.ascii	"\000D}@\000"
  96      00
  97 0172 2040443D 		.ascii	" @D=\000"
ARM GAS  C:\Users\DEVELO~1\AppData\Local\Temp\cc6iS1A9.s 			page 4


  97      00
  98 0177 7F102844 		.ascii	"\177\020(D\000"
  98      00
  99 017c 00417F40 		.ascii	"\000A\177@\000"
  99      00
 100 0181 7C041804 		.ascii	"|\004\030\004x"
 100      78
 101 0186 7C080404 		.ascii	"|\010\004\004x"
 101      78
 102 018b 38444444 		.ascii	"8DDD8"
 102      38
 103 0190 7C141414 		.ascii	"|\024\024\024\010"
 103      08
 104 0195 08141418 		.ascii	"\010\024\024\030|"
 104      7C
 105 019a 7C080404 		.ascii	"|\010\004\004\010"
 105      08
 106 019f 48545454 		.ascii	"HTTT "
 106      20
 107 01a4 043F4440 		.ascii	"\004?D@ "
 107      20
 108 01a9 3C404020 		.ascii	"<@@ |"
 108      7C
 109 01ae 1C204020 		.ascii	"\034 @ \034"
 109      1C
 110 01b3 3C403040 		.ascii	"<@0@<"
 110      3C
 111 01b8 44281028 		.ascii	"D(\020(D"
 111      44
 112 01bd 0C505050 		.ascii	"\014PPP<"
 112      3C
 113 01c2 4464544C 		.ascii	"DdTLD"
 113      44
 114 01c7 00083641 		.ascii	"\000\0106A\000"
 114      00
 115 01cc 00007F00 		.ascii	"\000\000\177\000\000"
 115      00
 116 01d1 00413608 		.ascii	"\000A6\010\000"
 116      00
 117 01d6 08040810 		.ascii	"\010\004\010\020\010"
 117      08
 118              		.text
 119              	.Letext0:
 120              		.file 1 "c:\\chibistudio\\tools\\gnu tools arm embedded\\11.3 2022.08\\arm-none-eabi\\include\\mac
 121              		.file 2 "c:\\chibistudio\\tools\\gnu tools arm embedded\\11.3 2022.08\\arm-none-eabi\\include\\sys
 122              		.file 3 "ui/font5x7.h"
 123              		.file 4 "ui/font5x7.c"
 124              		.section	.debug_info,"",%progbits
 125              	.Ldebug_info0:
 126 0000 B3000000 		.4byte	0xb3
 127 0004 0500     		.2byte	0x5
 128 0006 01       		.byte	0x1
 129 0007 04       		.byte	0x4
 130 0008 00000000 		.4byte	.Ldebug_abbrev0
 131 000c 05       		.uleb128 0x5
 132 000d E5000000 		.4byte	.LASF11
 133 0011 1D       		.byte	0x1d
ARM GAS  C:\Users\DEVELO~1\AppData\Local\Temp\cc6iS1A9.s 			page 5


 134 0012 69000000 		.4byte	.LASF12
 135 0016 8E000000 		.4byte	.LASF13
 136 001a 00000000 		.4byte	.Ldebug_line0
 137 001e 01       		.uleb128 0x1
 138 001f 01       		.byte	0x1
 139 0020 06       		.byte	0x6
 140 0021 A3010000 		.4byte	.LASF0
 141 0025 02       		.uleb128 0x2
 142 0026 00000000 		.4byte	.LASF9
 143 002a 01       		.byte	0x1
 144 002b 2B       		.byte	0x2b
 145 002c 18       		.byte	0x18
 146 002d 31000000 		.4byte	0x31
 147 0031 01       		.uleb128 0x1
 148 0032 01       		.byte	0x1
 149 0033 08       		.byte	0x8
 150 0034 12000000 		.4byte	.LASF1
 151 0038 01       		.uleb128 0x1
 152 0039 02       		.byte	0x2
 153 003a 05       		.byte	0x5
 154 003b 84000000 		.4byte	.LASF2
 155 003f 01       		.uleb128 0x1
 156 0040 02       		.byte	0x2
 157 0041 07       		.byte	0x7
 158 0042 32000000 		.4byte	.LASF3
 159 0046 01       		.uleb128 0x1
 160 0047 04       		.byte	0x4
 161 0048 05       		.byte	0x5
 162 0049 9A010000 		.4byte	.LASF4
 163 004d 01       		.uleb128 0x1
 164 004e 04       		.byte	0x4
 165 004f 07       		.byte	0x7
 166 0050 20000000 		.4byte	.LASF5
 167 0054 01       		.uleb128 0x1
 168 0055 08       		.byte	0x8
 169 0056 05       		.byte	0x5
 170 0057 76000000 		.4byte	.LASF6
 171 005b 01       		.uleb128 0x1
 172 005c 08       		.byte	0x8
 173 005d 07       		.byte	0x7
 174 005e 52000000 		.4byte	.LASF7
 175 0062 06       		.uleb128 0x6
 176 0063 04       		.byte	0x4
 177 0064 05       		.byte	0x5
 178 0065 696E7400 		.ascii	"int\000"
 179 0069 01       		.uleb128 0x1
 180 006a 04       		.byte	0x4
 181 006b 07       		.byte	0x7
 182 006c 45000000 		.4byte	.LASF8
 183 0070 02       		.uleb128 0x2
 184 0071 0A000000 		.4byte	.LASF10
 185 0075 02       		.byte	0x2
 186 0076 18       		.byte	0x18
 187 0077 13       		.byte	0x13
 188 0078 25000000 		.4byte	0x25
 189 007c 03       		.uleb128 0x3
 190 007d 70000000 		.4byte	0x70
ARM GAS  C:\Users\DEVELO~1\AppData\Local\Temp\cc6iS1A9.s 			page 6


 191 0081 07       		.uleb128 0x7
 192 0082 7C000000 		.4byte	0x7c
 193 0086 97000000 		.4byte	0x97
 194 008a 04       		.uleb128 0x4
 195 008b 69000000 		.4byte	0x69
 196 008f 5E       		.byte	0x5e
 197 0090 04       		.uleb128 0x4
 198 0091 69000000 		.4byte	0x69
 199 0095 04       		.byte	0x4
 200 0096 00       		.byte	0
 201 0097 03       		.uleb128 0x3
 202 0098 81000000 		.4byte	0x81
 203 009c 08       		.uleb128 0x8
 204 009d DD000000 		.4byte	.LASF14
 205 00a1 03       		.byte	0x3
 206 00a2 24       		.byte	0x24
 207 00a3 16       		.byte	0x16
 208 00a4 97000000 		.4byte	0x97
 209 00a8 09       		.uleb128 0x9
 210 00a9 9C000000 		.4byte	0x9c
 211 00ad 04       		.byte	0x4
 212 00ae 23       		.byte	0x23
 213 00af 0F       		.byte	0xf
 214 00b0 05       		.uleb128 0x5
 215 00b1 03       		.byte	0x3
 216 00b2 00000000 		.4byte	font5x7
 217 00b6 00       		.byte	0
 218              		.section	.debug_abbrev,"",%progbits
 219              	.Ldebug_abbrev0:
 220 0000 01       		.uleb128 0x1
 221 0001 24       		.uleb128 0x24
 222 0002 00       		.byte	0
 223 0003 0B       		.uleb128 0xb
 224 0004 0B       		.uleb128 0xb
 225 0005 3E       		.uleb128 0x3e
 226 0006 0B       		.uleb128 0xb
 227 0007 03       		.uleb128 0x3
 228 0008 0E       		.uleb128 0xe
 229 0009 00       		.byte	0
 230 000a 00       		.byte	0
 231 000b 02       		.uleb128 0x2
 232 000c 16       		.uleb128 0x16
 233 000d 00       		.byte	0
 234 000e 03       		.uleb128 0x3
 235 000f 0E       		.uleb128 0xe
 236 0010 3A       		.uleb128 0x3a
 237 0011 0B       		.uleb128 0xb
 238 0012 3B       		.uleb128 0x3b
 239 0013 0B       		.uleb128 0xb
 240 0014 39       		.uleb128 0x39
 241 0015 0B       		.uleb128 0xb
 242 0016 49       		.uleb128 0x49
 243 0017 13       		.uleb128 0x13
 244 0018 00       		.byte	0
 245 0019 00       		.byte	0
 246 001a 03       		.uleb128 0x3
 247 001b 26       		.uleb128 0x26
ARM GAS  C:\Users\DEVELO~1\AppData\Local\Temp\cc6iS1A9.s 			page 7


 248 001c 00       		.byte	0
 249 001d 49       		.uleb128 0x49
 250 001e 13       		.uleb128 0x13
 251 001f 00       		.byte	0
 252 0020 00       		.byte	0
 253 0021 04       		.uleb128 0x4
 254 0022 21       		.uleb128 0x21
 255 0023 00       		.byte	0
 256 0024 49       		.uleb128 0x49
 257 0025 13       		.uleb128 0x13
 258 0026 2F       		.uleb128 0x2f
 259 0027 0B       		.uleb128 0xb
 260 0028 00       		.byte	0
 261 0029 00       		.byte	0
 262 002a 05       		.uleb128 0x5
 263 002b 11       		.uleb128 0x11
 264 002c 01       		.byte	0x1
 265 002d 25       		.uleb128 0x25
 266 002e 0E       		.uleb128 0xe
 267 002f 13       		.uleb128 0x13
 268 0030 0B       		.uleb128 0xb
 269 0031 03       		.uleb128 0x3
 270 0032 0E       		.uleb128 0xe
 271 0033 1B       		.uleb128 0x1b
 272 0034 0E       		.uleb128 0xe
 273 0035 10       		.uleb128 0x10
 274 0036 17       		.uleb128 0x17
 275 0037 00       		.byte	0
 276 0038 00       		.byte	0
 277 0039 06       		.uleb128 0x6
 278 003a 24       		.uleb128 0x24
 279 003b 00       		.byte	0
 280 003c 0B       		.uleb128 0xb
 281 003d 0B       		.uleb128 0xb
 282 003e 3E       		.uleb128 0x3e
 283 003f 0B       		.uleb128 0xb
 284 0040 03       		.uleb128 0x3
 285 0041 08       		.uleb128 0x8
 286 0042 00       		.byte	0
 287 0043 00       		.byte	0
 288 0044 07       		.uleb128 0x7
 289 0045 01       		.uleb128 0x1
 290 0046 01       		.byte	0x1
 291 0047 49       		.uleb128 0x49
 292 0048 13       		.uleb128 0x13
 293 0049 01       		.uleb128 0x1
 294 004a 13       		.uleb128 0x13
 295 004b 00       		.byte	0
 296 004c 00       		.byte	0
 297 004d 08       		.uleb128 0x8
 298 004e 34       		.uleb128 0x34
 299 004f 00       		.byte	0
 300 0050 03       		.uleb128 0x3
 301 0051 0E       		.uleb128 0xe
 302 0052 3A       		.uleb128 0x3a
 303 0053 0B       		.uleb128 0xb
 304 0054 3B       		.uleb128 0x3b
ARM GAS  C:\Users\DEVELO~1\AppData\Local\Temp\cc6iS1A9.s 			page 8


 305 0055 0B       		.uleb128 0xb
 306 0056 39       		.uleb128 0x39
 307 0057 0B       		.uleb128 0xb
 308 0058 49       		.uleb128 0x49
 309 0059 13       		.uleb128 0x13
 310 005a 3F       		.uleb128 0x3f
 311 005b 19       		.uleb128 0x19
 312 005c 3C       		.uleb128 0x3c
 313 005d 19       		.uleb128 0x19
 314 005e 00       		.byte	0
 315 005f 00       		.byte	0
 316 0060 09       		.uleb128 0x9
 317 0061 34       		.uleb128 0x34
 318 0062 00       		.byte	0
 319 0063 47       		.uleb128 0x47
 320 0064 13       		.uleb128 0x13
 321 0065 3A       		.uleb128 0x3a
 322 0066 0B       		.uleb128 0xb
 323 0067 3B       		.uleb128 0x3b
 324 0068 0B       		.uleb128 0xb
 325 0069 39       		.uleb128 0x39
 326 006a 0B       		.uleb128 0xb
 327 006b 02       		.uleb128 0x2
 328 006c 18       		.uleb128 0x18
 329 006d 00       		.byte	0
 330 006e 00       		.byte	0
 331 006f 00       		.byte	0
 332              		.section	.debug_aranges,"",%progbits
 333 0000 14000000 		.4byte	0x14
 334 0004 0200     		.2byte	0x2
 335 0006 00000000 		.4byte	.Ldebug_info0
 336 000a 04       		.byte	0x4
 337 000b 00       		.byte	0
 338 000c 0000     		.2byte	0
 339 000e 0000     		.2byte	0
 340 0010 00000000 		.4byte	0
 341 0014 00000000 		.4byte	0
 342              		.section	.debug_line,"",%progbits
 343              	.Ldebug_line0:
 344 0000 04010000 		.section	.debug_str,"MS",%progbits,1
 344      0300FE00 
 344      00000201 
 344      FB0E0D00 
 344      01010101 
 345              	.LASF9:
 346 0000 5F5F7569 		.ascii	"__uint8_t\000"
 346      6E74385F 
 346      7400
 347              	.LASF10:
 348 000a 75696E74 		.ascii	"uint8_t\000"
 348      385F7400 
 349              	.LASF1:
 350 0012 756E7369 		.ascii	"unsigned char\000"
 350      676E6564 
 350      20636861 
 350      7200
 351              	.LASF5:
ARM GAS  C:\Users\DEVELO~1\AppData\Local\Temp\cc6iS1A9.s 			page 9


 352 0020 6C6F6E67 		.ascii	"long unsigned int\000"
 352      20756E73 
 352      69676E65 
 352      6420696E 
 352      7400
 353              	.LASF3:
 354 0032 73686F72 		.ascii	"short unsigned int\000"
 354      7420756E 
 354      7369676E 
 354      65642069 
 354      6E7400
 355              	.LASF8:
 356 0045 756E7369 		.ascii	"unsigned int\000"
 356      676E6564 
 356      20696E74 
 356      00
 357              	.LASF7:
 358 0052 6C6F6E67 		.ascii	"long long unsigned int\000"
 358      206C6F6E 
 358      6720756E 
 358      7369676E 
 358      65642069 
 359              	.LASF12:
 360 0069 75692F66 		.ascii	"ui/font5x7.c\000"
 360      6F6E7435 
 360      78372E63 
 360      00
 361              	.LASF6:
 362 0076 6C6F6E67 		.ascii	"long long int\000"
 362      206C6F6E 
 362      6720696E 
 362      7400
 363              	.LASF2:
 364 0084 73686F72 		.ascii	"short int\000"
 364      7420696E 
 364      7400
 365              	.LASF13:
 366 008e 433A5C43 		.ascii	"C:\\ChibiStudio\\chibios2111\\demos\\STM32\\RT-STM3"
 366      68696269 
 366      53747564 
 366      696F5C63 
 366      68696269 
 367 00bc 32483734 		.ascii	"2H743ZI_REV_XY-NUCLEO144 - Copie\000"
 367      335A495F 
 367      5245565F 
 367      58592D4E 
 367      55434C45 
 368              	.LASF14:
 369 00dd 666F6E74 		.ascii	"font5x7\000"
 369      35783700 
 370              	.LASF11:
 371 00e5 474E5520 		.ascii	"GNU C17 11.3.1 20220712 -mcpu=cortex-m7 -mthumb -mf"
 371      43313720 
 371      31312E33 
 371      2E312032 
 371      30323230 
 372 0118 6C6F6174 		.ascii	"loat-abi=soft -march=armv7e-m -ggdb -O2 -fomit-fram"
ARM GAS  C:\Users\DEVELO~1\AppData\Local\Temp\cc6iS1A9.s 			page 10


 372      2D616269 
 372      3D736F66 
 372      74202D6D 
 372      61726368 
 373 014b 652D706F 		.ascii	"e-pointer -falign-functions=16 -ffunction-sections "
 373      696E7465 
 373      72202D66 
 373      616C6967 
 373      6E2D6675 
 374 017e 2D666461 		.ascii	"-fdata-sections -fno-common\000"
 374      74612D73 
 374      65637469 
 374      6F6E7320 
 374      2D666E6F 
 375              	.LASF4:
 376 019a 6C6F6E67 		.ascii	"long int\000"
 376      20696E74 
 376      00
 377              	.LASF0:
 378 01a3 7369676E 		.ascii	"signed char\000"
 378      65642063 
 378      68617200 
 379              		.ident	"GCC: (Arm GNU Toolchain 11.3.Rel1) 11.3.1 20220712"
ARM GAS  C:\Users\DEVELO~1\AppData\Local\Temp\cc6iS1A9.s 			page 11


DEFINED SYMBOLS
                            *ABS*:00000000 font5x7.c
C:\Users\DEVELO~1\AppData\Local\Temp\cc6iS1A9.s:22     .rodata.font5x7:00000000 font5x7
C:\Users\DEVELO~1\AppData\Local\Temp\cc6iS1A9.s:19     .rodata.font5x7:00000000 $d

NO UNDEFINED SYMBOLS
