ARM GAS  C:\Users\DEVELO~1\AppData\Local\Temp\ccRX0Uda.s 			page 1


   1              		.cpu cortex-m7
   2              		.arch armv7e-m
   3              		.fpu softvfp
   4              		.eabi_attribute 20, 1
   5              		.eabi_attribute 21, 1
   6              		.eabi_attribute 23, 3
   7              		.eabi_attribute 24, 1
   8              		.eabi_attribute 25, 1
   9              		.eabi_attribute 26, 1
  10              		.eabi_attribute 30, 2
  11              		.eabi_attribute 34, 1
  12              		.eabi_attribute 18, 4
  13              		.file	"hal.c"
  14              		.text
  15              	.Ltext0:
  16              		.cfi_sections	.debug_frame
  17              		.section	.text.halInit,"ax",%progbits
  18              		.align	1
  19              		.p2align 4,,15
  20              		.global	halInit
  21              		.syntax unified
  22              		.thumb
  23              		.thumb_func
  24              		.type	halInit, %function
  25              	halInit:
  26              	.LFB431:
  27              		.file 1 "../../../os/hal/src/hal.c"
  28              		.loc 1 56 20 view -0
  29              		.cfi_startproc
  30              		@ args = 0, pretend = 0, frame = 0
  31              		@ frame_needed = 0, uses_anonymous_args = 0
  32              		.loc 1 59 3 view .LVU1
  33              		.loc 1 62 3 view .LVU2
  34              		.loc 1 56 20 is_stmt 0 view .LVU3
  35 0000 08B5     		push	{r3, lr}
  36              		.cfi_def_cfa_offset 8
  37              		.cfi_offset 3, -8
  38              		.cfi_offset 14, -4
  39              		.loc 1 62 3 view .LVU4
  40 0002 FFF7FEFF 		bl	hal_lld_init
  41              	.LVL0:
  42              		.loc 1 66 3 is_stmt 1 view .LVU5
  43 0006 FFF7FEFF 		bl	_pal_lld_init
  44              	.LVL1:
  45              		.loc 1 72 3 view .LVU6
  46 000a FFF7FEFF 		bl	adcInit
  47              	.LVL2:
  48              		.loc 1 105 3 view .LVU7
  49 000e FFF7FEFF 		bl	sdInit
  50              	.LVL3:
  51              		.loc 1 108 3 view .LVU8
  52 0012 FFF7FEFF 		bl	sdcInit
  53              	.LVL4:
  54              		.loc 1 114 3 view .LVU9
  55 0016 FFF7FEFF 		bl	spiInit
  56              	.LVL5:
  57              		.loc 1 123 3 view .LVU10
ARM GAS  C:\Users\DEVELO~1\AppData\Local\Temp\ccRX0Uda.s 			page 2


  58 001a FFF7FEFF 		bl	usbInit
  59              	.LVL6:
  60              		.loc 1 149 3 view .LVU11
  61 001e FFF7FEFF 		bl	boardInit
  62              	.LVL7:
  63              		.loc 1 156 3 view .LVU12
  64              		.loc 1 158 1 is_stmt 0 view .LVU13
  65 0022 BDE80840 		pop	{r3, lr}
  66              		.cfi_restore 14
  67              		.cfi_restore 3
  68              		.cfi_def_cfa_offset 0
  69              		.loc 1 156 3 view .LVU14
  70 0026 FFF7FEBF 		b	stInit
  71              	.LVL8:
  72              		.cfi_endproc
  73              	.LFE431:
  74              		.size	halInit, .-halInit
  75 002a 00BF     		.text
  76              	.Letext0:
  77              		.file 2 "../../../os/hal/include/hal_st.h"
  78              		.file 3 "../../../os/hal/boards/ST_NUCLEO144_H743ZI/board.h"
  79              		.file 4 "../../../os/hal/include/hal_usb.h"
  80              		.file 5 "../../../os/hal/include/hal_spi_v2.h"
  81              		.file 6 "../../../os/hal/include/hal_sdc.h"
  82              		.file 7 "../../../os/hal/include/hal_serial.h"
  83              		.file 8 "../../../os/hal/include/hal_adc.h"
  84              		.file 9 "../../../os/hal/ports/STM32/LLD/GPIOv2/hal_pal_lld.h"
  85              		.file 10 "../../../os/hal/ports/STM32/STM32H7xx/hal_lld.h"
  86              		.file 11 "../../../os/hal/osal/rt-nil/osal.h"
  87              		.section	.debug_info,"",%progbits
  88              	.Ldebug_info0:
  89 0000 43010000 		.4byte	0x143
  90 0004 0500     		.2byte	0x5
  91 0006 01       		.byte	0x1
  92 0007 04       		.byte	0x4
  93 0008 00000000 		.4byte	.Ldebug_abbrev0
  94 000c 05       		.uleb128 0x5
  95 000d 75010000 		.4byte	.LASF23
  96 0011 1D       		.byte	0x1d
  97 0012 85000000 		.4byte	.LASF24
  98 0016 36000000 		.4byte	.LASF25
  99 001a 0C000000 		.4byte	.LLRL0
 100 001e 00000000 		.4byte	0
 101 0022 00000000 		.4byte	.Ldebug_line0
 102 0026 06       		.uleb128 0x6
 103 0027 04       		.byte	0x4
 104 0028 05       		.byte	0x5
 105 0029 696E7400 		.ascii	"int\000"
 106 002d 01       		.uleb128 0x1
 107 002e 04       		.byte	0x4
 108 002f 07       		.byte	0x7
 109 0030 29000000 		.4byte	.LASF0
 110 0034 01       		.uleb128 0x1
 111 0035 08       		.byte	0x8
 112 0036 05       		.byte	0x5
 113 0037 00000000 		.4byte	.LASF1
 114 003b 01       		.uleb128 0x1
ARM GAS  C:\Users\DEVELO~1\AppData\Local\Temp\ccRX0Uda.s 			page 3


 115 003c 08       		.byte	0x8
 116 003d 04       		.byte	0x4
 117 003e 4C010000 		.4byte	.LASF2
 118 0042 01       		.uleb128 0x1
 119 0043 01       		.byte	0x1
 120 0044 06       		.byte	0x6
 121 0045 40010000 		.4byte	.LASF3
 122 0049 01       		.uleb128 0x1
 123 004a 01       		.byte	0x1
 124 004b 08       		.byte	0x8
 125 004c EA000000 		.4byte	.LASF4
 126 0050 01       		.uleb128 0x1
 127 0051 02       		.byte	0x2
 128 0052 05       		.byte	0x5
 129 0053 B9000000 		.4byte	.LASF5
 130 0057 01       		.uleb128 0x1
 131 0058 02       		.byte	0x2
 132 0059 07       		.byte	0x7
 133 005a 0E000000 		.4byte	.LASF6
 134 005e 01       		.uleb128 0x1
 135 005f 04       		.byte	0x4
 136 0060 05       		.byte	0x5
 137 0061 20010000 		.4byte	.LASF7
 138 0065 01       		.uleb128 0x1
 139 0066 04       		.byte	0x4
 140 0067 07       		.byte	0x7
 141 0068 A7000000 		.4byte	.LASF8
 142 006c 01       		.uleb128 0x1
 143 006d 08       		.byte	0x8
 144 006e 07       		.byte	0x7
 145 006f C3000000 		.4byte	.LASF9
 146 0073 01       		.uleb128 0x1
 147 0074 01       		.byte	0x1
 148 0075 08       		.byte	0x8
 149 0076 F8000000 		.4byte	.LASF10
 150 007a 01       		.uleb128 0x1
 151 007b 04       		.byte	0x4
 152 007c 04       		.byte	0x4
 153 007d 61010000 		.4byte	.LASF11
 154 0081 01       		.uleb128 0x1
 155 0082 08       		.byte	0x8
 156 0083 04       		.byte	0x4
 157 0084 0C010000 		.4byte	.LASF12
 158 0088 01       		.uleb128 0x1
 159 0089 01       		.byte	0x1
 160 008a 02       		.byte	0x2
 161 008b 1A010000 		.4byte	.LASF13
 162 008f 04       		.uleb128 0x4
 163 0090 FD000000 		.4byte	.LASF14
 164 0094 02       		.byte	0x2
 165 0095 46       		.byte	0x46
 166 0096 03       		.uleb128 0x3
 167 0097 36010000 		.4byte	.LASF15
 168 009b 03       		.byte	0x3
 169 009c AB06     		.2byte	0x6ab
 170 009e 03       		.uleb128 0x3
 171 009f 21000000 		.4byte	.LASF16
ARM GAS  C:\Users\DEVELO~1\AppData\Local\Temp\ccRX0Uda.s 			page 4


 172 00a3 04       		.byte	0x4
 173 00a4 5D02     		.2byte	0x25d
 174 00a6 03       		.uleb128 0x3
 175 00a7 E2000000 		.4byte	.LASF17
 176 00ab 05       		.byte	0x5
 177 00ac E101     		.2byte	0x1e1
 178 00ae 04       		.uleb128 0x4
 179 00af DA000000 		.4byte	.LASF18
 180 00b3 06       		.byte	0x6
 181 00b4 BA       		.byte	0xba
 182 00b5 03       		.uleb128 0x3
 183 00b6 13010000 		.4byte	.LASF19
 184 00ba 07       		.byte	0x7
 185 00bb 2201     		.2byte	0x122
 186 00bd 03       		.uleb128 0x3
 187 00be 9F000000 		.4byte	.LASF20
 188 00c2 08       		.byte	0x8
 189 00c3 8001     		.2byte	0x180
 190 00c5 03       		.uleb128 0x3
 191 00c6 67010000 		.4byte	.LASF21
 192 00ca 09       		.byte	0x9
 193 00cb F201     		.2byte	0x1f2
 194 00cd 04       		.uleb128 0x4
 195 00ce 29010000 		.4byte	.LASF22
 196 00d2 0A       		.byte	0xa
 197 00d3 B0       		.byte	0xb0
 198 00d4 07       		.uleb128 0x7
 199 00d5 04010000 		.4byte	.LASF26
 200 00d9 01       		.byte	0x1
 201 00da 38       		.byte	0x38
 202 00db 06       		.byte	0x6
 203 00dc 00000000 		.4byte	.LFB431
 204 00e0 2A000000 		.4byte	.LFE431-.LFB431
 205 00e4 01       		.uleb128 0x1
 206 00e5 9C       		.byte	0x9c
 207 00e6 3C010000 		.4byte	0x13c
 208 00ea 02       		.uleb128 0x2
 209 00eb 06000000 		.4byte	.LVL0
 210 00ef CD000000 		.4byte	0xcd
 211 00f3 02       		.uleb128 0x2
 212 00f4 0A000000 		.4byte	.LVL1
 213 00f8 C5000000 		.4byte	0xc5
 214 00fc 02       		.uleb128 0x2
 215 00fd 0E000000 		.4byte	.LVL2
 216 0101 BD000000 		.4byte	0xbd
 217 0105 02       		.uleb128 0x2
 218 0106 12000000 		.4byte	.LVL3
 219 010a B5000000 		.4byte	0xb5
 220 010e 02       		.uleb128 0x2
 221 010f 16000000 		.4byte	.LVL4
 222 0113 AE000000 		.4byte	0xae
 223 0117 02       		.uleb128 0x2
 224 0118 1A000000 		.4byte	.LVL5
 225 011c A6000000 		.4byte	0xa6
 226 0120 02       		.uleb128 0x2
 227 0121 1E000000 		.4byte	.LVL6
 228 0125 9E000000 		.4byte	0x9e
ARM GAS  C:\Users\DEVELO~1\AppData\Local\Temp\ccRX0Uda.s 			page 5


 229 0129 02       		.uleb128 0x2
 230 012a 22000000 		.4byte	.LVL7
 231 012e 96000000 		.4byte	0x96
 232 0132 08       		.uleb128 0x8
 233 0133 2A000000 		.4byte	.LVL8
 234 0137 8F000000 		.4byte	0x8f
 235 013b 00       		.byte	0
 236 013c 09       		.uleb128 0x9
 237 013d 58010000 		.4byte	.LASF27
 238 0141 0B       		.byte	0xb
 239 0142 1302     		.2byte	0x213
 240 0144 14       		.byte	0x14
 241 0145 03       		.byte	0x3
 242 0146 00       		.byte	0
 243              		.section	.debug_abbrev,"",%progbits
 244              	.Ldebug_abbrev0:
 245 0000 01       		.uleb128 0x1
 246 0001 24       		.uleb128 0x24
 247 0002 00       		.byte	0
 248 0003 0B       		.uleb128 0xb
 249 0004 0B       		.uleb128 0xb
 250 0005 3E       		.uleb128 0x3e
 251 0006 0B       		.uleb128 0xb
 252 0007 03       		.uleb128 0x3
 253 0008 0E       		.uleb128 0xe
 254 0009 00       		.byte	0
 255 000a 00       		.byte	0
 256 000b 02       		.uleb128 0x2
 257 000c 48       		.uleb128 0x48
 258 000d 00       		.byte	0
 259 000e 7D       		.uleb128 0x7d
 260 000f 01       		.uleb128 0x1
 261 0010 7F       		.uleb128 0x7f
 262 0011 13       		.uleb128 0x13
 263 0012 00       		.byte	0
 264 0013 00       		.byte	0
 265 0014 03       		.uleb128 0x3
 266 0015 2E       		.uleb128 0x2e
 267 0016 00       		.byte	0
 268 0017 3F       		.uleb128 0x3f
 269 0018 19       		.uleb128 0x19
 270 0019 03       		.uleb128 0x3
 271 001a 0E       		.uleb128 0xe
 272 001b 3A       		.uleb128 0x3a
 273 001c 0B       		.uleb128 0xb
 274 001d 3B       		.uleb128 0x3b
 275 001e 05       		.uleb128 0x5
 276 001f 39       		.uleb128 0x39
 277 0020 21       		.uleb128 0x21
 278 0021 08       		.sleb128 8
 279 0022 27       		.uleb128 0x27
 280 0023 19       		.uleb128 0x19
 281 0024 3C       		.uleb128 0x3c
 282 0025 19       		.uleb128 0x19
 283 0026 00       		.byte	0
 284 0027 00       		.byte	0
 285 0028 04       		.uleb128 0x4
ARM GAS  C:\Users\DEVELO~1\AppData\Local\Temp\ccRX0Uda.s 			page 6


 286 0029 2E       		.uleb128 0x2e
 287 002a 00       		.byte	0
 288 002b 3F       		.uleb128 0x3f
 289 002c 19       		.uleb128 0x19
 290 002d 03       		.uleb128 0x3
 291 002e 0E       		.uleb128 0xe
 292 002f 3A       		.uleb128 0x3a
 293 0030 0B       		.uleb128 0xb
 294 0031 3B       		.uleb128 0x3b
 295 0032 0B       		.uleb128 0xb
 296 0033 39       		.uleb128 0x39
 297 0034 21       		.uleb128 0x21
 298 0035 08       		.sleb128 8
 299 0036 27       		.uleb128 0x27
 300 0037 19       		.uleb128 0x19
 301 0038 3C       		.uleb128 0x3c
 302 0039 19       		.uleb128 0x19
 303 003a 00       		.byte	0
 304 003b 00       		.byte	0
 305 003c 05       		.uleb128 0x5
 306 003d 11       		.uleb128 0x11
 307 003e 01       		.byte	0x1
 308 003f 25       		.uleb128 0x25
 309 0040 0E       		.uleb128 0xe
 310 0041 13       		.uleb128 0x13
 311 0042 0B       		.uleb128 0xb
 312 0043 03       		.uleb128 0x3
 313 0044 0E       		.uleb128 0xe
 314 0045 1B       		.uleb128 0x1b
 315 0046 0E       		.uleb128 0xe
 316 0047 55       		.uleb128 0x55
 317 0048 17       		.uleb128 0x17
 318 0049 11       		.uleb128 0x11
 319 004a 01       		.uleb128 0x1
 320 004b 10       		.uleb128 0x10
 321 004c 17       		.uleb128 0x17
 322 004d 00       		.byte	0
 323 004e 00       		.byte	0
 324 004f 06       		.uleb128 0x6
 325 0050 24       		.uleb128 0x24
 326 0051 00       		.byte	0
 327 0052 0B       		.uleb128 0xb
 328 0053 0B       		.uleb128 0xb
 329 0054 3E       		.uleb128 0x3e
 330 0055 0B       		.uleb128 0xb
 331 0056 03       		.uleb128 0x3
 332 0057 08       		.uleb128 0x8
 333 0058 00       		.byte	0
 334 0059 00       		.byte	0
 335 005a 07       		.uleb128 0x7
 336 005b 2E       		.uleb128 0x2e
 337 005c 01       		.byte	0x1
 338 005d 3F       		.uleb128 0x3f
 339 005e 19       		.uleb128 0x19
 340 005f 03       		.uleb128 0x3
 341 0060 0E       		.uleb128 0xe
 342 0061 3A       		.uleb128 0x3a
ARM GAS  C:\Users\DEVELO~1\AppData\Local\Temp\ccRX0Uda.s 			page 7


 343 0062 0B       		.uleb128 0xb
 344 0063 3B       		.uleb128 0x3b
 345 0064 0B       		.uleb128 0xb
 346 0065 39       		.uleb128 0x39
 347 0066 0B       		.uleb128 0xb
 348 0067 27       		.uleb128 0x27
 349 0068 19       		.uleb128 0x19
 350 0069 11       		.uleb128 0x11
 351 006a 01       		.uleb128 0x1
 352 006b 12       		.uleb128 0x12
 353 006c 06       		.uleb128 0x6
 354 006d 40       		.uleb128 0x40
 355 006e 18       		.uleb128 0x18
 356 006f 7A       		.uleb128 0x7a
 357 0070 19       		.uleb128 0x19
 358 0071 01       		.uleb128 0x1
 359 0072 13       		.uleb128 0x13
 360 0073 00       		.byte	0
 361 0074 00       		.byte	0
 362 0075 08       		.uleb128 0x8
 363 0076 48       		.uleb128 0x48
 364 0077 00       		.byte	0
 365 0078 7D       		.uleb128 0x7d
 366 0079 01       		.uleb128 0x1
 367 007a 8201     		.uleb128 0x82
 368 007c 19       		.uleb128 0x19
 369 007d 7F       		.uleb128 0x7f
 370 007e 13       		.uleb128 0x13
 371 007f 00       		.byte	0
 372 0080 00       		.byte	0
 373 0081 09       		.uleb128 0x9
 374 0082 2E       		.uleb128 0x2e
 375 0083 00       		.byte	0
 376 0084 03       		.uleb128 0x3
 377 0085 0E       		.uleb128 0xe
 378 0086 3A       		.uleb128 0x3a
 379 0087 0B       		.uleb128 0xb
 380 0088 3B       		.uleb128 0x3b
 381 0089 05       		.uleb128 0x5
 382 008a 39       		.uleb128 0x39
 383 008b 0B       		.uleb128 0xb
 384 008c 27       		.uleb128 0x27
 385 008d 19       		.uleb128 0x19
 386 008e 20       		.uleb128 0x20
 387 008f 0B       		.uleb128 0xb
 388 0090 00       		.byte	0
 389 0091 00       		.byte	0
 390 0092 00       		.byte	0
 391              		.section	.debug_aranges,"",%progbits
 392 0000 1C000000 		.4byte	0x1c
 393 0004 0200     		.2byte	0x2
 394 0006 00000000 		.4byte	.Ldebug_info0
 395 000a 04       		.byte	0x4
 396 000b 00       		.byte	0
 397 000c 0000     		.2byte	0
 398 000e 0000     		.2byte	0
 399 0010 00000000 		.4byte	.LFB431
ARM GAS  C:\Users\DEVELO~1\AppData\Local\Temp\ccRX0Uda.s 			page 8


 400 0014 2A000000 		.4byte	.LFE431-.LFB431
 401 0018 00000000 		.4byte	0
 402 001c 00000000 		.4byte	0
 403              		.section	.debug_rnglists,"",%progbits
 404              	.Ldebug_ranges0:
 405 0000 0F000000 		.4byte	.Ldebug_ranges3-.Ldebug_ranges2
 406              	.Ldebug_ranges2:
 407 0004 0500     		.2byte	0x5
 408 0006 04       		.byte	0x4
 409 0007 00       		.byte	0
 410 0008 00000000 		.4byte	0
 411              	.LLRL0:
 412 000c 07       		.byte	0x7
 413 000d 00000000 		.4byte	.LFB431
 414 0011 2A       		.uleb128 .LFE431-.LFB431
 415 0012 00       		.byte	0
 416              	.Ldebug_ranges3:
 417              		.section	.debug_line,"",%progbits
 418              	.Ldebug_line0:
 419 0000 9C010000 		.section	.debug_str,"MS",%progbits,1
 419      03006201 
 419      00000201 
 419      FB0E0D00 
 419      01010101 
 420              	.LASF1:
 421 0000 6C6F6E67 		.ascii	"long long int\000"
 421      206C6F6E 
 421      6720696E 
 421      7400
 422              	.LASF6:
 423 000e 73686F72 		.ascii	"short unsigned int\000"
 423      7420756E 
 423      7369676E 
 423      65642069 
 423      6E7400
 424              	.LASF16:
 425 0021 75736249 		.ascii	"usbInit\000"
 425      6E697400 
 426              	.LASF0:
 427 0029 756E7369 		.ascii	"unsigned int\000"
 427      676E6564 
 427      20696E74 
 427      00
 428              	.LASF25:
 429 0036 433A5C43 		.ascii	"C:\\ChibiStudio\\chibios2111\\demos\\STM32\\RT-STM3"
 429      68696269 
 429      53747564 
 429      696F5C63 
 429      68696269 
 430 0064 32483734 		.ascii	"2H743ZI_REV_XY-NUCLEO144 - Copie\000"
 430      335A495F 
 430      5245565F 
 430      58592D4E 
 430      55434C45 
 431              	.LASF24:
 432 0085 2E2E2F2E 		.ascii	"../../../os/hal/src/hal.c\000"
 432      2E2F2E2E 
ARM GAS  C:\Users\DEVELO~1\AppData\Local\Temp\ccRX0Uda.s 			page 9


 432      2F6F732F 
 432      68616C2F 
 432      7372632F 
 433              	.LASF20:
 434 009f 61646349 		.ascii	"adcInit\000"
 434      6E697400 
 435              	.LASF8:
 436 00a7 6C6F6E67 		.ascii	"long unsigned int\000"
 436      20756E73 
 436      69676E65 
 436      6420696E 
 436      7400
 437              	.LASF5:
 438 00b9 73686F72 		.ascii	"short int\000"
 438      7420696E 
 438      7400
 439              	.LASF9:
 440 00c3 6C6F6E67 		.ascii	"long long unsigned int\000"
 440      206C6F6E 
 440      6720756E 
 440      7369676E 
 440      65642069 
 441              	.LASF18:
 442 00da 73646349 		.ascii	"sdcInit\000"
 442      6E697400 
 443              	.LASF17:
 444 00e2 73706949 		.ascii	"spiInit\000"
 444      6E697400 
 445              	.LASF4:
 446 00ea 756E7369 		.ascii	"unsigned char\000"
 446      676E6564 
 446      20636861 
 446      7200
 447              	.LASF10:
 448 00f8 63686172 		.ascii	"char\000"
 448      00
 449              	.LASF14:
 450 00fd 7374496E 		.ascii	"stInit\000"
 450      697400
 451              	.LASF26:
 452 0104 68616C49 		.ascii	"halInit\000"
 452      6E697400 
 453              	.LASF12:
 454 010c 646F7562 		.ascii	"double\000"
 454      6C6500
 455              	.LASF19:
 456 0113 7364496E 		.ascii	"sdInit\000"
 456      697400
 457              	.LASF13:
 458 011a 5F426F6F 		.ascii	"_Bool\000"
 458      6C00
 459              	.LASF7:
 460 0120 6C6F6E67 		.ascii	"long int\000"
 460      20696E74 
 460      00
 461              	.LASF22:
 462 0129 68616C5F 		.ascii	"hal_lld_init\000"
ARM GAS  C:\Users\DEVELO~1\AppData\Local\Temp\ccRX0Uda.s 			page 10


 462      6C6C645F 
 462      696E6974 
 462      00
 463              	.LASF15:
 464 0136 626F6172 		.ascii	"boardInit\000"
 464      64496E69 
 464      7400
 465              	.LASF3:
 466 0140 7369676E 		.ascii	"signed char\000"
 466      65642063 
 466      68617200 
 467              	.LASF2:
 468 014c 6C6F6E67 		.ascii	"long double\000"
 468      20646F75 
 468      626C6500 
 469              	.LASF27:
 470 0158 6F73616C 		.ascii	"osalInit\000"
 470      496E6974 
 470      00
 471              	.LASF11:
 472 0161 666C6F61 		.ascii	"float\000"
 472      7400
 473              	.LASF21:
 474 0167 5F70616C 		.ascii	"_pal_lld_init\000"
 474      5F6C6C64 
 474      5F696E69 
 474      7400
 475              	.LASF23:
 476 0175 474E5520 		.ascii	"GNU C17 11.3.1 20220712 -mcpu=cortex-m7 -mthumb -mf"
 476      43313720 
 476      31312E33 
 476      2E312032 
 476      30323230 
 477 01a8 6C6F6174 		.ascii	"loat-abi=soft -march=armv7e-m -ggdb -O2 -fomit-fram"
 477      2D616269 
 477      3D736F66 
 477      74202D6D 
 477      61726368 
 478 01db 652D706F 		.ascii	"e-pointer -falign-functions=16 -ffunction-sections "
 478      696E7465 
 478      72202D66 
 478      616C6967 
 478      6E2D6675 
 479 020e 2D666461 		.ascii	"-fdata-sections -fno-common\000"
 479      74612D73 
 479      65637469 
 479      6F6E7320 
 479      2D666E6F 
 480              		.ident	"GCC: (Arm GNU Toolchain 11.3.Rel1) 11.3.1 20220712"
ARM GAS  C:\Users\DEVELO~1\AppData\Local\Temp\ccRX0Uda.s 			page 11


DEFINED SYMBOLS
                            *ABS*:00000000 hal.c
C:\Users\DEVELO~1\AppData\Local\Temp\ccRX0Uda.s:18     .text.halInit:00000000 $t
C:\Users\DEVELO~1\AppData\Local\Temp\ccRX0Uda.s:25     .text.halInit:00000000 halInit

UNDEFINED SYMBOLS
hal_lld_init
_pal_lld_init
adcInit
sdInit
sdcInit
spiInit
usbInit
boardInit
stInit
