ARM GAS  C:\Users\DEVELO~1\AppData\Local\Temp\ccVFDuzr.s 			page 1


   1              		.cpu cortex-m7
   2              		.arch armv7e-m
   3              		.fpu softvfp
   4              		.eabi_attribute 20, 1
   5              		.eabi_attribute 21, 1
   6              		.eabi_attribute 23, 3
   7              		.eabi_attribute 24, 1
   8              		.eabi_attribute 25, 1
   9              		.eabi_attribute 26, 1
  10              		.eabi_attribute 30, 2
  11              		.eabi_attribute 34, 1
  12              		.eabi_attribute 18, 4
  13              		.file	"hal_pal.c"
  14              		.file 1 "c:\\chibistudio\\tools\\gnu tools arm embedded\\11.3 2022.08\\arm-none-eabi\\include\\mac
  15              		.file 2 "c:\\chibistudio\\tools\\gnu tools arm embedded\\11.3 2022.08\\arm-none-eabi\\include\\sys
  16              		.file 3 "c:\\chibistudio\\tools\\gnu tools arm embedded\\11.3 2022.08\\arm-none-eabi\\include\\std
  17              		.file 4 "../../../os/hal/ports/STM32/LLD/GPIOv2/stm32_gpio.h"
  18              		.file 5 "../../../os/hal/ports/STM32/LLD/GPIOv2/hal_pal_lld.h"
  19              		.file 6 "../../../os/hal/include/hal_pal.h"
  20              		.file 7 "../../../os/hal/src/hal_pal.c"
  21              		.section	.gnu.debuglto_.debug_info,"e",%progbits
  22              	.Ldebug_info0:
  23              		.hidden	hal_pal.c.18fe41bb
  24              		.weak	hal_pal.c.18fe41bb
  25              	hal_pal.c.18fe41bb:
  26 0000 F2020000 		.4byte	0x2f2
  27 0004 0500     		.2byte	0x5
  28 0006 01       		.byte	0x1
  29 0007 04       		.byte	0x4
  30 0008 00000000 		.4byte	.Ldebug_abbrev0
  31 000c 11       		.uleb128 0x11
  32 000d 22000000 		.4byte	.LASF43
  33 0011 1D       		.byte	0x1d
  34 0012 13020000 		.4byte	.LASF44
  35 0016 4B020000 		.4byte	.LASF45
  36 001a 00000000 		.4byte	.Ldebug_line0
  37 001e 12       		.uleb128 0x12
  38 001f 04       		.byte	0x4
  39 0020 05       		.byte	0x5
  40 0021 696E7400 		.ascii	"int\000"
  41 0025 01       		.uleb128 0x1
  42 0026 04       		.byte	0x4
  43 0027 07       		.byte	0x7
  44 0028 C7010000 		.4byte	.LASF0
  45 002c 01       		.uleb128 0x1
  46 002d 08       		.byte	0x8
  47 002e 05       		.byte	0x5
  48 002f 00000000 		.4byte	.LASF1
  49 0033 01       		.uleb128 0x1
  50 0034 08       		.byte	0x8
  51 0035 04       		.byte	0x4
  52 0036 AC020000 		.4byte	.LASF2
  53 003a 01       		.uleb128 0x1
  54 003b 01       		.byte	0x1
  55 003c 06       		.byte	0x6
  56 003d B8020000 		.4byte	.LASF3
  57 0041 01       		.uleb128 0x1
ARM GAS  C:\Users\DEVELO~1\AppData\Local\Temp\ccVFDuzr.s 			page 2


  58 0042 01       		.byte	0x1
  59 0043 08       		.byte	0x8
  60 0044 57010000 		.4byte	.LASF4
  61 0048 01       		.uleb128 0x1
  62 0049 02       		.byte	0x2
  63 004a 05       		.byte	0x5
  64 004b FB000000 		.4byte	.LASF5
  65 004f 03       		.uleb128 0x3
  66 0050 94010000 		.4byte	.LASF8
  67 0054 01       		.byte	0x1
  68 0055 39       		.byte	0x39
  69 0056 19       		.byte	0x19
  70 0057 5B000000 		.4byte	0x5b
  71 005b 01       		.uleb128 0x1
  72 005c 02       		.byte	0x2
  73 005d 07       		.byte	0x7
  74 005e 7C010000 		.4byte	.LASF6
  75 0062 01       		.uleb128 0x1
  76 0063 04       		.byte	0x4
  77 0064 05       		.byte	0x5
  78 0065 A3020000 		.4byte	.LASF7
  79 0069 03       		.uleb128 0x3
  80 006a A6010000 		.4byte	.LASF9
  81 006e 01       		.byte	0x1
  82 006f 4F       		.byte	0x4f
  83 0070 19       		.byte	0x19
  84 0071 75000000 		.4byte	0x75
  85 0075 01       		.uleb128 0x1
  86 0076 04       		.byte	0x4
  87 0077 07       		.byte	0x7
  88 0078 6A010000 		.4byte	.LASF10
  89 007c 01       		.uleb128 0x1
  90 007d 08       		.byte	0x8
  91 007e 07       		.byte	0x7
  92 007f 40010000 		.4byte	.LASF11
  93 0083 03       		.uleb128 0x3
  94 0084 3C020000 		.4byte	.LASF12
  95 0088 02       		.byte	0x2
  96 0089 24       		.byte	0x24
  97 008a 14       		.byte	0x14
  98 008b 4F000000 		.4byte	0x4f
  99 008f 03       		.uleb128 0x3
 100 0090 9A020000 		.4byte	.LASF13
 101 0094 02       		.byte	0x2
 102 0095 30       		.byte	0x30
 103 0096 14       		.byte	0x14
 104 0097 69000000 		.4byte	0x69
 105 009b 0C       		.uleb128 0xc
 106 009c 8F000000 		.4byte	0x8f
 107 00a0 03       		.uleb128 0x3
 108 00a1 DD000000 		.4byte	.LASF14
 109 00a5 03       		.byte	0x3
 110 00a6 34       		.byte	0x34
 111 00a7 1F       		.byte	0x1f
 112 00a8 25000000 		.4byte	0x25
 113 00ac 01       		.uleb128 0x1
 114 00ad 01       		.byte	0x1
ARM GAS  C:\Users\DEVELO~1\AppData\Local\Temp\ccVFDuzr.s 			page 3


 115 00ae 08       		.byte	0x8
 116 00af D4010000 		.4byte	.LASF15
 117 00b3 04       		.uleb128 0x4
 118 00b4 AC000000 		.4byte	0xac
 119 00b8 01       		.uleb128 0x1
 120 00b9 04       		.byte	0x4
 121 00ba 04       		.byte	0x4
 122 00bb 1C000000 		.4byte	.LASF16
 123 00bf 01       		.uleb128 0x1
 124 00c0 08       		.byte	0x8
 125 00c1 04       		.byte	0x4
 126 00c2 9F010000 		.4byte	.LASF17
 127 00c6 01       		.uleb128 0x1
 128 00c7 01       		.byte	0x1
 129 00c8 02       		.byte	0x2
 130 00c9 C4020000 		.4byte	.LASF18
 131 00cd 05       		.uleb128 0x5
 132 00ce 04       		.byte	0x4
 133 00cf 04       		.byte	0x4
 134 00d0 5B       		.byte	0x5b
 135 00d1 05       		.byte	0x5
 136 00d2 EF000000 		.4byte	0xef
 137 00d6 06       		.uleb128 0x6
 138 00d7 73657400 		.ascii	"set\000"
 139 00db 5C       		.byte	0x5c
 140 00dc 83000000 		.4byte	0x83
 141 00e0 00       		.byte	0
 142 00e1 02       		.uleb128 0x2
 143 00e2 45020000 		.4byte	.LASF19
 144 00e6 04       		.byte	0x4
 145 00e7 5D       		.byte	0x5d
 146 00e8 19       		.byte	0x19
 147 00e9 83000000 		.4byte	0x83
 148 00ed 02       		.byte	0x2
 149 00ee 00       		.byte	0
 150 00ef 13       		.uleb128 0x13
 151 00f0 04       		.byte	0x4
 152 00f1 04       		.byte	0x4
 153 00f2 59       		.byte	0x59
 154 00f3 0C       		.byte	0xc
 155 00f4 0B010000 		.4byte	0x10b
 156 00f8 0D       		.uleb128 0xd
 157 00f9 5700     		.ascii	"W\000"
 158 00fb 5A       		.byte	0x5a
 159 00fc 19       		.byte	0x19
 160 00fd 8F000000 		.4byte	0x8f
 161 0101 0D       		.uleb128 0xd
 162 0102 4800     		.ascii	"H\000"
 163 0104 5E       		.byte	0x5e
 164 0105 07       		.byte	0x7
 165 0106 CD000000 		.4byte	0xcd
 166 010a 00       		.byte	0
 167 010b 0C       		.uleb128 0xc
 168 010c EF000000 		.4byte	0xef
 169 0110 05       		.uleb128 0x5
 170 0111 28       		.byte	0x28
 171 0112 04       		.byte	0x4
ARM GAS  C:\Users\DEVELO~1\AppData\Local\Temp\ccVFDuzr.s 			page 4


 172 0113 51       		.byte	0x51
 173 0114 09       		.byte	0x9
 174 0115 98010000 		.4byte	0x198
 175 0119 02       		.uleb128 0x2
 176 011a 16000000 		.4byte	.LASF20
 177 011e 04       		.byte	0x4
 178 011f 53       		.byte	0x53
 179 0120 19       		.byte	0x19
 180 0121 9B000000 		.4byte	0x9b
 181 0125 00       		.byte	0
 182 0126 02       		.uleb128 0x2
 183 0127 30010000 		.4byte	.LASF21
 184 012b 04       		.byte	0x4
 185 012c 54       		.byte	0x54
 186 012d 19       		.byte	0x19
 187 012e 9B000000 		.4byte	0x9b
 188 0132 04       		.byte	0x4
 189 0133 02       		.uleb128 0x2
 190 0134 0E000000 		.4byte	.LASF22
 191 0138 04       		.byte	0x4
 192 0139 55       		.byte	0x55
 193 013a 19       		.byte	0x19
 194 013b 9B000000 		.4byte	0x9b
 195 013f 08       		.byte	0x8
 196 0140 02       		.uleb128 0x2
 197 0141 F1010000 		.4byte	.LASF23
 198 0145 04       		.byte	0x4
 199 0146 56       		.byte	0x56
 200 0147 19       		.byte	0x19
 201 0148 9B000000 		.4byte	0x9b
 202 014c 0C       		.byte	0xc
 203 014d 06       		.uleb128 0x6
 204 014e 49445200 		.ascii	"IDR\000"
 205 0152 57       		.byte	0x57
 206 0153 9B000000 		.4byte	0x9b
 207 0157 10       		.byte	0x10
 208 0158 06       		.uleb128 0x6
 209 0159 4F445200 		.ascii	"ODR\000"
 210 015d 58       		.byte	0x58
 211 015e 9B000000 		.4byte	0x9b
 212 0162 14       		.byte	0x14
 213 0163 02       		.uleb128 0x2
 214 0164 EA000000 		.4byte	.LASF24
 215 0168 04       		.byte	0x4
 216 0169 5F       		.byte	0x5f
 217 016a 05       		.byte	0x5
 218 016b 0B010000 		.4byte	0x10b
 219 016f 18       		.byte	0x18
 220 0170 02       		.uleb128 0x2
 221 0171 DE010000 		.4byte	.LASF25
 222 0175 04       		.byte	0x4
 223 0176 60       		.byte	0x60
 224 0177 19       		.byte	0x19
 225 0178 9B000000 		.4byte	0x9b
 226 017c 1C       		.byte	0x1c
 227 017d 02       		.uleb128 0x2
 228 017e 8F010000 		.4byte	.LASF26
ARM GAS  C:\Users\DEVELO~1\AppData\Local\Temp\ccVFDuzr.s 			page 5


 229 0182 04       		.byte	0x4
 230 0183 61       		.byte	0x61
 231 0184 19       		.byte	0x19
 232 0185 9B000000 		.4byte	0x9b
 233 0189 20       		.byte	0x20
 234 018a 02       		.uleb128 0x2
 235 018b 65010000 		.4byte	.LASF27
 236 018f 04       		.byte	0x4
 237 0190 62       		.byte	0x62
 238 0191 19       		.byte	0x19
 239 0192 9B000000 		.4byte	0x9b
 240 0196 24       		.byte	0x24
 241 0197 00       		.byte	0
 242 0198 03       		.uleb128 0x3
 243 0199 E4010000 		.4byte	.LASF28
 244 019d 04       		.byte	0x4
 245 019e 63       		.byte	0x63
 246 019f 03       		.byte	0x3
 247 01a0 10010000 		.4byte	0x110
 248 01a4 03       		.uleb128 0x3
 249 01a5 1A010000 		.4byte	.LASF29
 250 01a9 05       		.byte	0x5
 251 01aa C2       		.byte	0xc2
 252 01ab 12       		.byte	0x12
 253 01ac 8F000000 		.4byte	0x8f
 254 01b0 03       		.uleb128 0x3
 255 01b1 37010000 		.4byte	.LASF30
 256 01b5 05       		.byte	0x5
 257 01b6 C7       		.byte	0xc7
 258 01b7 12       		.byte	0x12
 259 01b8 8F000000 		.4byte	0x8f
 260 01bc 03       		.uleb128 0x3
 261 01bd 31020000 		.4byte	.LASF31
 262 01c1 05       		.byte	0x5
 263 01c2 D9       		.byte	0xd9
 264 01c3 18       		.byte	0x18
 265 01c4 C8010000 		.4byte	0x1c8
 266 01c8 0E       		.uleb128 0xe
 267 01c9 98010000 		.4byte	0x198
 268 01cd 05       		.uleb128 0x5
 269 01ce 0C       		.byte	0xc
 270 01cf 06       		.byte	0x6
 271 01d0 B7       		.byte	0xb7
 272 01d1 09       		.byte	0x9
 273 01d2 FE010000 		.4byte	0x1fe
 274 01d6 02       		.uleb128 0x2
 275 01d7 13010000 		.4byte	.LASF32
 276 01db 06       		.byte	0x6
 277 01dc BB       		.byte	0xbb
 278 01dd 19       		.byte	0x19
 279 01de BC010000 		.4byte	0x1bc
 280 01e2 00       		.byte	0
 281 01e3 02       		.uleb128 0x2
 282 01e4 02020000 		.4byte	.LASF33
 283 01e8 06       		.byte	0x6
 284 01e9 C1       		.byte	0xc1
 285 01ea 19       		.byte	0x19
ARM GAS  C:\Users\DEVELO~1\AppData\Local\Temp\ccVFDuzr.s 			page 6


 286 01eb A4010000 		.4byte	0x1a4
 287 01ef 04       		.byte	0x4
 288 01f0 02       		.uleb128 0x2
 289 01f1 0C020000 		.4byte	.LASF34
 290 01f5 06       		.byte	0x6
 291 01f6 C5       		.byte	0xc5
 292 01f7 19       		.byte	0x19
 293 01f8 A0000000 		.4byte	0xa0
 294 01fc 08       		.byte	0x8
 295 01fd 00       		.byte	0
 296 01fe 03       		.uleb128 0x3
 297 01ff CA020000 		.4byte	.LASF35
 298 0203 06       		.byte	0x6
 299 0204 C6       		.byte	0xc6
 300 0205 03       		.byte	0x3
 301 0206 CD010000 		.4byte	0x1cd
 302 020a 04       		.uleb128 0x4
 303 020b FE010000 		.4byte	0x1fe
 304 020f 14       		.uleb128 0x14
 305 0210 B1010000 		.4byte	.LASF41
 306 0214 05       		.byte	0x5
 307 0215 F301     		.2byte	0x1f3
 308 0217 08       		.byte	0x8
 309 0218 2C020000 		.4byte	0x22c
 310 021c 07       		.uleb128 0x7
 311 021d BC010000 		.4byte	0x1bc
 312 0221 07       		.uleb128 0x7
 313 0222 A4010000 		.4byte	0x1a4
 314 0226 07       		.uleb128 0x7
 315 0227 B0010000 		.4byte	0x1b0
 316 022b 00       		.byte	0
 317 022c 0F       		.uleb128 0xf
 318 022d 05010000 		.4byte	.LASF37
 319 0231 71       		.byte	0x71
 320 0232 56020000 		.4byte	0x256
 321 0236 08       		.uleb128 0x8
 322 0237 62757300 		.ascii	"bus\000"
 323 023b 71       		.byte	0x71
 324 023c 21       		.byte	0x21
 325 023d 56020000 		.4byte	0x256
 326 0241 10       		.uleb128 0x10
 327 0242 D9010000 		.4byte	.LASF36
 328 0246 71       		.byte	0x71
 329 0247 2F       		.byte	0x2f
 330 0248 B0010000 		.4byte	0x1b0
 331 024c 09       		.uleb128 0x9
 332 024d 27010000 		.4byte	.LASF40
 333 0251 6B020000 		.4byte	0x26b
 334 0255 00       		.byte	0
 335 0256 0E       		.uleb128 0xe
 336 0257 0A020000 		.4byte	0x20a
 337 025b 0A       		.uleb128 0xa
 338 025c B3000000 		.4byte	0xb3
 339 0260 6B020000 		.4byte	0x26b
 340 0264 0B       		.uleb128 0xb
 341 0265 25000000 		.4byte	0x25
 342 0269 0D       		.byte	0xd
ARM GAS  C:\Users\DEVELO~1\AppData\Local\Temp\ccVFDuzr.s 			page 7


 343 026a 00       		.byte	0
 344 026b 04       		.uleb128 0x4
 345 026c 5B020000 		.4byte	0x25b
 346 0270 0F       		.uleb128 0xf
 347 0271 EF000000 		.4byte	.LASF38
 348 0275 5A       		.byte	0x5a
 349 0276 A6020000 		.4byte	0x2a6
 350 027a 08       		.uleb128 0x8
 351 027b 62757300 		.ascii	"bus\000"
 352 027f 5A       		.byte	0x5a
 353 0280 1F       		.byte	0x1f
 354 0281 56020000 		.4byte	0x256
 355 0285 10       		.uleb128 0x10
 356 0286 07020000 		.4byte	.LASF39
 357 028a 5A       		.byte	0x5a
 358 028b 31       		.byte	0x31
 359 028c A4010000 		.4byte	0x1a4
 360 0290 09       		.uleb128 0x9
 361 0291 27010000 		.4byte	.LASF40
 362 0295 B6020000 		.4byte	0x2b6
 363 0299 15       		.uleb128 0x15
 364 029a 16       		.uleb128 0x16
 365 029b 7700     		.ascii	"w\000"
 366 029d 07       		.byte	0x7
 367 029e 5E       		.byte	0x5e
 368 029f 03       		.byte	0x3
 369 02a0 8F000000 		.4byte	0x8f
 370 02a4 00       		.byte	0
 371 02a5 00       		.byte	0
 372 02a6 0A       		.uleb128 0xa
 373 02a7 B3000000 		.4byte	0xb3
 374 02ab B6020000 		.4byte	0x2b6
 375 02af 0B       		.uleb128 0xb
 376 02b0 25000000 		.4byte	0x25
 377 02b4 0B       		.byte	0xb
 378 02b5 00       		.byte	0
 379 02b6 04       		.uleb128 0x4
 380 02b7 A6020000 		.4byte	0x2a6
 381 02bb 17       		.uleb128 0x17
 382 02bc F7010000 		.4byte	.LASF42
 383 02c0 07       		.byte	0x7
 384 02c1 41       		.byte	0x41
 385 02c2 0E       		.byte	0xe
 386 02c3 A4010000 		.4byte	0x1a4
 387 02c7 E0020000 		.4byte	0x2e0
 388 02cb 08       		.uleb128 0x8
 389 02cc 62757300 		.ascii	"bus\000"
 390 02d0 41       		.byte	0x41
 391 02d1 26       		.byte	0x26
 392 02d2 56020000 		.4byte	0x256
 393 02d6 09       		.uleb128 0x9
 394 02d7 27010000 		.4byte	.LASF40
 395 02db F0020000 		.4byte	0x2f0
 396 02df 00       		.byte	0
 397 02e0 0A       		.uleb128 0xa
 398 02e1 B3000000 		.4byte	0xb3
 399 02e5 F0020000 		.4byte	0x2f0
ARM GAS  C:\Users\DEVELO~1\AppData\Local\Temp\ccVFDuzr.s 			page 8


 400 02e9 0B       		.uleb128 0xb
 401 02ea 25000000 		.4byte	0x25
 402 02ee 0A       		.byte	0xa
 403 02ef 00       		.byte	0
 404 02f0 04       		.uleb128 0x4
 405 02f1 E0020000 		.4byte	0x2e0
 406 02f5 00       		.byte	0
 407              		.section	.gnu.debuglto_.debug_abbrev,"e",%progbits
 408              	.Ldebug_abbrev0:
 409 0000 01       		.uleb128 0x1
 410 0001 24       		.uleb128 0x24
 411 0002 00       		.byte	0
 412 0003 0B       		.uleb128 0xb
 413 0004 0B       		.uleb128 0xb
 414 0005 3E       		.uleb128 0x3e
 415 0006 0B       		.uleb128 0xb
 416 0007 03       		.uleb128 0x3
 417 0008 0E       		.uleb128 0xe
 418 0009 00       		.byte	0
 419 000a 00       		.byte	0
 420 000b 02       		.uleb128 0x2
 421 000c 0D       		.uleb128 0xd
 422 000d 00       		.byte	0
 423 000e 03       		.uleb128 0x3
 424 000f 0E       		.uleb128 0xe
 425 0010 3A       		.uleb128 0x3a
 426 0011 0B       		.uleb128 0xb
 427 0012 3B       		.uleb128 0x3b
 428 0013 0B       		.uleb128 0xb
 429 0014 39       		.uleb128 0x39
 430 0015 0B       		.uleb128 0xb
 431 0016 49       		.uleb128 0x49
 432 0017 13       		.uleb128 0x13
 433 0018 38       		.uleb128 0x38
 434 0019 0B       		.uleb128 0xb
 435 001a 00       		.byte	0
 436 001b 00       		.byte	0
 437 001c 03       		.uleb128 0x3
 438 001d 16       		.uleb128 0x16
 439 001e 00       		.byte	0
 440 001f 03       		.uleb128 0x3
 441 0020 0E       		.uleb128 0xe
 442 0021 3A       		.uleb128 0x3a
 443 0022 0B       		.uleb128 0xb
 444 0023 3B       		.uleb128 0x3b
 445 0024 0B       		.uleb128 0xb
 446 0025 39       		.uleb128 0x39
 447 0026 0B       		.uleb128 0xb
 448 0027 49       		.uleb128 0x49
 449 0028 13       		.uleb128 0x13
 450 0029 00       		.byte	0
 451 002a 00       		.byte	0
 452 002b 04       		.uleb128 0x4
 453 002c 26       		.uleb128 0x26
 454 002d 00       		.byte	0
 455 002e 49       		.uleb128 0x49
 456 002f 13       		.uleb128 0x13
ARM GAS  C:\Users\DEVELO~1\AppData\Local\Temp\ccVFDuzr.s 			page 9


 457 0030 00       		.byte	0
 458 0031 00       		.byte	0
 459 0032 05       		.uleb128 0x5
 460 0033 13       		.uleb128 0x13
 461 0034 01       		.byte	0x1
 462 0035 0B       		.uleb128 0xb
 463 0036 0B       		.uleb128 0xb
 464 0037 3A       		.uleb128 0x3a
 465 0038 0B       		.uleb128 0xb
 466 0039 3B       		.uleb128 0x3b
 467 003a 0B       		.uleb128 0xb
 468 003b 39       		.uleb128 0x39
 469 003c 0B       		.uleb128 0xb
 470 003d 01       		.uleb128 0x1
 471 003e 13       		.uleb128 0x13
 472 003f 00       		.byte	0
 473 0040 00       		.byte	0
 474 0041 06       		.uleb128 0x6
 475 0042 0D       		.uleb128 0xd
 476 0043 00       		.byte	0
 477 0044 03       		.uleb128 0x3
 478 0045 08       		.uleb128 0x8
 479 0046 3A       		.uleb128 0x3a
 480 0047 21       		.uleb128 0x21
 481 0048 04       		.sleb128 4
 482 0049 3B       		.uleb128 0x3b
 483 004a 0B       		.uleb128 0xb
 484 004b 39       		.uleb128 0x39
 485 004c 21       		.uleb128 0x21
 486 004d 19       		.sleb128 25
 487 004e 49       		.uleb128 0x49
 488 004f 13       		.uleb128 0x13
 489 0050 38       		.uleb128 0x38
 490 0051 0B       		.uleb128 0xb
 491 0052 00       		.byte	0
 492 0053 00       		.byte	0
 493 0054 07       		.uleb128 0x7
 494 0055 05       		.uleb128 0x5
 495 0056 00       		.byte	0
 496 0057 49       		.uleb128 0x49
 497 0058 13       		.uleb128 0x13
 498 0059 00       		.byte	0
 499 005a 00       		.byte	0
 500 005b 08       		.uleb128 0x8
 501 005c 05       		.uleb128 0x5
 502 005d 00       		.byte	0
 503 005e 03       		.uleb128 0x3
 504 005f 08       		.uleb128 0x8
 505 0060 3A       		.uleb128 0x3a
 506 0061 21       		.uleb128 0x21
 507 0062 07       		.sleb128 7
 508 0063 3B       		.uleb128 0x3b
 509 0064 0B       		.uleb128 0xb
 510 0065 39       		.uleb128 0x39
 511 0066 0B       		.uleb128 0xb
 512 0067 49       		.uleb128 0x49
 513 0068 13       		.uleb128 0x13
ARM GAS  C:\Users\DEVELO~1\AppData\Local\Temp\ccVFDuzr.s 			page 10


 514 0069 00       		.byte	0
 515 006a 00       		.byte	0
 516 006b 09       		.uleb128 0x9
 517 006c 34       		.uleb128 0x34
 518 006d 00       		.byte	0
 519 006e 03       		.uleb128 0x3
 520 006f 0E       		.uleb128 0xe
 521 0070 49       		.uleb128 0x49
 522 0071 13       		.uleb128 0x13
 523 0072 34       		.uleb128 0x34
 524 0073 19       		.uleb128 0x19
 525 0074 00       		.byte	0
 526 0075 00       		.byte	0
 527 0076 0A       		.uleb128 0xa
 528 0077 01       		.uleb128 0x1
 529 0078 01       		.byte	0x1
 530 0079 49       		.uleb128 0x49
 531 007a 13       		.uleb128 0x13
 532 007b 01       		.uleb128 0x1
 533 007c 13       		.uleb128 0x13
 534 007d 00       		.byte	0
 535 007e 00       		.byte	0
 536 007f 0B       		.uleb128 0xb
 537 0080 21       		.uleb128 0x21
 538 0081 00       		.byte	0
 539 0082 49       		.uleb128 0x49
 540 0083 13       		.uleb128 0x13
 541 0084 2F       		.uleb128 0x2f
 542 0085 0B       		.uleb128 0xb
 543 0086 00       		.byte	0
 544 0087 00       		.byte	0
 545 0088 0C       		.uleb128 0xc
 546 0089 35       		.uleb128 0x35
 547 008a 00       		.byte	0
 548 008b 49       		.uleb128 0x49
 549 008c 13       		.uleb128 0x13
 550 008d 00       		.byte	0
 551 008e 00       		.byte	0
 552 008f 0D       		.uleb128 0xd
 553 0090 0D       		.uleb128 0xd
 554 0091 00       		.byte	0
 555 0092 03       		.uleb128 0x3
 556 0093 08       		.uleb128 0x8
 557 0094 3A       		.uleb128 0x3a
 558 0095 21       		.uleb128 0x21
 559 0096 04       		.sleb128 4
 560 0097 3B       		.uleb128 0x3b
 561 0098 0B       		.uleb128 0xb
 562 0099 39       		.uleb128 0x39
 563 009a 0B       		.uleb128 0xb
 564 009b 49       		.uleb128 0x49
 565 009c 13       		.uleb128 0x13
 566 009d 00       		.byte	0
 567 009e 00       		.byte	0
 568 009f 0E       		.uleb128 0xe
 569 00a0 0F       		.uleb128 0xf
 570 00a1 00       		.byte	0
ARM GAS  C:\Users\DEVELO~1\AppData\Local\Temp\ccVFDuzr.s 			page 11


 571 00a2 0B       		.uleb128 0xb
 572 00a3 21       		.uleb128 0x21
 573 00a4 04       		.sleb128 4
 574 00a5 49       		.uleb128 0x49
 575 00a6 13       		.uleb128 0x13
 576 00a7 00       		.byte	0
 577 00a8 00       		.byte	0
 578 00a9 0F       		.uleb128 0xf
 579 00aa 2E       		.uleb128 0x2e
 580 00ab 01       		.byte	0x1
 581 00ac 3F       		.uleb128 0x3f
 582 00ad 19       		.uleb128 0x19
 583 00ae 03       		.uleb128 0x3
 584 00af 0E       		.uleb128 0xe
 585 00b0 3A       		.uleb128 0x3a
 586 00b1 21       		.uleb128 0x21
 587 00b2 07       		.sleb128 7
 588 00b3 3B       		.uleb128 0x3b
 589 00b4 0B       		.uleb128 0xb
 590 00b5 39       		.uleb128 0x39
 591 00b6 21       		.uleb128 0x21
 592 00b7 06       		.sleb128 6
 593 00b8 27       		.uleb128 0x27
 594 00b9 19       		.uleb128 0x19
 595 00ba 01       		.uleb128 0x1
 596 00bb 13       		.uleb128 0x13
 597 00bc 00       		.byte	0
 598 00bd 00       		.byte	0
 599 00be 10       		.uleb128 0x10
 600 00bf 05       		.uleb128 0x5
 601 00c0 00       		.byte	0
 602 00c1 03       		.uleb128 0x3
 603 00c2 0E       		.uleb128 0xe
 604 00c3 3A       		.uleb128 0x3a
 605 00c4 21       		.uleb128 0x21
 606 00c5 07       		.sleb128 7
 607 00c6 3B       		.uleb128 0x3b
 608 00c7 0B       		.uleb128 0xb
 609 00c8 39       		.uleb128 0x39
 610 00c9 0B       		.uleb128 0xb
 611 00ca 49       		.uleb128 0x49
 612 00cb 13       		.uleb128 0x13
 613 00cc 00       		.byte	0
 614 00cd 00       		.byte	0
 615 00ce 11       		.uleb128 0x11
 616 00cf 11       		.uleb128 0x11
 617 00d0 01       		.byte	0x1
 618 00d1 25       		.uleb128 0x25
 619 00d2 0E       		.uleb128 0xe
 620 00d3 13       		.uleb128 0x13
 621 00d4 0B       		.uleb128 0xb
 622 00d5 03       		.uleb128 0x3
 623 00d6 0E       		.uleb128 0xe
 624 00d7 1B       		.uleb128 0x1b
 625 00d8 0E       		.uleb128 0xe
 626 00d9 10       		.uleb128 0x10
 627 00da 17       		.uleb128 0x17
ARM GAS  C:\Users\DEVELO~1\AppData\Local\Temp\ccVFDuzr.s 			page 12


 628 00db 00       		.byte	0
 629 00dc 00       		.byte	0
 630 00dd 12       		.uleb128 0x12
 631 00de 24       		.uleb128 0x24
 632 00df 00       		.byte	0
 633 00e0 0B       		.uleb128 0xb
 634 00e1 0B       		.uleb128 0xb
 635 00e2 3E       		.uleb128 0x3e
 636 00e3 0B       		.uleb128 0xb
 637 00e4 03       		.uleb128 0x3
 638 00e5 08       		.uleb128 0x8
 639 00e6 00       		.byte	0
 640 00e7 00       		.byte	0
 641 00e8 13       		.uleb128 0x13
 642 00e9 17       		.uleb128 0x17
 643 00ea 01       		.byte	0x1
 644 00eb 0B       		.uleb128 0xb
 645 00ec 0B       		.uleb128 0xb
 646 00ed 3A       		.uleb128 0x3a
 647 00ee 0B       		.uleb128 0xb
 648 00ef 3B       		.uleb128 0x3b
 649 00f0 0B       		.uleb128 0xb
 650 00f1 39       		.uleb128 0x39
 651 00f2 0B       		.uleb128 0xb
 652 00f3 01       		.uleb128 0x1
 653 00f4 13       		.uleb128 0x13
 654 00f5 00       		.byte	0
 655 00f6 00       		.byte	0
 656 00f7 14       		.uleb128 0x14
 657 00f8 2E       		.uleb128 0x2e
 658 00f9 01       		.byte	0x1
 659 00fa 3F       		.uleb128 0x3f
 660 00fb 19       		.uleb128 0x19
 661 00fc 03       		.uleb128 0x3
 662 00fd 0E       		.uleb128 0xe
 663 00fe 3A       		.uleb128 0x3a
 664 00ff 0B       		.uleb128 0xb
 665 0100 3B       		.uleb128 0x3b
 666 0101 05       		.uleb128 0x5
 667 0102 39       		.uleb128 0x39
 668 0103 0B       		.uleb128 0xb
 669 0104 27       		.uleb128 0x27
 670 0105 19       		.uleb128 0x19
 671 0106 3C       		.uleb128 0x3c
 672 0107 19       		.uleb128 0x19
 673 0108 01       		.uleb128 0x1
 674 0109 13       		.uleb128 0x13
 675 010a 00       		.byte	0
 676 010b 00       		.byte	0
 677 010c 15       		.uleb128 0x15
 678 010d 0B       		.uleb128 0xb
 679 010e 01       		.byte	0x1
 680 010f 00       		.byte	0
 681 0110 00       		.byte	0
 682 0111 16       		.uleb128 0x16
 683 0112 34       		.uleb128 0x34
 684 0113 00       		.byte	0
ARM GAS  C:\Users\DEVELO~1\AppData\Local\Temp\ccVFDuzr.s 			page 13


 685 0114 03       		.uleb128 0x3
 686 0115 08       		.uleb128 0x8
 687 0116 3A       		.uleb128 0x3a
 688 0117 0B       		.uleb128 0xb
 689 0118 3B       		.uleb128 0x3b
 690 0119 0B       		.uleb128 0xb
 691 011a 39       		.uleb128 0x39
 692 011b 0B       		.uleb128 0xb
 693 011c 49       		.uleb128 0x49
 694 011d 13       		.uleb128 0x13
 695 011e 00       		.byte	0
 696 011f 00       		.byte	0
 697 0120 17       		.uleb128 0x17
 698 0121 2E       		.uleb128 0x2e
 699 0122 01       		.byte	0x1
 700 0123 3F       		.uleb128 0x3f
 701 0124 19       		.uleb128 0x19
 702 0125 03       		.uleb128 0x3
 703 0126 0E       		.uleb128 0xe
 704 0127 3A       		.uleb128 0x3a
 705 0128 0B       		.uleb128 0xb
 706 0129 3B       		.uleb128 0x3b
 707 012a 0B       		.uleb128 0xb
 708 012b 39       		.uleb128 0x39
 709 012c 0B       		.uleb128 0xb
 710 012d 27       		.uleb128 0x27
 711 012e 19       		.uleb128 0x19
 712 012f 49       		.uleb128 0x49
 713 0130 13       		.uleb128 0x13
 714 0131 01       		.uleb128 0x1
 715 0132 13       		.uleb128 0x13
 716 0133 00       		.byte	0
 717 0134 00       		.byte	0
 718 0135 00       		.byte	0
 719              		.section	.gnu.debuglto_.debug_line,"e",%progbits
 720              	.Ldebug_line0:
 721 0000 68000000 		.4byte	.LELT0-.LSLT0
 722              	.LSLT0:
 723 0004 0500     		.2byte	0x5
 724 0006 04       		.byte	0x4
 725 0007 00       		.byte	0
 726 0008 60000000 		.4byte	.LELTP0-.LASLTP0
 727              	.LASLTP0:
 728 000c 01       		.byte	0x1
 729 000d 01       		.byte	0x1
 730 000e 01       		.byte	0x1
 731 000f F6       		.byte	0xf6
 732 0010 F2       		.byte	0xf2
 733 0011 0D       		.byte	0xd
 734 0012 00       		.byte	0
 735 0013 01       		.byte	0x1
 736 0014 01       		.byte	0x1
 737 0015 01       		.byte	0x1
 738 0016 01       		.byte	0x1
 739 0017 00       		.byte	0
 740 0018 00       		.byte	0
 741 0019 00       		.byte	0
ARM GAS  C:\Users\DEVELO~1\AppData\Local\Temp\ccVFDuzr.s 			page 14


 742 001a 01       		.byte	0x1
 743 001b 00       		.byte	0
 744 001c 00       		.byte	0
 745 001d 01       		.byte	0x1
 746 001e 01       		.byte	0x1
 747 001f 01       		.uleb128 0x1
 748 0020 1F       		.uleb128 0x1f
 749 0021 07       		.uleb128 0x7
 750 0022 BD010000 		.4byte	.LASF46
 751 0026 84000000 		.4byte	.LASF47
 752 002a 00000000 		.4byte	.LASF48
 753 002e 13010000 		.4byte	.LASF49
 754 0032 66010000 		.4byte	.LASF50
 755 0036 31000000 		.4byte	.LASF51
 756 003a C4000000 		.4byte	.LASF52
 757 003e 02       		.byte	0x2
 758 003f 01       		.uleb128 0x1
 759 0040 1F       		.uleb128 0x1f
 760 0041 02       		.uleb128 0x2
 761 0042 0B       		.uleb128 0xb
 762 0043 08       		.uleb128 0x8
 763 0044 9C000000 		.4byte	.LASF53
 764 0048 00       		.byte	0
 765 0049 31010000 		.4byte	.LASF54
 766 004d 04       		.byte	0x4
 767 004e 27000000 		.4byte	.LASF55
 768 0052 05       		.byte	0x5
 769 0053 42010000 		.4byte	.LASF56
 770 0057 06       		.byte	0x6
 771 0058 4B010000 		.4byte	.LASF57
 772 005c 02       		.byte	0x2
 773 005d 58010000 		.4byte	.LASF58
 774 0061 02       		.byte	0x2
 775 0062 27010000 		.4byte	.LASF59
 776 0066 01       		.byte	0x1
 777 0067 BA000000 		.4byte	.LASF60
 778 006b 03       		.byte	0x3
 779              	.LELTP0:
 780              	.LELT0:
 781              		.section	.gnu.debuglto_.debug_str,"eMS",%progbits,1
 782              	.LASF1:
 783 0000 6C6F6E67 		.ascii	"long long int\000"
 783      206C6F6E 
 783      6720696E 
 783      7400
 784              	.LASF22:
 785 000e 4F535045 		.ascii	"OSPEEDR\000"
 785      45445200 
 786              	.LASF20:
 787 0016 4D4F4445 		.ascii	"MODER\000"
 787      5200
 788              	.LASF16:
 789 001c 666C6F61 		.ascii	"float\000"
 789      7400
 790              	.LASF43:
 791 0022 474E5520 		.ascii	"GNU C17 11.3.1 20220712 -mcpu=cortex-m7 -mthumb -mf"
 791      43313720 
ARM GAS  C:\Users\DEVELO~1\AppData\Local\Temp\ccVFDuzr.s 			page 15


 791      31312E33 
 791      2E312032 
 791      30323230 
 792 0055 6C6F6174 		.ascii	"loat-abi=soft -march=armv7e-m -ggdb -O2 -fomit-fram"
 792      2D616269 
 792      3D736F66 
 792      74202D6D 
 792      61726368 
 793 0088 652D706F 		.ascii	"e-pointer -falign-functions=16 -ffunction-sections "
 793      696E7465 
 793      72202D66 
 793      616C6967 
 793      6E2D6675 
 794 00bb 2D666461 		.ascii	"-fdata-sections -fno-common -flto\000"
 794      74612D73 
 794      65637469 
 794      6F6E7320 
 794      2D666E6F 
 795              	.LASF14:
 796 00dd 75696E74 		.ascii	"uint_fast8_t\000"
 796      5F666173 
 796      74385F74 
 796      00
 797              	.LASF24:
 798 00ea 42535252 		.ascii	"BSRR\000"
 798      00
 799              	.LASF38:
 800 00ef 70616C57 		.ascii	"palWriteBus\000"
 800      72697465 
 800      42757300 
 801              	.LASF5:
 802 00fb 73686F72 		.ascii	"short int\000"
 802      7420696E 
 802      7400
 803              	.LASF37:
 804 0105 70616C53 		.ascii	"palSetBusMode\000"
 804      65744275 
 804      734D6F64 
 804      6500
 805              	.LASF32:
 806 0113 706F7274 		.ascii	"portid\000"
 806      696400
 807              	.LASF29:
 808 011a 696F706F 		.ascii	"ioportmask_t\000"
 808      72746D61 
 808      736B5F74 
 808      00
 809              	.LASF40:
 810 0127 5F5F6675 		.ascii	"__func__\000"
 810      6E635F5F 
 810      00
 811              	.LASF21:
 812 0130 4F545950 		.ascii	"OTYPER\000"
 812      455200
 813              	.LASF30:
 814 0137 696F6D6F 		.ascii	"iomode_t\000"
 814      64655F74 
ARM GAS  C:\Users\DEVELO~1\AppData\Local\Temp\ccVFDuzr.s 			page 16


 814      00
 815              	.LASF11:
 816 0140 6C6F6E67 		.ascii	"long long unsigned int\000"
 816      206C6F6E 
 816      6720756E 
 816      7369676E 
 816      65642069 
 817              	.LASF4:
 818 0157 756E7369 		.ascii	"unsigned char\000"
 818      676E6564 
 818      20636861 
 818      7200
 819              	.LASF27:
 820 0165 41465248 		.ascii	"AFRH\000"
 820      00
 821              	.LASF10:
 822 016a 6C6F6E67 		.ascii	"long unsigned int\000"
 822      20756E73 
 822      69676E65 
 822      6420696E 
 822      7400
 823              	.LASF6:
 824 017c 73686F72 		.ascii	"short unsigned int\000"
 824      7420756E 
 824      7369676E 
 824      65642069 
 824      6E7400
 825              	.LASF26:
 826 018f 4146524C 		.ascii	"AFRL\000"
 826      00
 827              	.LASF8:
 828 0194 5F5F7569 		.ascii	"__uint16_t\000"
 828      6E743136 
 828      5F7400
 829              	.LASF17:
 830 019f 646F7562 		.ascii	"double\000"
 830      6C6500
 831              	.LASF9:
 832 01a6 5F5F7569 		.ascii	"__uint32_t\000"
 832      6E743332 
 832      5F7400
 833              	.LASF41:
 834 01b1 5F70616C 		.ascii	"_pal_lld_setgroupmode\000"
 834      5F6C6C64 
 834      5F736574 
 834      67726F75 
 834      706D6F64 
 835              	.LASF0:
 836 01c7 756E7369 		.ascii	"unsigned int\000"
 836      676E6564 
 836      20696E74 
 836      00
 837              	.LASF15:
 838 01d4 63686172 		.ascii	"char\000"
 838      00
 839              	.LASF36:
 840 01d9 6D6F6465 		.ascii	"mode\000"
ARM GAS  C:\Users\DEVELO~1\AppData\Local\Temp\ccVFDuzr.s 			page 17


 840      00
 841              	.LASF25:
 842 01de 4C4F434B 		.ascii	"LOCKR\000"
 842      5200
 843              	.LASF28:
 844 01e4 73746D33 		.ascii	"stm32_gpio_t\000"
 844      325F6770 
 844      696F5F74 
 844      00
 845              	.LASF23:
 846 01f1 50555044 		.ascii	"PUPDR\000"
 846      5200
 847              	.LASF42:
 848 01f7 70616C52 		.ascii	"palReadBus\000"
 848      65616442 
 848      757300
 849              	.LASF33:
 850 0202 6D61736B 		.ascii	"mask\000"
 850      00
 851              	.LASF39:
 852 0207 62697473 		.ascii	"bits\000"
 852      00
 853              	.LASF34:
 854 020c 6F666673 		.ascii	"offset\000"
 854      657400
 855              	.LASF44:
 856 0213 2E2E2F2E 		.ascii	"../../../os/hal/src/hal_pal.c\000"
 856      2E2F2E2E 
 856      2F6F732F 
 856      68616C2F 
 856      7372632F 
 857              	.LASF31:
 858 0231 696F706F 		.ascii	"ioportid_t\000"
 858      72746964 
 858      5F7400
 859              	.LASF12:
 860 023c 75696E74 		.ascii	"uint16_t\000"
 860      31365F74 
 860      00
 861              	.LASF19:
 862 0245 636C6561 		.ascii	"clear\000"
 862      7200
 863              	.LASF45:
 864 024b 433A5C43 		.ascii	"C:\\ChibiStudio\\chibios2111\\demos\\STM32\\RT-STM3"
 864      68696269 
 864      53747564 
 864      696F5C63 
 864      68696269 
 865 0279 32483734 		.ascii	"2H743ZI_REV_XY-NUCLEO144 - Copie\000"
 865      335A495F 
 865      5245565F 
 865      58592D4E 
 865      55434C45 
 866              	.LASF13:
 867 029a 75696E74 		.ascii	"uint32_t\000"
 867      33325F74 
 867      00
ARM GAS  C:\Users\DEVELO~1\AppData\Local\Temp\ccVFDuzr.s 			page 18


 868              	.LASF7:
 869 02a3 6C6F6E67 		.ascii	"long int\000"
 869      20696E74 
 869      00
 870              	.LASF2:
 871 02ac 6C6F6E67 		.ascii	"long double\000"
 871      20646F75 
 871      626C6500 
 872              	.LASF3:
 873 02b8 7369676E 		.ascii	"signed char\000"
 873      65642063 
 873      68617200 
 874              	.LASF18:
 875 02c4 5F426F6F 		.ascii	"_Bool\000"
 875      6C00
 876              	.LASF35:
 877 02ca 494F4275 		.ascii	"IOBus\000"
 877      7300
 878              		.section	.gnu.debuglto_.debug_line_str,"eMS",%progbits,1
 879              	.LASF48:
 880 0000 2E2E2F2E 		.ascii	"../../../os/hal/ports/STM32/LLD/GPIOv2\000"
 880      2E2F2E2E 
 880      2F6F732F 
 880      68616C2F 
 880      706F7274 
 881              	.LASF55:
 882 0027 5F737464 		.ascii	"_stdint.h\000"
 882      696E742E 
 882      6800
 883              	.LASF51:
 884 0031 633A5C63 		.ascii	"c:\\chibistudio\\tools\\gnu tools arm embedded\\11."
 884      68696269 
 884      73747564 
 884      696F5C74 
 884      6F6F6C73 
 885 0060 33203230 		.ascii	"3 2022.08\\arm-none-eabi\\include\\sys\000"
 885      32322E30 
 885      385C6172 
 885      6D2D6E6F 
 885      6E652D65 
 886              	.LASF47:
 887 0084 2E2E2F2E 		.ascii	"../../../os/hal/include\000"
 887      2E2F2E2E 
 887      2F6F732F 
 887      68616C2F 
 887      696E636C 
 888              	.LASF53:
 889 009c 2E2E2F2E 		.ascii	"../../../os/hal/src/hal_pal.c\000"
 889      2E2F2E2E 
 889      2F6F732F 
 889      68616C2F 
 889      7372632F 
 890              	.LASF60:
 891 00ba 68616C5F 		.ascii	"hal_pal.c\000"
 891      70616C2E 
 891      6300
 892              	.LASF52:
ARM GAS  C:\Users\DEVELO~1\AppData\Local\Temp\ccVFDuzr.s 			page 19


 893 00c4 633A5C63 		.ascii	"c:\\chibistudio\\tools\\gnu tools arm embedded\\11."
 893      68696269 
 893      73747564 
 893      696F5C74 
 893      6F6F6C73 
 894 00f3 33203230 		.ascii	"3 2022.08\\arm-none-eabi\\include\000"
 894      32322E30 
 894      385C6172 
 894      6D2D6E6F 
 894      6E652D65 
 895              	.LASF49:
 896 0113 2E2E2F2E 		.ascii	"../../../os/hal/src\000"
 896      2E2F2E2E 
 896      2F6F732F 
 896      68616C2F 
 896      73726300 
 897              	.LASF59:
 898 0127 68616C5F 		.ascii	"hal_pal.h\000"
 898      70616C2E 
 898      6800
 899              	.LASF54:
 900 0131 5F646566 		.ascii	"_default_types.h\000"
 900      61756C74 
 900      5F747970 
 900      65732E68 
 900      00
 901              	.LASF56:
 902 0142 73746469 		.ascii	"stdint.h\000"
 902      6E742E68 
 902      00
 903              	.LASF57:
 904 014b 73746D33 		.ascii	"stm32_gpio.h\000"
 904      325F6770 
 904      696F2E68 
 904      00
 905              	.LASF58:
 906 0158 68616C5F 		.ascii	"hal_pal_lld.h\000"
 906      70616C5F 
 906      6C6C642E 
 906      6800
 907              	.LASF50:
 908 0166 633A5C63 		.ascii	"c:\\chibistudio\\tools\\gnu tools arm embedded\\11."
 908      68696269 
 908      73747564 
 908      696F5C74 
 908      6F6F6C73 
 909 0195 33203230 		.ascii	"3 2022.08\\arm-none-eabi\\include\\machine\000"
 909      32322E30 
 909      385C6172 
 909      6D2D6E6F 
 909      6E652D65 
 910              	.LASF46:
 911 01bd 433A5C43 		.ascii	"C:\\ChibiStudio\\chibios2111\\demos\\STM32\\RT-STM3"
 911      68696269 
 911      53747564 
 911      696F5C63 
 911      68696269 
ARM GAS  C:\Users\DEVELO~1\AppData\Local\Temp\ccVFDuzr.s 			page 20


 912 01eb 32483734 		.ascii	"2H743ZI_REV_XY-NUCLEO144 - Copie\000"
 912      335A495F 
 912      5245565F 
 912      58592D4E 
 912      55434C45 
 913              		.text
 914              		.section	.gnu.lto_.profile.2ccd7522,"e",%progbits
 915 0000 789C6362 		.ascii	"x\234cb\000\001\000\000\022\000\003"
 915      00010000 
 915      120003
 916              		.text
 917              		.section	.gnu.lto_.icf.2ccd7522,"e",%progbits
 918 0000 789C7366 		.ascii	"x\234sf@\000f\206Ks\367\3670q010121113\261\200iF\306"
 918      40006686 
 918      4B73F7F7 
 918      30713031 
 918      30313231 
 919 001c 936FEF6D 		.ascii	"\223o\357m\344\344\0001\301B iV\240\364\327\231\307"
 919      E4E40031 
 919      C1422069 
 919      56A0F4D7 
 919      99C7
 920 002e 77B3B241 		.ascii	"w\263\262AU\203\245\030\000\215\264\011\323"
 920      5583A518 
 920      008DB409 
 920      D3
 921              		.text
 922              		.section	.gnu.lto_.ipa_sra.2ccd7522,"e",%progbits
 923 0000 789C758B 		.ascii	"x\234u\2131\022\000 \014\302\012T\355c\375\377\254\270"
 923      31120020 
 923      0CC20A54 
 923      ED63FDFF 
 923      ACB8
 924 0012 3895251C 		.ascii	"8\225%\0349v\374( NF$\270\310\274(f%\356\"\260u\376"
 924      3976FC28 
 924      204E4624 
 924      B8C8BC28 
 924      6625EE22 
 925 0029 82AD1FD6 		.ascii	"\202\255\037\326\020\214W\315\003nE\001b"
 925      108C57CD 
 925      036E4501 
 925      62
 926              		.text
 927              		.section	.gnu.lto_.inline.2ccd7522,"e",%progbits
 928 0000 789CAD91 		.ascii	"x\234\255\221\301\015\3020\014E\277\355\250\244*\240"
 928      C10DC230 
 928      0C45BFED 
 928      A8A42AA0 
 929 0010 1E3970C8 		.ascii	"\0369p\310(L\300\020\264*[ \330\200\021\030\201\033"
 929      284CC010 
 929      B42A5B20 
 929      D8801118 
 929      811B
 930 0022 EBD54E95 		.ascii	"\353\325N\225\232\034\270aE\212\375c\313\317\316\207"
 930      9A1CB861 
 930      458AFD63 
 930      CBCFCE87 
ARM GAS  C:\Users\DEVELO~1\AppData\Local\Temp\ccVFDuzr.s 			page 21


 931 0032 B09A00ED 		.ascii	"\260\232\000\355]\215'\022\0207&\350\035!'\2737\220"
 931      5D8D2712 
 931      103726E8 
 931      1D2127BB 
 931      3790
 932 0044 84D85886 		.ascii	"\204\330X\206\214@vxd0(\273\027FX}\004W\243\253\321"
 932      8C407678 
 932      643028BB 
 932      1746587D 
 932      0457A3AB 
 933 0059 D5DED5DE 		.ascii	"\325\336\325\336\272\023\366\032\275d\242@\304m\226"
 933      BA13F61A 
 933      BD64A240 
 933      C46D96
 934 0068 969E5F0C 		.ascii	"\226\236_\014\231\251\343\\7T\014E\373\3257,\251\330"
 934      99A9E35C 
 934      37540C45 
 934      FBD5372C 
 934      A9D8
 935 007a 560492A7 		.ascii	"V\004\222\247\031\224\240\314u\364\367\344\365\311p"
 935      1994A0CC 
 935      75F4F7E4 
 935      F5C970
 936 0089 189D466F 		.ascii	"\030\235Fo\276V\353\251\020\025\373\2419\267?\257\247"
 936      BE56EBA9 
 936      1015FBA1 
 936      39B73FAF 
 936      A7
 937 009a 0C77308C 		.ascii	"\014w0\214\260\263\277z\236\261\034\314<\205Q\222"
 937      B0B3BF7A 
 937      9EB11CCC 
 937      3C855192 
 938              		.text
 939              		.section	.gnu.lto_.jmpfuncs.2ccd7522,"e",%progbits
 940 0000 789C0B66 		.ascii	"x\234\013f@\000f\006FF\306z&FF b\006\322\365L\234LP"
 940      40006606 
 940      4646C67A 
 940      26464620 
 940      6206D2F5 
 941 0018 26231317 		.ascii	"&#\023\027\033\003\003\343\001\026F\006 \376\017\004"
 941      1B0303E3 
 941      01164606 
 941      20FE0F04 
 942 0028 FC0CE87C 		.ascii	"\374\014\350|\226zF\014%\000g\352\023\324"
 942      967A460C 
 942      250067EA 
 942      13D4
 943              		.text
 944              		.section	.gnu.lto_.pureconst.2ccd7522,"e",%progbits
 945 0000 789CE362 		.ascii	"x\234\343b```f\230\305\3028\213\205i&\013\000\011\370"
 945      60606066 
 945      98C5C238 
 945      8B856926 
 945      0B0009F8 
 946 0014 01EA     		.ascii	"\001\352"
 947              		.text
 948              		.section	.gnu.lto_.ipa_modref.2ccd7522,"e",%progbits
ARM GAS  C:\Users\DEVELO~1\AppData\Local\Temp\ccVFDuzr.s 			page 22


 949 0000 789C5BC7 		.ascii	"x\234[\307\200\000\314\014\214b\012\002\002\014LL\334"
 949      8000CC0C 
 949      8C620A02 
 949      020C4C4C 
 949      DC
 950 0011 0CCC4C6C 		.ascii	"\014\314Ll\014\214@\310\240\240\300\304\001f\035\000"
 950      0C8C40C8 
 950      A0A0C0C4 
 950      01661D00 
 951 0021 31D9C14C 		.ascii	"1\331\301L\005 \213\207\201\221\211\027\310\004\252"
 951      05208B87 
 951      81918917 
 951      C804AA
 952 0030 67003205 		.ascii	"g\0002\005\300,F\260N\204\"$\235p\343 \352@\332\371"
 952      C02C46B0 
 952      4E842224 
 952      9D70E320 
 952      EA40DAF9 
 953 0044 807C2626 		.ascii	"\200|&&qy\204N\204\235\330\314\000\333\325\323\261\242"
 953      7179844E 
 953      849DD8CC 
 953      00DBD5D3 
 953      B1A2
 954 0056 E1C0A20E 		.ascii	"\341\300\242\016\016\006\000-\006\014{"
 954      0E06002D 
 954      060C7B
 955              		.text
 956              		.section	.gnu.lto_.lto.2ccd7522,"e",%progbits
 957 0000 0B000300 		.ascii	"\013\000\003\000\001\000\000\000"
 957      01000000 
 958              		.text
 959              		.section	.gnu.lto_palReadBus.431.2ccd7522,"e",%progbits
 960 0000 789C6590 		.ascii	"x\234e\220MH\033A\024\307\377ofw\263\241\364$^%T\350"
 960      4D481B41 
 960      14C7FF6F 
 960      6677B3A1 
 960      F4245E25 
 961 0016 2D09ABA1 		.ascii	"-\011\253\241\025OB\010D\250\006\342\007Z\026B\022\323"
 961      154F4208 
 961      44A806E2 
 961      075A1642 
 961      12D3
 962 0028 BAA8ACE9 		.ascii	"\272\250\254\351\232\036\024\311\030\255\026\017\365"
 962      9A1E14C9 
 962      18AD160F 
 962      F5
 963 0035 E3A27850 		.ascii	"\343\242xP<\026\012\"\024*\226\206X\321K\241\224\336"
 963      3C160A22 
 963      142A9686 
 963      58D14BA1 
 963      94DE
 964 0047 7B117AF1 		.ascii	"{\021z\361\342\261\005\245\366m\"z\020\346}\315\373"
 964      E2B105A5 
 964      F66D227A 
 964      10E67DCD 
 964      FB
 965 0058 F1E6FF66 		.ascii	"\361\346\377f\212\200\267\000\036\263\221\004\255\257"
ARM GAS  C:\Users\DEVELO~1\AppData\Local\Temp\ccVFDuzr.s 			page 23


 965      8A80B700 
 965      1EB39104 
 965      ADAF
 966 0066 2D0B28A5 		.ascii	"-\013(\245\272\002\202\346\326\226/6?j\364\231\352\027"
 966      BA0282E6 
 966      D6962F36 
 966      3F6AF499 
 966      EA17
 967 0078 84B2A032 		.ascii	"\204\262\2402\355J\235\214&\322\3307S(ZS\352\357\311"
 967      ED4A9D8C 
 967      26D2D837 
 967      53285A53 
 967      EAEFC9
 968 008b F9EA7EC7 		.ascii	"\371\352~\307\321\374\233d\031\263\007\364\211G\002"
 968      D1FC9B64 
 968      19B307F4 
 968      894702
 969 009a 3A994584 		.ascii	":\231E\204\271\373\343\373\201RA\314\034\322MO\210\322"
 969      B9FBE3FB 
 969      815241CC 
 969      1CD24D4F 
 969      88D2
 970 00ac 371D7800 		.ascii	"7\035x\000\314\372\217\262\355\375\324k\352\352zE\251"
 970      CCFA8FB2 
 970      EDFDD46B 
 970      EAEA7A45 
 970      A9
 971 00bd 5FBFE95D 		.ascii	"_\277\351]kP\020\035\262\030\001\015B\352\020\232\001"
 971      6B50101D 
 971      B218010D 
 971      42EA109A 
 971      01
 972 00ce A107389A 		.ascii	"\241\0078\232l\300\266\364\025*\215T\015\330\221\242"
 972      6CC0B6F4 
 972      152A8D54 
 972      0DD891A2 
 973 00de 51CC71F1 		.ascii	"Q\314q\361G\250\263\215S\362\343\243[w\266e\340RT\252"
 973      47A8B38D 
 973      53F2E3A3 
 973      5B77B665 
 973      E05254AA 
 974 00f2 EF1F4A5F 		.ascii	"\357\037J_\364\014\261\266\017\376J\2467\375\205\360"
 974      F40CB1B6 
 974      0FFE4AA6 
 974      37FD85F0 
 975 0102 6481B362 		.ascii	"d\201\263b\225\\\026r)\276V\203Rgj\342\216\032{]cj\227"
 975      955C1672 
 975      29BE5683 
 975      52676AE2 
 975      8E1A7B5D 
 976 0119 33E7885E 		.ascii	"3\347\210^\326\251\012S\306\375)\205c\312\327\373\363"
 976      D6A90A53 
 976      C6FD2985 
 976      63CAD7FB 
 976      F3
 977 012a FF164906 		.ascii	"\377\026I\006\244.\215\033\330\274\017gO(\323\2007\227"
 977      A42E8D1B 
ARM GAS  C:\Users\DEVELO~1\AppData\Local\Temp\ccVFDuzr.s 			page 24


 977      D8BC0F67 
 977      4F28D380 
 977      3797
 978 013c 484AC64D 		.ascii	"HJ\306M\\\213JHJ\377\373\266%\335\355\010\244\342\235"
 978      5C8B4A48 
 978      4AFFFBB6 
 978      25DDED08 
 978      A4E29D
 979 014f 767CD4C9 		.ascii	"v|\324\3119}S\245\021\307\265\363~\356zm\226e\331#\205"
 979      397D53A5 
 979      11C7B5F3 
 979      7EEE7A6D 
 979      9665D923 
 980 0164 09D7B3FB 		.ascii	"\011\327\263\373\372{\332\333\354t\177\270\236$\237"
 980      FA7BDADB 
 980      EC747FB8 
 980      9E249F
 981 0173 C6DA9F77 		.ascii	"\306\332\237wg\322\211\301\314\320p\270w \376,\221\262"
 981      67D289C1 
 981      CCD070B8 
 981      7720FE2C 
 981      91B2
 982 0185 62B15038 		.ascii	"b\261P8\024w'\235\002Z\"\221h\343\270^t4;\036\365^\345"
 982      1477279D 
 982      025A2291 
 982      68E3B85E 
 982      74343B1E 
 983 019c FD9899CC 		.ascii	"\375\230\231\314\216G\362\220\271\222\327t[F\254\216"
 983      8E47F290 
 983      B992D774 
 983      5B46AC8E 
 984 01ac 17859895 		.ascii	"\027\205\230\225\313\341?'\323\232\311"
 984      CBE13F27 
 984      D39AC9
 985              		.text
 986              		.section	.gnu.lto_palWriteBus.432.2ccd7522,"e",%progbits
 987 0000 789C6552 		.ascii	"x\234eRMh\023A\024~ofw\263\2334U(\202 H\320\243$a\333"
 987      4D681341 
 987      147E6F66 
 987      77B39B34 
 987      55288220 
 988 001a 50C59310 		.ascii	"P\305\223\020R\024\324B[\305j$d\323h\227\266l\352v\025"
 988      5214D442 
 988      5BC56A24 
 988      64D36897 
 988      B66CEA76 
 989 002f 919269FC 		.ascii	"\221\222i\374\303\036,\025\017\265\207h=y\020<ZKMB\245"
 989      C31E2C15 
 989      0FB58768 
 989      3D79103C 
 989      5A4B4D42 
 990 0044 52D483F4 		.ascii	"R\324\203\364\342\301\213\324\223\275\264\267\252\015"
 990      E2C18BD4 
 990      93BDB4B7 
 990      AA0D
 991 0052 C4B7BB36 		.ascii	"\304\267\2736=t\3317\363}\363\276\3673\217I1\200)\000"
 991      3D74D937 
ARM GAS  C:\Users\DEVELO~1\AppData\Local\Temp\ccVFDuzr.s 			page 25


 991      F37DF3BE 
 991      F7338F49 
 991      31802900 
 992 0066 384A861C 		.ascii	"8J\206\034\360\311\364$\003!\304\251\000\303\211\351"
 992      F0C9F424 
 992      0321C4A9 
 992      00C389E9 
 993 0076 490DDFA3 		.ascii	"I\015\337\243\307\020\212\014\2138\307\343D\177/\257"
 993      C7108A0C 
 993      8B38C7E3 
 993      447F2FAF 
 994 0086 BF787B50 		.ascii	"\277x{P\274\252\341:@\021\274OF\245\015%Z\017`DFu\024"
 994      BCAAE13A 
 994      4011BC4F 
 994      46A50D25 
 994      5A0F6044 
 995 009d A23521BE 		.ascii	"\2425!\276V\347\205\320`|\001\213\357p\036\001\030:"
 995      56E785D0 
 995      607C018B 
 995      EF701E01 
 995      183A
 996 00af 7F49A43E 		.ascii	"\177I\244>B\337\377\313\363\337Yl\372\231s_\006\010"
 996      42DFFFCB 
 996      F3DF596C 
 996      FA99735F 
 996      0608
 997 00c1 79699184 		.ascii	"yi\221\204\217\2212\037#\351f\345gaEH\267\253;R\000"
 997      8F91321F 
 997      23E966E5 
 997      67614548 
 997      B7AB3B52 
 998 00d6 67560E41 		.ascii	"gV\016A\015\241\202\340<\223\351\010\261\212oV\345\232"
 998      0DA182E0 
 998      3C93E908 
 998      B18A6F56 
 998      E59A
 999 00e8 A837A684 		.ascii	"\2507\246\204\370vh\243\276\241\356c\210\213(!.\240"
 999      F87668A3 
 999      BEA1EE63 
 999      888B2821 
 999      2EA0
 1000 00fa 0CE45780 		.ascii	"\014\344W\200I\0012\225L\003&\007\311B\204[\310\302"
 1000      49013295 
 1000      4C032607 
 1000      C942845B 
 1000      C8C2
 1001 010c 64ADC014 		.ascii	"d\255\300\024\2002w\207 $\0245\200\347\234\371d\202"
 1001      80327787 
 1001      20241435 
 1001      80E79CF9 
 1001      6482
 1002 011e C816136B 		.ascii	"\310\026\023k\177>\242\273\037i.k\365.\244F\266Yi\366"
 1002      7F3EA2BB 
 1002      1F692E6B 
 1002      F52EA446 
 1002      B65969F6 
 1003 0132 21728533 		.ascii	"!r\2053\027V4\036\240y\214\2737x\355NQ\035\275\271\204"
ARM GAS  C:\Users\DEVELO~1\AppData\Local\Temp\ccVFDuzr.s 			page 26


 1003      1756341E 
 1003      A0798CBB 
 1003      3778ED4E 
 1003      511DBDB9 
 1004 0147 D0798F90 		.ascii	"\320y\217\220\365\001G\350\006\333\354\356\014\005\250"
 1004      F50147E8 
 1004      06DBECEE 
 1004      0C05A8
 1005 0156 1412F81F 		.ascii	"\024\022\370\037\242\355\025\017-\243\351\213\313\017"
 1005      A2ED150F 
 1005      2DA3E98B 
 1005      CB0F
 1006 0164 9007B9A6 		.ascii	"\220\007\271\246|\007\334\357\362:\361\020\205\007w"
 1006      7C07DCEF 
 1006      F23AF110 
 1006      850777
 1007 0173 32B570E6 		.ascii	"2\265p\346e\362<a\242\232K\236\222G&a\230z-Eh\010\\"
 1007      65F23C61 
 1007      A29A4B9E 
 1007      92472661 
 1007      987A2D45 
 1008 018a F65BF74B 		.ascii	"\366[\367K\266\356-y}\005\363^\311\245\031jH\311\355"
 1008      B6EE2D79 
 1008      7D05F35E 
 1008      C9A5196A 
 1008      48C9ED
 1009 019d DE216B7C 		.ascii	"\336!k|rI\347\034\341\314g\274\012\340\301+_\260\037"
 1009      7249E71C 
 1009      E1CC67BC 
 1009      0AE0C12B 
 1009      5FB01F
 1010 01b0 C0CFFB72 		.ascii	"\300\317\373rK\246g\003\015V\372\321\350\362\036G\231"
 1010      4BA66703 
 1010      0D56FAD1 
 1010      E8F21E47 
 1010      99
 1011 01c1 E3EE3801 		.ascii	"\343\3568\001\272\223'\323\311A\3230{\307\234\001\323"
 1011      BA9327D3 
 1011      C941D330 
 1011      7BC79C01 
 1011      D3
 1012 01d2 4AE75C6C 		.ascii	"J\347\\l\331\355\272\256\247\007\362#\226\235\356\355"
 1012      D9EDBAAE 
 1012      A707F223 
 1012      969DEEED 
 1013 01e2 3BD7D19E 		.ascii	";\327\321\236\356\351\213z\340\364\361D\307\3453\231"
 1013      EEE98B7A 
 1013      E0F4F144 
 1013      C7E53399 
 1014 01f2 9ED4C5CC 		.ascii	"\236\324\305\314\245\376\350\371\013\311\263\251n=\221"
 1014      A5FEE8F9 
 1014      0BC9B3A9 
 1014      6E3D91
 1015 0201 88442349 		.ascii	"\210D#I\253`\346\341p,\026\367\177\313\216\017f\207"
 1015      AB60E6E1 
 1015      702C16F7 
 1015      7FCB8E0F 
ARM GAS  C:\Users\DEVELO~1\AppData\Local\Temp\ccVFDuzr.s 			page 27


 1015      6687
 1016 0213 E3F68D9C 		.ascii	"\343\366\215\234\273g\012\331\341X\016\270\341\330m"
 1016      BB670AD9 
 1016      E1580EB8 
 1016      E1D86D
 1017 0222 4D1AD34F 		.ascii	"M\032\323O\\\313't\303\000\3110\307l\274\365\017\257"
 1017      5CCB2774 
 1017      C300C930 
 1017      C76CBCF5 
 1017      0FAF
 1018 0234 81D279   		.ascii	"\201\322y"
 1019              		.text
 1020              		.section	.gnu.lto_palSetBusMode.433.2ccd7522,"e",%progbits
 1021 0000 789C6590 		.ascii	"x\234e\220\301K\024Q\034\307\277\337\367fvf\361\320"
 1021      C14B1451 
 1021      1CC7BFDF 
 1021      F7667666 
 1021      F1D0
 1022 0012 41824EB1 		.ascii	"A\202N\261\344yw\031]*:\005\213XP\011j\2222\260\270"
 1022      E4797719 
 1022      5D2A3A05 
 1022      8B585009 
 1022      6A9232B0 
 1023 0027 BB530EB9 		.ascii	"\273S\016\271\214:\356\245\220}Z\010.H\351\037\240t"
 1023      8C3AEEA5 
 1023      907D5A08 
 1023      2E48E91F 
 1023      A074
 1024 0039 EB10780B 		.ascii	"\353\020x\013\025\255)\212\350\026]\202 \012\017\035"
 1024      15AD298A 
 1024      E8165D82 
 1024      200A0F1D 
 1025 0049 84BA16A4 		.ascii	"\204\272\026\244\350\233\031\330\016>\336\373\375~\337"
 1025      E89B19D8 
 1025      0E3EDEFB 
 1025      FD7EDF
 1026 0058 DFE7C77B 		.ascii	"\337\347\307{\277\337\233%\260\002\240G\037Jpm\265-"
 1026      BFDF9B25 
 1026      B002A047 
 1026      1F4A706D 
 1026      B52D
 1027 006a A094BA6A 		.ascii	"\240\224\272j\011.\254\266\263\334c\242\210\226`\213"
 1027      092EACB6 
 1027      B3DC63A2 
 1027      8896608B 
 1028 007a CF6451CB 		.ascii	"\317dQ\313\277\357\017\236\356\235S\317#\036\000-$\313"
 1028      BFEF0F9E 
 1028      EE9D53CF 
 1028      231E002D 
 1028      24CB
 1029 008c 64A69B86 		.ascii	"d\246\233\206\266g\2313i\317 \037)\365\351\343\226R"
 1029      B6679933 
 1029      69CF201F 
 1029      29F5E9E3 
 1029      9652
 1030 009e 59CCEFB0 		.ascii	"Y\314\357\260\265\315-\375\224`\363\245.\262\227\231"
 1030      B5CD2DFD 
ARM GAS  C:\Users\DEVELO~1\AppData\Local\Temp\ccVFDuzr.s 			page 28


 1030      9460F3A5 
 1030      2EB29799 
 1031 00ae F2EF097F 		.ascii	"\362\357\011\177\270\333\341\242\371\306\000\272\322"
 1031      B8DBE1A2 
 1031      F9C600BA 
 1031      D2
 1032 00bb 6B75029B 		.ascii	"ku\002\233\237\315H\035\036?Q\352\327O\376\356\311\012"
 1032      9FCD481D 
 1032      1E3F51EA 
 1032      D74FFEEE 
 1032      C90A
 1033 00cd 728792DC 		.ascii	"r\207\222\334\245\011!3\020\206\005a\332\332\003\353"
 1033      A5092133 
 1033      10860561 
 1033      DADA03EB 
 1034 00dd 326E5D19 		.ascii	"2n]\031T\021\260!E*\026\264\370#\324\376\227\017\214"
 1034      5411B021 
 1034      452A16B4 
 1034      F823D4FE 
 1034      970F8C
 1035 00f0 FD858ED9 		.ascii	"\375\205\216\331\377j\341\237X|\225\225\246\356{\236"
 1035      FF6AE19F 
 1035      587C9595 
 1035      A6EE7B9E 
 1036 0100 7A8617F1 		.ascii	"z\206\027\361\264v\370\3405q\361\261\216f\"\006\272"
 1036      B476F8E0 
 1036      3571F1B1 
 1036      8E662206 
 1036      BA
 1037 0111 89B42A73 		.ascii	"\211\264*s\2327\336\362~\207[\247\271\377\216\367\022"
 1037      9A37DEF2 
 1037      7E875BA7 
 1037      B9FF8EF7 
 1037      12
 1038 0122 FEE87089 		.ascii	"\376\350p\211\322\226\031i\341H,\345\320\246\360j\200"
 1038      D2961969 
 1038      E1482CE5 
 1038      D0A6F06A 
 1038      80
 1039 0133 3475528A 		.ascii	"4uR\21238\026\213?\276\015$?\271.\371\177\012`\260|"
 1039      3338168B 
 1039      3FBE0D24 
 1039      3FB92EF9 
 1039      7F0A60B0 
 1040 0148 C52D4FFA 		.ascii	"\305-O\372U\177x\256Y\367\003\267\026\307A\330\3538"
 1040      557F78AE 
 1040      59F703B7 
 1040      16C741D8 
 1040      EB38
 1041 015a 8E5BF71A 		.ascii	"\216[\367\032A\350\016\217\334\354\353u\207F\362Ip\355"
 1041      41E80E8F 
 1041      DCECEB75 
 1041      8746F249 
 1041      70ED
 1042 016c 52A96FFC 		.ascii	"R\251o\374ze\250\177\264rg,\177\353v\371F\377\240S*"
 1042      7A65A87F 
 1042      B472672C 
ARM GAS  C:\Users\DEVELO~1\AppData\Local\Temp\ccVFDuzr.s 			page 29


 1042      7FEB76F9 
 1042      46FFA053 
 1043 0181 E5F2B972 		.ascii	"\345\362\271r0\355{8_(\024\323\035\204\305\311\211\251"
 1043      30ED7B38 
 1043      5F2814D3 
 1043      1D84C5C9 
 1043      89A9
 1044 0193 62385B8B 		.ascii	"b8[\213}ezb\252P\203\2546\303\356\216,8\227\357z%\247"
 1044      7D657A62 
 1044      AA5083AC 
 1044      36C3EE8E 
 1044      2C3897EF 
 1045 01aa 5A85D108 		.ascii	"Z\205\321\010\352\336\011dx\234\032"
 1045      EADE0964 
 1045      789C1A
 1046              		.text
 1047              		.section	.gnu.lto_.symbol_nodes.2ccd7522,"e",%progbits
 1048 0000 789C2B61 		.ascii	"x\234+a\000\002\246\365\314\365\374\015@\300\3028\341"
 1048      0002A6F5 
 1048      CCF5FC0D 
 1048      40C0C238 
 1048      E1
 1049 0011 1C03433D 		.ascii	"\034\003C=\003\303\256\206FF\220\304\006\346z\001\254"
 1049      03C3AE86 
 1049      464690C4 
 1049      06E67A01 
 1049      AC
 1050 0022 121B99EB 		.ascii	"\022\033\231\353\005\261I0na\256\027\372\017\005\362"
 1050      05B14930 
 1050      6E61AE17 
 1050      FA0F05F2 
 1051 0032 60490606 		.ascii	"`I\006\006\240:\220\0343\0233D\313\0226\006\000\037"
 1051      A03A901C 
 1051      33133344 
 1051      CB123606 
 1051      001F
 1052 0044 772412   		.ascii	"w$\022"
 1053              		.text
 1054              		.section	.gnu.lto_.refs.2ccd7522,"e",%progbits
 1055 0000 789C6364 		.ascii	"x\234cd\000\002\000\000\012\000\002"
 1055      00020000 
 1055      0A0002
 1056              		.text
 1057              		.section	.gnu.lto_.decls.2ccd7522,"e",%progbits
 1058 0000 789C8D56 		.ascii	"x\234\215V}PT\327\025\277\367\356\333\345\001\313W\215"
 1058      7D5054D7 
 1058      15BFF7EE 
 1058      DBE501CB 
 1058      578D
 1059 0012 2D76D20E 		.ascii	"-v\322\016\311\037\025\231\201\355\012\211ig:c\005\032"
 1059      C91F1599 
 1059      81ED0A89 
 1059      69673A63 
 1059      051A
 1060 0024 9D60A08B 		.ascii	"\235`\240\213\346\303af\213\260\206m!K\330%\223?\372"
 1060      E6C36166 
 1060      8BB0866D 
ARM GAS  C:\Users\DEVELO~1\AppData\Local\Temp\ccVFDuzr.s 			page 30


 1060      214BD825 
 1060      933FFA
 1061 0037 C7DD65C1 		.ascii	"\307\335e\301\265\223\340.\361\003\027\242\353b\305"
 1061      B593E02E 
 1061      F10317A2 
 1061      EB62C5
 1062 0046 F88198A6 		.ascii	"\370\201\230\246\023\204\"\317\260\025\324\220\252\220"
 1062      138422CF 
 1062      B015D490 
 1062      AA90
 1063 0054 2A218980 		.ascii	"*!\211\200\020A\301\002I\0245J\317}\357\355\0036\326"
 1063      1041C102 
 1063      4914354A 
 1063      CF7DEFED 
 1063      0336D6
 1064 0067 E9CE9E7D 		.ascii	"\351\316\236}\367\335\3379\277\337\271\347\334\373\336"
 1064      F7DDDF39 
 1064      BFDFB9E7 
 1064      DCFBDE
 1065 0076 BE158ED0 		.ascii	"\276\025\216\320\257\010B\031\030\2419\370p\010\241"
 1065      AF084219 
 1065      18A139F8 
 1065      7008A1
 1066 0085 5EB02560 		.ascii	"^\260%`\267\300\3240\257\001\013\003\343\301\302\301"
 1066      B7C0D430 
 1066      AF010B03 
 1066      E3C1C2C1 
 1067 0095 22C022C1 		.ascii	"\"\300\"\301\264`\323\340\023\015W\016l\002\306\035"
 1067      B460D3E0 
 1067      130D570E 
 1067      6C02C61D 
 1068 00a5 607D603F 		.ascii	"`}`?\201\373'\301\236\002[\016\246\003\2158$\3713\214"
 1068      81FB27C1 
 1068      9E025B0E 
 1068      A6038D38 
 1068      24F9338C 
 1069 00b9 F14EC278 		.ascii	"\361N\302x9\330&$\3053\3369$i\005\271F\221\244\203d"
 1069      39D82624 
 1069      C533DE39 
 1069      246905B9 
 1069      4691A483 
 1070 00ce 4D82A57C 		.ascii	"M\202\245|\237@\022\277Z\316!\260\200kR\346\013\372"
 1070      9F4012BF 
 1070      5ACE21B0 
 1070      806B52E6 
 1070      0BFA
 1071 00e0 07E343F9 		.ascii	"\007\343C\371Y\236_\313:l\315\351\300\033\213\244\234"
 1071      599E5FCB 
 1071      3A6CCDE9 
 1071      C01B8BA4 
 1071      9C
 1072 00f1 196FF463 		.ascii	"\031o\364cr\014\345N\224\327\371\013V\257%\230\323,"
 1072      720CE54E 
 1072      94D7F90B 
 1072      56AF2598 
 1072      D32C
 1073 0103 C5093C41 		.ascii	"\305\011<A\317P\361\343\370\021:\311\034\021Z\241\005"
ARM GAS  C:\Users\DEVELO~1\AppData\Local\Temp\ccVFDuzr.s 			page 31


 1073      CF50F1E3 
 1073      F8113AC9 
 1073      1C115AA1 
 1073      05
 1074 0114 3481FF0D 		.ascii	"4\201\377\015\322$bV\357\030\270\"~\015\342\210\333"
 1074      D2246256 
 1074      EF18B822 
 1074      7E0DE288 
 1074      DB
 1075 0125 DBFF3755 		.ascii	"\333\3777U\314 \245STp\206\243\026\374\021F\0358\261"
 1075      CC20A553 
 1075      547086A3 
 1075      16FC1146 
 1075      1D38B1
 1076 0138 159FC2ED 		.ascii	"\025\237\302\355\030\202\342\371\027\020\377{\304\277"
 1076      1882E2F9 
 1076      1710FF7B 
 1076      C4BF
 1077 0146 04BE4D37 		.ascii	"\004\276M7\207\007#b\204G\373\362\257 P\217\205\020"
 1077      87072362 
 1077      8447FBF2 
 1077      AF20508F 
 1077      8510
 1078 0158 C26F429A 		.ascii	"\302oB\232\345\240\243\202_\304\377\001\"'w\336\255"
 1078      E5A0A382 
 1078      5FC4FF01 
 1078      222777DE 
 1078      AD
 1079 0169 53B1C809 		.ascii	"S\261\310\011*8\324\250\013wc\364\011^\336\212\317\343"
 1079      2A38D4A8 
 1079      0B7763F4 
 1079      095EDE8A 
 1079      CFE3
 1080 017b 73983723 		.ascii	"s\2307#N\323\337=q<\"))\036|f\333\272\036:t\236\353"
 1080      4ED3DF3D 
 1080      713C2229 
 1080      291E7C66 
 1080      DBBA1E3A 
 1081 0192 55F40255 		.ascii	"U\364\002U\365\340O\361E,\006 =B\251\010\034\232\333"
 1081      F5E04FF1 
 1081      452C0620 
 1081      3D42A908 
 1081      1C9ADB
 1082 01a5 AF55D158 		.ascii	"\257U\321X\207\266\007\237]\210ua\004\213vR*\020)7t"
 1082      87B6079F 
 1082      5D887561 
 1082      048B7652 
 1082      2A102937 
 1083 01ba 11B7E27F 		.ascii	"\021\267\342\177\341\013\254\006\234f{g\323\267\221"
 1083      E10BAC06 
 1083      9C667B67 
 1083      D3B791
 1084 01c9 49CB92C0 		.ascii	"I\313\222\300g\352\3245\365!\001b\317\340^,\271\212"
 1084      67EAD435 
 1084      F5210162 
 1084      CFE05E2C 
 1084      B98A
ARM GAS  C:\Users\DEVELO~1\AppData\Local\Temp\ccVFDuzr.s 			page 32


 1085 01db DC0C8270 		.ascii	"\334\014\202pN\016\357\205\360>|\211\205\263E\2676T"
 1085      4E0EEF85 
 1085      F03E7C89 
 1085      85B345B7 
 1085      3654
 1086 01ed 47BBEDAA 		.ascii	"G\273\355\252\177\342\300\342(\216x[{\016\205/\363\375"
 1086      7FE2C0E2 
 1086      288E785B 
 1086      7B0E852F 
 1086      F3FD
 1087 01ff CF68284A 		.ascii	"\317h(J,?\003\265\270\215\331\230\347\357\301\230\022"
 1087      2C3F03B5 
 1087      B88DD998 
 1087      E7EFC198 
 1087      12
 1088 0210 C4BBC0B6 		.ascii	"\304\273\300\266\0236\227\010\305\023\010\277\223 \356"
 1088      13369708 
 1088      C51308BF 
 1088      9320EE
 1089 021f C713156F 		.ascii	"\307\023\025o\367D%A1\222\244\317\020,\371\\\305V\032"
 1089      F7442541 
 1089      3192A4CF 
 1089      102CF95C 
 1089      C5561A
 1090 0232 EBD40A78 		.ascii	"\353\324\012x\020\217\310\342m`-\0301\264)\210~\256"
 1090      108FC8E2 
 1090      6D602D18 
 1090      31B42988 
 1090      7EAE
 1091 0244 A0FDF3E8 		.ascii	"\240\375\363\350\261 :\260\010M\015\226\213CW\361W0"
 1091      B1203AB0 
 1091      084D0D96 
 1091      8B4357F1 
 1091      5730
 1092 0256 3102198F 		.ascii	"1\002\031\217\3431|\015\017\343\257\361(\276\216o\340"
 1092      E3317C0D 
 1092      0FE3AFF1 
 1092      28BE8E6F 
 1092      E0
 1093 0267 9B7888AD 		.ascii	"\233x\210\255\200\321\264\004i.+4\377\236\0279\036D"
 1093      80D1B404 
 1093      692E2B34 
 1093      FF9E1739 
 1093      1E44
 1094 0279 AF2C4253 		.ascii	"\257,BS\321~(KG\303\033\335\002\376\014w*\330i\021\203"
 1094      D17E284B 
 1094      47C31BDD 
 1094      02FE0C77 
 1094      2AD86911 
 1095 028e C0A9A352 		.ascii	"\300\251\243RY\005\374\205\002\352\025\326#A\326/\027"
 1095      5905FC85 
 1095      02EA15D6 
 1095      2341D62F 
 1095      17
 1096 029f 82626073 		.ascii	"\202b`sw\020\373x\021\253\034y6\210\376cQ\301R\021\357"
 1096      7710FB78 
 1096      11AB1C79 
ARM GAS  C:\Users\DEVELO~1\AppData\Local\Temp\ccVFDuzr.s 			page 33


 1096      3688FE63 
 1096      51C15211 
 1097 02b4 851A93B1 		.ascii	"\205\032\223\261\2213}\341\361\213\0130\201\037S\001"
 1097      91337DE1 
 1097      F18B0B30 
 1097      811F5301 
 1098 02c4 8EDCF07D 		.ascii	"\216\334\360}y=\"N\334\376\276\217\271I\231\364\026"
 1098      793D224E 
 1098      DCFEBE8F 
 1098      B94999F4 
 1098      16
 1099 02d5 840078F1 		.ascii	"\204\000x\361t\317{\221\012xK\006\377\303\236_\215\320"
 1099      74CF7B91 
 1099      0A784B06 
 1099      FFC39E5F 
 1099      8DD0
 1100 02e7 E4A34CB3 		.ascii	"\344\243L\263\245\366J7\027r~\246\225\363s\222\271\014"
 1100      A5F64A37 
 1100      17727EA6 
 1100      95F37392 
 1100      B90C
 1101 02f9 549EA8C6 		.ascii	"T\236\250\306\361\322\361\025\244\263\373-\023`\372"
 1101      F1D2F115 
 1101      A4B3FB2D 
 1101      1360FA
 1102 0308 9F5DE9AE 		.ascii	"\237]\351\256\216Y\204M`\005\034\277ZW\027\246\350\177"
 1102      8E59844D 
 1102      60051CBF 
 1102      5A5717A6 
 1102      E87F
 1103 031a 27EBDF66 		.ascii	"'\353\337f\372\002#\356\353\332\343\305\241\370\035"
 1103      FA0223EE 
 1103      EBDAE3C5 
 1103      A1F81D
 1104 0329 7C5B7A70 		.ascii	"|[zpha\367\015\"\376<l\305\001$?!`\200\370K,\326\325"
 1104      6861F70D 
 1104      22FE3C6C 
 1104      C501243F 
 1104      216080F8 
 1105 0341 F6C97858 		.ascii	"\366\311xXH\336\017\361\000j\305\017\360\367\230\343"
 1105      48DE0FF1 
 1105      006AC50F 
 1105      F0F798E3 
 1106 0351 476F7E10 		.ascii	"Go~\020\210f\333\025\\Z\036\356\272_\031F\241\333\263"
 1106      8866DB15 
 1106      5C5A1EEE 
 1106      BA5F1946 
 1106      A1DBB3
 1107 0364 F81BEC20 		.ascii	"\370\033\354 \013z\306N\356;[\305\256\314\341\373\012"
 1107      0B7AC64E 
 1107      EE3B5BC5 
 1107      AECCE1FB 
 1107      0A
 1108 0375 16B215EF 		.ascii	"\026\262\025\357\341\2730\341 \255\230\222\012b'\322"
 1108      E1BB30E1 
 1108      20AD9892 
 1108      0A6227D2 
ARM GAS  C:\Users\DEVELO~1\AppData\Local\Temp\ccVFDuzr.s 			page 34


 1109 0385 E16BDE26 		.ascii	"\341k\336&\005\316\340\251\205\244\320k\336\241\202"
 1109      05CEE0A9 
 1109      85A4D06B 
 1109      DEA182
 1110 0394 1477577C 		.ascii	"\024wW|wJ\254\215SPH\234d\021\013\024w\350\372(\257"
 1110      774AAC8D 
 1110      5350489C 
 1110      64110B14 
 1110      77E8FA28 
 1111 03a9 D4A052A6 		.ascii	"\324\240R\246\251\"\014\333u\307\223\242@\211\022\262"
 1111      A9220CDB 
 1111      75C793A2 
 1111      408912B2 
 1112 03b9 5544DACE 		.ascii	"UD\332\316~tX\035\332\366;X\356\373\325\033\273N\316"
 1112      7E74581D 
 1112      DAF63B58 
 1112      EEFBD51B 
 1112      BB4ECE
 1113 03cc D77D403E 		.ascii	"\327}@>\373\333\304\310\373_\271\206\242\024,\370\314"
 1113      FBDBC4C8 
 1113      FB5FB986 
 1113      A2142CF8 
 1113      CC
 1114 03dd F88B883D 		.ascii	"\370\213\210=h\357\032'\"&\374p3\215\266\277\273\203"
 1114      68EF1A27 
 1114      2226FC70 
 1114      338DB6BF 
 1114      BB83
 1115 03ef 170B2EFC 		.ascii	"\027\013.\374p\243p\244\262w\347\205\360\020x\276\037"
 1115      70A370A4 
 1115      B277E785 
 1115      F01078BE 
 1115      1F
 1116 0400 BC8B1564 		.ascii	"\274\213\025d\337\341\226\306\320\236U\023\205\242\377"
 1116      DFE196C6 
 1116      D09E5513 
 1116      85A2FF
 1117 040f D3C69364 		.ascii	"\323\306\223d\032C\301\\T\260\007x\267\177\2146SZJ\317"
 1117      1A43C15C 
 1117      54B00778 
 1117      B77F8C36 
 1117      535A4ACF 
 1118 0423 8CD57AAB 		.ascii	"\214\325z\253\306\\q\036\007`\315.\372\323Z\230\366"
 1118      C65C711E 
 1118      0760CD2E 
 1118      FAD35A98 
 1118      F6
 1119 0434 7A07DDC4 		.ascii	"z\007\335\304\247b\035\242\264BK?d/\227\"ZQ\305\356"
 1119      A7621DA2 
 1119      B4424B3F 
 1119      642F9722 
 1119      5A51C5EE 
 1120 0448 DF8EF755 		.ascii	"\337\216\367UH\233\362\002\246B\025m\0264\376NZUK\263"
 1120      489BF202 
 1120      A642156D 
 1120      1634FE4E 
 1120      5A554BB3 
ARM GAS  C:\Users\DEVELO~1\AppData\Local\Temp\ccVFDuzr.s 			page 35


 1121 045c BCDEB16E 		.ascii	"\274\336\261n&Ak\006\353\267\306\370*\276p\371:\351"
 1121      26416B06 
 1121      EBB7C6F8 
 1121      2ABE70F9 
 1121      3AE9
 1122 046e 321FB0D4 		.ascii	"2\037\260\324B\237<\330\016!v\201z\004\354\366\325\277"
 1122      429F3CD8 
 1122      0E217681 
 1122      7A04ECF6 
 1122      D5BF
 1123 0480 53ED0C74 		.ascii	"S\355\014t\377\321\356p\272\250#\340\212u\303\017\365"
 1123      FFD1EE70 
 1123      BAA823E0 
 1123      8A75C30F 
 1123      F5
 1124 0491 D396380F 		.ascii	"\323\2268\017\370\273\017\0104\226\372\002.\273?\340"
 1124      F8BB0F08 
 1124      3496FA02 
 1124      2EBB3FE0 
 1125 04a1 C21EBFD3 		.ascii	"\302\036\277\323\345\361\007(\256\001\237\004\017de"
 1125      E5F10728 
 1125      AE019F04 
 1125      0F6465
 1126 04b0 F7AFF60C 		.ascii	"\367\257\366\014V\202P\200\306\261h\217?\303\356\013"
 1126      56825080 
 1126      C6B1688F 
 1126      3FC3EE0B 
 1127 04c0 B0DDE0C2 		.ascii	"\260\335\340\302v\037u\271\035t[\234\333\357r\271!>"
 1127      761F75B9 
 1127      1D745B9C 
 1127      DBEF72B9 
 1127      213E
 1128 04d2 0EE25B3C 		.ascii	"\016\342[<\016\201\302@py\236\006\025\252\021O\032\004"
 1128      0E81C240 
 1128      70799E06 
 1128      15AA114F 
 1128      1A04
 1129 04e4 10F8590D 		.ascii	"\020\370Y\015\325;\342h\"3,\367\017\377\336\021\205"
 1129      D53BE268 
 1129      22332CF7 
 1129      0FFFDE11 
 1129      85
 1130 04f5 97BA5723 		.ascii	"\227\272W#\374\313X\376\260\352\321G\364]\"\237\302"
 1130      FCCB58FE 
 1130      B0EAD147 
 1130      F45D229F 
 1130      C2
 1131 0506 91A139AA 		.ascii	"\221\2419\252\0251A\306\234D\001wt\\\331\027\243l\207"
 1131      153141C6 
 1131      9C440177 
 1131      745CD917 
 1131      A36C87
 1132 0519 1DF2F6DB 		.ascii	"\035\362\366\333)n\207\357{\317\236\210\201?Ep;\015"
 1132      296E87EF 
 1132      7BCF9E88 
 1132      813F4570 
 1132      3B0D
ARM GAS  C:\Users\DEVELO~1\AppData\Local\Temp\ccVFDuzr.s 			page 36


 1133 052b B727E6CE 		.ascii	"\267'\346\316\037\210|\222\262\367%}bF~\305\355&h\227"
 1133      1F887C92 
 1133      B2F7257D 
 1133      62467EC5 
 1133      ED266897 
 1134 053f E83C7AAF 		.ascii	"\350<z\257\245-2\261\266\226\316~^\267\2553\254\036"
 1134      A52D32B1 
 1134      B696CE7E 
 1134      5EB7AD33 
 1134      AC1E
 1135 0551 DEA9E0CA 		.ascii	"\336\251\340\312\355&5\222\024\252!\310C\334dE\233\232"
 1135      ED263592 
 1135      14AA21C8 
 1135      43DC6445 
 1135      9B9A
 1136 0563 EF63299F 		.ascii	"\357c)\237\233\254\3713#\237\301\214\374\375\343\356"
 1136      9BACF933 
 1136      239FC18C 
 1136      FCFDE3EE 
 1137 0573 E12849CB 		.ascii	"\341(I\313K8R\347<\323\215\203Z7\244w3\252'\250N\324"
 1137      4B3852E7 
 1137      3CD38D83 
 1137      5A37A477 
 1137      33AA27A8 
 1138 0589 BA6B3FD8 		.ascii	"\272k?\330\021\316\264\246Z;\3378\004^\253\353\311\036"
 1138      11CEB4A6 
 1138      5A3BDF38 
 1138      045EABEB 
 1138      C91E
 1139 059b 59668F2C 		.ascii	"Yf\217,3\305\361\203L\346\230\347\334,\307\210\267\213"
 1139      33C5F183 
 1139      4CE698E7 
 1139      DC2CC788 
 1139      B78B
 1140 05ad 8BD83BED 		.ascii	"\213\330;\355i\220u\366\201\316\340D\377eM\250\316~"
 1140      699075F6 
 1140      81CEE044 
 1140      FF654DA8 
 1140      CE7E
 1141 05bf 827CA2CE 		.ascii	"\202|\242\316\261\246K^\302t\232\307\331\203[\\\320"
 1141      B1A64B5E 
 1141      C2749AC7 
 1141      D9835B5C 
 1141      D0
 1142 05d0 7EB25756 		.ascii	"~\262WV\332++\035\345\370[\217P\032\276\334\336\027"
 1142      DA2B2B1D 
 1142      E5F85B8F 
 1142      501ABEDC 
 1142      DE17
 1143 05e2 292DF000 		.ascii	")-\360\000(U\017|s0\202\335\316\342\277\302m\377\320"
 1143      28550F7C 
 1143      733082DD 
 1143      CEE2BFC2 
 1143      6DFFD0
 1144 05f5 4827172A 		.ascii	"H'\027*\014\017\345\203\242p\015\275s-:\261\026\376"
 1144      0C0FE583 
 1144      A2700DBD 
ARM GAS  C:\Users\DEVELO~1\AppData\Local\Temp\ccVFDuzr.s 			page 37


 1144      732D3AB1 
 1144      16FE
 1145 0607 76D40E37 		.ascii	"v\324\0167?x\352t\205/\261\2214\310\272\015\354\301"
 1145      3F78EA74 
 1145      852FB191 
 1145      34C8BA0D 
 1145      ECC1
 1146 0619 B1623BC7 		.ascii	"\261b;\307\221\017\372\216\034\323*\315k\224\233\367"
 1146      910FFA8E 
 1146      1CD32ACD 
 1146      6B949BF7 
 1147 0629 3EC37F96 		.ascii	">\303\177\226\222\242\223\276\026\253\256(\277Xg-+`"
 1147      92A293BE 
 1147      16ABAE28 
 1147      BF58672D 
 1147      2B60
 1148 063b 5763697E 		.ascii	"Wci~qJ\001\377\374\213\033\023\322\365\253\320\022e"
 1148      714A01FF 
 1148      FC8B1B13 
 1148      D2F5ABD0 
 1148      1265
 1149 064d 2A45FFDC 		.ascii	"*E\377\334\026S\232~\363f\304\375\366w\206,\276\334"
 1149      16539A7E 
 1149      F366C4FD 
 1149      F677862C 
 1149      BEDC
 1150 065f FCBA2D75 		.ascii	"\374\272-u\245\321\246\316\312N\177\301\300\255\311"
 1150      A5D1A6CE 
 1150      CA4E7FC1 
 1150      C0ADC9
 1151 066e 3518F0CB 		.ascii	"5\030\360\313x\255\272\240\330\224_&\242\372g\2156\225"
 1151      78ADBAA0 
 1151      D8945F26 
 1151      A2FA678D 
 1151      3695
 1152 0680 D564CB4E 		.ascii	"\325d\313N\377u^z\221y\2639\327V^h\266\344\025\260\261"
 1152      FF755E7A 
 1152      9179B339 
 1152      D7565E68 
 1152      B6E415B0 
 1153 0695 C5BA52AF 		.ascii	"\305\272R\257\327\347\025\232J,\326\274\334\015\353"
 1153      D7E7159A 
 1153      4A2CD6BC 
 1153      DC0DEB
 1154 06a4 5357E619 		.ascii	"SW\346\0316$\213\203\265\253\322R7\2553\0322_2\276\362"
 1154      36248B83 
 1154      B5ABD252 
 1154      37AD331A 
 1154      325F32BE 
 1155 06b9 6AF28B1B 		.ascii	"j\362\213\033\323\2632\263\365ii\011\311\011\351\226"
 1155      D3B332B3 
 1155      F5696909 
 1155      C909E996 
 1156 06c9 52B309A5 		.ascii	"R\263\011\245\205\246^j)\263Yub\254.++C\367|\316\272"
 1156      85A65E6A 
 1156      29B35975 
 1156      62AC2E2B 
ARM GAS  C:\Users\DEVELO~1\AppData\Local\Temp\ccVFDuzr.s 			page 38


 1156      2B43F77C 
 1157 06df EC3757EA 		.ascii	"\3547W\352\254\266\022H\360\265R\263%\245\010\251\262"
 1157      ACB61248 
 1157      F0B552B3 
 1157      25A508A9 
 1157      B2
 1158 06f0 330CAA75 		.ascii	"3\014\252u\031\006u\316\306\234\014CXvnNff\206A\223"
 1158      190675CE 
 1158      C69C0C43 
 1158      58766E4E 
 1158      66668641 
 1159 0705 BDE1D59C 		.ascii	"\275\341\325\234L\203z}vF\246\201\255k\255v>\312h\343"
 1159      4C837A7D 
 1159      7646A681 
 1159      AD6BAD76 
 1159      3ECA68E3 
 1160 0719 4AF2AD7F 		.ascii	"J\362\255\177\322\232-L\200\015\2156\015\033\232\013"
 1160      D29A2D4C 
 1160      800D8D36 
 1160      0D1B9A0B 
 1161 0729 23A43973 		.ascii	"#\2449s!\314X\266l\201Ej\331\212\215[\362\255\266\347"
 1161      21CC58B6 
 1161      6C81456A 
 1161      D98A8D5B 
 1161      F2ADB6E7 
 1162 073d 8CB6A743 		.ascii	"\214\266\247C34\277^P\\^hR\012\\\204\324\353\262\327"
 1162      3334BF5E 
 1162      505C5E68 
 1162      520A5C84 
 1162      D4EBB2D7 
 1163 0751 945B79B3 		.ascii	"\224[y\263\245\304Rh\202:\351\237E\341\371e%o\2562%"
 1163      A5C45268 
 1163      823AE99F 
 1163      45E1F965 
 1163      256FAE32 
 1164 0766 97A08802 		.ascii	"\227\240\210\002 7\275\225\\\262\012E\200\273\301\224"
 1164      2037BD95 
 1164      5CB20A45 
 1164      80BBC194 
 1165 0776 5F08CE3F 		.ascii	"_\010\316?\177l\313P$\\^.3\333L\340\032\005\343\\\223"
 1165      7F6CCB50 
 1165      245C5E2E 
 1165      33DB4CE0 
 1165      1A05E35C 
 1166 078b 0D46EB81 		.ascii	"\015F\353\201~)\3630\026\027\027\032!\321\327\312,\345"
 1166      7E29F330 
 1166      1617171A 
 1166      21D1D7CA 
 1166      2CE5
 1167 079d A54CF499 		.ascii	"\245L\364\231\377\263\214\262\002\213\207\274\377\013"
 1167      FFB38CB2 
 1167      028B87BC 
 1167      FF0B
 1168 07ab 6DBE45D2 		.ascii	"m\276E\322"
 1169              		.text
 1170              		.section	.gnu.lto_.symtab.2ccd7522,"e",%progbits
 1171 0000 70616C52 		.ascii	"palReadBus\000"
ARM GAS  C:\Users\DEVELO~1\AppData\Local\Temp\ccVFDuzr.s 			page 39


 1171      65616442 
 1171      757300
 1172 000b 00       		.ascii	"\000"
 1173 000c 00       		.ascii	"\000"
 1174 000d 00       		.ascii	"\000"
 1175 000e 00000000 		.ascii	"\000\000\000\000\000\000\000\000"
 1175      00000000 
 1176 0016 17010000 		.ascii	"\027\001\000\000"
 1177 001a 70616C57 		.ascii	"palWriteBus\000"
 1177      72697465 
 1177      42757300 
 1178 0026 00       		.ascii	"\000"
 1179 0027 00       		.ascii	"\000"
 1180 0028 00       		.ascii	"\000"
 1181 0029 00000000 		.ascii	"\000\000\000\000\000\000\000\000"
 1181      00000000 
 1182 0031 1C010000 		.ascii	"\034\001\000\000"
 1183 0035 70616C53 		.ascii	"palSetBusMode\000"
 1183      65744275 
 1183      734D6F64 
 1183      6500
 1184 0043 00       		.ascii	"\000"
 1185 0044 00       		.ascii	"\000"
 1186 0045 00       		.ascii	"\000"
 1187 0046 00000000 		.ascii	"\000\000\000\000\000\000\000\000"
 1187      00000000 
 1188 004e 21010000 		.ascii	"!\001\000\000"
 1189 0052 5F70616C 		.ascii	"_pal_lld_setgroupmode\000"
 1189      5F6C6C64 
 1189      5F736574 
 1189      67726F75 
 1189      706D6F64 
 1190 0068 00       		.ascii	"\000"
 1191 0069 02       		.ascii	"\002"
 1192 006a 00       		.ascii	"\000"
 1193 006b 00000000 		.ascii	"\000\000\000\000\000\000\000\000"
 1193      00000000 
 1194 0073 27010000 		.ascii	"'\001\000\000"
 1195              		.text
 1196              		.section	.gnu.lto_.ext_symtab.2ccd7522,"e",%progbits
 1197 0000 01       		.ascii	"\001"
 1198 0001 01       		.ascii	"\001"
 1199 0002 00       		.ascii	"\000"
 1200 0003 01       		.ascii	"\001"
 1201 0004 00       		.ascii	"\000"
 1202 0005 01       		.ascii	"\001"
 1203 0006 00       		.ascii	"\000"
 1204 0007 01       		.ascii	"\001"
 1205 0008 00       		.ascii	"\000"
 1206              		.text
 1207              		.section	.gnu.lto_.opts,"e",%progbits
 1208 0000 272D666E 		.ascii	"'-fno-openmp' '-fno-openacc' '-fno-pie' '-fcf-prote"
 1208      6F2D6F70 
 1208      656E6D70 
 1208      2720272D 
 1208      666E6F2D 
 1209 0033 6374696F 		.ascii	"ction=none' '-g' '-mcpu=cortex-m7' '-mthumb' '-mflo"
ARM GAS  C:\Users\DEVELO~1\AppData\Local\Temp\ccVFDuzr.s 			page 40


 1209      6E3D6E6F 
 1209      6E652720 
 1209      272D6727 
 1209      20272D6D 
 1210 0066 61742D61 		.ascii	"at-abi=soft' '-mlibarch=armv7e-m' '-march=armv7e-m'"
 1210      62693D73 
 1210      6F667427 
 1210      20272D6D 
 1210      6C696261 
 1211 0099 20272D4F 		.ascii	" '-O2' '-fomit-frame-pointer' '-falign-functions=16"
 1211      32272027 
 1211      2D666F6D 
 1211      69742D66 
 1211      72616D65 
 1212 00cc 2720272D 		.ascii	"' '-ffunction-sections' '-fdata-sections' '-fno-com"
 1212      6666756E 
 1212      6374696F 
 1212      6E2D7365 
 1212      6374696F 
 1213 00ff 6D6F6E27 		.ascii	"mon' '-flto' '-Xassembler' '-alms=./build/lst/hal_p"
 1213      20272D66 
 1213      6C746F27 
 1213      20272D58 
 1213      61737365 
 1214 0132 616C2E6C 		.ascii	"al.lst'\000"
 1214      73742700 
 1215              		.text
 1216              		.comm	__gnu_lto_slim,1,1
 1217              		.ident	"GCC: (Arm GNU Toolchain 11.3.Rel1) 11.3.1 20220712"
ARM GAS  C:\Users\DEVELO~1\AppData\Local\Temp\ccVFDuzr.s 			page 41


DEFINED SYMBOLS
                            *ABS*:00000000 hal_pal.c
C:\Users\DEVELO~1\AppData\Local\Temp\ccVFDuzr.s:25     .gnu.debuglto_.debug_info:00000000 hal_pal.c.18fe41bb
                            *COM*:00000001 __gnu_lto_slim

NO UNDEFINED SYMBOLS
