ARM GAS  C:\Users\DEVELO~1\AppData\Local\Temp\ccQ9Qcs3.s 			page 1


   1              		.cpu cortex-m7
   2              		.arch armv7e-m
   3              		.fpu softvfp
   4              		.eabi_attribute 20, 1
   5              		.eabi_attribute 21, 1
   6              		.eabi_attribute 23, 3
   7              		.eabi_attribute 24, 1
   8              		.eabi_attribute 25, 1
   9              		.eabi_attribute 26, 1
  10              		.eabi_attribute 30, 2
  11              		.eabi_attribute 34, 1
  12              		.eabi_attribute 18, 4
  13              		.file	"hal_st.c"
  14              		.file 1 "c:\\chibistudio\\tools\\gnu tools arm embedded\\11.3 2022.08\\arm-none-eabi\\include\\mac
  15              		.file 2 "c:\\chibistudio\\tools\\gnu tools arm embedded\\11.3 2022.08\\arm-none-eabi\\include\\sys
  16              		.file 3 "../../../os/rt/include/chtime.h"
  17              		.file 4 "../../../os/hal/ports/STM32/LLD/TIMv1/stm32_tim.h"
  18              		.file 5 "../../../os/hal/ports/STM32/LLD/SYSTICKv1/hal_st_lld.h"
  19              		.file 6 "../../../os/hal/src/hal_st.c"
  20              		.section	.gnu.debuglto_.debug_info,"e",%progbits
  21              	.Ldebug_info0:
  22              		.hidden	hal_st.c.bf1a2783
  23              		.weak	hal_st.c.bf1a2783
  24              	hal_st.c.bf1a2783:
  25 0000 EC020000 		.4byte	0x2ec
  26 0004 0500     		.2byte	0x5
  27 0006 01       		.byte	0x1
  28 0007 04       		.byte	0x4
  29 0008 00000000 		.4byte	.Ldebug_abbrev0
  30 000c 11       		.uleb128 0x11
  31 000d 2C000000 		.4byte	.LASF41
  32 0011 1D       		.byte	0x1d
  33 0012 4D010000 		.4byte	.LASF42
  34 0016 7C020000 		.4byte	.LASF43
  35 001a 00000000 		.4byte	.Ldebug_line0
  36 001e 12       		.uleb128 0x12
  37 001f 04       		.byte	0x4
  38 0020 05       		.byte	0x5
  39 0021 696E7400 		.ascii	"int\000"
  40 0025 01       		.uleb128 0x1
  41 0026 04       		.byte	0x4
  42 0027 07       		.byte	0x7
  43 0028 FC010000 		.4byte	.LASF0
  44 002c 01       		.uleb128 0x1
  45 002d 08       		.byte	0x8
  46 002e 05       		.byte	0x5
  47 002f 47020000 		.4byte	.LASF1
  48 0033 01       		.uleb128 0x1
  49 0034 08       		.byte	0x8
  50 0035 04       		.byte	0x4
  51 0036 34020000 		.4byte	.LASF2
  52 003a 01       		.uleb128 0x1
  53 003b 01       		.byte	0x1
  54 003c 06       		.byte	0x6
  55 003d E8020000 		.4byte	.LASF3
  56 0041 01       		.uleb128 0x1
  57 0042 01       		.byte	0x1
ARM GAS  C:\Users\DEVELO~1\AppData\Local\Temp\ccQ9Qcs3.s 			page 2


  58 0043 08       		.byte	0x8
  59 0044 A8010000 		.4byte	.LASF4
  60 0048 01       		.uleb128 0x1
  61 0049 02       		.byte	0x2
  62 004a 05       		.byte	0x5
  63 004b 06010000 		.4byte	.LASF5
  64 004f 01       		.uleb128 0x1
  65 0050 02       		.byte	0x2
  66 0051 07       		.byte	0x7
  67 0052 E7000000 		.4byte	.LASF6
  68 0056 01       		.uleb128 0x1
  69 0057 04       		.byte	0x4
  70 0058 05       		.byte	0x5
  71 0059 D4020000 		.4byte	.LASF7
  72 005d 06       		.uleb128 0x6
  73 005e E0010000 		.4byte	.LASF10
  74 0062 01       		.byte	0x1
  75 0063 4F       		.byte	0x4f
  76 0064 19       		.byte	0x19
  77 0065 69000000 		.4byte	0x69
  78 0069 01       		.uleb128 0x1
  79 006a 04       		.byte	0x4
  80 006b 07       		.byte	0x7
  81 006c B6010000 		.4byte	.LASF8
  82 0070 01       		.uleb128 0x1
  83 0071 08       		.byte	0x8
  84 0072 07       		.byte	0x7
  85 0073 91010000 		.4byte	.LASF9
  86 0077 06       		.uleb128 0x6
  87 0078 CB020000 		.4byte	.LASF11
  88 007c 02       		.byte	0x2
  89 007d 30       		.byte	0x30
  90 007e 14       		.byte	0x14
  91 007f 5D000000 		.4byte	0x5d
  92 0083 07       		.uleb128 0x7
  93 0084 77000000 		.4byte	0x77
  94 0088 01       		.uleb128 0x1
  95 0089 01       		.byte	0x1
  96 008a 08       		.byte	0x8
  97 008b DD020000 		.4byte	.LASF12
  98 008f 08       		.uleb128 0x8
  99 0090 88000000 		.4byte	0x88
 100 0094 06       		.uleb128 0x6
 101 0095 22000000 		.4byte	.LASF13
 102 0099 03       		.byte	0x3
 103 009a 6D       		.byte	0x6d
 104 009b 12       		.byte	0x12
 105 009c 77000000 		.4byte	0x77
 106 00a0 04       		.uleb128 0x4
 107 00a1 83000000 		.4byte	0x83
 108 00a5 B0000000 		.4byte	0xb0
 109 00a9 05       		.uleb128 0x5
 110 00aa 25000000 		.4byte	0x25
 111 00ae 03       		.byte	0x3
 112 00af 00       		.byte	0
 113 00b0 07       		.uleb128 0x7
 114 00b1 A0000000 		.4byte	0xa0
ARM GAS  C:\Users\DEVELO~1\AppData\Local\Temp\ccQ9Qcs3.s 			page 3


 115 00b5 04       		.uleb128 0x4
 116 00b6 83000000 		.4byte	0x83
 117 00ba C5000000 		.4byte	0xc5
 118 00be 05       		.uleb128 0x5
 119 00bf 25000000 		.4byte	0x25
 120 00c3 01       		.byte	0x1
 121 00c4 00       		.byte	0
 122 00c5 07       		.uleb128 0x7
 123 00c6 B5000000 		.4byte	0xb5
 124 00ca 01       		.uleb128 0x1
 125 00cb 04       		.byte	0x4
 126 00cc 04       		.byte	0x4
 127 00cd 8B010000 		.4byte	.LASF14
 128 00d1 01       		.uleb128 0x1
 129 00d2 08       		.byte	0x8
 130 00d3 04       		.byte	0x4
 131 00d4 D9010000 		.4byte	.LASF15
 132 00d8 01       		.uleb128 0x1
 133 00d9 01       		.byte	0x1
 134 00da 02       		.byte	0x2
 135 00db F4020000 		.4byte	.LASF16
 136 00df 13       		.uleb128 0x13
 137 00e0 60       		.byte	0x60
 138 00e1 04       		.byte	0x4
 139 00e2 F601     		.2byte	0x1f6
 140 00e4 09       		.byte	0x9
 141 00e5 D8010000 		.4byte	0x1d8
 142 00e9 02       		.uleb128 0x2
 143 00ea 43523100 		.ascii	"CR1\000"
 144 00ee F701     		.2byte	0x1f7
 145 00f0 83000000 		.4byte	0x83
 146 00f4 00       		.byte	0
 147 00f5 02       		.uleb128 0x2
 148 00f6 43523200 		.ascii	"CR2\000"
 149 00fa F801     		.2byte	0x1f8
 150 00fc 83000000 		.4byte	0x83
 151 0100 04       		.byte	0x4
 152 0101 03       		.uleb128 0x3
 153 0102 6B020000 		.4byte	.LASF17
 154 0106 F901     		.2byte	0x1f9
 155 0108 83000000 		.4byte	0x83
 156 010c 08       		.byte	0x8
 157 010d 03       		.uleb128 0x3
 158 010e 6A010000 		.4byte	.LASF18
 159 0112 FA01     		.2byte	0x1fa
 160 0114 83000000 		.4byte	0x83
 161 0118 0C       		.byte	0xc
 162 0119 02       		.uleb128 0x2
 163 011a 535200   		.ascii	"SR\000"
 164 011d FB01     		.2byte	0x1fb
 165 011f 83000000 		.4byte	0x83
 166 0123 10       		.byte	0x10
 167 0124 02       		.uleb128 0x2
 168 0125 45475200 		.ascii	"EGR\000"
 169 0129 FC01     		.2byte	0x1fc
 170 012b 83000000 		.4byte	0x83
 171 012f 14       		.byte	0x14
ARM GAS  C:\Users\DEVELO~1\AppData\Local\Temp\ccQ9Qcs3.s 			page 4


 172 0130 03       		.uleb128 0x3
 173 0131 70020000 		.4byte	.LASF19
 174 0135 FD01     		.2byte	0x1fd
 175 0137 83000000 		.4byte	0x83
 176 013b 18       		.byte	0x18
 177 013c 03       		.uleb128 0x3
 178 013d E2020000 		.4byte	.LASF20
 179 0141 FE01     		.2byte	0x1fe
 180 0143 83000000 		.4byte	0x83
 181 0147 1C       		.byte	0x1c
 182 0148 03       		.uleb128 0x3
 183 0149 66020000 		.4byte	.LASF21
 184 014d FF01     		.2byte	0x1ff
 185 014f 83000000 		.4byte	0x83
 186 0153 20       		.byte	0x20
 187 0154 02       		.uleb128 0x2
 188 0155 434E5400 		.ascii	"CNT\000"
 189 0159 0002     		.2byte	0x200
 190 015b 83000000 		.4byte	0x83
 191 015f 24       		.byte	0x24
 192 0160 02       		.uleb128 0x2
 193 0161 50534300 		.ascii	"PSC\000"
 194 0165 0102     		.2byte	0x201
 195 0167 83000000 		.4byte	0x83
 196 016b 28       		.byte	0x28
 197 016c 02       		.uleb128 0x2
 198 016d 41525200 		.ascii	"ARR\000"
 199 0171 0202     		.2byte	0x202
 200 0173 83000000 		.4byte	0x83
 201 0177 2C       		.byte	0x2c
 202 0178 02       		.uleb128 0x2
 203 0179 52435200 		.ascii	"RCR\000"
 204 017d 0302     		.2byte	0x203
 205 017f 83000000 		.4byte	0x83
 206 0183 30       		.byte	0x30
 207 0184 02       		.uleb128 0x2
 208 0185 43435200 		.ascii	"CCR\000"
 209 0189 0402     		.2byte	0x204
 210 018b B0000000 		.4byte	0xb0
 211 018f 34       		.byte	0x34
 212 0190 03       		.uleb128 0x3
 213 0191 00000000 		.4byte	.LASF22
 214 0195 0502     		.2byte	0x205
 215 0197 83000000 		.4byte	0x83
 216 019b 44       		.byte	0x44
 217 019c 02       		.uleb128 0x2
 218 019d 44435200 		.ascii	"DCR\000"
 219 01a1 1302     		.2byte	0x213
 220 01a3 83000000 		.4byte	0x83
 221 01a7 48       		.byte	0x48
 222 01a8 03       		.uleb128 0x3
 223 01a9 EB010000 		.4byte	.LASF23
 224 01ad 1402     		.2byte	0x214
 225 01af 83000000 		.4byte	0x83
 226 01b3 4C       		.byte	0x4c
 227 01b4 02       		.uleb128 0x2
 228 01b5 4F5200   		.ascii	"OR\000"
ARM GAS  C:\Users\DEVELO~1\AppData\Local\Temp\ccQ9Qcs3.s 			page 5


 229 01b8 1502     		.2byte	0x215
 230 01ba 83000000 		.4byte	0x83
 231 01be 50       		.byte	0x50
 232 01bf 03       		.uleb128 0x3
 233 01c0 76020000 		.4byte	.LASF24
 234 01c4 1602     		.2byte	0x216
 235 01c6 83000000 		.4byte	0x83
 236 01ca 54       		.byte	0x54
 237 01cb 03       		.uleb128 0x3
 238 01cc FA020000 		.4byte	.LASF25
 239 01d0 1702     		.2byte	0x217
 240 01d2 C5000000 		.4byte	0xc5
 241 01d6 58       		.byte	0x58
 242 01d7 00       		.byte	0
 243 01d8 14       		.uleb128 0x14
 244 01d9 2F010000 		.4byte	.LASF26
 245 01dd 04       		.byte	0x4
 246 01de 1902     		.2byte	0x219
 247 01e0 03       		.byte	0x3
 248 01e1 DF000000 		.4byte	0xdf
 249 01e5 15       		.uleb128 0x15
 250 01e6 FA000000 		.4byte	.LASF27
 251 01ea 05       		.byte	0x5
 252 01eb A502     		.2byte	0x2a5
 253 01ed 08       		.byte	0x8
 254 01ee 0B       		.uleb128 0xb
 255 01ef 05000000 		.4byte	.LASF28
 256 01f3 B3       		.byte	0xb3
 257 01f4 06       		.byte	0x6
 258 01f5 D8000000 		.4byte	0xd8
 259 01f9 16       		.uleb128 0x16
 260 01fa FF020000 		.4byte	.LASF44
 261 01fe 06       		.byte	0x6
 262 01ff A3       		.byte	0xa3
 263 0200 0B       		.byte	0xb
 264 0201 94000000 		.4byte	0x94
 265 0205 13020000 		.4byte	0x213
 266 0209 09       		.uleb128 0x9
 267 020a 6F010000 		.4byte	.LASF29
 268 020e 23020000 		.4byte	0x223
 269 0212 00       		.byte	0
 270 0213 04       		.uleb128 0x4
 271 0214 8F000000 		.4byte	0x8f
 272 0218 23020000 		.4byte	0x223
 273 021c 05       		.uleb128 0x5
 274 021d 25000000 		.4byte	0x25
 275 0221 0A       		.byte	0xa
 276 0222 00       		.byte	0
 277 0223 08       		.uleb128 0x8
 278 0224 13020000 		.4byte	0x213
 279 0228 0C       		.uleb128 0xc
 280 0229 29020000 		.4byte	.LASF30
 281 022d 93       		.byte	0x93
 282 022e 47020000 		.4byte	0x247
 283 0232 0D       		.uleb128 0xd
 284 0233 10010000 		.4byte	.LASF32
 285 0237 93       		.byte	0x93
ARM GAS  C:\Users\DEVELO~1\AppData\Local\Temp\ccQ9Qcs3.s 			page 6


 286 0238 1B       		.byte	0x1b
 287 0239 94000000 		.4byte	0x94
 288 023d 09       		.uleb128 0x9
 289 023e 6F010000 		.4byte	.LASF29
 290 0242 23020000 		.4byte	0x223
 291 0246 00       		.byte	0
 292 0247 0E       		.uleb128 0xe
 293 0248 F0010000 		.4byte	.LASF34
 294 024c 85       		.byte	0x85
 295 024d 0C       		.uleb128 0xc
 296 024e 1C020000 		.4byte	.LASF31
 297 0252 77       		.byte	0x77
 298 0253 6C020000 		.4byte	0x26c
 299 0257 0D       		.uleb128 0xd
 300 0258 10010000 		.4byte	.LASF32
 301 025c 77       		.byte	0x77
 302 025d 1D       		.byte	0x1d
 303 025e 94000000 		.4byte	0x94
 304 0262 09       		.uleb128 0x9
 305 0263 6F010000 		.4byte	.LASF29
 306 0267 7C020000 		.4byte	0x27c
 307 026b 00       		.byte	0
 308 026c 04       		.uleb128 0x4
 309 026d 8F000000 		.4byte	0x8f
 310 0271 7C020000 		.4byte	0x27c
 311 0275 05       		.uleb128 0x5
 312 0276 25000000 		.4byte	0x25
 313 027a 0C       		.byte	0xc
 314 027b 00       		.byte	0
 315 027c 08       		.uleb128 0x8
 316 027d 6C020000 		.4byte	0x26c
 317 0281 0B       		.uleb128 0xb
 318 0282 15000000 		.4byte	.LASF33
 319 0286 67       		.byte	0x67
 320 0287 0B       		.byte	0xb
 321 0288 94000000 		.4byte	0x94
 322 028c 0E       		.uleb128 0xe
 323 028d 40020000 		.4byte	.LASF35
 324 0291 45       		.byte	0x45
 325 0292 0A       		.uleb128 0xa
 326 0293 18010000 		.4byte	.LASF36
 327 0297 0003     		.2byte	0x300
 328 0299 14       		.byte	0x14
 329 029a D8000000 		.4byte	0xd8
 330 029e 0A       		.uleb128 0xa
 331 029f 55020000 		.4byte	.LASF37
 332 02a3 F202     		.2byte	0x2f2
 333 02a5 19       		.byte	0x19
 334 02a6 94000000 		.4byte	0x94
 335 02aa 0F       		.uleb128 0xf
 336 02ab C8010000 		.4byte	.LASF38
 337 02af E602     		.2byte	0x2e6
 338 02b1 C2020000 		.4byte	0x2c2
 339 02b5 10       		.uleb128 0x10
 340 02b6 10010000 		.4byte	.LASF32
 341 02ba E602     		.2byte	0x2e6
 342 02bc 2F       		.byte	0x2f
ARM GAS  C:\Users\DEVELO~1\AppData\Local\Temp\ccQ9Qcs3.s 			page 7


 343 02bd 94000000 		.4byte	0x94
 344 02c1 00       		.byte	0
 345 02c2 17       		.uleb128 0x17
 346 02c3 3B010000 		.4byte	.LASF45
 347 02c7 05       		.byte	0x5
 348 02c8 D602     		.2byte	0x2d6
 349 02ca 14       		.byte	0x14
 350 02cb 0F       		.uleb128 0xf
 351 02cc 78010000 		.4byte	.LASF39
 352 02d0 C602     		.2byte	0x2c6
 353 02d2 E3020000 		.4byte	0x2e3
 354 02d6 10       		.uleb128 0x10
 355 02d7 10010000 		.4byte	.LASF32
 356 02db C602     		.2byte	0x2c6
 357 02dd 31       		.byte	0x31
 358 02de 94000000 		.4byte	0x94
 359 02e2 00       		.byte	0
 360 02e3 0A       		.uleb128 0xa
 361 02e4 09020000 		.4byte	.LASF40
 362 02e8 B802     		.2byte	0x2b8
 363 02ea 19       		.byte	0x19
 364 02eb 94000000 		.4byte	0x94
 365 02ef 00       		.byte	0
 366              		.section	.gnu.debuglto_.debug_abbrev,"e",%progbits
 367              	.Ldebug_abbrev0:
 368 0000 01       		.uleb128 0x1
 369 0001 24       		.uleb128 0x24
 370 0002 00       		.byte	0
 371 0003 0B       		.uleb128 0xb
 372 0004 0B       		.uleb128 0xb
 373 0005 3E       		.uleb128 0x3e
 374 0006 0B       		.uleb128 0xb
 375 0007 03       		.uleb128 0x3
 376 0008 0E       		.uleb128 0xe
 377 0009 00       		.byte	0
 378 000a 00       		.byte	0
 379 000b 02       		.uleb128 0x2
 380 000c 0D       		.uleb128 0xd
 381 000d 00       		.byte	0
 382 000e 03       		.uleb128 0x3
 383 000f 08       		.uleb128 0x8
 384 0010 3A       		.uleb128 0x3a
 385 0011 21       		.uleb128 0x21
 386 0012 04       		.sleb128 4
 387 0013 3B       		.uleb128 0x3b
 388 0014 05       		.uleb128 0x5
 389 0015 39       		.uleb128 0x39
 390 0016 21       		.uleb128 0x21
 391 0017 19       		.sleb128 25
 392 0018 49       		.uleb128 0x49
 393 0019 13       		.uleb128 0x13
 394 001a 38       		.uleb128 0x38
 395 001b 0B       		.uleb128 0xb
 396 001c 00       		.byte	0
 397 001d 00       		.byte	0
 398 001e 03       		.uleb128 0x3
 399 001f 0D       		.uleb128 0xd
ARM GAS  C:\Users\DEVELO~1\AppData\Local\Temp\ccQ9Qcs3.s 			page 8


 400 0020 00       		.byte	0
 401 0021 03       		.uleb128 0x3
 402 0022 0E       		.uleb128 0xe
 403 0023 3A       		.uleb128 0x3a
 404 0024 21       		.uleb128 0x21
 405 0025 04       		.sleb128 4
 406 0026 3B       		.uleb128 0x3b
 407 0027 05       		.uleb128 0x5
 408 0028 39       		.uleb128 0x39
 409 0029 21       		.uleb128 0x21
 410 002a 19       		.sleb128 25
 411 002b 49       		.uleb128 0x49
 412 002c 13       		.uleb128 0x13
 413 002d 38       		.uleb128 0x38
 414 002e 0B       		.uleb128 0xb
 415 002f 00       		.byte	0
 416 0030 00       		.byte	0
 417 0031 04       		.uleb128 0x4
 418 0032 01       		.uleb128 0x1
 419 0033 01       		.byte	0x1
 420 0034 49       		.uleb128 0x49
 421 0035 13       		.uleb128 0x13
 422 0036 01       		.uleb128 0x1
 423 0037 13       		.uleb128 0x13
 424 0038 00       		.byte	0
 425 0039 00       		.byte	0
 426 003a 05       		.uleb128 0x5
 427 003b 21       		.uleb128 0x21
 428 003c 00       		.byte	0
 429 003d 49       		.uleb128 0x49
 430 003e 13       		.uleb128 0x13
 431 003f 2F       		.uleb128 0x2f
 432 0040 0B       		.uleb128 0xb
 433 0041 00       		.byte	0
 434 0042 00       		.byte	0
 435 0043 06       		.uleb128 0x6
 436 0044 16       		.uleb128 0x16
 437 0045 00       		.byte	0
 438 0046 03       		.uleb128 0x3
 439 0047 0E       		.uleb128 0xe
 440 0048 3A       		.uleb128 0x3a
 441 0049 0B       		.uleb128 0xb
 442 004a 3B       		.uleb128 0x3b
 443 004b 0B       		.uleb128 0xb
 444 004c 39       		.uleb128 0x39
 445 004d 0B       		.uleb128 0xb
 446 004e 49       		.uleb128 0x49
 447 004f 13       		.uleb128 0x13
 448 0050 00       		.byte	0
 449 0051 00       		.byte	0
 450 0052 07       		.uleb128 0x7
 451 0053 35       		.uleb128 0x35
 452 0054 00       		.byte	0
 453 0055 49       		.uleb128 0x49
 454 0056 13       		.uleb128 0x13
 455 0057 00       		.byte	0
 456 0058 00       		.byte	0
ARM GAS  C:\Users\DEVELO~1\AppData\Local\Temp\ccQ9Qcs3.s 			page 9


 457 0059 08       		.uleb128 0x8
 458 005a 26       		.uleb128 0x26
 459 005b 00       		.byte	0
 460 005c 49       		.uleb128 0x49
 461 005d 13       		.uleb128 0x13
 462 005e 00       		.byte	0
 463 005f 00       		.byte	0
 464 0060 09       		.uleb128 0x9
 465 0061 34       		.uleb128 0x34
 466 0062 00       		.byte	0
 467 0063 03       		.uleb128 0x3
 468 0064 0E       		.uleb128 0xe
 469 0065 49       		.uleb128 0x49
 470 0066 13       		.uleb128 0x13
 471 0067 34       		.uleb128 0x34
 472 0068 19       		.uleb128 0x19
 473 0069 00       		.byte	0
 474 006a 00       		.byte	0
 475 006b 0A       		.uleb128 0xa
 476 006c 2E       		.uleb128 0x2e
 477 006d 00       		.byte	0
 478 006e 03       		.uleb128 0x3
 479 006f 0E       		.uleb128 0xe
 480 0070 3A       		.uleb128 0x3a
 481 0071 21       		.uleb128 0x21
 482 0072 05       		.sleb128 5
 483 0073 3B       		.uleb128 0x3b
 484 0074 05       		.uleb128 0x5
 485 0075 39       		.uleb128 0x39
 486 0076 0B       		.uleb128 0xb
 487 0077 27       		.uleb128 0x27
 488 0078 19       		.uleb128 0x19
 489 0079 49       		.uleb128 0x49
 490 007a 13       		.uleb128 0x13
 491 007b 00       		.byte	0
 492 007c 00       		.byte	0
 493 007d 0B       		.uleb128 0xb
 494 007e 2E       		.uleb128 0x2e
 495 007f 00       		.byte	0
 496 0080 3F       		.uleb128 0x3f
 497 0081 19       		.uleb128 0x19
 498 0082 03       		.uleb128 0x3
 499 0083 0E       		.uleb128 0xe
 500 0084 3A       		.uleb128 0x3a
 501 0085 21       		.uleb128 0x21
 502 0086 06       		.sleb128 6
 503 0087 3B       		.uleb128 0x3b
 504 0088 0B       		.uleb128 0xb
 505 0089 39       		.uleb128 0x39
 506 008a 0B       		.uleb128 0xb
 507 008b 27       		.uleb128 0x27
 508 008c 19       		.uleb128 0x19
 509 008d 49       		.uleb128 0x49
 510 008e 13       		.uleb128 0x13
 511 008f 00       		.byte	0
 512 0090 00       		.byte	0
 513 0091 0C       		.uleb128 0xc
ARM GAS  C:\Users\DEVELO~1\AppData\Local\Temp\ccQ9Qcs3.s 			page 10


 514 0092 2E       		.uleb128 0x2e
 515 0093 01       		.byte	0x1
 516 0094 3F       		.uleb128 0x3f
 517 0095 19       		.uleb128 0x19
 518 0096 03       		.uleb128 0x3
 519 0097 0E       		.uleb128 0xe
 520 0098 3A       		.uleb128 0x3a
 521 0099 21       		.uleb128 0x21
 522 009a 06       		.sleb128 6
 523 009b 3B       		.uleb128 0x3b
 524 009c 0B       		.uleb128 0xb
 525 009d 39       		.uleb128 0x39
 526 009e 21       		.uleb128 0x21
 527 009f 06       		.sleb128 6
 528 00a0 27       		.uleb128 0x27
 529 00a1 19       		.uleb128 0x19
 530 00a2 01       		.uleb128 0x1
 531 00a3 13       		.uleb128 0x13
 532 00a4 00       		.byte	0
 533 00a5 00       		.byte	0
 534 00a6 0D       		.uleb128 0xd
 535 00a7 05       		.uleb128 0x5
 536 00a8 00       		.byte	0
 537 00a9 03       		.uleb128 0x3
 538 00aa 0E       		.uleb128 0xe
 539 00ab 3A       		.uleb128 0x3a
 540 00ac 21       		.uleb128 0x21
 541 00ad 06       		.sleb128 6
 542 00ae 3B       		.uleb128 0x3b
 543 00af 0B       		.uleb128 0xb
 544 00b0 39       		.uleb128 0x39
 545 00b1 0B       		.uleb128 0xb
 546 00b2 49       		.uleb128 0x49
 547 00b3 13       		.uleb128 0x13
 548 00b4 00       		.byte	0
 549 00b5 00       		.byte	0
 550 00b6 0E       		.uleb128 0xe
 551 00b7 2E       		.uleb128 0x2e
 552 00b8 00       		.byte	0
 553 00b9 3F       		.uleb128 0x3f
 554 00ba 19       		.uleb128 0x19
 555 00bb 03       		.uleb128 0x3
 556 00bc 0E       		.uleb128 0xe
 557 00bd 3A       		.uleb128 0x3a
 558 00be 21       		.uleb128 0x21
 559 00bf 06       		.sleb128 6
 560 00c0 3B       		.uleb128 0x3b
 561 00c1 0B       		.uleb128 0xb
 562 00c2 39       		.uleb128 0x39
 563 00c3 21       		.uleb128 0x21
 564 00c4 06       		.sleb128 6
 565 00c5 27       		.uleb128 0x27
 566 00c6 19       		.uleb128 0x19
 567 00c7 00       		.byte	0
 568 00c8 00       		.byte	0
 569 00c9 0F       		.uleb128 0xf
 570 00ca 2E       		.uleb128 0x2e
ARM GAS  C:\Users\DEVELO~1\AppData\Local\Temp\ccQ9Qcs3.s 			page 11


 571 00cb 01       		.byte	0x1
 572 00cc 03       		.uleb128 0x3
 573 00cd 0E       		.uleb128 0xe
 574 00ce 3A       		.uleb128 0x3a
 575 00cf 21       		.uleb128 0x21
 576 00d0 05       		.sleb128 5
 577 00d1 3B       		.uleb128 0x3b
 578 00d2 05       		.uleb128 0x5
 579 00d3 39       		.uleb128 0x39
 580 00d4 21       		.uleb128 0x21
 581 00d5 14       		.sleb128 20
 582 00d6 27       		.uleb128 0x27
 583 00d7 19       		.uleb128 0x19
 584 00d8 01       		.uleb128 0x1
 585 00d9 13       		.uleb128 0x13
 586 00da 00       		.byte	0
 587 00db 00       		.byte	0
 588 00dc 10       		.uleb128 0x10
 589 00dd 05       		.uleb128 0x5
 590 00de 00       		.byte	0
 591 00df 03       		.uleb128 0x3
 592 00e0 0E       		.uleb128 0xe
 593 00e1 3A       		.uleb128 0x3a
 594 00e2 21       		.uleb128 0x21
 595 00e3 05       		.sleb128 5
 596 00e4 3B       		.uleb128 0x3b
 597 00e5 05       		.uleb128 0x5
 598 00e6 39       		.uleb128 0x39
 599 00e7 0B       		.uleb128 0xb
 600 00e8 49       		.uleb128 0x49
 601 00e9 13       		.uleb128 0x13
 602 00ea 00       		.byte	0
 603 00eb 00       		.byte	0
 604 00ec 11       		.uleb128 0x11
 605 00ed 11       		.uleb128 0x11
 606 00ee 01       		.byte	0x1
 607 00ef 25       		.uleb128 0x25
 608 00f0 0E       		.uleb128 0xe
 609 00f1 13       		.uleb128 0x13
 610 00f2 0B       		.uleb128 0xb
 611 00f3 03       		.uleb128 0x3
 612 00f4 0E       		.uleb128 0xe
 613 00f5 1B       		.uleb128 0x1b
 614 00f6 0E       		.uleb128 0xe
 615 00f7 10       		.uleb128 0x10
 616 00f8 17       		.uleb128 0x17
 617 00f9 00       		.byte	0
 618 00fa 00       		.byte	0
 619 00fb 12       		.uleb128 0x12
 620 00fc 24       		.uleb128 0x24
 621 00fd 00       		.byte	0
 622 00fe 0B       		.uleb128 0xb
 623 00ff 0B       		.uleb128 0xb
 624 0100 3E       		.uleb128 0x3e
 625 0101 0B       		.uleb128 0xb
 626 0102 03       		.uleb128 0x3
 627 0103 08       		.uleb128 0x8
ARM GAS  C:\Users\DEVELO~1\AppData\Local\Temp\ccQ9Qcs3.s 			page 12


 628 0104 00       		.byte	0
 629 0105 00       		.byte	0
 630 0106 13       		.uleb128 0x13
 631 0107 13       		.uleb128 0x13
 632 0108 01       		.byte	0x1
 633 0109 0B       		.uleb128 0xb
 634 010a 0B       		.uleb128 0xb
 635 010b 3A       		.uleb128 0x3a
 636 010c 0B       		.uleb128 0xb
 637 010d 3B       		.uleb128 0x3b
 638 010e 05       		.uleb128 0x5
 639 010f 39       		.uleb128 0x39
 640 0110 0B       		.uleb128 0xb
 641 0111 01       		.uleb128 0x1
 642 0112 13       		.uleb128 0x13
 643 0113 00       		.byte	0
 644 0114 00       		.byte	0
 645 0115 14       		.uleb128 0x14
 646 0116 16       		.uleb128 0x16
 647 0117 00       		.byte	0
 648 0118 03       		.uleb128 0x3
 649 0119 0E       		.uleb128 0xe
 650 011a 3A       		.uleb128 0x3a
 651 011b 0B       		.uleb128 0xb
 652 011c 3B       		.uleb128 0x3b
 653 011d 05       		.uleb128 0x5
 654 011e 39       		.uleb128 0x39
 655 011f 0B       		.uleb128 0xb
 656 0120 49       		.uleb128 0x49
 657 0121 13       		.uleb128 0x13
 658 0122 00       		.byte	0
 659 0123 00       		.byte	0
 660 0124 15       		.uleb128 0x15
 661 0125 2E       		.uleb128 0x2e
 662 0126 00       		.byte	0
 663 0127 3F       		.uleb128 0x3f
 664 0128 19       		.uleb128 0x19
 665 0129 03       		.uleb128 0x3
 666 012a 0E       		.uleb128 0xe
 667 012b 3A       		.uleb128 0x3a
 668 012c 0B       		.uleb128 0xb
 669 012d 3B       		.uleb128 0x3b
 670 012e 05       		.uleb128 0x5
 671 012f 39       		.uleb128 0x39
 672 0130 0B       		.uleb128 0xb
 673 0131 27       		.uleb128 0x27
 674 0132 19       		.uleb128 0x19
 675 0133 3C       		.uleb128 0x3c
 676 0134 19       		.uleb128 0x19
 677 0135 00       		.byte	0
 678 0136 00       		.byte	0
 679 0137 16       		.uleb128 0x16
 680 0138 2E       		.uleb128 0x2e
 681 0139 01       		.byte	0x1
 682 013a 3F       		.uleb128 0x3f
 683 013b 19       		.uleb128 0x19
 684 013c 03       		.uleb128 0x3
ARM GAS  C:\Users\DEVELO~1\AppData\Local\Temp\ccQ9Qcs3.s 			page 13


 685 013d 0E       		.uleb128 0xe
 686 013e 3A       		.uleb128 0x3a
 687 013f 0B       		.uleb128 0xb
 688 0140 3B       		.uleb128 0x3b
 689 0141 0B       		.uleb128 0xb
 690 0142 39       		.uleb128 0x39
 691 0143 0B       		.uleb128 0xb
 692 0144 27       		.uleb128 0x27
 693 0145 19       		.uleb128 0x19
 694 0146 49       		.uleb128 0x49
 695 0147 13       		.uleb128 0x13
 696 0148 01       		.uleb128 0x1
 697 0149 13       		.uleb128 0x13
 698 014a 00       		.byte	0
 699 014b 00       		.byte	0
 700 014c 17       		.uleb128 0x17
 701 014d 2E       		.uleb128 0x2e
 702 014e 00       		.byte	0
 703 014f 03       		.uleb128 0x3
 704 0150 0E       		.uleb128 0xe
 705 0151 3A       		.uleb128 0x3a
 706 0152 0B       		.uleb128 0xb
 707 0153 3B       		.uleb128 0x3b
 708 0154 05       		.uleb128 0x5
 709 0155 39       		.uleb128 0x39
 710 0156 0B       		.uleb128 0xb
 711 0157 27       		.uleb128 0x27
 712 0158 19       		.uleb128 0x19
 713 0159 00       		.byte	0
 714 015a 00       		.byte	0
 715 015b 00       		.byte	0
 716              		.section	.gnu.debuglto_.debug_line,"e",%progbits
 717              	.Ldebug_line0:
 718 0000 63000000 		.4byte	.LELT0-.LSLT0
 719              	.LSLT0:
 720 0004 0500     		.2byte	0x5
 721 0006 04       		.byte	0x4
 722 0007 00       		.byte	0
 723 0008 5B000000 		.4byte	.LELTP0-.LASLTP0
 724              	.LASLTP0:
 725 000c 01       		.byte	0x1
 726 000d 01       		.byte	0x1
 727 000e 01       		.byte	0x1
 728 000f F6       		.byte	0xf6
 729 0010 F2       		.byte	0xf2
 730 0011 0D       		.byte	0xd
 731 0012 00       		.byte	0
 732 0013 01       		.byte	0x1
 733 0014 01       		.byte	0x1
 734 0015 01       		.byte	0x1
 735 0016 01       		.byte	0x1
 736 0017 00       		.byte	0
 737 0018 00       		.byte	0
 738 0019 00       		.byte	0
 739 001a 01       		.byte	0x1
 740 001b 00       		.byte	0
 741 001c 00       		.byte	0
ARM GAS  C:\Users\DEVELO~1\AppData\Local\Temp\ccQ9Qcs3.s 			page 14


 742 001d 01       		.byte	0x1
 743 001e 01       		.byte	0x1
 744 001f 01       		.uleb128 0x1
 745 0020 1F       		.uleb128 0x1f
 746 0021 07       		.uleb128 0x7
 747 0022 88010000 		.4byte	.LASF46
 748 0026 E1000000 		.4byte	.LASF47
 749 002a 00000000 		.4byte	.LASF48
 750 002e BC000000 		.4byte	.LASF49
 751 0032 99000000 		.4byte	.LASF50
 752 0036 31010000 		.4byte	.LASF51
 753 003a 30000000 		.4byte	.LASF52
 754 003e 02       		.byte	0x2
 755 003f 01       		.uleb128 0x1
 756 0040 1F       		.uleb128 0x1f
 757 0041 02       		.uleb128 0x2
 758 0042 0B       		.uleb128 0xb
 759 0043 07       		.uleb128 0x7
 760 0044 0B010000 		.4byte	.LASF53
 761 0048 00       		.byte	0
 762 0049 D0000000 		.4byte	.LASF54
 763 004d 05       		.byte	0x5
 764 004e 26000000 		.4byte	.LASF55
 765 0052 06       		.byte	0x6
 766 0053 90000000 		.4byte	.LASF56
 767 0057 04       		.byte	0x4
 768 0058 B0000000 		.4byte	.LASF57
 769 005c 02       		.byte	0x2
 770 005d 83000000 		.4byte	.LASF58
 771 0061 01       		.byte	0x1
 772 0062 28010000 		.4byte	.LASF59
 773 0066 03       		.byte	0x3
 774              	.LELTP0:
 775              	.LELT0:
 776              		.section	.gnu.debuglto_.debug_str,"eMS",%progbits,1
 777              	.LASF22:
 778 0000 42445452 		.ascii	"BDTR\000"
 778      00
 779              	.LASF28:
 780 0005 73744973 		.ascii	"stIsAlarmActive\000"
 780      416C6172 
 780      6D416374 
 780      69766500 
 781              	.LASF33:
 782 0015 73744765 		.ascii	"stGetCounter\000"
 782      74436F75 
 782      6E746572 
 782      00
 783              	.LASF13:
 784 0022 73797374 		.ascii	"systime_t\000"
 784      696D655F 
 784      7400
 785              	.LASF41:
 786 002c 474E5520 		.ascii	"GNU C17 11.3.1 20220712 -mcpu=cortex-m7 -mthumb -mf"
 786      43313720 
 786      31312E33 
 786      2E312032 
ARM GAS  C:\Users\DEVELO~1\AppData\Local\Temp\ccQ9Qcs3.s 			page 15


 786      30323230 
 787 005f 6C6F6174 		.ascii	"loat-abi=soft -march=armv7e-m -ggdb -O2 -fomit-fram"
 787      2D616269 
 787      3D736F66 
 787      74202D6D 
 787      61726368 
 788 0092 652D706F 		.ascii	"e-pointer -falign-functions=16 -ffunction-sections "
 788      696E7465 
 788      72202D66 
 788      616C6967 
 788      6E2D6675 
 789 00c5 2D666461 		.ascii	"-fdata-sections -fno-common -flto\000"
 789      74612D73 
 789      65637469 
 789      6F6E7320 
 789      2D666E6F 
 790              	.LASF6:
 791 00e7 73686F72 		.ascii	"short unsigned int\000"
 791      7420756E 
 791      7369676E 
 791      65642069 
 791      6E7400
 792              	.LASF27:
 793 00fa 73745F6C 		.ascii	"st_lld_init\000"
 793      6C645F69 
 793      6E697400 
 794              	.LASF5:
 795 0106 73686F72 		.ascii	"short int\000"
 795      7420696E 
 795      7400
 796              	.LASF32:
 797 0110 61627374 		.ascii	"abstime\000"
 797      696D6500 
 798              	.LASF36:
 799 0118 73745F6C 		.ascii	"st_lld_is_alarm_active\000"
 799      6C645F69 
 799      735F616C 
 799      61726D5F 
 799      61637469 
 800              	.LASF26:
 801 012f 73746D33 		.ascii	"stm32_tim_t\000"
 801      325F7469 
 801      6D5F7400 
 802              	.LASF45:
 803 013b 73745F6C 		.ascii	"st_lld_stop_alarm\000"
 803      6C645F73 
 803      746F705F 
 803      616C6172 
 803      6D00
 804              	.LASF42:
 805 014d 2E2E2F2E 		.ascii	"../../../os/hal/src/hal_st.c\000"
 805      2E2F2E2E 
 805      2F6F732F 
 805      68616C2F 
 805      7372632F 
 806              	.LASF18:
 807 016a 44494552 		.ascii	"DIER\000"
ARM GAS  C:\Users\DEVELO~1\AppData\Local\Temp\ccQ9Qcs3.s 			page 16


 807      00
 808              	.LASF29:
 809 016f 5F5F6675 		.ascii	"__func__\000"
 809      6E635F5F 
 809      00
 810              	.LASF39:
 811 0178 73745F6C 		.ascii	"st_lld_start_alarm\000"
 811      6C645F73 
 811      74617274 
 811      5F616C61 
 811      726D00
 812              	.LASF14:
 813 018b 666C6F61 		.ascii	"float\000"
 813      7400
 814              	.LASF9:
 815 0191 6C6F6E67 		.ascii	"long long unsigned int\000"
 815      206C6F6E 
 815      6720756E 
 815      7369676E 
 815      65642069 
 816              	.LASF4:
 817 01a8 756E7369 		.ascii	"unsigned char\000"
 817      676E6564 
 817      20636861 
 817      7200
 818              	.LASF8:
 819 01b6 6C6F6E67 		.ascii	"long unsigned int\000"
 819      20756E73 
 819      69676E65 
 819      6420696E 
 819      7400
 820              	.LASF38:
 821 01c8 73745F6C 		.ascii	"st_lld_set_alarm\000"
 821      6C645F73 
 821      65745F61 
 821      6C61726D 
 821      00
 822              	.LASF15:
 823 01d9 646F7562 		.ascii	"double\000"
 823      6C6500
 824              	.LASF10:
 825 01e0 5F5F7569 		.ascii	"__uint32_t\000"
 825      6E743332 
 825      5F7400
 826              	.LASF23:
 827 01eb 444D4152 		.ascii	"DMAR\000"
 827      00
 828              	.LASF34:
 829 01f0 73745374 		.ascii	"stStopAlarm\000"
 829      6F70416C 
 829      61726D00 
 830              	.LASF0:
 831 01fc 756E7369 		.ascii	"unsigned int\000"
 831      676E6564 
 831      20696E74 
 831      00
 832              	.LASF40:
ARM GAS  C:\Users\DEVELO~1\AppData\Local\Temp\ccQ9Qcs3.s 			page 17


 833 0209 73745F6C 		.ascii	"st_lld_get_counter\000"
 833      6C645F67 
 833      65745F63 
 833      6F756E74 
 833      657200
 834              	.LASF31:
 835 021c 73745374 		.ascii	"stStartAlarm\000"
 835      61727441 
 835      6C61726D 
 835      00
 836              	.LASF30:
 837 0229 73745365 		.ascii	"stSetAlarm\000"
 837      74416C61 
 837      726D00
 838              	.LASF2:
 839 0234 6C6F6E67 		.ascii	"long double\000"
 839      20646F75 
 839      626C6500 
 840              	.LASF35:
 841 0240 7374496E 		.ascii	"stInit\000"
 841      697400
 842              	.LASF1:
 843 0247 6C6F6E67 		.ascii	"long long int\000"
 843      206C6F6E 
 843      6720696E 
 843      7400
 844              	.LASF37:
 845 0255 73745F6C 		.ascii	"st_lld_get_alarm\000"
 845      6C645F67 
 845      65745F61 
 845      6C61726D 
 845      00
 846              	.LASF21:
 847 0266 43434552 		.ascii	"CCER\000"
 847      00
 848              	.LASF17:
 849 026b 534D4352 		.ascii	"SMCR\000"
 849      00
 850              	.LASF19:
 851 0270 43434D52 		.ascii	"CCMR1\000"
 851      3100
 852              	.LASF24:
 853 0276 43434D52 		.ascii	"CCMR3\000"
 853      3300
 854              	.LASF43:
 855 027c 433A5C43 		.ascii	"C:\\ChibiStudio\\chibios2111\\demos\\STM32\\RT-STM3"
 855      68696269 
 855      53747564 
 855      696F5C63 
 855      68696269 
 856 02aa 32483734 		.ascii	"2H743ZI_REV_XY-NUCLEO144 - Copie\000"
 856      335A495F 
 856      5245565F 
 856      58592D4E 
 856      55434C45 
 857              	.LASF11:
 858 02cb 75696E74 		.ascii	"uint32_t\000"
ARM GAS  C:\Users\DEVELO~1\AppData\Local\Temp\ccQ9Qcs3.s 			page 18


 858      33325F74 
 858      00
 859              	.LASF7:
 860 02d4 6C6F6E67 		.ascii	"long int\000"
 860      20696E74 
 860      00
 861              	.LASF12:
 862 02dd 63686172 		.ascii	"char\000"
 862      00
 863              	.LASF20:
 864 02e2 43434D52 		.ascii	"CCMR2\000"
 864      3200
 865              	.LASF3:
 866 02e8 7369676E 		.ascii	"signed char\000"
 866      65642063 
 866      68617200 
 867              	.LASF16:
 868 02f4 5F426F6F 		.ascii	"_Bool\000"
 868      6C00
 869              	.LASF25:
 870 02fa 43435852 		.ascii	"CCXR\000"
 870      00
 871              	.LASF44:
 872 02ff 73744765 		.ascii	"stGetAlarm\000"
 872      74416C61 
 872      726D00
 873              		.section	.gnu.debuglto_.debug_line_str,"eMS",%progbits,1
 874              	.LASF48:
 875 0000 2E2E2F2E 		.ascii	"../../../os/hal/ports/STM32/LLD/TIMv1\000"
 875      2E2F2E2E 
 875      2F6F732F 
 875      68616C2F 
 875      706F7274 
 876              	.LASF55:
 877 0026 5F737464 		.ascii	"_stdint.h\000"
 877      696E742E 
 877      6800
 878              	.LASF52:
 879 0030 633A5C63 		.ascii	"c:\\chibistudio\\tools\\gnu tools arm embedded\\11."
 879      68696269 
 879      73747564 
 879      696F5C74 
 879      6F6F6C73 
 880 005f 33203230 		.ascii	"3 2022.08\\arm-none-eabi\\include\\sys\000"
 880      32322E30 
 880      385C6172 
 880      6D2D6E6F 
 880      6E652D65 
 881              	.LASF58:
 882 0083 68616C5F 		.ascii	"hal_st_lld.h\000"
 882      73745F6C 
 882      6C642E68 
 882      00
 883              	.LASF56:
 884 0090 63687469 		.ascii	"chtime.h\000"
 884      6D652E68 
 884      00
ARM GAS  C:\Users\DEVELO~1\AppData\Local\Temp\ccQ9Qcs3.s 			page 19


 885              	.LASF50:
 886 0099 2E2E2F2E 		.ascii	"../../../os/rt/include\000"
 886      2E2F2E2E 
 886      2F6F732F 
 886      72742F69 
 886      6E636C75 
 887              	.LASF57:
 888 00b0 73746D33 		.ascii	"stm32_tim.h\000"
 888      325F7469 
 888      6D2E6800 
 889              	.LASF49:
 890 00bc 2E2E2F2E 		.ascii	"../../../os/hal/src\000"
 890      2E2F2E2E 
 890      2F6F732F 
 890      68616C2F 
 890      73726300 
 891              	.LASF54:
 892 00d0 5F646566 		.ascii	"_default_types.h\000"
 892      61756C74 
 892      5F747970 
 892      65732E68 
 892      00
 893              	.LASF47:
 894 00e1 2E2E2F2E 		.ascii	"../../../os/hal/ports/STM32/LLD/SYSTICKv1\000"
 894      2E2F2E2E 
 894      2F6F732F 
 894      68616C2F 
 894      706F7274 
 895              	.LASF53:
 896 010b 2E2E2F2E 		.ascii	"../../../os/hal/src/hal_st.c\000"
 896      2E2F2E2E 
 896      2F6F732F 
 896      68616C2F 
 896      7372632F 
 897              	.LASF59:
 898 0128 68616C5F 		.ascii	"hal_st.c\000"
 898      73742E63 
 898      00
 899              	.LASF51:
 900 0131 633A5C63 		.ascii	"c:\\chibistudio\\tools\\gnu tools arm embedded\\11."
 900      68696269 
 900      73747564 
 900      696F5C74 
 900      6F6F6C73 
 901 0160 33203230 		.ascii	"3 2022.08\\arm-none-eabi\\include\\machine\000"
 901      32322E30 
 901      385C6172 
 901      6D2D6E6F 
 901      6E652D65 
 902              	.LASF46:
 903 0188 433A5C43 		.ascii	"C:\\ChibiStudio\\chibios2111\\demos\\STM32\\RT-STM3"
 903      68696269 
 903      53747564 
 903      696F5C63 
 903      68696269 
 904 01b6 32483734 		.ascii	"2H743ZI_REV_XY-NUCLEO144 - Copie\000"
 904      335A495F 
ARM GAS  C:\Users\DEVELO~1\AppData\Local\Temp\ccQ9Qcs3.s 			page 20


 904      5245565F 
 904      58592D4E 
 904      55434C45 
 905              		.text
 906              		.section	.gnu.lto_.profile.2ccd1b64,"e",%progbits
 907 0000 789C6362 		.ascii	"x\234cb\000\001\000\000\022\000\003"
 907      00010000 
 907      120003
 908              		.text
 909              		.section	.gnu.lto_.icf.2ccd1b64,"e",%progbits
 910 0000 789C0B66 		.ascii	"x\234\013f@\000v\206\017\263\336]fa`\274\263\357\357"
 910      40007686 
 910      0FB3DE5D 
 910      666160BC 
 910      B3EFEF
 911 0013 7A162626 		.ascii	"z\026&&\006&F\246\331\363~n\347a\0033\241\230y\307\326"
 911      062646A6 
 911      D9F37E6E 
 911      E7610333 
 911      A19879C7 
 912 0028 965E66B0 		.ascii	"\226^f\260,\313\317\331S~1\202\231\254\257\026|\271"
 912      2CCBCFD9 
 912      537E3182 
 912      99ACAF16 
 912      7CB9
 913 003a C90F66B2 		.ascii	"\311\017f\262\235\336\370\264\033\302d\000\000\007&"
 913      9DDEF8B4 
 913      1BC26400 
 913      000726
 914 0049 163B     		.ascii	"\026;"
 915              		.text
 916              		.section	.gnu.lto_.ipa_sra.2ccd1b64,"e",%progbits
 917 0000 789C5364 		.ascii	"x\234Sd@\000v\006\006F\006FF\006f&F\020\227\221\231"
 917      40007606 
 917      06460646 
 917      46066626 
 917      46109791 
 918 0015 819105C2 		.ascii	"\201\221\005\302be`fc`f\000\000\010\271\000N"
 918      62656066 
 918      63606600 
 918      0008B900 
 918      4E
 919              		.text
 920              		.section	.gnu.lto_.inline.2ccd1b64,"e",%progbits
 921 0000 789CFBCB 		.ascii	"x\234\373\313\200\000\354\014\014,\015@\300\234\306"
 921      8000EC0C 
 921      0C2C0D40 
 921      C09CC6
 922 000f C8C0C4C0 		.ascii	"\310\300\304\300\320\010d\32610\260\201\204\230R\230"
 922      D00864D6 
 922      3130B081 
 922      84985298 
 923 001f 40420C0C 		.ascii	"@B\014\014\214\\`\022\2520\005\250\220\011,\237\214"
 923      8C5C6012 
 923      AA3005A8 
 923      90092C9F 
 923      8C
ARM GAS  C:\Users\DEVELO~1\AppData\Local\Temp\ccQ9Qcs3.s 			page 21


 924 0030 AE9009CC 		.ascii	"\256\220\011\314?\300\224\012T\302\006Q\214\256\204"
 924      3FC0940A 
 924      54C20651 
 924      8CAE84
 925 003f 99B0292C 		.ascii	"\231\260),\204\225\260\022V\302F\330-\014\000\262\026"
 925      8495B012 
 925      56C246D8 
 925      2D0C00B2 
 925      16
 926 0050 34B2     		.ascii	"4\262"
 927              		.text
 928              		.section	.gnu.lto_.jmpfuncs.2ccd1b64,"e",%progbits
 929 0000 789C5360 		.ascii	"x\234S`@\000v\020\301\310\300\300\304\310\310X\317\304"
 929      40007610 
 929      C1C8C0C0 
 929      C4C8C858 
 929      CFC4
 930 0012 C4CCC0C0 		.ascii	"\304\314\300\300\002a\26120\260\001\245\000\0271\001"
 930      0261B132 
 930      30B001A5 
 930      00173101 
 931 0022 49       		.ascii	"I"
 932              		.text
 933              		.section	.gnu.lto_.pureconst.2ccd1b64,"e",%progbits
 934 0000 789C05C1 		.ascii	"x\234\005\301\001\021\000 \014\304\260\037\024\346\000"
 934      01110020 
 934      0CC4B01F 
 934      14E600
 935 000f EDBBAA25 		.ascii	"\355\273\252%yI:C\311\222-\310\221+\0372\332\004\203"
 935      79493A43 
 935      C9922DC8 
 935      912B1F32 
 935      DA0483
 936              		.text
 937              		.section	.gnu.lto_.ipa_modref.2ccd1b64,"e",%progbits
 938 0000 789CEB65 		.ascii	"x\234\353e@\000v\006\006\005\001\001(\301\300\010\246"
 938      40007606 
 938      06050101 
 938      28C1C008 
 938      A6
 939 0011 19999881 		.ascii	"\031\231\230\201\230\205\021*\310\204P\001\227a`\306"
 939      9885112A 
 939      C8845001 
 939      976160C6 
 940 0021 26C8824D 		.ascii	"&\310\202M\220\025\233\231l\330\004\031\000~\377\004"
 940      90159B99 
 940      6CD80419 
 940      007EFF04 
 941 0031 7E       		.ascii	"~"
 942              		.text
 943              		.section	.gnu.lto_.lto.2ccd1b64,"e",%progbits
 944 0000 0B000300 		.ascii	"\013\000\003\000\001\000\000\000"
 944      01000000 
 945              		.text
 946              		.section	.gnu.lto_stInit.431.2ccd1b64,"e",%progbits
 947 0000 789C6B66 		.ascii	"x\234kf``\310\007be fdf`\2344\261\213\211\241\241\241"
 947      6060C807 
ARM GAS  C:\Users\DEVELO~1\AppData\Local\Temp\ccQ9Qcs3.s 			page 22


 947      62652066 
 947      6466609C 
 947      34B18B89 
 948 0017 C1819D89 		.ascii	"\301\201\235\211\261qb\027'\343vF0\217\221\241\236\211"
 948      B1716217 
 948      27E37646 
 948      308F91A1 
 948      9E89
 949 0029 B19E7121 		.ascii	"\261\236q!\263>\220\373\343\350\253\013\033%\032V\034"
 949      B33E90FB 
 949      E3E8AB0B 
 949      1B251A56 
 949      1C
 950 003a 607CC5C0 		.ascii	"`|\305\300P\317\000\005\334\0206#\020\257\277\304z\240"
 950      50CF0005 
 950      DC103623 
 950      10AFBFC4 
 950      7AA0
 951 004c E1CFFFFE 		.ascii	"\341\317\377\376\206\206\273\217\030\347)330\314c\006"
 951      8686BB8F 
 951      18E72933 
 951      3330CC63 
 951      06
 952 005d 99DAC0C2 		.ascii	"\231\332\300\302\330p\200\201a>3\023\204\323\010\344"
 952      D8708081 
 952      613E3313 
 952      84D308E4 
 953 006d 7C676A78 		.ascii	"|gjx\264\373\030#\303_\246f\005\206.F\246\332j\006\006"
 953      B4FB1823 
 953      C35FA666 
 953      05862E46 
 953      A6DA6A06 
 954 0082 266686FF 		.ascii	"&f\206\377LM\017\366\272\201\015\236\307\314\210\320"
 954      4C4D0FF6 
 954      BA810D9E 
 954      C7CC88D0 
 955 0092 CBC0E0EF 		.ascii	"\313\300\340\357l\025\343\234\221\231\224\031\\R\232"
 955      6C15E39C 
 955      91999419 
 955      5C529A
 956 00a1 92991F93 		.ascii	"\222\231\037\223\014b\347\027\033\031\032\032\306\244"
 956      0C62E717 
 956      1B191A1A 
 956      C6A4
 957 00af A4E6E617 		.ascii	"\244\346\346\027\307\004\207\370\032\033\305\004\205"
 957      C70487F8 
 957      1A1BC504 
 957      85
 958 00bc E882191E 		.ascii	"\350\202\031\036\346&\306Q\236\361A\256a\361\021\221"
 958      E626C651 
 958      9EF141AE 
 958      61F11191 
 959 00cc BA7EA1CE 		.ascii	"\272~\241\316>\256\376\206&&\012\272\012\316\371\005"
 959      3EAEFE86 
 959      26260ABA 
 959      0ACEF905 
 960 00dc 99A90CB2 		.ascii	"\231\251\014\262zz\372\020\224_\254\237\221\230\243"
ARM GAS  C:\Users\DEVELO~1\AppData\Local\Temp\ccQ9Qcs3.s 			page 23


 960      7A7AFA10 
 960      945FAC9F 
 960      9198A3
 961 00eb 5F5C940C 		.ascii	"_\\\224\014\242\343\213K\364\222\031\000\356\275T\334"
 961      A2E38B4B 
 961      F4921900 
 961      EEBD54DC 
 962              		.text
 963              		.section	.gnu.lto_stGetCounter.432.2ccd1b64,"e",%progbits
 964 0000 789CFBCE 		.ascii	"x\234\373\316\300\300\260\034\210\325\200\230\221\231"
 964      C0C0B01C 
 964      88D58098 
 964      9199
 965 000e 8171D2C4 		.ascii	"\201q\322\304.&\206\206\206\006\007v&\306\306\211]\347"
 965      2E268686 
 965      86060776 
 965      26C6C689 
 965      5DE7
 966 0020 E76E6161 		.ascii	"\347naa\334\311\010\026`d\250gb\254g\\\310\314\312\310"
 966      DCC90816 
 966      6064A867 
 966      62AC675C 
 966      C8CCCAC8 
 967 0034 26CCC802 		.ascii	"&\314\310\002$E\031\025\364\01744\3748\372\352\303N"
 967      24451915 
 967      F40F3434 
 967      FC38FAEA 
 967      C34E
 968 0046 9D83CDAD 		.ascii	"\235\203\315\255\036\365\014\265;\030\26732\200\001"
 968      1EF50CB5 
 968      3B18B733 
 968      328001
 969 0055 3703432D 		.ascii	"7\003C-\320PVF \243z7#\003\220\0014\347\307\233\205"
 969      D0505646 
 969      20A37A37 
 969      23039001 
 969      34E7C79B 
 970 006a CC0CBB18 		.ascii	"\314\014\273\030\253A\322{\030\201\302 \325\353/\261"
 970      AB41D27B 
 970      1881C220 
 970      D5EB2FB1 
 971 007a 1E68F8F3 		.ascii	"\036h\370\363\277\277\241\341\277\314\276;\3378\230"
 971      BFBFA1E1 
 971      BFCCBE3B 
 971      DF3898
 972 0089 99189898 		.ascii	"\231\030\230\230\031\030\3461\203\234\322\300\302\330"
 972      1918E631 
 972      839CD2C0 
 972      C2D8
 973 0097 70808161 		.ascii	"p\200\201a>3\023\204\323\014\344|gjX\304\016\"?/\354"
 973      3E331384 
 973      D30CE47C 
 973      676A58C4 
 973      0E223F2F 
 974 00ac FFF0FA84 		.ascii	"\377\360\372\2040\310  \357\321\327\3273\030\031\367"
 974      30C82020 
 974      EFD1D7D7 
ARM GAS  C:\Users\DEVELO~1\AppData\Local\Temp\ccQ9Qcs3.s 			page 24


 974      331819F7 
 975 00bc 3032FC66 		.ascii	"02\374f:\264o%/3\023\320\221\345 \233\201$X3+\343\032"
 975      3AB46F25 
 975      2F3313D0 
 975      91E5209B 
 975      81245833 
 976 00d3 4686D2FD 		.ascii	"F\206\322\375\214\373\030\031\314\02664\274P)>\300X"
 976      8CFB1819 
 976      CC163634 
 976      BC50293E 
 976      C058
 977 00e5 087407C3 		.ascii	"\010t\007\303\177\246\246\017+{7\265\3672\002\275\013"
 977      7FA6A60F 
 977      2B7B37B5 
 977      F73202BD 
 977      0B
 978 00f6 B49E0164 		.ascii	"\264\236\001d;D\017c\323\001\020\327\337\331*\3069#"
 978      3B440F63 
 978      D30110D7 
 978      DFD92AC6 
 978      3923
 979 0108 332933B8 		.ascii	"3)3\270\2444%3?&\031\304\316/6244\214II\315\315/\216"
 979      A4342533 
 979      3F2619C4 
 979      CE2F3632 
 979      34348C49 
 980 0121 090EF135 		.ascii	"\011\016\36156\212\011\012\321\0053<\314M\214\243<\343"
 980      368A090A 
 980      D105333C 
 980      CC4D8CA3 
 980      3CE3
 981 0133 835CC3E2 		.ascii	"\203\\\303\342#\"u\375B\235}\\\375\015ML\024t\025\234"
 981      232275FD 
 981      429D7D5C 
 981      FD0D4D4C 
 981      1474159C 
 982 0147 F30B3253 		.ascii	"\363\0132S\031d\365\364\364!(\277X?#1G\277\270(\031"
 982      1964F5F4 
 982      F42128BF 
 982      583F2331 
 982      47BFB828 
 983 015c 44C71797 		.ascii	"D\307\027\227\350%3\230\243\313\026\344\027\225\024"
 983      E8253398 
 983      A3CB16E4 
 983      179514
 984 016b EB834DD6 		.ascii	"\353\203M\326\367\361q\321\017\216\014\016\361t\366"
 984      F7F171D1 
 984      0F8E0C0E 
 984      F174F6
 985 017a 2E3384EA 		.ascii	".3\204\352\211\317\311I\321\313`\000\000Ht\214\264"
 985      89CFC949 
 985      D1CB6000 
 985      0048748C 
 985      B4
 986              		.text
 987              		.section	.gnu.lto_stStartAlarm.433.2ccd1b64,"e",%progbits
 988 0000 789C7D51 		.ascii	"x\234}QMh\023A\024~\337\246\233\264\364 T\224\036\252"
ARM GAS  C:\Users\DEVELO~1\AppData\Local\Temp\ccQ9Qcs3.s 			page 25


 988      4D681341 
 988      147EDFA6 
 988      9BB4F420 
 988      54941EAA 
 989 0014 04F5A6C9 		.ascii	"\004\365\246\311\262M0\305\223\020\213-F\013M\024+\201"
 989      B24D30C5 
 989      93108B2D 
 989      460B4D14 
 989      2B81
 990 0026 903F4930 		.ascii	"\220?I0a\333n\352\017A2\246\342\241\240R\361\340!Tz"
 990      61DB6EEA 
 990      0F4132A6 
 990      E2A1A052 
 990      F1E02154 
 991 003b 4B411011 		.ascii	"KA\020\021l\255&]Rk\300\203\210\210^KNR0\026*\265\242"
 991      6CAD265D 
 991      526BC083 
 991      88885E4B 
 991      4E523016 
 992 0052 126776B5 		.ascii	"\022gv\265\210\007\227\331y\357{\357}\337{3\323\000"
 992      880797D9 
 992      79EF7BEF 
 992      7DDF7B33 
 992      D300
 993 0064 518D88F6 		.ascii	"Q\215\210\366\363\0376\302\235\351)\211\030cG\035\022"
 993      F31F36C2 
 993      9DE92989 
 993      1863471D 
 993      12
 994 0075 AE4D4F75 		.ascii	"\256MOu\340\031L\004*H(`\326\246p\270\265\262\266^\351"
 994      E0194C04 
 994      2A482860 
 994      D6A670B8 
 994      B5B2B65E 
 995 008a 6665036B 		.ascii	"fe\003kD\0052?\031\366\235h\343\373.8e\264\217\222\313"
 995      4405323F 
 995      19F69D68 
 995      E3FB2E38 
 995      65B48F92 
 996 009f 60EC4D65 		.ascii	"`\354Me\201\261\016\272\272\210\302S,\360V\022.\177"
 996      81B10EBA 
 996      BA88C253 
 996      2CF05612 
 996      2E7F
 997 00b1 6823EA34 		.ascii	"h#\3524i\220\301\235|\005\234,\252\267\236L\335\232"
 997      6990C19D 
 997      7C059C2C 
 997      AAB79E4C 
 997      DD9A
 998 00c3 3FF07292 		.ascii	"?\360r\222\015pB\336$T\301\031\357e\031\007E\376\335"
 998      0D7042DE 
 998      2454C119 
 998      EF651907 
 998      45FEDD
 999 00d6 8DCFCB28 		.ascii	"\215\317\313(1\343\272s[\261\012\263w\247\230\352\247"
 999      31E3BA73 
 999      5BB10AB3 
ARM GAS  C:\Users\DEVELO~1\AppData\Local\Temp\ccQ9Qcs3.s 			page 26


 999      77A798EA 
 999      A7
 1000 00e7 BA047A8E 		.ascii	"\272\004z\216\274\2207\300eE\356\341[\331`?Z\267\031"
 1000      BC9037C0 
 1000      6545EEE1 
 1000      5BD9603F 
 1000      5AB719
 1001 00fa 6BED7D5D 		.ascii	"k\355}]j\265\333%`\221'fl\342\230\254\015\314 \272o"
 1001      6AB5DB25 
 1001      60912766 
 1001      6CE298AC 
 1001      0DCC20BA 
 1002 010f 932C30C9 		.ascii	"\223,0\311\301W\21156\352\020v\337\366\326\330tpSt\242"
 1002      C1578935 
 1002      36EA1076 
 1002      DFF6D6D8 
 1002      74705374 
 1003 0124 0A9B2402 		.ascii	"\012\233$\002\033\237\356\226\232\253]X2\013\033\217"
 1003      1B9FEE96 
 1003      9AAB5D58 
 1003      320B1B8F 
 1004 0134 9AF70003 		.ascii	"\232\367\000\003\364]\252\225\346z\3705\\\021\247\342"
 1004      F45DAA95 
 1004      E67AF835 
 1004      5C11A7E2 
 1005 0144 BBA92BE3 		.ascii	"\273\251+\343\001\350\3222j\"xx\226\261\217;&^@\347"
 1005      01E8D232 
 1005      6A227878 
 1005      96B18F3B 
 1005      265E40E7 
 1006 0158 53F67150 		.ascii	"S\366qP\336=\266\202CbfK\272\361\270\331-\204\276\224"
 1006      DE3DB682 
 1006      4362664B 
 1006      BAF1B8D9 
 1006      2D84BE94 
 1007 016c 7BFE225A 		.ascii	"{\376\"Z\264\261:4^h\317\302\032t\376?\245\257p\301"
 1007      B4B13A34 
 1007      5E68CFC2 
 1007      1A74FE3F 
 1007      A5AF70C1 
 1008 0180 2A15AAC5 		.ascii	"*\025\252\305\365\271\233\233u\361\236\020w\326\222"
 1008      F5B99B9B 
 1008      75F19E10 
 1008      77D692
 1009 018f 8AABDF8E 		.ascii	"\212\253\337\216\233/7c\263\206D\321\020p\310\177$\354"
 1009      9B2F3763 
 1009      B38644D1 
 1009      1070C87F 
 1009      24EC
 1010 01a1 4FA563E9 		.ascii	"O\245c\351`n\"\221\326\302q\341kz\257\252\252\341D2"
 1010      606E2291 
 1010      D6C271E1 
 1010      6B7AAFAA 
 1010      AAE14432 
 1011 01b5 ABE9E160 		.ascii	"\253\351\341`\350\244\2477<\034r\231\316\200\317\353"
 1011      E8A4A737 
 1011      3C1C7299 
ARM GAS  C:\Users\DEVELO~1\AppData\Local\Temp\ccQ9Qcs3.s 			page 27


 1011      CE80CFEB 
 1012 01c5 39371819 		.ascii	"97\030\031\356?\0239;\342:u\332\037\350\037R\275^\247"
 1012      EE3F1339 
 1012      3BE23A75 
 1012      DA1FE81F 
 1012      52BD5EA7 
 1013 01d9 CBE9D746 		.ascii	"\313\351\327F\323I\332\343v+\326\322t%\025\315(\372"
 1013      D349DAE3 
 1013      762BD6D2 
 1013      742515CD 
 1013      28FA
 1014 01eb 785CD888 		.ascii	"x\\\330\210\236s\307\311\021\215\351\271t6\331\365'"
 1014      9E73C7C9 
 1014      118DE9B9 
 1014      7436D9F5 
 1014      27
 1015 01fc E28E9D57 		.ascii	"\342\216\235W\243\275\276>\017\371\376%\216j\3439]1"
 1015      A3BDBE3E 
 1015      0FF9FE25 
 1015      8E6AE339 
 1015      5D31
 1016 020e 9B2A81C0 		.ascii	"\233*\201\3001%8\022\014\015\372O\\T\177\313E2\231\204"
 1016      31253812 
 1016      0C0DFA4F 
 1016      5C547FCB 
 1016      45329984 
 1017 0222 3B45BF00 		.ascii	";E\277\000p<\351\236"
 1017      703CE99E 
 1018              		.text
 1019              		.section	.gnu.lto_stStopAlarm.434.2ccd1b64,"e",%progbits
 1020 0000 789C7BCE 		.ascii	"x\234{\316\300\300\260\034\210\225\201\230\221\231\201"
 1020      C0C0B01C 
 1020      88958198 
 1020      919981
 1021 000f 71D2C42E 		.ascii	"q\322\304.&\206\206\206\006\007v&\306\306\211]\234\214"
 1021      26868686 
 1021      06077626 
 1021      C6C6895D 
 1021      9C8C
 1022 0021 DB19C13C 		.ascii	"\333\031\301<F\206z&\306z\306\205\314\372@\356\217\243"
 1022      46867A26 
 1022      C67AC685 
 1022      CCFA40EE 
 1022      8FA3
 1023 0033 AF2E5C94 		.ascii	"\257.\\\224hXq\200\361\025\003C=\003\024p\203\331\214"
 1023      68587180 
 1023      F1150343 
 1023      3D031470 
 1023      83D98C
 1024 0046 AC8C4046 		.ascii	"\254\214@F\355NF\006 \003\244\366\270\021\303\016\306"
 1024      ED4E4606 
 1024      2003A4F6 
 1024      B811C30E 
 1024      C6
 1025 0057 5A90EC2E 		.ascii	"Z\220\354.F\240(#P\345\372K\254\007\032\376\374\357"
 1025      46A02823 
 1025      50E5FA4B 
ARM GAS  C:\Users\DEVELO~1\AppData\Local\Temp\ccQ9Qcs3.s 			page 28


 1025      AC071AFE 
 1025      FCEF
 1026 0069 6F6878AF 		.ascii	"ohx\257\261c\3162Nf\006\206y\314 [\033X\030\033\016"
 1026      B163CE32 
 1026      4E660686 
 1026      79CC205B 
 1026      1B58181B 
 1027 007e 3030CC67 		.ascii	"00\314gf\202p\232\201\234\357L\015\217\346\237b\004"
 1027      6682709A 
 1027      819CEF4C 
 1027      0D8FE69F 
 1027      6204
 1028 0090 D19F17F6 		.ascii	"\321\237\027\366\337y\367@\010d\014H\364\363\273\031"
 1028      DF79F740 
 1028      08640C48 
 1028      F4F3BB19 
 1029 00a0 8C8CBB18 		.ascii	"\214\214\273\030\031~3\035\372\262B\234\225\221\255"
 1029      197E331D 
 1029      FAB2429C 
 1029      9591AD
 1030 00af 1A642990 		.ascii	"\032d)\220\004kfe\\\303\310P\271\227q\017#\203\331\302"
 1030      046B6665 
 1030      5CC3C850 
 1030      B997710F 
 1030      2383D9C2 
 1031 00c3 868617FC 		.ascii	"\206\206\027\374\345\373\030K\201n`+\006:\341?S\323"
 1031      E5FB184B 
 1031      816E602B 
 1031      063AE13F 
 1031      53D3
 1032 00d5 8795BD1B 		.ascii	"\207\225\275\033Nq\000\375\007v\374<f\210.\306\246\003"
 1032      4E7100FD 
 1032      0776FC3C 
 1032      66882EC6 
 1032      A603
 1033 00e7 20AEBFB3 		.ascii	" \256\277\263U\214sFfRfpIiJf~L2\210\235_ldhh\030\223"
 1033      558C7346 
 1033      66526670 
 1033      49694A66 
 1033      7E4C3288 
 1034 0103 929A9B5F 		.ascii	"\222\232\233_\034\023\034\342kl\024\023\024\242\013"
 1034      1C131CE2 
 1034      6B6C1413 
 1034      14A20B
 1035 0112 6678989B 		.ascii	"fx\230\233\030Gy\306\007\271\206\305GD\352\372\205:"
 1035      184779C6 
 1035      07B986C5 
 1035      4744EAFA 
 1035      853A
 1036 0124 FBB8FA1B 		.ascii	"\373\270\372\033\232\230(\350*8\347\027d\2462\310\352"
 1036      9A9828E8 
 1036      2A38E717 
 1036      64A632C8 
 1036      EA
 1037 0135 E9E94350 		.ascii	"\351\351CP~\261~Fb\216~qQ2\210\216/.\321Kf0G\227-\310"
 1037      7EB17E46 
 1037      628E7E71 
ARM GAS  C:\Users\DEVELO~1\AppData\Local\Temp\ccQ9Qcs3.s 			page 29


 1037      5132888E 
 1037      2F2ED14B 
 1038 014f 2F2A29D6 		.ascii	"/*)\326\007\233\254\357\343\343\242\037\034\031\034"
 1038      079BACEF 
 1038      E3E3A21F 
 1038      1C191C
 1039 015e E2E9EC5D 		.ascii	"\342\351\354]f\010\325\023\237\223\223\242\227\301\000"
 1039      6608D513 
 1039      9F9393A2 
 1039      97C100
 1040 016d 003FDA89 		.ascii	"\000?\332\211b"
 1040      62
 1041              		.text
 1042              		.section	.gnu.lto_stSetAlarm.435.2ccd1b64,"e",%progbits
 1043 0000 789C5D50 		.ascii	"x\234]PMh\023Q\020\236o7k\215=\010\025\305\203B\320"
 1043      4D681351 
 1043      109E6F37 
 1043      6B8D3D08 
 1043      15C58342 
 1044 0015 9B9A5D36 		.ascii	"\233\232]6\011\246\210\007!\026Z\215\026\232(V\002!"
 1044      09A68807 
 1044      21165A8D 
 1044      169A2856 
 1044      0221
 1045 0027 7F9240CA 		.ascii	"\177\222@\312\306n\352\017A\362L\305CP\244\342\301C"
 1045      C66EEA0F 
 1045      41F24CC5 
 1045      4350A4E2 
 1045      C143
 1046 0039 A8F4D6A2 		.ascii	"\250\364\326\242\370\007jm5]\242\271\224\"\"\212\007"
 1046      F8076A6D 
 1046      355DA2B9 
 1046      9422228A 
 1046      07
 1047 004a A1969CA4 		.ascii	"\241\226\234\244 U<XP\250\357\275h\017.og\346\233y\337"
 1047      20553C58 
 1047      50A8EFBD 
 1047      680F2E6F 
 1047      67E69B79 
 1048 005f 376FE61A 		.ascii	"7o\346\032\210\032D\264\233\377P\0117\307\252\0121\306"
 1048      881A44B4 
 1048      9BFF5009 
 1048      37C7AA0A 
 1048      31C6
 1049 0071 0E7528B8 		.ascii	"\016u(\270<Vuc\026\022\201\312\012\312\230P\015\016"
 1049      3C567563 
 1049      161281CA 
 1049      0ACA9850 
 1049      0D0E
 1050 0083 579BCB0F 		.ascii	"W\233\313\017?lg\223\016\226\211\312$?\015\033\266\300"
 1050      3F6C6793 
 1050      0E9689CA 
 1050      243F0D1B 
 1050      B6C0
 1051 0095 C5ED5678 		.ascii	"\305\355Vx4l,\220\327a\354\355\3544cn\2724\203\362s"
 1051      346C2C90 
 1051      D761ECED 
ARM GAS  C:\Users\DEVELO~1\AppData\Local\Temp\ccQ9Qcs3.s 			page 30


 1051      EC34636E 
 1051      BA3483F2 
 1052 00aa 4CF3560A 		.ascii	"L\363V\012.<v\021uJ\0324\360\240\364\022\234,n\257>"
 1052      2E3C7611 
 1052      754A1A34 
 1052      F0A0F412 
 1052      9C2C6EAF 
 1053 00bf ADBE7976 		.ascii	"\255\276yv\2609\312z9\241$\011up\306\023M\303^Q\177"
 1053      B039CA7A 
 1053      39A12409 
 1053      7570C613 
 1053      4DC35E51 
 1054 00d4 7FF56E13 		.ascii	"\177\365n\0235\346\\\361\254+\326!{w\212W}\364\315\201"
 1054      35E65CF1 
 1054      AC2BD621 
 1054      7B778A57 
 1054      7DF4CD81 
 1055 00e8 5EA024E4 		.ascii	"^\240$\344\035pYQ{\360Ns\330\357\265\033\214}\336\263"
 1055      1D705951 
 1055      7BF04E73 
 1055      D8EFB51B 
 1055      8C7DDEB3 
 1056 00fc 50BBEF76 		.ascii	"P\273\357v)\300\014/\214\253bL\346\002s\210\356\250"
 1056      29C00C2F 
 1056      8CAB624C 
 1056      E6027388 
 1056      EEA8
 1057 010e 4A1B8C72 		.ascii	"J\033\214r\360Sa\255O\363\020~\327\272i-n\342\256\342"
 1057      F05361AD 
 1057      4FF3107E 
 1057      D7BA692D 
 1057      6EE2AEE2 
 1058 0122 411DAA22 		.ascii	"A\035\252\"\022?\276\336\252\255,uaN^l=Z\271\0158\240"
 1058      123FBEDE 
 1058      AAAD2C75 
 1058      614E5E6C 
 1058      3D5AB90D 
 1059 0138 5F4AA336 		.ascii	"_J\2436\265\203\257\341\242\230\212[\251\253\341\036"
 1059      B583AFE1 
 1059      A2988A5B 
 1059      A9ABE11E 
 1060 0148 E8FC2B34 		.ascii	"\350\374+4Dr\377\004c_6\217\274\206\315_\331\315\301"
 1060      4472FF04 
 1060      635F368F 
 1060      BC86CD5F 
 1060      D9CDC1
 1061 015b E4B6B34D 		.ascii	"\344\266\263M\354\023o\226\322\225oS\327\027\347\305"
 1061      EC136F96 
 1061      D2956F53 
 1061      D717E7C5 
 1062 016b E621A65B 		.ascii	"\346!\246[S*K\337\217\310\035\217\253m9T\034\001\373"
 1062      532A4BDF 
 1062      8FC81D8F 
 1062      AB6D3954 
 1062      1C01FB
 1063 017e 430762A1 		.ascii	"C\007b\241l.\231\213\024G\3229+\226\022\261e\373L\323"
 1063      6C2E998B 
ARM GAS  C:\Users\DEVELO~1\AppData\Local\Temp\ccQ9Qcs3.s 			page 31


 1063      1447D239 
 1063      2B9612B1 
 1063      65FB4CD3 
 1064 0192 8CA53343 		.ascii	"\214\2453C\226\035\213D\217\371}\261\201\250W\006\275"
 1064      961D8B44 
 1064      8FF97DB1 
 1064      81A85706 
 1064      BD
 1065 01a3 C180FF74 		.ascii	"\301\200\377t_|\240\347d\374\324\240\367\370\211P\270"
 1065      5F7CA0E7 
 1065      64FCD4A0 
 1065      F7F88950 
 1065      B8
 1066 01b4 A7DF0C04 		.ascii	"\247\337\014\004<^O\310*\3442\264S\327\215\366\261l"
 1066      3C5E4FC8 
 1066      2AE432B4 
 1066      53D78DF6 
 1066      B16C
 1067 01c6 239BC81B 		.ascii	"#\233\310\033\366pJ\370\270]\324S\324\221H\332\305\334"
 1067      F6704AF8 
 1067      B85DD453 
 1067      D49148DA 
 1067      C5DC
 1068 01d8 50A6EB5F 		.ascii	"P\246\353_FO\2361\023\276`\267\237\202\377\023\013\326"
 1068      464F9E31 
 1068      13BE60B7 
 1068      9F82FF13 
 1068      0BD6
 1069 01ea 70D13664 		.ascii	"p\3216dS#\034>lD\006#\321\276\320\321s\346_\271x>\237"
 1069      53231C3E 
 1069      6C440623 
 1069      D1BED0D1 
 1069      73E65FB9 
 1070 0201 D6B3F407 		.ascii	"\326\263\364\007`\222\310K"
 1070      6092C84B 
 1071              		.text
 1072              		.section	.gnu.lto_stGetAlarm.436.2ccd1b64,"e",%progbits
 1073 0000 789C9362 		.ascii	"x\234\223bd`X\316\300\300\240\006\304\214\314\014\214"
 1073      646058CE 
 1073      C0C0A006 
 1073      C48CCC0C 
 1073      8C
 1074 0011 93267631 		.ascii	"\223&v114448\260316N\354\372\277f\013\013\343NF\260"
 1074      31343434 
 1074      38B03331 
 1074      364EECFA 
 1074      BF660B0B 
 1075 0029 0023433D 		.ascii	"\000#C=\023c=\343BfVF6aF\026 )\312\250\240\177\240\241"
 1075      13633DE3 
 1075      42665646 
 1075      36614616 
 1075      2029CAA8 
 1076 0041 E1C7D157 		.ascii	"\341\307\321W\033n\352\034ln\365\250g\250\335\301\270"
 1076      1B6EEA1C 
 1076      6C6EF5A8 
 1076      67A8DDC1 
 1076      B8
ARM GAS  C:\Users\DEVELO~1\AppData\Local\Temp\ccQ9Qcs3.s 			page 32


 1077 0052 1D682408 		.ascii	"\035h$\010p30\324\002\015ee\0042\252w32\000\031@s~<"
 1077      703330D4 
 1077      020D6565 
 1077      0432AA77 
 1077      33320019 
 1078 006a 5FC4CCB0 		.ascii	"_\304\314\260\213\261\032$\275\207\021(\014R\275\376"
 1078      8BB11A24 
 1078      BD871128 
 1078      0C52BDFE 
 1079 007a 12EB8186 		.ascii	"\022\353\201\206?\377\373\033\032\356\353\354\231\263"
 1079      3FFFFB1B 
 1079      1AEEEBEC 
 1079      99B3
 1080 0088 8D939989 		.ascii	"\215\223\231\211\201\211\231\201a\0363\310)\015,\214"
 1080      81899981 
 1080      611E33C8 
 1080      290D2C8C 
 1081 0098 0D071818 		.ascii	"\015\007\030\030\34633A8\315@\316w\246\206G\263O3\202"
 1081      E6333341 
 1081      38CD40CE 
 1081      77A68647 
 1081      B34F3382 
 1082 00ac 682538F1 		.ascii	"h%8\361h\0367\210\372\274\260\377\312\373\023\302 \263"
 1082      681E3788 
 1082      FABCB0FF 
 1082      CAFB13C2 
 1082      20B3
 1083 00be 418237DF 		.ascii	"A\2027\337\317`d\334\303\310\360\233\351\320\245\225"
 1083      CF6064DC 
 1083      C3C8F09B 
 1083      E9D0A595 
 1084 00ce BCCC4C40 		.ascii	"\274\314L@w\227\203\034\003$\301\346\2612\256ad(\335"
 1084      7797831C 
 1084      0324C1E6 
 1084      B132AE61 
 1084      6428DD
 1085 00e1 CFB80F24 		.ascii	"\317\270\017$h\266\260\241\341\205J\361\001\306B\240"
 1085      68B6B0A1 
 1085      E1854AF1 
 1085      01C642A0 
 1086 00f1 E32C809C 		.ascii	"\343,\200\234\025\352\371\007\031u@Ne\370\317\324\364"
 1086      15EAF907 
 1086      1975404E 
 1086      65F8CFD4 
 1086      F4
 1087 0102 6165EFBC 		.ascii	"ae\357\274\356^F`\210\000]\310\000r \304\014\306\246"
 1087      EE5E4660 
 1087      88005DC8 
 1087      007220C4 
 1087      0CC6A6
 1088 0115 0320AEBF 		.ascii	"\003 \256\277\263U\214sFfRfpIiJf~L2\210\235_ldhh\030"
 1088      B3558C73 
 1088      46665266 
 1088      7049694A 
 1088      667E4C32 
 1089 0131 93929A9B 		.ascii	"\223\222\232\233_\034\023\034\342kl\024\023\024\242"
 1089      5F1C131C 
ARM GAS  C:\Users\DEVELO~1\AppData\Local\Temp\ccQ9Qcs3.s 			page 33


 1089      E26B6C14 
 1089      1314A2
 1090 0140 0B667898 		.ascii	"\013fx\230\233\030Gy\306\007\271\206\305GD\352\372\205"
 1090      9B184779 
 1090      C607B986 
 1090      C54744EA 
 1090      FA85
 1091 0152 3AFBB8FA 		.ascii	":\373\270\372\033\232\230(\350*8\347\027d\2462\310\352"
 1091      1B9A9828 
 1091      E82A38E7 
 1091      1764A632 
 1091      C8EA
 1092 0164 E9E94350 		.ascii	"\351\351CP~\261~Fb\216~qQ2\210\216/.\321Kf0G\227-\310"
 1092      7EB17E46 
 1092      628E7E71 
 1092      5132888E 
 1092      2F2ED14B 
 1093 017e 2F2A29D6 		.ascii	"/*)\326\007\233\254\357\343\343\242\037\034\031\034"
 1093      079BACEF 
 1093      E3E3A21F 
 1093      1C191C
 1094 018d E2E9EC5D 		.ascii	"\342\351\354]f\010\325\023\237\223\223\242\227\301\000"
 1094      6608D513 
 1094      9F9393A2 
 1094      97C100
 1095 019c 00FB3597 		.ascii	"\000\3735\227\330"
 1095      D8
 1096              		.text
 1097              		.section	.gnu.lto_stIsAlarmActive.437.2ccd1b64,"e",%progbits
 1098 0000 789C5D50 		.ascii	"x\234]P\317+DQ\024>\347\336y3\244,\254ldV\262\231\367"
 1098      CF2B4451 
 1098      143EE7DE 
 1098      7933A42C 
 1098      AC6C6456 
 1099 0017 7A3383B2 		.ascii	"z3\203\262R\2172\031\224\031B\257&f\324L\215\036\336"
 1099      528F3219 
 1099      941942AF 
 1099      2666D44C 
 1099      8D1EDE
 1100 002a 6021CDC5 		.ascii	"`!\315\305B)\371QJ\02646(a\241\374\032z)\377\200\330"
 1100      4229F951 
 1100      4A163436 
 1100      2861A1FC 
 1100      1A7A29FF 
 1101 0040 88C85289 		.ascii	"\210\310R\211(\0245\356}c\345v\317\271\337w\316=\337"
 1101      281435EE 
 1101      7D63E576 
 1101      CFB9DF77 
 1101      CE3DDF
 1102 0053 FDBAC508 		.ascii	"\375\272\305\010\260\001\000\025<\220\002..\314\020"
 1102      B0010015 
 1102      3C90022E 
 1102      2ECC10
 1103 0062 608CD5B9 		.ascii	"`\214\325\271\010N,\314\274\354\354;\360\000\355\002"
 1103      084E2CCC 
 1103      BCECEC3B 
 1103      F000ED02 
ARM GAS  C:\Users\DEVELO~1\AppData\Local\Temp\ccQ9Qcs3.s 			page 34


 1104 0072 429A601A 		.ascii	"B\232`\0323T\261\030\373\272x\332\273+]\331\2640\015"
 1104      3354B118 
 1104      FBBA78DA 
 1104      BB2B5DD9 
 1104      B4300D
 1105 0085 E3555EB0 		.ascii	"\343U^\260W\021\3008\227\221\220\203\261#\004\016\370"
 1105      5711C038 
 1105      97919083 
 1105      B123040E 
 1105      F8
 1106 0096 E4D7C73A 		.ascii	"\344\327\307:\205C\034\023\355c\344e\376$\354^J\026"
 1106      85431C13 
 1106      ED63E465 
 1106      FE24EC5E 
 1106      4A16
 1107 00a8 FBC9CD31 		.ascii	"\373\311\3151v/goO\012%\002\204R\036\016 \274\275J\205"
 1107      762F676F 
 1107      4F0A2502 
 1107      84521E0E 
 1107      20BCBD4A 
 1108 00bd 09E64066 		.ascii	"\011\346@f\001\254Q\222'S\234|\022\266\356\022\371="
 1108      01AC5192 
 1108      27539C7C 
 1108      12B6EE12 
 1108      F93D
 1109 00cf 3337FFF6 		.ascii	"37\377\366P\"\0049{\\z[F<F\370&\347g[\345\224H\350\034"
 1109      50220439 
 1109      7B5C7A5B 
 1109      463C46F8 
 1109      26E7675B 
 1110 00e8 150E78B6 		.ascii	"\025\016x\266\207%\334F\030>\305,Bu\206\261\002\363"
 1110      8725DC46 
 1110      183EC52C 
 1110      427586B1 
 1110      02F3
 1111 00fa 0C07C1BE 		.ascii	"\014\007\301\276?\265<\375\354\240\224\022g%\022\301"
 1111      3FB53CFD 
 1111      ECA09412 
 1111      672512C1 
 1112 010a AFA6AF91 		.ascii	"\257\246\257\221\362\012\347\00092\371\2729{\323\304"
 1112      F20AE700 
 1112      3932F9BA 
 1112      397BD3C4 
 1113 011a 7F817BB3 		.ascii	"\177\201{\263\255\345\005q\322\022\264U\253\325\265"
 1113      ADE50571 
 1113      D212B455 
 1113      ABD5B5
 1114 0129 78A23711 		.ascii	"x\2427\021J\015\307\022\206\036\025\3300\275\252\252"
 1114      4A0DC712 
 1114      861E15D8 
 1114      30BDAAAA 
 1115 0139 EAB1BE7E 		.ascii	"\352\261\276~\303\324C\341f\237Wo\013{l\320X\343\367"
 1115      C3D443E1 
 1115      669F576F 
 1115      0B7B6CD0 
 1115      58E3F7
 1116 014c 7507226D 		.ascii	"u\007\"m\015\035\221\316.OK\273\026lhU\375~\267\307"
ARM GAS  C:\Users\DEVELO~1\AppData\Local\Temp\ccQ9Qcs3.s 			page 35


 1116      0D1D91CE 
 1116      2E4F4BBB 
 1116      166C6855 
 1116      FD7EB7C7 
 1117 0160 AD190389 		.ascii	"\255\031\003\211>(\223e%\277\015S\211\367$\025s(*\316"
 1117      3E289365 
 1117      25BF0D53 
 1117      89F72415 
 1117      73282ACE 
 1118 0174 889992A3 		.ascii	"\210\231\222\243P\363\277;`\014\245L\305VV\202\301z"
 1118      50F3BF3B 
 1118      600CA54C 
 1118      C5565682 
 1118      C17A
 1119 0186 25D4150A 		.ascii	"%\324\025\012\007\264\246\021\365o&\222L\306\3448\374"
 1119      07B4A611 
 1119      F56F2692 
 1119      4CC6E438 
 1119      FC
 1120 0197 02E3B98F 		.ascii	"\002\343\271\217\223"
 1120      93
 1121              		.text
 1122              		.section	.gnu.lto_.symbol_nodes.2ccd1b64,"e",%progbits
 1123 0000 789C6DCE 		.ascii	"x\234m\316\273\025@@\030D\341Y\343M\017\232\321\327"
 1123      BB154040 
 1123      1844E159 
 1123      E34D0F9A 
 1123      D1D7
 1124 0012 D0814EBC 		.ascii	"\320\201N\274\005\212\220*\207]G\370\337\364\233`n\370"
 1124      058A902A 
 1124      875D47F8 
 1124      DFF49B60 
 1124      6EF8
 1125 0024 A2914A3A 		.ascii	"\242\221J:_\354\206\013\020pv\275\0130Q\251\0113\225"
 1125      5FEC860B 
 1125      107076BD 
 1125      0B3051A9 
 1125      093395
 1126 0037 99B050B9 		.ascii	"\231\260P\271\011+U\230\260Q\245\011;UY\340\016\252"
 1126      092B5598 
 1126      B051A509 
 1126      3B5559E0 
 1126      0EAA
 1127 0049 7EFE9A0F 		.ascii	"~\376\232\017\001\277\013F\374\267Z\274?4?k"
 1127      01BF0B46 
 1127      FCB75ABC 
 1127      3F343F6B 
 1128              		.text
 1129              		.section	.gnu.lto_.refs.2ccd1b64,"e",%progbits
 1130 0000 789C6364 		.ascii	"x\234cd\000\002\000\000\012\000\002"
 1130      00020000 
 1130      0A0002
 1131              		.text
 1132              		.section	.gnu.lto_.decls.2ccd1b64,"e",%progbits
 1133 0000 789C9556 		.ascii	"x\234\225V}PT\327\025\277\367\356[rW0\200\232\324d\222"
 1133      7D5054D7 
 1133      15BFF7EE 
ARM GAS  C:\Users\DEVELO~1\AppData\Local\Temp\ccQ9Qcs3.s 			page 36


 1133      5B725730 
 1133      809AD464 
 1134 0015 29B15FC4 		.ascii	")\261_\304)\340.\246t\332\177$\013chE3\013\311\230\206"
 1134      29E02EA6 
 1134      74DA7F24 
 1134      0B636845 
 1134      330BC998 
 1135 002a 991D825B 		.ascii	"\231\035\202[e\002.e\237N?\376\271\013+,\012\272\313"
 1135      65022E65 
 1135      9F4E3FFE 
 1135      B90B2B2C 
 1135      0ABACB
 1136 003d 18B2E207 		.ascii	"\030\262\342\007\353\206\210\321Ha\322\214\020\215>"
 1136      EB8688D1 
 1136      4861D28C 
 1136      108D3E
 1137 004c 60134DFC 		.ascii	"`\023M\374\010\371\220\304\326X\220\320R4\002\306(j"
 1137      08F990C4 
 1137      D65890D0 
 1137      523402C6 
 1137      286A
 1138 005e 8C3DF7BD 		.ascii	"\214=\367\275\373\036,\223\266\323\035\316{\347\336"
 1138      FB1E2C93 
 1138      B6D31DCE 
 1138      7BE7DE
 1139 006d DFEFFCCE 		.ascii	"\337\357\374\3169\367\275{\037\253-\010\375\211 T\210"
 1139      39F7BD7B 
 1139      1FAB2D08 
 1139      FD892054 
 1139      88
 1140 007e 11BA073F 		.ascii	"\021\272\007?\212\020\372\030l.X\027\030\202y\3021p"
 1140      8A10FA18 
 1140      6C2E5817 
 1140      188279C2 
 1140      3170
 1141 0090 FBC02CE0 		.ascii	"\373\300,\340'\200%\201\315\003[\000\366 \330\243`\337"
 1141      27802581 
 1141      CD035B00 
 1141      F620D8A3 
 1141      60DF
 1142 00a2 079B0F5A 		.ascii	"\007\233\017Z\222\340\245\2109\012\366\020\314sm\"\342"
 1142      92E0A588 
 1142      390AF610 
 1142      CC736D22 
 1142      E2
 1143 00b3 1781FD44 		.ascii	"\027\201\375D\350\353\332W\300\036\003^<\322\3649\367"
 1143      E8EBDA57 
 1143      C01E035E 
 1143      3CD2F439 
 1143      F7
 1144 00c4 87789AF3 		.ascii	"\207x\232\363\021\330]\301\275\001\326\0176\011\366"
 1144      11D85DC1 
 1144      BD01D60F 
 1144      3609F6
 1145 00d3 2388B90F 		.ascii	"#\210\271\017i\365\374\030\307jN\012\336\343\"\377\002"
 1145      69F5FC18 
 1145      C76A4E0A 
ARM GAS  C:\Users\DEVELO~1\AppData\Local\Temp\ccQ9Qcs3.s 			page 37


 1145      DEE322FF 
 1145      02
 1146 00e4 A19BFA1F 		.ascii	"\241\233\372\037t\323\200g\021u\362\276\026\317\252"
 1146      74D38067 
 1146      1175F2BE 
 1146      16CFAA
 1147 00f3 7326F797 		.ascii	"s&\367\227B\363a\321\377O\277\243'\236?n>\226\342\036"
 1147      42F361D1 
 1147      FF4FBFA3 
 1147      279E3F6E 
 1147      3E96E21E 
 1148 0107 C0291269 		.ascii	"\300)\022i\272\031LOV\030\233`\341^)\265\013\037\006"
 1148      BA194C4F 
 1148      56189B60 
 1148      E15E29B5 
 1148      0B1F06
 1149 011a 66375619 		.ascii	"f7V\031\237\361\013\005\232\302\235~D\011\212K\305\374"
 1149      9FF10B05 
 1149      9AC29D7E 
 1149      44098A4B 
 1149      C5FC
 1150 012c 9124C21D 		.ascii	"\221$\302\035Q\212\236`\352/2\037\365\360\342\021JO"
 1150      518A9E60 
 1150      EA2F321F 
 1150      F5F0E211 
 1150      4A4F
 1151 013e A0D94822 		.ascii	"\240\331H\"\201\346\363o\230\022\007\271\252\342\263"
 1151      81E6F36F 
 1151      981207B9 
 1151      AAE2B3
 1152 014d 2055B50F 		.ascii	" U\265\017\247\366b\005\037\307\364W\\\356$\242\371"
 1152      A7F66205 
 1152      1FC7F457 
 1152      5CEE24A2 
 1152      F9
 1153 015e 883AB8AB 		.ascii	"\210:\270\253 \372,\277/\001K\202t\014\323\347\371\330"
 1153      20FA2CBF 
 1153      2F014B82 
 1153      740CD3E7 
 1153      F9D8
 1154 0170 249163C7 		.ascii	"$\221c\307\306\257\342D&\204\346k\345\365cd\375\000"
 1154      C6AFE244 
 1154      2684E66B 
 1154      E5F56364 
 1154      FD00
 1155 0182 4BA4FDF2 		.ascii	"K\244\375\362\245\3019\211\312wg\221H\360\372\355\227"
 1155      A5C13989 
 1155      CA776791 
 1155      48F0FAED 
 1155      97
 1156 0193 F1F720D6 		.ascii	"\361\367 \326\307X\230|\210\317\340\323\020\374\021"
 1156      C758987C 
 1156      88CFE0D3 
 1156      10FC11
 1157 01a2 E6F15063 		.ascii	"\346\361PcO\367pK\274\001Gca\352\344\005\244\322\022"
 1157      4FF7704B 
 1157      BC014763 
ARM GAS  C:\Users\DEVELO~1\AppData\Local\Temp\ccQ9Qcs3.s 			page 38


 1157      61EAE405 
 1157      A4D212
 1158 01b5 44D7722F 		.ascii	"D\327r/\205\276\210\250\233{\013\251\214\350\037\021"
 1158      85BE88A8 
 1158      9B7B0BA9 
 1158      8CE81F11 
 1159 01c5 65B0003E 		.ascii	"e\260\000>\260Z\260z\260 \330K\2303\006\021\357!\216"
 1159      B05AB07A 
 1159      B020D84B 
 1159      98330611 
 1159      EF218E
 1160 01d8 EEC09065 		.ascii	"\356\300\220e\344\352P\363\334\331\015\374\023\032\260"
 1160      E4EA50F3 
 1160      DCD90DFC 
 1160      131AB0
 1161 01e7 49E4F897 		.ascii	"I\344\370\227\215\3033\013<\212\217\0008\2129\016\241"
 1161      8DC3330B 
 1161      3C8A8F00 
 1161      388A390E 
 1161      A1
 1162 01f8 E168F7C5 		.ascii	"\341h\367\305\204\031\005\306\302\213[\337k\336\037"
 1162      841905C6 
 1162      C28B5BDF 
 1162      6BDE1F
 1163 0207 BF78F66F 		.ascii	"\277x\366o!\330\020cSw7\217\277\262(tm\202\261\306%"
 1163      21D81063 
 1163      5377378F 
 1163      BFB22874 
 1163      6D82B1C6 
 1164 021c 51FC29BE 		.ascii	"Q\374)\276\203\265\324\347\3002\0210:\246\266\325\262"
 1164      83B5D4E7 
 1164      C0321130 
 1164      3AA6B6D5 
 1164      B2
 1165 022d 245F4214 		.ascii	"$_B\024_2@+l0\254\202wu\360s\003\374\233\021\351\357"
 1165      5F32402B 
 1165      6C30AC82 
 1165      7775F073 
 1165      03FC9B11 
 1166 0243 AC38A9E0 		.ascii	"\2548\251\340(>o`\237a5r/\200\177\356\224\000\374\027"
 1166      283E6F60 
 1166      9F613572 
 1166      2F807FEE 
 1166      9400FC17 
 1167 0257 FE07805A 		.ascii	"\376\007\200Z\305o\031\201\367t\325\277\306Dj\340\353"
 1167      C56F1981 
 1167      F774D5BF 
 1167      C6446AE0 
 1167      EB
 1168 0268 42F58481 		.ascii	"B\365\204\201\275\213\215z6\013p \246\021\001\336\326"
 1168      BD8B8D7A 
 1168      360B7020 
 1168      A61101DE 
 1168      D6
 1169 0279 65070DF4 		.ascii	"e\007\015\364\3104\332 B\3377\300\367\246\301[z\350"
 1169      C834DA20 
 1169      42DF37C0 
ARM GAS  C:\Users\DEVELO~1\AppData\Local\Temp\ccQ9Qcs3.s 			page 39


 1169      F7A6C15B 
 1169      7AE8
 1170 028b 504CA856 		.ascii	"PL\250V\3217:x\321\000OO\207\266\013\335c\006\370\366"
 1170      D1373A78 
 1170      D1004F4F 
 1170      87B60BDD 
 1170      6306F8F6 
 1171 029f 3478470F 		.ascii	"4xG\017\375{L\250\246;\256\203\3033W^\303\266\010\325"
 1171      FD7B4CA8 
 1171      A63BAE83 
 1171      C333575E 
 1171      C3B608D5 
 1172 02b3 4F0CE894 		.ascii	"O\014\350\224\021wP`'cV(\023i\257\210\"\241\021\374"
 1172      11775060 
 1172      27635628 
 1172      1369AF88 
 1172      22A111FC 
 1173 02c7 054CDCC1 		.ascii	"\005L\334\301\275x\012_\306\327\3615|\023\177\215\257"
 1173      BD780A5F 
 1173      C6D7F135 
 1173      7C137F8D 
 1173      AF
 1174 02d8 E06FF038 		.ascii	"\340o\3608\376\022\217\341I|\013\177\213\277\302\267"
 1174      FE128FE1 
 1174      497C0B7F 
 1174      8BBFC2B7 
 1175 02e8 F104BE8B 		.ascii	"\361\004\276\213o\340\253|\323r\345o\365\212.\304<n"
 1175      6FE0AB7C 
 1175      D372E56F 
 1175      F58A2EC4 
 1175      3C6E
 1176 02fa D1CC2191 		.ascii	"\321\314!\221\367\235\230N3\325\307]\257>\356\217\361"
 1176      F79D984E 
 1176      33D5C75D 
 1176      AF3EEE8F 
 1176      F1
 1177 030b 59C0B41D 		.ascii	"Y\300\264\035tJ\013\244{\011\274\303\235\341\206\243"
 1177      744A0BA4 
 1177      7B09BCC3 
 1177      9DE186A3 
 1178 031b 9685B105 		.ascii	"\226\205\261\005\336\303\377g\205\022\331\321ts\237"
 1178      DEC3FF67 
 1178      8512D9D1 
 1178      74739F
 1179 032a C538A518 		.ascii	"\3058\245\030\321\252\360\362\303\356\020O\263\275\347"
 1179      D1AAF0F2 
 1179      C3EE104F 
 1179      B3BDE7
 1180 0339 CEB065D6 		.ascii	"\316\260e\326IPE\214\223\340\374\331\266n2\211\241\014"
 1180      4950458C 
 1180      93E0FCD9 
 1180      B66E3289 
 1180      A10C
 1181 034b 3F53BC51 		.ascii	"?S\274Q\032\210\214\262\016\306*\330\273\243\241\346"
 1181      1A888CB2 
 1181      0EC62AD8 
 1181      BBA3A1E6 
ARM GAS  C:\Users\DEVELO~1\AppData\Local\Temp\ccQ9Qcs3.s 			page 40


 1182 035b 9A517F72 		.ascii	"\232Q\177r\260\212\361\367\232=\034\202\351\346\346"
 1182      B08AF1F7 
 1182      9A3D1C82 
 1182      E9E6E6
 1183 036a C100099B 		.ascii	"\301\000\011\233x\311\214U'\260\277\300\255j\035\253"
 1183      78C98C55 
 1183      27B0BFC0 
 1183      AD6A1DAB 
 1184 037a AEE1E3FA 		.ascii	"\256\341\343\372\205\341j\355\320\353\307L\251a\035"
 1184      85E16AED 
 1184      D0EBC74C 
 1184      A9611D
 1185 0389 4A5CA48F 		.ascii	"J\\\244\217\325\204\330\212\346\346\321\223<\005k\034"
 1185      D584D88A 
 1185      E6E6D193 
 1185      3C056B1C 
 1186 0399 DC559B18 		.ascii	"\334U\233\030\256\276\340\017\367\261\207\302\240\022"
 1186      AEBEE00F 
 1186      F7B187C2 
 1186      A012
 1187 03a7 623E2588 		.ascii	"b>%\210\275\020\342UXP\301\201\360\256\206\255\276\350"
 1187      BD10E255 
 1187      5850C181 
 1187      F0AE86AD 
 1187      BEE8
 1188 03b9 D44A6F95 		.ascii	"\324Jo\225\317\317\252\242\376\244\000\\X\204u%\007"
 1188      CFCFAAA2 
 1188      FEA4005C 
 1188      58847525 
 1188      07
 1189 03ca 811F6855 		.ascii	"\201\037hUX\022\013G\375\336H\324\217\203\021\237?\030"
 1189      58120B47 
 1189      FDDE48D4 
 1189      8F83119F 
 1189      3F18
 1190 03dc 8932DC08 		.ascii	"\2112\334\010\234\224 T\345\215,\013\016n\202DQ\226"
 1190      9C942054 
 1190      E58D2C0B 
 1190      0E6E8244 
 1190      5196
 1191 03ee CCA38391 		.ascii	"\314\243\203\221\034o8\312\327\330\217\275a\346\017"
 1191      1C6F38CA 
 1191      D7D88FBD 
 1191      61E60F
 1192 03fd 54B1BAE4 		.ascii	"T\261\272\344@\304\357\017@|2\304w\005\253\024\006\216"
 1192      40C4EF0F 
 1192      407C32C4 
 1192      7705AB14 
 1192      068E
 1193 040f E20F2E82 		.ascii	"\342\017.\202,,N=\252!\200\300e\231DZ\016V\265\223k"
 1193      2C2C4E3D 
 1193      AA2180C0 
 1193      6599445A 
 1193      0E56B593 
 1194 0424 BCF62B6D 		.ascii	"\274\366+m\015\361\370\201\3002\204\227$\321~\302O3"
 1194      0DF1F881 
 1194      C0328497 
ARM GAS  C:\Users\DEVELO~1\AppData\Local\Temp\ccQ9Qcs3.s 			page 41


 1194      24D17EC2 
 1194      4F33
 1195 0436 02875992 		.ascii	"\002\207Y\222D^\233\272\320gz\204S\030[0\206\374\244"
 1195      445E9BBA 
 1195      D0677A84 
 1195      53185B30 
 1195      86FCA4
 1196 0449 1616BF8E 		.ascii	"\026\026\277\216\250\037\023\211\034\032\035\234HL\015"
 1196      A81F1389 
 1196      1C1A1D9C 
 1196      484C0D
 1197 0458 85D8D4C5 		.ascii	"\205\330\324\305\246\206>\274\213)|A\245:RCz\325\017"
 1197      A6863EBC 
 1197      8B297C41 
 1197      A53A5243 
 1197      7AD50F
 1198 046b 430D419B 		.ascii	"C\015A\233\210\217\244\327\233\351\327\374\201}>v\364"
 1198      888FA4D7 
 1198      9BE9D7FC 
 1198      817D3E76 
 1198      F4
 1199 047c 07BA5A35 		.ascii	"\007\272Z5\321\324\352u\265\326\236\361\343f\2566\361"
 1199      D1D4EA75 
 1199      B5D69EF1 
 1199      E366AE36 
 1199      F1
 1200 048d C170CDFD 		.ascii	"\301p\315\375\375|Mq=\331\"\244\266\010)\257\231V\231"
 1200      FD7C4D71 
 1200      3DD922A4 
 1200      B60829AF 
 1200      995699
 1201 04a0 803D7A64 		.ascii	"\200=zd\250;\221\177\037\253\311$\014?=}\257~\356\354"
 1201      A83B917F 
 1201      1FABC924 
 1201      0C3F3D7D 
 1201      AF7EEEEC 
 1202 04b4 4203046D 		.ascii	"B\003\004m\343\377\005\220[\3357z\023T\351\361\276\337"
 1202      E3FF0590 
 1202      5BDD377A 
 1202      1354E9F1 
 1202      BEDF
 1203 04c6 ED07D6B2 		.ascii	"\355\007\326\262\000\331*\204\267\012\3413\022\335\306"
 1203      00D92A84 
 1203      B70AE133 
 1203      12DDC6
 1204 04d5 856BDBBB 		.ascii	"\205k\333\273.\305snG\303&\330\036\242\243F\301n\024"
 1204      2EC5736E 
 1204      47C326D8 
 1204      1EA2A346 
 1204      C16E14
 1205 04e8 EC1312DD 		.ascii	"\354\023\022\335\311\331\347\336\036\330\246\261\017"
 1205      C9D9E7DE 
 1205      1ED8A6B1 
 1205      0F
 1206 04f5 1AEC00D9 		.ascii	"\032\354\000\331.\330\333\005{\277D\367q\366\313\255"
 1206      2ED8DB05 
 1206      7BBF44F7 
ARM GAS  C:\Users\DEVELO~1\AppData\Local\Temp\ccQ9Qcs3.s 			page 42


 1206      71F6CBAD 
 1207 0505 1D632A7B 		.ascii	"\035c*{\342\324\310t\213M\202\335$\330\267L\264\323"
 1207      E2D4C874 
 1207      8B4D82DD 
 1207      24D8B74C 
 1207      B4D3
 1208 0517 84680F44 		.ascii	"\204h\017D\304\275\177\374\300>\374\030\306\367\203"
 1208      C4BD7FFC 
 1208      C03EFC18 
 1208      C6F783
 1209 0526 81B8B493 		.ascii	"\201\270\264\223\300\353>\312|\011\350\011\033\332A"
 1209      C0EB3ECA 
 1209      7C09E809 
 1209      1BDA41
 1210 0535 7612B48B 		.ascii	"v\022\264\2134\023\270Kd\240\345t\277\244/\301N\261"
 1210      3413B84B 
 1210      64A0E574 
 1210      BFA42FC1 
 1210      4EB1
 1211 0547 BABBF5D5 		.ascii	"\272\273\365\325m\013n\376j\216\232\372\362;\332\022"
 1211      6D0B6EFE 
 1211      6A8E9AFA 
 1211      F23BDA12 
 1212 0557 EC262191 		.ascii	"\354&!\2218$\022_5\321\023\274\314\353\347\332\024S"
 1212      3824125F 
 1212      35D113BC 
 1212      CCEBE7DA 
 1212      1453
 1213 0569 6A08BE27 		.ascii	"j\010\276'\003{\316\274\231\322S\035N\255#-\202\334"
 1213      037BCEBC 
 1213      99D2531D 
 1213      4EAD232D 
 1213      82DC
 1214 057b 42F8077F 		.ascii	"B\370\007\177\004\276\322o\27510|\237\261=\353\304\366"
 1214      04BED26F 
 1214      BD31307C 
 1214      9FB13DEB 
 1214      C4F6
 1215 058d DCCBB7E7 		.ascii	"\334\313\267\347\026\011\245\006 \327\324\233_\014a"
 1215      1609A506 
 1215      20D7D49B 
 1215      5F0C61
 1216 059c B6195ED2 		.ascii	"\266\031^\322y\365$\242)\274\002\216\226o\330L\367\010"
 1216      79F524A2 
 1216      29BC028E 
 1216      966FD84C 
 1216      F708
 1217 05ae E2D6C31D 		.ascii	"\342\326\303\035:1@Z5\342\253\340h\304Sf\332\251\021"
 1217      3A31405A 
 1217      35E2ABE0 
 1217      68C45366 
 1217      DAA911
 1218 05c1 3BDA0F57 		.ascii	";\332\017W@\365\201\247\352\310>\215\325\006\216\306"
 1218      40F581A7 
 1218      EAC83E8D 
 1218      D5068EC6 
 1219 05d1 EA35D33E 		.ascii	"\3525\323>\301:+X\001\262_c\275\006\216\306:`\246\237"
ARM GAS  C:\Users\DEVELO~1\AppData\Local\Temp\ccQ9Qcs3.s 			page 43


 1219      C13A2B58 
 1219      01B25F63 
 1219      BD068EC6 
 1219      3A60A69F 
 1220 05e5 88A46387 		.ascii	"\210\244c\207gTw@#\036\004G#\3561\323\021A\364w\033"
 1220      67547740 
 1220      231E0447 
 1220      23EE31D3 
 1220      1141F477 
 1221 05fa D5ED26AF 		.ascii	"\325\355&\257k\304C\340h\304F32\333\355\371\216\314"
 1221      6BC443E0 
 1221      68C44633 
 1221      32DBEDF9 
 1221      8ECC
 1222 060c 47D2D333 		.ascii	"G\322\3233\264?\267'c]qY\206\247\262\204\337\235\036"
 1222      B43FB727 
 1222      635D7159 
 1222      86A7B284 
 1222      DF9D1E
 1223 061f 39BD842E 		.ascii	"9\275\204._\371L\212\335\232\205\346\3513\351/\374\326"
 1223      5FF94C8A 
 1223      DD9A85E6 
 1223      E933E92F 
 1223      FCD6
 1224 0631 5A6CCBFA 		.ascii	"Zl\313\372y&\242\033J\327\313\2316\247LV9\244\234\374"
 1224      7926A21B 
 1224      4AD7CB99 
 1224      36A74C56 
 1224      39A49CFC 
 1225 0645 6C8729C7 		.ascii	"l\207)\307\356\220\236\314)t\230\354v\207\311\001\226"
 1225      EE909ECC 
 1225      297498EC 
 1225      7687C901 
 1225      96
 1226 0656 ED70989E 		.ascii	"\355p\230\236.\260\233\354+\013%\273=\327\241f\264\251"
 1226      2EB09BEC 
 1226      2B0B25BB 
 1226      3DD7A166 
 1226      B4A9
 1227 0668 57AB2977 		.ascii	"W\253)w\271\203\024@d^\256C*\310\007\266\335a\003\263"
 1227      B9831440 
 1227      645EAE43 
 1227      2AC807B6 
 1227      DD6103B3 
 1228 067c 0273B563 		.ascii	"\002s\265c\225\375\027E\366u\245/\224\026\310\033\326"
 1228      95FD1745 
 1228      F675A52F 
 1228      9416C81B 
 1228      D6
 1229 068d 94BA8B4A 		.ascii	"\224\272\213J\270\357\366\330\254Vk\321\032W\271\333"
 1229      B8EFF6D8 
 1229      AC566BD1 
 1229      1A57B9DB 
 1230 069d 53545098 		.ascii	"STP\230\237i+r\024\246\251\316SYK3\177\223\347t\344"
 1230      9F692B72 
 1230      14A6A9CE 
 1230      53594B33 
ARM GAS  C:\Users\DEVELO~1\AppData\Local\Temp\ccQ9Qcs3.s 			page 44


 1230      7F93E774 
 1231 06b2 3EEB5CFD 		.ascii	">\353\\\375\\\332\312g\354+rWY\227.MIK\261\273+J]\310"
 1231      5CDACA67 
 1231      EC2B7257 
 1231      59972E4D 
 1231      494BB1BB 
 1232 06ca 36BBCB0A 		.ascii	"6\273\313\012w\245\354\311Pc3V\254\310\311(\314\313"
 1232      77A5ECC9 
 1232      50633356 
 1232      ACC8C928 
 1232      CCCB
 1233 06dc DF68CDF0 		.ascii	"\337h\315\360\310\345\274\243\322\362\364u(\336\030"
 1233      C8E5BCA3 
 1233      D2F2F475 
 1233      28DE18
 1234 06eb 38658BE7 		.ascii	"8e\213\347\017\036p\\N\331d\375\031\262\024W\226o\314"
 1234      0F1E705C 
 1234      4ED964FD 
 1234      19B21457 
 1234      966FCC
 1235 06fe 72A595A3 		.ascii	"r\245\225\2439% \343\372}Zy\026\212\363\310y\353K\345"
 1235      392520E3 
 1235      FA7D5A79 
 1235      168AF3C8 
 1235      79EB4BE5 
 1236 0712 47FFDB72 		.ascii	"G\377\333r\242\004\217\274\334%\333\335\033\326\313"
 1236      A2048FBC 
 1236      DC25DBDD 
 1236      1BD6CB
 1237 0721 AE4A1814 		.ascii	"\256J\030\024\310\305\225rv\031\350\305\363\201\273"
 1237      C8C59572 
 1237      7619E8C5 
 1237      F381BB
 1238 0730 42F5E780 		.ascii	"B\365\347\200\357\222uw\271p\023!\201G\365\262K\344"
 1238      EF927577 
 1238      B9701321 
 1238      8147F5B2 
 1238      4BE4
 1239 0742 D28D2EB3 		.ascii	"\322\215.\263\363I\267\273\014\342\234eek\234\245\220"
 1239      F349B7BB 
 1239      0CE29C65 
 1239      656B9CA5 
 1239      90
 1240 0753 3BEB7F35 		.ascii	";\353\1775Y\360\\Aa\236\375\327\320\250V\021\217\204"
 1240      59F05C41 
 1240      619EFDD7 
 1240      D0A85611 
 1240      8F84
 1241 0765 4EE7098D 		.ascii	"N\347\011\215\265.\331Y\242\325\246Oyx\201\316b\236"
 1241      B52ED959 
 1241      A2D5A64F 
 1241      797881CE 
 1241      629E
 1242 0777 35D99872 		.ascii	"5\331\230rWh3I\372\214K\216\235X\253O<\250W\347\321"
 1242      57683349 
 1242      FA8C4B8E 
 1242      9D58AB4F 
ARM GAS  C:\Users\DEVELO~1\AppData\Local\Temp\ccQ9Qcs3.s 			page 45


 1242      3CA857E7 
 1243 078c C6CE62B5 		.ascii	"\306\316b\265\364\177\003\337\326R\360"
 1243      F47F03DF 
 1243      D652F0
 1244              		.text
 1245              		.section	.gnu.lto_.symtab.2ccd1b64,"e",%progbits
 1246 0000 7374496E 		.ascii	"stInit\000"
 1246      697400
 1247 0007 00       		.ascii	"\000"
 1248 0008 00       		.ascii	"\000"
 1249 0009 00       		.ascii	"\000"
 1250 000a 00000000 		.ascii	"\000\000\000\000\000\000\000\000"
 1250      00000000 
 1251 0012 09010000 		.ascii	"\011\001\000\000"
 1252 0016 73744765 		.ascii	"stGetCounter\000"
 1252      74436F75 
 1252      6E746572 
 1252      00
 1253 0023 00       		.ascii	"\000"
 1254 0024 00       		.ascii	"\000"
 1255 0025 00       		.ascii	"\000"
 1256 0026 00000000 		.ascii	"\000\000\000\000\000\000\000\000"
 1256      00000000 
 1257 002e 0C010000 		.ascii	"\014\001\000\000"
 1258 0032 73745374 		.ascii	"stStartAlarm\000"
 1258      61727441 
 1258      6C61726D 
 1258      00
 1259 003f 00       		.ascii	"\000"
 1260 0040 00       		.ascii	"\000"
 1261 0041 00       		.ascii	"\000"
 1262 0042 00000000 		.ascii	"\000\000\000\000\000\000\000\000"
 1262      00000000 
 1263 004a 10010000 		.ascii	"\020\001\000\000"
 1264 004e 73745374 		.ascii	"stStopAlarm\000"
 1264      6F70416C 
 1264      61726D00 
 1265 005a 00       		.ascii	"\000"
 1266 005b 00       		.ascii	"\000"
 1267 005c 00       		.ascii	"\000"
 1268 005d 00000000 		.ascii	"\000\000\000\000\000\000\000\000"
 1268      00000000 
 1269 0065 12010000 		.ascii	"\022\001\000\000"
 1270 0069 73745365 		.ascii	"stSetAlarm\000"
 1270      74416C61 
 1270      726D00
 1271 0074 00       		.ascii	"\000"
 1272 0075 00       		.ascii	"\000"
 1273 0076 00       		.ascii	"\000"
 1274 0077 00000000 		.ascii	"\000\000\000\000\000\000\000\000"
 1274      00000000 
 1275 007f 14010000 		.ascii	"\024\001\000\000"
 1276 0083 73744765 		.ascii	"stGetAlarm\000"
 1276      74416C61 
 1276      726D00
 1277 008e 00       		.ascii	"\000"
 1278 008f 00       		.ascii	"\000"
ARM GAS  C:\Users\DEVELO~1\AppData\Local\Temp\ccQ9Qcs3.s 			page 46


 1279 0090 00       		.ascii	"\000"
 1280 0091 00000000 		.ascii	"\000\000\000\000\000\000\000\000"
 1280      00000000 
 1281 0099 16010000 		.ascii	"\026\001\000\000"
 1282 009d 73744973 		.ascii	"stIsAlarmActive\000"
 1282      416C6172 
 1282      6D416374 
 1282      69766500 
 1283 00ad 00       		.ascii	"\000"
 1284 00ae 00       		.ascii	"\000"
 1285 00af 00       		.ascii	"\000"
 1286 00b0 00000000 		.ascii	"\000\000\000\000\000\000\000\000"
 1286      00000000 
 1287 00b8 1D010000 		.ascii	"\035\001\000\000"
 1288 00bc 73745F6C 		.ascii	"st_lld_init\000"
 1288      6C645F69 
 1288      6E697400 
 1289 00c8 00       		.ascii	"\000"
 1290 00c9 02       		.ascii	"\002"
 1291 00ca 00       		.ascii	"\000"
 1292 00cb 00000000 		.ascii	"\000\000\000\000\000\000\000\000"
 1292      00000000 
 1293 00d3 1F010000 		.ascii	"\037\001\000\000"
 1294              		.text
 1295              		.section	.gnu.lto_.ext_symtab.2ccd1b64,"e",%progbits
 1296 0000 01       		.ascii	"\001"
 1297 0001 01       		.ascii	"\001"
 1298 0002 00       		.ascii	"\000"
 1299 0003 01       		.ascii	"\001"
 1300 0004 00       		.ascii	"\000"
 1301 0005 01       		.ascii	"\001"
 1302 0006 00       		.ascii	"\000"
 1303 0007 01       		.ascii	"\001"
 1304 0008 00       		.ascii	"\000"
 1305 0009 01       		.ascii	"\001"
 1306 000a 00       		.ascii	"\000"
 1307 000b 01       		.ascii	"\001"
 1308 000c 00       		.ascii	"\000"
 1309 000d 01       		.ascii	"\001"
 1310 000e 00       		.ascii	"\000"
 1311 000f 01       		.ascii	"\001"
 1312 0010 00       		.ascii	"\000"
 1313              		.text
 1314              		.section	.gnu.lto_.opts,"e",%progbits
 1315 0000 272D666E 		.ascii	"'-fno-openmp' '-fno-openacc' '-fno-pie' '-fcf-prote"
 1315      6F2D6F70 
 1315      656E6D70 
 1315      2720272D 
 1315      666E6F2D 
 1316 0033 6374696F 		.ascii	"ction=none' '-g' '-mcpu=cortex-m7' '-mthumb' '-mflo"
 1316      6E3D6E6F 
 1316      6E652720 
 1316      272D6727 
 1316      20272D6D 
 1317 0066 61742D61 		.ascii	"at-abi=soft' '-mlibarch=armv7e-m' '-march=armv7e-m'"
 1317      62693D73 
 1317      6F667427 
ARM GAS  C:\Users\DEVELO~1\AppData\Local\Temp\ccQ9Qcs3.s 			page 47


 1317      20272D6D 
 1317      6C696261 
 1318 0099 20272D4F 		.ascii	" '-O2' '-fomit-frame-pointer' '-falign-functions=16"
 1318      32272027 
 1318      2D666F6D 
 1318      69742D66 
 1318      72616D65 
 1319 00cc 2720272D 		.ascii	"' '-ffunction-sections' '-fdata-sections' '-fno-com"
 1319      6666756E 
 1319      6374696F 
 1319      6E2D7365 
 1319      6374696F 
 1320 00ff 6D6F6E27 		.ascii	"mon' '-flto' '-Xassembler' '-alms=./build/lst/hal_s"
 1320      20272D66 
 1320      6C746F27 
 1320      20272D58 
 1320      61737365 
 1321 0132 742E6C73 		.ascii	"t.lst'\000"
 1321      742700
 1322              		.text
 1323              		.comm	__gnu_lto_slim,1,1
 1324              		.ident	"GCC: (Arm GNU Toolchain 11.3.Rel1) 11.3.1 20220712"
ARM GAS  C:\Users\DEVELO~1\AppData\Local\Temp\ccQ9Qcs3.s 			page 48


DEFINED SYMBOLS
                            *ABS*:00000000 hal_st.c
C:\Users\DEVELO~1\AppData\Local\Temp\ccQ9Qcs3.s:24     .gnu.debuglto_.debug_info:00000000 hal_st.c.bf1a2783
                            *COM*:00000001 __gnu_lto_slim

NO UNDEFINED SYMBOLS
