ARM GAS  C:\Users\DEVELO~1\AppData\Local\Temp\ccTt0A2l.s 			page 1


   1              		.cpu cortex-m7
   2              		.arch armv7e-m
   3              		.fpu softvfp
   4              		.eabi_attribute 20, 1
   5              		.eabi_attribute 21, 1
   6              		.eabi_attribute 23, 3
   7              		.eabi_attribute 24, 1
   8              		.eabi_attribute 25, 1
   9              		.eabi_attribute 26, 1
  10              		.eabi_attribute 30, 2
  11              		.eabi_attribute 34, 1
  12              		.eabi_attribute 18, 4
  13              		.file	"hal_pal_lld.c"
  14              		.text
  15              	.Ltext0:
  16              		.cfi_sections	.debug_frame
  17              		.section	.text._pal_lld_init,"ax",%progbits
  18              		.align	1
  19              		.p2align 4,,15
  20              		.global	_pal_lld_init
  21              		.syntax unified
  22              		.thumb
  23              		.thumb_func
  24              		.type	_pal_lld_init, %function
  25              	_pal_lld_init:
  26              	.LFB431:
  27              		.file 1 "../../../os/hal/ports/STM32/LLD/GPIOv2/hal_pal_lld.c"
  28              		.loc 1 65 26 view -0
  29              		.cfi_startproc
  30              		@ args = 0, pretend = 0, frame = 0
  31              		@ frame_needed = 0, uses_anonymous_args = 0
  32              		@ link register save eliminated.
  33              		.loc 1 74 1 view .LVU1
  34 0000 7047     		bx	lr
  35              		.cfi_endproc
  36              	.LFE431:
  37              		.size	_pal_lld_init, .-_pal_lld_init
  38 0002 00BF     		.section	.text._pal_lld_setgroupmode,"ax",%progbits
  39              		.align	1
  40              		.p2align 4,,15
  41              		.global	_pal_lld_setgroupmode
  42              		.syntax unified
  43              		.thumb
  44              		.thumb_func
  45              		.type	_pal_lld_setgroupmode, %function
  46              	_pal_lld_setgroupmode:
  47              	.LVL0:
  48              	.LFB432:
  49              		.loc 1 91 43 view -0
  50              		.cfi_startproc
  51              		@ args = 0, pretend = 0, frame = 0
  52              		@ frame_needed = 0, uses_anonymous_args = 0
  53              		.loc 1 93 3 view .LVU3
  54              		.loc 1 91 43 is_stmt 0 view .LVU4
  55 0000 2DE9F04F 		push	{r4, r5, r6, r7, r8, r9, r10, fp, lr}
  56              		.cfi_def_cfa_offset 36
  57              		.cfi_offset 4, -36
ARM GAS  C:\Users\DEVELO~1\AppData\Local\Temp\ccTt0A2l.s 			page 2


  58              		.cfi_offset 5, -32
  59              		.cfi_offset 6, -28
  60              		.cfi_offset 7, -24
  61              		.cfi_offset 8, -20
  62              		.cfi_offset 9, -16
  63              		.cfi_offset 10, -12
  64              		.cfi_offset 11, -8
  65              		.cfi_offset 14, -4
  66              		.loc 1 93 12 view .LVU5
  67 0004 02F00309 		and	r9, r2, #3
  68              	.LVL1:
  69              		.loc 1 94 3 is_stmt 1 view .LVU6
  70              		.loc 1 96 12 is_stmt 0 view .LVU7
  71 0008 C2F34114 		ubfx	r4, r2, #5, #2
  72              		.loc 1 94 12 view .LVU8
  73 000c C2F38006 		ubfx	r6, r2, #2, #1
  74              	.LVL2:
  75              		.loc 1 95 3 is_stmt 1 view .LVU9
  76              		.loc 1 95 12 is_stmt 0 view .LVU10
  77 0010 C2F3C105 		ubfx	r5, r2, #3, #2
  78              	.LVL3:
  79              		.loc 1 96 3 is_stmt 1 view .LVU11
  80              		.loc 1 97 3 view .LVU12
  81              		.loc 1 97 12 is_stmt 0 view .LVU13
  82 0014 C2F3C317 		ubfx	r7, r2, #7, #4
  83              	.LVL4:
  84              		.loc 1 98 3 is_stmt 1 view .LVU14
  85              		.loc 1 93 12 is_stmt 0 view .LVU15
  86 0018 CE46     		mov	lr, r9
  87              		.loc 1 98 12 view .LVU16
  88 001a 0022     		movs	r2, #0
  89              	.LVL5:
  90              	.LBB2:
  91              		.loc 1 106 15 view .LVU17
  92 001c 4FF00F0B 		mov	fp, #15
  93              		.loc 1 105 14 view .LVU18
  94 0020 A046     		mov	r8, r4
  95 0022 16E0     		b	.L10
  96              	.LVL6:
  97              	.L5:
  98              		.loc 1 122 9 is_stmt 1 view .LVU19
  99              		.loc 1 122 30 is_stmt 0 view .LVU20
 100 0024 0368     		ldr	r3, [r0]
 101              		.loc 1 123 12 view .LVU21
 102 0026 072A     		cmp	r2, #7
 103              		.loc 1 122 38 view .LVU22
 104 0028 0AEA0303 		and	r3, r10, r3
 105              		.loc 1 122 45 view .LVU23
 106 002c 43EA0E03 		orr	r3, r3, lr
 107              		.loc 1 122 23 view .LVU24
 108 0030 0360     		str	r3, [r0]
 109              		.loc 1 123 9 is_stmt 1 view .LVU25
 110              		.loc 1 123 12 is_stmt 0 view .LVU26
 111 0032 4AD8     		bhi	.L8
 112              		.loc 1 124 11 is_stmt 1 view .LVU27
 113              		.loc 1 124 29 is_stmt 0 view .LVU28
 114 0034 036A     		ldr	r3, [r0, #32]
ARM GAS  C:\Users\DEVELO~1\AppData\Local\Temp\ccTt0A2l.s 			page 3


 115              		.loc 1 124 36 view .LVU29
 116 0036 23EA0403 		bic	r3, r3, r4
 117              		.loc 1 124 43 view .LVU30
 118 003a 43EA0C03 		orr	r3, r3, ip
 119              		.loc 1 124 22 view .LVU31
 120 003e 0362     		str	r3, [r0, #32]
 121              	.LVL7:
 122              	.L4:
 123              		.loc 1 124 22 view .LVU32
 124              	.LBE2:
 125              		.loc 1 129 5 is_stmt 1 view .LVU33
 126              		.loc 1 130 5 view .LVU34
 127              		.loc 1 130 8 is_stmt 0 view .LVU35
 128 0040 4908     		lsrs	r1, r1, #1
 129              	.LVL8:
 130              		.loc 1 130 8 view .LVU36
 131 0042 40D0     		beq	.L14
 132              	.LVL9:
 133              	.L16:
 134              		.loc 1 132 5 is_stmt 1 view .LVU37
 135              		.loc 1 132 12 is_stmt 0 view .LVU38
 136 0044 7600     		lsls	r6, r6, #1
 137              	.LVL10:
 138              		.loc 1 133 5 is_stmt 1 view .LVU39
 139              		.loc 1 136 8 is_stmt 0 view .LVU40
 140 0046 0132     		adds	r2, r2, #1
 141              	.LVL11:
 142              		.loc 1 133 13 view .LVU41
 143 0048 AD00     		lsls	r5, r5, #2
 144              	.LVL12:
 145              		.loc 1 134 5 is_stmt 1 view .LVU42
 146              		.loc 1 134 11 is_stmt 0 view .LVU43
 147 004a 4FEA8808 		lsl	r8, r8, #2
 148              	.LVL13:
 149              		.loc 1 135 5 is_stmt 1 view .LVU44
 150              		.loc 1 135 11 is_stmt 0 view .LVU45
 151 004e 4FEA8E0E 		lsl	lr, lr, #2
 152              	.LVL14:
 153              		.loc 1 136 5 is_stmt 1 view .LVU46
 154              		.loc 1 99 9 view .LVU47
 155              	.L10:
 156              		.loc 1 99 3 view .LVU48
 157              		.loc 1 100 5 view .LVU49
 158              		.loc 1 100 8 is_stmt 0 view .LVU50
 159 0052 CB07     		lsls	r3, r1, #31
 160 0054 F4D5     		bpl	.L4
 161              	.LBB3:
 162              		.loc 1 101 7 is_stmt 1 view .LVU51
 163              		.loc 1 103 7 view .LVU52
 164              		.loc 1 104 14 is_stmt 0 view .LVU53
 165 0056 0124     		movs	r4, #1
 166              		.loc 1 107 28 view .LVU54
 167 0058 4368     		ldr	r3, [r0, #4]
 168              		.loc 1 110 10 view .LVU55
 169 005a B9F1020F 		cmp	r9, #2
 170              		.loc 1 104 14 view .LVU56
 171 005e 04FA02F4 		lsl	r4, r4, r2
ARM GAS  C:\Users\DEVELO~1\AppData\Local\Temp\ccTt0A2l.s 			page 4


 172              		.loc 1 107 37 view .LVU57
 173 0062 23EA0403 		bic	r3, r3, r4
 174              		.loc 1 105 14 view .LVU58
 175 0066 4FF00304 		mov	r4, #3
 176              		.loc 1 107 44 view .LVU59
 177 006a 43EA0603 		orr	r3, r3, r6
 178              		.loc 1 107 21 view .LVU60
 179 006e 4360     		str	r3, [r0, #4]
 180              		.loc 1 105 14 view .LVU61
 181 0070 4FEA4203 		lsl	r3, r2, #1
 182 0074 04FA03F3 		lsl	r3, r4, r3
 183              		.loc 1 108 28 view .LVU62
 184 0078 8468     		ldr	r4, [r0, #8]
 185              		.loc 1 108 38 view .LVU63
 186 007a 24EA0304 		bic	r4, r4, r3
 187              		.loc 1 108 40 view .LVU64
 188 007e 6FEA030A 		mvn	r10, r3
 189              		.loc 1 108 45 view .LVU65
 190 0082 44EA0504 		orr	r4, r4, r5
 191              		.loc 1 108 21 view .LVU66
 192 0086 8460     		str	r4, [r0, #8]
 193              		.loc 1 109 28 view .LVU67
 194 0088 C468     		ldr	r4, [r0, #12]
 195              		.loc 1 109 36 view .LVU68
 196 008a 24EA030C 		bic	ip, r4, r3
 197              		.loc 1 103 32 view .LVU69
 198 008e 02F00704 		and	r4, r2, #7
 199              		.loc 1 109 43 view .LVU70
 200 0092 4CEA0803 		orr	r3, ip, r8
 201              		.loc 1 103 37 view .LVU71
 202 0096 4FEA8404 		lsl	r4, r4, #2
 203              		.loc 1 109 21 view .LVU72
 204 009a C360     		str	r3, [r0, #12]
 205              		.loc 1 103 16 view .LVU73
 206 009c 07FA04FC 		lsl	ip, r7, r4
 207              	.LVL15:
 208              		.loc 1 104 7 is_stmt 1 view .LVU74
 209              		.loc 1 105 7 view .LVU75
 210              		.loc 1 106 7 view .LVU76
 211              		.loc 1 106 15 is_stmt 0 view .LVU77
 212 00a0 0BFA04F4 		lsl	r4, fp, r4
 213              	.LVL16:
 214              		.loc 1 107 7 is_stmt 1 view .LVU78
 215              		.loc 1 108 7 view .LVU79
 216              		.loc 1 109 7 view .LVU80
 217              		.loc 1 110 7 view .LVU81
 218              		.loc 1 110 10 is_stmt 0 view .LVU82
 219 00a4 BED1     		bne	.L5
 220              		.loc 1 113 9 is_stmt 1 view .LVU83
 221              		.loc 1 113 12 is_stmt 0 view .LVU84
 222 00a6 072A     		cmp	r2, #7
 223 00a8 16D8     		bhi	.L6
 224              		.loc 1 114 11 is_stmt 1 view .LVU85
 225              		.loc 1 114 29 is_stmt 0 view .LVU86
 226 00aa 036A     		ldr	r3, [r0, #32]
 227              		.loc 1 114 36 view .LVU87
 228 00ac 23EA0403 		bic	r3, r3, r4
ARM GAS  C:\Users\DEVELO~1\AppData\Local\Temp\ccTt0A2l.s 			page 5


 229              		.loc 1 114 43 view .LVU88
 230 00b0 43EA0C03 		orr	r3, r3, ip
 231              		.loc 1 114 22 view .LVU89
 232 00b4 0362     		str	r3, [r0, #32]
 233              	.L7:
 234              		.loc 1 117 9 is_stmt 1 view .LVU90
 235              		.loc 1 117 30 is_stmt 0 view .LVU91
 236 00b6 0368     		ldr	r3, [r0]
 237              	.LBE3:
 238              		.loc 1 130 8 view .LVU92
 239 00b8 4908     		lsrs	r1, r1, #1
 240              	.LVL17:
 241              	.LBB4:
 242              		.loc 1 117 38 view .LVU93
 243 00ba 0AEA0303 		and	r3, r10, r3
 244              		.loc 1 117 45 view .LVU94
 245 00be 43EA0E03 		orr	r3, r3, lr
 246              		.loc 1 117 23 view .LVU95
 247 00c2 0360     		str	r3, [r0]
 248              	.LBE4:
 249              		.loc 1 129 5 is_stmt 1 view .LVU96
 250              		.loc 1 130 5 view .LVU97
 251              		.loc 1 130 8 is_stmt 0 view .LVU98
 252 00c4 BED1     		bne	.L16
 253              	.LVL18:
 254              	.L14:
 255              		.loc 1 138 1 view .LVU99
 256 00c6 BDE8F08F 		pop	{r4, r5, r6, r7, r8, r9, r10, fp, pc}
 257              	.LVL19:
 258              	.L8:
 259              	.LBB5:
 260              		.loc 1 126 11 is_stmt 1 view .LVU100
 261              		.loc 1 126 29 is_stmt 0 view .LVU101
 262 00ca 436A     		ldr	r3, [r0, #36]
 263              		.loc 1 126 36 view .LVU102
 264 00cc 23EA0403 		bic	r3, r3, r4
 265              		.loc 1 126 43 view .LVU103
 266 00d0 43EA0C03 		orr	r3, r3, ip
 267              		.loc 1 126 22 view .LVU104
 268 00d4 4362     		str	r3, [r0, #36]
 269 00d6 B3E7     		b	.L4
 270              	.L6:
 271              		.loc 1 116 11 is_stmt 1 view .LVU105
 272              		.loc 1 116 29 is_stmt 0 view .LVU106
 273 00d8 436A     		ldr	r3, [r0, #36]
 274              		.loc 1 116 36 view .LVU107
 275 00da 23EA0403 		bic	r3, r3, r4
 276              		.loc 1 116 43 view .LVU108
 277 00de 43EA0C03 		orr	r3, r3, ip
 278              		.loc 1 116 22 view .LVU109
 279 00e2 4362     		str	r3, [r0, #36]
 280 00e4 E7E7     		b	.L7
 281              	.LBE5:
 282              		.cfi_endproc
 283              	.LFE432:
 284              		.size	_pal_lld_setgroupmode, .-_pal_lld_setgroupmode
 285 00e6 00BF     		.text
ARM GAS  C:\Users\DEVELO~1\AppData\Local\Temp\ccTt0A2l.s 			page 6


 286              	.Letext0:
 287              		.file 2 "c:\\chibistudio\\tools\\gnu tools arm embedded\\11.3 2022.08\\arm-none-eabi\\include\\mac
 288              		.file 3 "c:\\chibistudio\\tools\\gnu tools arm embedded\\11.3 2022.08\\arm-none-eabi\\include\\sys
 289              		.file 4 "../../../os/hal/ports/STM32/LLD/GPIOv2/stm32_gpio.h"
 290              		.file 5 "../../../os/hal/ports/STM32/LLD/GPIOv2/hal_pal_lld.h"
 291              		.section	.debug_info,"",%progbits
 292              	.Ldebug_info0:
 293 0000 D5020000 		.4byte	0x2d5
 294 0004 0500     		.2byte	0x5
 295 0006 01       		.byte	0x1
 296 0007 04       		.byte	0x4
 297 0008 00000000 		.4byte	.Ldebug_abbrev0
 298 000c 0B       		.uleb128 0xb
 299 000d 59000000 		.4byte	.LASF39
 300 0011 1D       		.byte	0x1d
 301 0012 35010000 		.4byte	.LASF40
 302 0016 44020000 		.4byte	.LASF41
 303 001a 23000000 		.4byte	.LLRL13
 304 001e 00000000 		.4byte	0
 305 0022 00000000 		.4byte	.Ldebug_line0
 306 0026 0C       		.uleb128 0xc
 307 0027 04       		.byte	0x4
 308 0028 05       		.byte	0x5
 309 0029 696E7400 		.ascii	"int\000"
 310 002d 01       		.uleb128 0x1
 311 002e 04       		.byte	0x4
 312 002f 07       		.byte	0x7
 313 0030 E9010000 		.4byte	.LASF0
 314 0034 01       		.uleb128 0x1
 315 0035 08       		.byte	0x8
 316 0036 05       		.byte	0x5
 317 0037 00000000 		.4byte	.LASF1
 318 003b 01       		.uleb128 0x1
 319 003c 08       		.byte	0x8
 320 003d 04       		.byte	0x4
 321 003e A5020000 		.4byte	.LASF2
 322 0042 01       		.uleb128 0x1
 323 0043 01       		.byte	0x1
 324 0044 06       		.byte	0x6
 325 0045 B1020000 		.4byte	.LASF3
 326 0049 01       		.uleb128 0x1
 327 004a 01       		.byte	0x1
 328 004b 08       		.byte	0x8
 329 004c 6A010000 		.4byte	.LASF4
 330 0050 01       		.uleb128 0x1
 331 0051 02       		.byte	0x2
 332 0052 05       		.byte	0x5
 333 0053 3B000000 		.4byte	.LASF5
 334 0057 03       		.uleb128 0x3
 335 0058 AD010000 		.4byte	.LASF8
 336 005c 02       		.byte	0x2
 337 005d 39       		.byte	0x39
 338 005e 19       		.byte	0x19
 339 005f 63000000 		.4byte	0x63
 340 0063 01       		.uleb128 0x1
 341 0064 02       		.byte	0x2
 342 0065 07       		.byte	0x7
ARM GAS  C:\Users\DEVELO~1\AppData\Local\Temp\ccTt0A2l.s 			page 7


 343 0066 8F010000 		.4byte	.LASF6
 344 006a 01       		.uleb128 0x1
 345 006b 04       		.byte	0x4
 346 006c 05       		.byte	0x5
 347 006d 9C020000 		.4byte	.LASF7
 348 0071 03       		.uleb128 0x3
 349 0072 C8010000 		.4byte	.LASF9
 350 0076 02       		.byte	0x2
 351 0077 4F       		.byte	0x4f
 352 0078 19       		.byte	0x19
 353 0079 7D000000 		.4byte	0x7d
 354 007d 01       		.uleb128 0x1
 355 007e 04       		.byte	0x4
 356 007f 07       		.byte	0x7
 357 0080 7D010000 		.4byte	.LASF10
 358 0084 01       		.uleb128 0x1
 359 0085 08       		.byte	0x8
 360 0086 07       		.byte	0x7
 361 0087 1E010000 		.4byte	.LASF11
 362 008b 03       		.uleb128 0x3
 363 008c 3B020000 		.4byte	.LASF12
 364 0090 03       		.byte	0x3
 365 0091 24       		.byte	0x24
 366 0092 14       		.byte	0x14
 367 0093 57000000 		.4byte	0x57
 368 0097 03       		.uleb128 0x3
 369 0098 93020000 		.4byte	.LASF13
 370 009c 03       		.byte	0x3
 371 009d 30       		.byte	0x30
 372 009e 14       		.byte	0x14
 373 009f 71000000 		.4byte	0x71
 374 00a3 07       		.uleb128 0x7
 375 00a4 97000000 		.4byte	0x97
 376 00a8 01       		.uleb128 0x1
 377 00a9 01       		.byte	0x1
 378 00aa 08       		.byte	0x8
 379 00ab FB010000 		.4byte	.LASF14
 380 00af 01       		.uleb128 0x1
 381 00b0 04       		.byte	0x4
 382 00b1 04       		.byte	0x4
 383 00b2 22000000 		.4byte	.LASF15
 384 00b6 01       		.uleb128 0x1
 385 00b7 08       		.byte	0x8
 386 00b8 04       		.byte	0x4
 387 00b9 B8010000 		.4byte	.LASF16
 388 00bd 01       		.uleb128 0x1
 389 00be 01       		.byte	0x1
 390 00bf 02       		.byte	0x2
 391 00c0 C3020000 		.4byte	.LASF17
 392 00c4 08       		.uleb128 0x8
 393 00c5 04       		.byte	0x4
 394 00c6 5B       		.byte	0x5b
 395 00c7 05       		.byte	0x5
 396 00c8 E4000000 		.4byte	0xe4
 397 00cc 06       		.uleb128 0x6
 398 00cd 73657400 		.ascii	"set\000"
 399 00d1 5C       		.byte	0x5c
ARM GAS  C:\Users\DEVELO~1\AppData\Local\Temp\ccTt0A2l.s 			page 8


 400 00d2 8B000000 		.4byte	0x8b
 401 00d6 00       		.byte	0
 402 00d7 02       		.uleb128 0x2
 403 00d8 16000000 		.4byte	.LASF18
 404 00dc 5D       		.byte	0x5d
 405 00dd 19       		.byte	0x19
 406 00de 8B000000 		.4byte	0x8b
 407 00e2 02       		.byte	0x2
 408 00e3 00       		.byte	0
 409 00e4 0D       		.uleb128 0xd
 410 00e5 04       		.byte	0x4
 411 00e6 04       		.byte	0x4
 412 00e7 59       		.byte	0x59
 413 00e8 0C       		.byte	0xc
 414 00e9 00010000 		.4byte	0x100
 415 00ed 09       		.uleb128 0x9
 416 00ee 5700     		.ascii	"W\000"
 417 00f0 5A       		.byte	0x5a
 418 00f1 19       		.byte	0x19
 419 00f2 97000000 		.4byte	0x97
 420 00f6 09       		.uleb128 0x9
 421 00f7 4800     		.ascii	"H\000"
 422 00f9 5E       		.byte	0x5e
 423 00fa 07       		.byte	0x7
 424 00fb C4000000 		.4byte	0xc4
 425 00ff 00       		.byte	0
 426 0100 07       		.uleb128 0x7
 427 0101 E4000000 		.4byte	0xe4
 428 0105 08       		.uleb128 0x8
 429 0106 28       		.byte	0x28
 430 0107 51       		.byte	0x51
 431 0108 09       		.byte	0x9
 432 0109 84010000 		.4byte	0x184
 433 010d 02       		.uleb128 0x2
 434 010e 1C000000 		.4byte	.LASF19
 435 0112 53       		.byte	0x53
 436 0113 19       		.byte	0x19
 437 0114 A3000000 		.4byte	0xa3
 438 0118 00       		.byte	0
 439 0119 02       		.uleb128 0x2
 440 011a 0E010000 		.4byte	.LASF20
 441 011e 54       		.byte	0x54
 442 011f 19       		.byte	0x19
 443 0120 A3000000 		.4byte	0xa3
 444 0124 04       		.byte	0x4
 445 0125 02       		.uleb128 0x2
 446 0126 0E000000 		.4byte	.LASF21
 447 012a 55       		.byte	0x55
 448 012b 19       		.byte	0x19
 449 012c A3000000 		.4byte	0xa3
 450 0130 08       		.byte	0x8
 451 0131 02       		.uleb128 0x2
 452 0132 18020000 		.4byte	.LASF22
 453 0136 56       		.byte	0x56
 454 0137 19       		.byte	0x19
 455 0138 A3000000 		.4byte	0xa3
 456 013c 0C       		.byte	0xc
ARM GAS  C:\Users\DEVELO~1\AppData\Local\Temp\ccTt0A2l.s 			page 9


 457 013d 06       		.uleb128 0x6
 458 013e 49445200 		.ascii	"IDR\000"
 459 0142 57       		.byte	0x57
 460 0143 A3000000 		.4byte	0xa3
 461 0147 10       		.byte	0x10
 462 0148 06       		.uleb128 0x6
 463 0149 4F445200 		.ascii	"ODR\000"
 464 014d 58       		.byte	0x58
 465 014e A3000000 		.4byte	0xa3
 466 0152 14       		.byte	0x14
 467 0153 02       		.uleb128 0x2
 468 0154 36000000 		.4byte	.LASF23
 469 0158 5F       		.byte	0x5f
 470 0159 05       		.byte	0x5
 471 015a 00010000 		.4byte	0x100
 472 015e 18       		.byte	0x18
 473 015f 02       		.uleb128 0x2
 474 0160 05020000 		.4byte	.LASF24
 475 0164 60       		.byte	0x60
 476 0165 19       		.byte	0x19
 477 0166 A3000000 		.4byte	0xa3
 478 016a 1C       		.byte	0x1c
 479 016b 02       		.uleb128 0x2
 480 016c A2010000 		.4byte	.LASF25
 481 0170 61       		.byte	0x61
 482 0171 19       		.byte	0x19
 483 0172 A3000000 		.4byte	0xa3
 484 0176 20       		.byte	0x20
 485 0177 02       		.uleb128 0x2
 486 0178 78010000 		.4byte	.LASF26
 487 017c 62       		.byte	0x62
 488 017d 19       		.byte	0x19
 489 017e A3000000 		.4byte	0xa3
 490 0182 24       		.byte	0x24
 491 0183 00       		.byte	0
 492 0184 03       		.uleb128 0x3
 493 0185 0B020000 		.4byte	.LASF27
 494 0189 04       		.byte	0x4
 495 018a 63       		.byte	0x63
 496 018b 03       		.byte	0x3
 497 018c 05010000 		.4byte	0x105
 498 0190 03       		.uleb128 0x3
 499 0191 4C000000 		.4byte	.LASF28
 500 0195 05       		.byte	0x5
 501 0196 C2       		.byte	0xc2
 502 0197 12       		.byte	0x12
 503 0198 97000000 		.4byte	0x97
 504 019c 03       		.uleb128 0x3
 505 019d 15010000 		.4byte	.LASF29
 506 01a1 05       		.byte	0x5
 507 01a2 C7       		.byte	0xc7
 508 01a3 12       		.byte	0x12
 509 01a4 97000000 		.4byte	0x97
 510 01a8 03       		.uleb128 0x3
 511 01a9 30020000 		.4byte	.LASF30
 512 01ad 05       		.byte	0x5
 513 01ae D9       		.byte	0xd9
ARM GAS  C:\Users\DEVELO~1\AppData\Local\Temp\ccTt0A2l.s 			page 10


 514 01af 18       		.byte	0x18
 515 01b0 B4010000 		.4byte	0x1b4
 516 01b4 0E       		.uleb128 0xe
 517 01b5 04       		.byte	0x4
 518 01b6 84010000 		.4byte	0x184
 519 01ba 0F       		.uleb128 0xf
 520 01bb D3010000 		.4byte	.LASF42
 521 01bf 01       		.byte	0x1
 522 01c0 59       		.byte	0x59
 523 01c1 06       		.byte	0x6
 524 01c2 00000000 		.4byte	.LFB432
 525 01c6 E6000000 		.4byte	.LFE432-.LFB432
 526 01ca 01       		.uleb128 0x1
 527 01cb 9C       		.byte	0x9c
 528 01cc C6020000 		.4byte	0x2c6
 529 01d0 10       		.uleb128 0x10
 530 01d1 2B020000 		.4byte	.LASF43
 531 01d5 01       		.byte	0x1
 532 01d6 59       		.byte	0x59
 533 01d7 27       		.byte	0x27
 534 01d8 A8010000 		.4byte	0x1a8
 535 01dc 01       		.uleb128 0x1
 536 01dd 50       		.byte	0x50
 537 01de 0A       		.uleb128 0xa
 538 01df 26020000 		.4byte	.LASF31
 539 01e3 5A       		.byte	0x5a
 540 01e4 29       		.byte	0x29
 541 01e5 90010000 		.4byte	0x190
 542 01e9 16000000 		.4byte	.LLST0
 543 01ed 0C000000 		.4byte	.LVUS0
 544 01f1 0A       		.uleb128 0xa
 545 01f2 00020000 		.4byte	.LASF32
 546 01f6 5B       		.byte	0x5b
 547 01f7 25       		.byte	0x25
 548 01f8 9C010000 		.4byte	0x19c
 549 01fc 40000000 		.4byte	.LLST1
 550 0200 3C000000 		.4byte	.LVUS1
 551 0204 04       		.uleb128 0x4
 552 0205 BD020000 		.4byte	.LASF33
 553 0209 5D       		.byte	0x5d
 554 020a 0C       		.byte	0xc
 555 020b 97000000 		.4byte	0x97
 556 020f 58000000 		.4byte	.LLST2
 557 0213 54000000 		.4byte	.LVUS2
 558 0217 04       		.uleb128 0x4
 559 0218 45000000 		.4byte	.LASF34
 560 021c 5E       		.byte	0x5e
 561 021d 0C       		.byte	0xc
 562 021e 97000000 		.4byte	0x97
 563 0222 6B000000 		.4byte	.LLST3
 564 0226 69000000 		.4byte	.LVUS3
 565 022a 04       		.uleb128 0x4
 566 022b 1E020000 		.4byte	.LASF35
 567 022f 5F       		.byte	0x5f
 568 0230 0C       		.byte	0xc
 569 0231 97000000 		.4byte	0x97
 570 0235 77000000 		.4byte	.LLST4
ARM GAS  C:\Users\DEVELO~1\AppData\Local\Temp\ccTt0A2l.s 			page 11


 571 0239 75000000 		.4byte	.LVUS4
 572 023d 04       		.uleb128 0x4
 573 023e A7010000 		.4byte	.LASF36
 574 0242 60       		.byte	0x60
 575 0243 0C       		.byte	0xc
 576 0244 97000000 		.4byte	0x97
 577 0248 85000000 		.4byte	.LLST5
 578 024c 81000000 		.4byte	.LVUS5
 579 0250 04       		.uleb128 0x4
 580 0251 F6010000 		.4byte	.LASF37
 581 0255 61       		.byte	0x61
 582 0256 0C       		.byte	0xc
 583 0257 97000000 		.4byte	0x97
 584 025b 98000000 		.4byte	.LLST6
 585 025f 96000000 		.4byte	.LVUS6
 586 0263 05       		.uleb128 0x5
 587 0264 62697400 		.ascii	"bit\000"
 588 0268 62       		.byte	0x62
 589 0269 0C       		.byte	0xc
 590 026a 97000000 		.4byte	0x97
 591 026e AA000000 		.4byte	.LLST7
 592 0272 A2000000 		.4byte	.LVUS7
 593 0276 11       		.uleb128 0x11
 594 0277 0C000000 		.4byte	.LLRL8
 595 027b 04       		.uleb128 0x4
 596 027c BF010000 		.4byte	.LASF38
 597 0280 65       		.byte	0x65
 598 0281 10       		.byte	0x10
 599 0282 97000000 		.4byte	0x97
 600 0286 CE000000 		.4byte	.LLST9
 601 028a C8000000 		.4byte	.LVUS9
 602 028e 05       		.uleb128 0x5
 603 028f 6D3100   		.ascii	"m1\000"
 604 0292 65       		.byte	0x65
 605 0293 1A       		.byte	0x1a
 606 0294 97000000 		.4byte	0x97
 607 0298 EC000000 		.4byte	.LLST10
 608 029c E6000000 		.4byte	.LVUS10
 609 02a0 05       		.uleb128 0x5
 610 02a1 6D3200   		.ascii	"m2\000"
 611 02a4 65       		.byte	0x65
 612 02a5 1E       		.byte	0x1e
 613 02a6 97000000 		.4byte	0x97
 614 02aa 16010000 		.4byte	.LLST11
 615 02ae 10010000 		.4byte	.LVUS11
 616 02b2 05       		.uleb128 0x5
 617 02b3 6D3400   		.ascii	"m4\000"
 618 02b6 65       		.byte	0x65
 619 02b7 22       		.byte	0x22
 620 02b8 97000000 		.4byte	0x97
 621 02bc 3D010000 		.4byte	.LLST12
 622 02c0 37010000 		.4byte	.LVUS12
 623 02c4 00       		.byte	0
 624 02c5 00       		.byte	0
 625 02c6 12       		.uleb128 0x12
 626 02c7 28000000 		.4byte	.LASF44
 627 02cb 01       		.byte	0x1
ARM GAS  C:\Users\DEVELO~1\AppData\Local\Temp\ccTt0A2l.s 			page 12


 628 02cc 41       		.byte	0x41
 629 02cd 06       		.byte	0x6
 630 02ce 00000000 		.4byte	.LFB431
 631 02d2 02000000 		.4byte	.LFE431-.LFB431
 632 02d6 01       		.uleb128 0x1
 633 02d7 9C       		.byte	0x9c
 634 02d8 00       		.byte	0
 635              		.section	.debug_abbrev,"",%progbits
 636              	.Ldebug_abbrev0:
 637 0000 01       		.uleb128 0x1
 638 0001 24       		.uleb128 0x24
 639 0002 00       		.byte	0
 640 0003 0B       		.uleb128 0xb
 641 0004 0B       		.uleb128 0xb
 642 0005 3E       		.uleb128 0x3e
 643 0006 0B       		.uleb128 0xb
 644 0007 03       		.uleb128 0x3
 645 0008 0E       		.uleb128 0xe
 646 0009 00       		.byte	0
 647 000a 00       		.byte	0
 648 000b 02       		.uleb128 0x2
 649 000c 0D       		.uleb128 0xd
 650 000d 00       		.byte	0
 651 000e 03       		.uleb128 0x3
 652 000f 0E       		.uleb128 0xe
 653 0010 3A       		.uleb128 0x3a
 654 0011 21       		.uleb128 0x21
 655 0012 04       		.sleb128 4
 656 0013 3B       		.uleb128 0x3b
 657 0014 0B       		.uleb128 0xb
 658 0015 39       		.uleb128 0x39
 659 0016 0B       		.uleb128 0xb
 660 0017 49       		.uleb128 0x49
 661 0018 13       		.uleb128 0x13
 662 0019 38       		.uleb128 0x38
 663 001a 0B       		.uleb128 0xb
 664 001b 00       		.byte	0
 665 001c 00       		.byte	0
 666 001d 03       		.uleb128 0x3
 667 001e 16       		.uleb128 0x16
 668 001f 00       		.byte	0
 669 0020 03       		.uleb128 0x3
 670 0021 0E       		.uleb128 0xe
 671 0022 3A       		.uleb128 0x3a
 672 0023 0B       		.uleb128 0xb
 673 0024 3B       		.uleb128 0x3b
 674 0025 0B       		.uleb128 0xb
 675 0026 39       		.uleb128 0x39
 676 0027 0B       		.uleb128 0xb
 677 0028 49       		.uleb128 0x49
 678 0029 13       		.uleb128 0x13
 679 002a 00       		.byte	0
 680 002b 00       		.byte	0
 681 002c 04       		.uleb128 0x4
 682 002d 34       		.uleb128 0x34
 683 002e 00       		.byte	0
 684 002f 03       		.uleb128 0x3
ARM GAS  C:\Users\DEVELO~1\AppData\Local\Temp\ccTt0A2l.s 			page 13


 685 0030 0E       		.uleb128 0xe
 686 0031 3A       		.uleb128 0x3a
 687 0032 21       		.uleb128 0x21
 688 0033 01       		.sleb128 1
 689 0034 3B       		.uleb128 0x3b
 690 0035 0B       		.uleb128 0xb
 691 0036 39       		.uleb128 0x39
 692 0037 0B       		.uleb128 0xb
 693 0038 49       		.uleb128 0x49
 694 0039 13       		.uleb128 0x13
 695 003a 02       		.uleb128 0x2
 696 003b 17       		.uleb128 0x17
 697 003c B742     		.uleb128 0x2137
 698 003e 17       		.uleb128 0x17
 699 003f 00       		.byte	0
 700 0040 00       		.byte	0
 701 0041 05       		.uleb128 0x5
 702 0042 34       		.uleb128 0x34
 703 0043 00       		.byte	0
 704 0044 03       		.uleb128 0x3
 705 0045 08       		.uleb128 0x8
 706 0046 3A       		.uleb128 0x3a
 707 0047 21       		.uleb128 0x21
 708 0048 01       		.sleb128 1
 709 0049 3B       		.uleb128 0x3b
 710 004a 0B       		.uleb128 0xb
 711 004b 39       		.uleb128 0x39
 712 004c 0B       		.uleb128 0xb
 713 004d 49       		.uleb128 0x49
 714 004e 13       		.uleb128 0x13
 715 004f 02       		.uleb128 0x2
 716 0050 17       		.uleb128 0x17
 717 0051 B742     		.uleb128 0x2137
 718 0053 17       		.uleb128 0x17
 719 0054 00       		.byte	0
 720 0055 00       		.byte	0
 721 0056 06       		.uleb128 0x6
 722 0057 0D       		.uleb128 0xd
 723 0058 00       		.byte	0
 724 0059 03       		.uleb128 0x3
 725 005a 08       		.uleb128 0x8
 726 005b 3A       		.uleb128 0x3a
 727 005c 21       		.uleb128 0x21
 728 005d 04       		.sleb128 4
 729 005e 3B       		.uleb128 0x3b
 730 005f 0B       		.uleb128 0xb
 731 0060 39       		.uleb128 0x39
 732 0061 21       		.uleb128 0x21
 733 0062 19       		.sleb128 25
 734 0063 49       		.uleb128 0x49
 735 0064 13       		.uleb128 0x13
 736 0065 38       		.uleb128 0x38
 737 0066 0B       		.uleb128 0xb
 738 0067 00       		.byte	0
 739 0068 00       		.byte	0
 740 0069 07       		.uleb128 0x7
 741 006a 35       		.uleb128 0x35
ARM GAS  C:\Users\DEVELO~1\AppData\Local\Temp\ccTt0A2l.s 			page 14


 742 006b 00       		.byte	0
 743 006c 49       		.uleb128 0x49
 744 006d 13       		.uleb128 0x13
 745 006e 00       		.byte	0
 746 006f 00       		.byte	0
 747 0070 08       		.uleb128 0x8
 748 0071 13       		.uleb128 0x13
 749 0072 01       		.byte	0x1
 750 0073 0B       		.uleb128 0xb
 751 0074 0B       		.uleb128 0xb
 752 0075 3A       		.uleb128 0x3a
 753 0076 21       		.uleb128 0x21
 754 0077 04       		.sleb128 4
 755 0078 3B       		.uleb128 0x3b
 756 0079 0B       		.uleb128 0xb
 757 007a 39       		.uleb128 0x39
 758 007b 0B       		.uleb128 0xb
 759 007c 01       		.uleb128 0x1
 760 007d 13       		.uleb128 0x13
 761 007e 00       		.byte	0
 762 007f 00       		.byte	0
 763 0080 09       		.uleb128 0x9
 764 0081 0D       		.uleb128 0xd
 765 0082 00       		.byte	0
 766 0083 03       		.uleb128 0x3
 767 0084 08       		.uleb128 0x8
 768 0085 3A       		.uleb128 0x3a
 769 0086 21       		.uleb128 0x21
 770 0087 04       		.sleb128 4
 771 0088 3B       		.uleb128 0x3b
 772 0089 0B       		.uleb128 0xb
 773 008a 39       		.uleb128 0x39
 774 008b 0B       		.uleb128 0xb
 775 008c 49       		.uleb128 0x49
 776 008d 13       		.uleb128 0x13
 777 008e 00       		.byte	0
 778 008f 00       		.byte	0
 779 0090 0A       		.uleb128 0xa
 780 0091 05       		.uleb128 0x5
 781 0092 00       		.byte	0
 782 0093 03       		.uleb128 0x3
 783 0094 0E       		.uleb128 0xe
 784 0095 3A       		.uleb128 0x3a
 785 0096 21       		.uleb128 0x21
 786 0097 01       		.sleb128 1
 787 0098 3B       		.uleb128 0x3b
 788 0099 0B       		.uleb128 0xb
 789 009a 39       		.uleb128 0x39
 790 009b 0B       		.uleb128 0xb
 791 009c 49       		.uleb128 0x49
 792 009d 13       		.uleb128 0x13
 793 009e 02       		.uleb128 0x2
 794 009f 17       		.uleb128 0x17
 795 00a0 B742     		.uleb128 0x2137
 796 00a2 17       		.uleb128 0x17
 797 00a3 00       		.byte	0
 798 00a4 00       		.byte	0
ARM GAS  C:\Users\DEVELO~1\AppData\Local\Temp\ccTt0A2l.s 			page 15


 799 00a5 0B       		.uleb128 0xb
 800 00a6 11       		.uleb128 0x11
 801 00a7 01       		.byte	0x1
 802 00a8 25       		.uleb128 0x25
 803 00a9 0E       		.uleb128 0xe
 804 00aa 13       		.uleb128 0x13
 805 00ab 0B       		.uleb128 0xb
 806 00ac 03       		.uleb128 0x3
 807 00ad 0E       		.uleb128 0xe
 808 00ae 1B       		.uleb128 0x1b
 809 00af 0E       		.uleb128 0xe
 810 00b0 55       		.uleb128 0x55
 811 00b1 17       		.uleb128 0x17
 812 00b2 11       		.uleb128 0x11
 813 00b3 01       		.uleb128 0x1
 814 00b4 10       		.uleb128 0x10
 815 00b5 17       		.uleb128 0x17
 816 00b6 00       		.byte	0
 817 00b7 00       		.byte	0
 818 00b8 0C       		.uleb128 0xc
 819 00b9 24       		.uleb128 0x24
 820 00ba 00       		.byte	0
 821 00bb 0B       		.uleb128 0xb
 822 00bc 0B       		.uleb128 0xb
 823 00bd 3E       		.uleb128 0x3e
 824 00be 0B       		.uleb128 0xb
 825 00bf 03       		.uleb128 0x3
 826 00c0 08       		.uleb128 0x8
 827 00c1 00       		.byte	0
 828 00c2 00       		.byte	0
 829 00c3 0D       		.uleb128 0xd
 830 00c4 17       		.uleb128 0x17
 831 00c5 01       		.byte	0x1
 832 00c6 0B       		.uleb128 0xb
 833 00c7 0B       		.uleb128 0xb
 834 00c8 3A       		.uleb128 0x3a
 835 00c9 0B       		.uleb128 0xb
 836 00ca 3B       		.uleb128 0x3b
 837 00cb 0B       		.uleb128 0xb
 838 00cc 39       		.uleb128 0x39
 839 00cd 0B       		.uleb128 0xb
 840 00ce 01       		.uleb128 0x1
 841 00cf 13       		.uleb128 0x13
 842 00d0 00       		.byte	0
 843 00d1 00       		.byte	0
 844 00d2 0E       		.uleb128 0xe
 845 00d3 0F       		.uleb128 0xf
 846 00d4 00       		.byte	0
 847 00d5 0B       		.uleb128 0xb
 848 00d6 0B       		.uleb128 0xb
 849 00d7 49       		.uleb128 0x49
 850 00d8 13       		.uleb128 0x13
 851 00d9 00       		.byte	0
 852 00da 00       		.byte	0
 853 00db 0F       		.uleb128 0xf
 854 00dc 2E       		.uleb128 0x2e
 855 00dd 01       		.byte	0x1
ARM GAS  C:\Users\DEVELO~1\AppData\Local\Temp\ccTt0A2l.s 			page 16


 856 00de 3F       		.uleb128 0x3f
 857 00df 19       		.uleb128 0x19
 858 00e0 03       		.uleb128 0x3
 859 00e1 0E       		.uleb128 0xe
 860 00e2 3A       		.uleb128 0x3a
 861 00e3 0B       		.uleb128 0xb
 862 00e4 3B       		.uleb128 0x3b
 863 00e5 0B       		.uleb128 0xb
 864 00e6 39       		.uleb128 0x39
 865 00e7 0B       		.uleb128 0xb
 866 00e8 27       		.uleb128 0x27
 867 00e9 19       		.uleb128 0x19
 868 00ea 11       		.uleb128 0x11
 869 00eb 01       		.uleb128 0x1
 870 00ec 12       		.uleb128 0x12
 871 00ed 06       		.uleb128 0x6
 872 00ee 40       		.uleb128 0x40
 873 00ef 18       		.uleb128 0x18
 874 00f0 7A       		.uleb128 0x7a
 875 00f1 19       		.uleb128 0x19
 876 00f2 01       		.uleb128 0x1
 877 00f3 13       		.uleb128 0x13
 878 00f4 00       		.byte	0
 879 00f5 00       		.byte	0
 880 00f6 10       		.uleb128 0x10
 881 00f7 05       		.uleb128 0x5
 882 00f8 00       		.byte	0
 883 00f9 03       		.uleb128 0x3
 884 00fa 0E       		.uleb128 0xe
 885 00fb 3A       		.uleb128 0x3a
 886 00fc 0B       		.uleb128 0xb
 887 00fd 3B       		.uleb128 0x3b
 888 00fe 0B       		.uleb128 0xb
 889 00ff 39       		.uleb128 0x39
 890 0100 0B       		.uleb128 0xb
 891 0101 49       		.uleb128 0x49
 892 0102 13       		.uleb128 0x13
 893 0103 02       		.uleb128 0x2
 894 0104 18       		.uleb128 0x18
 895 0105 00       		.byte	0
 896 0106 00       		.byte	0
 897 0107 11       		.uleb128 0x11
 898 0108 0B       		.uleb128 0xb
 899 0109 01       		.byte	0x1
 900 010a 55       		.uleb128 0x55
 901 010b 17       		.uleb128 0x17
 902 010c 00       		.byte	0
 903 010d 00       		.byte	0
 904 010e 12       		.uleb128 0x12
 905 010f 2E       		.uleb128 0x2e
 906 0110 00       		.byte	0
 907 0111 3F       		.uleb128 0x3f
 908 0112 19       		.uleb128 0x19
 909 0113 03       		.uleb128 0x3
 910 0114 0E       		.uleb128 0xe
 911 0115 3A       		.uleb128 0x3a
 912 0116 0B       		.uleb128 0xb
ARM GAS  C:\Users\DEVELO~1\AppData\Local\Temp\ccTt0A2l.s 			page 17


 913 0117 3B       		.uleb128 0x3b
 914 0118 0B       		.uleb128 0xb
 915 0119 39       		.uleb128 0x39
 916 011a 0B       		.uleb128 0xb
 917 011b 27       		.uleb128 0x27
 918 011c 19       		.uleb128 0x19
 919 011d 11       		.uleb128 0x11
 920 011e 01       		.uleb128 0x1
 921 011f 12       		.uleb128 0x12
 922 0120 06       		.uleb128 0x6
 923 0121 40       		.uleb128 0x40
 924 0122 18       		.uleb128 0x18
 925 0123 7A       		.uleb128 0x7a
 926 0124 19       		.uleb128 0x19
 927 0125 00       		.byte	0
 928 0126 00       		.byte	0
 929 0127 00       		.byte	0
 930              		.section	.debug_loclists,"",%progbits
 931 0000 52010000 		.4byte	.Ldebug_loc3-.Ldebug_loc2
 932              	.Ldebug_loc2:
 933 0004 0500     		.2byte	0x5
 934 0006 04       		.byte	0x4
 935 0007 00       		.byte	0
 936 0008 00000000 		.4byte	0
 937              	.Ldebug_loc0:
 938              	.LVUS0:
 939 000c 00       		.uleb128 0
 940 000d 02       		.uleb128 .LVU34
 941 000e 02       		.uleb128 .LVU34
 942 000f 00       		.uleb128 .LVU36
 943 0010 00       		.uleb128 .LVU36
 944 0011 00       		.uleb128 .LVU37
 945 0012 02       		.uleb128 .LVU48
 946 0013 00       		.uleb128 .LVU93
 947 0014 00       		.uleb128 .LVU100
 948 0015 00       		.uleb128 0
 949              	.LLST0:
 950 0016 06       		.byte	0x6
 951 0017 00000000 		.4byte	.LVL0
 952 001b 04       		.byte	0x4
 953 001c 00       		.uleb128 .LVL0-.LVL0
 954 001d 40       		.uleb128 .LVL7-.LVL0
 955 001e 01       		.uleb128 0x1
 956 001f 51       		.byte	0x51
 957 0020 04       		.byte	0x4
 958 0021 40       		.uleb128 .LVL7-.LVL0
 959 0022 42       		.uleb128 .LVL8-.LVL0
 960 0023 05       		.uleb128 0x5
 961 0024 71       		.byte	0x71
 962 0025 00       		.sleb128 0
 963 0026 31       		.byte	0x31
 964 0027 25       		.byte	0x25
 965 0028 9F       		.byte	0x9f
 966 0029 04       		.byte	0x4
 967 002a 42       		.uleb128 .LVL8-.LVL0
 968 002b 44       		.uleb128 .LVL9-.LVL0
 969 002c 01       		.uleb128 0x1
ARM GAS  C:\Users\DEVELO~1\AppData\Local\Temp\ccTt0A2l.s 			page 18


 970 002d 51       		.byte	0x51
 971 002e 04       		.byte	0x4
 972 002f 52       		.uleb128 .LVL14-.LVL0
 973 0030 BA01     		.uleb128 .LVL17-.LVL0
 974 0032 01       		.uleb128 0x1
 975 0033 51       		.byte	0x51
 976 0034 04       		.byte	0x4
 977 0035 CA01     		.uleb128 .LVL19-.LVL0
 978 0037 E601     		.uleb128 .LFE432-.LVL0
 979 0039 01       		.uleb128 0x1
 980 003a 51       		.byte	0x51
 981 003b 00       		.byte	0
 982              	.LVUS1:
 983 003c 00       		.uleb128 0
 984 003d 00       		.uleb128 .LVU17
 985 003e 00       		.uleb128 .LVU17
 986 003f 00       		.uleb128 0
 987              	.LLST1:
 988 0040 06       		.byte	0x6
 989 0041 00000000 		.4byte	.LVL0
 990 0045 04       		.byte	0x4
 991 0046 00       		.uleb128 .LVL0-.LVL0
 992 0047 1C       		.uleb128 .LVL5-.LVL0
 993 0048 01       		.uleb128 0x1
 994 0049 52       		.byte	0x52
 995 004a 04       		.byte	0x4
 996 004b 1C       		.uleb128 .LVL5-.LVL0
 997 004c E601     		.uleb128 .LFE432-.LVL0
 998 004e 04       		.uleb128 0x4
 999 004f A3       		.byte	0xa3
 1000 0050 01       		.uleb128 0x1
 1001 0051 52       		.byte	0x52
 1002 0052 9F       		.byte	0x9f
 1003 0053 00       		.byte	0
 1004              	.LVUS2:
 1005 0054 00       		.uleb128 .LVU6
 1006 0055 00       		.uleb128 .LVU19
 1007 0056 00       		.uleb128 .LVU19
 1008 0057 00       		.uleb128 0
 1009              	.LLST2:
 1010 0058 06       		.byte	0x6
 1011 0059 08000000 		.4byte	.LVL1
 1012 005d 04       		.byte	0x4
 1013 005e 00       		.uleb128 .LVL1-.LVL1
 1014 005f 1C       		.uleb128 .LVL6-.LVL1
 1015 0060 01       		.uleb128 0x1
 1016 0061 59       		.byte	0x59
 1017 0062 04       		.byte	0x4
 1018 0063 1C       		.uleb128 .LVL6-.LVL1
 1019 0064 DE01     		.uleb128 .LFE432-.LVL1
 1020 0066 01       		.uleb128 0x1
 1021 0067 5E       		.byte	0x5e
 1022 0068 00       		.byte	0
 1023              	.LVUS3:
 1024 0069 00       		.uleb128 .LVU9
 1025 006a 00       		.uleb128 0
 1026              	.LLST3:
ARM GAS  C:\Users\DEVELO~1\AppData\Local\Temp\ccTt0A2l.s 			page 19


 1027 006b 08       		.byte	0x8
 1028 006c 10000000 		.4byte	.LVL2
 1029 0070 D601     		.uleb128 .LFE432-.LVL2
 1030 0072 01       		.uleb128 0x1
 1031 0073 56       		.byte	0x56
 1032 0074 00       		.byte	0
 1033              	.LVUS4:
 1034 0075 00       		.uleb128 .LVU11
 1035 0076 00       		.uleb128 0
 1036              	.LLST4:
 1037 0077 08       		.byte	0x8
 1038 0078 14000000 		.4byte	.LVL3
 1039 007c D201     		.uleb128 .LFE432-.LVL3
 1040 007e 01       		.uleb128 0x1
 1041 007f 55       		.byte	0x55
 1042 0080 00       		.byte	0
 1043              	.LVUS5:
 1044 0081 01       		.uleb128 .LVU12
 1045 0082 00       		.uleb128 .LVU19
 1046 0083 00       		.uleb128 .LVU19
 1047 0084 00       		.uleb128 0
 1048              	.LLST5:
 1049 0085 06       		.byte	0x6
 1050 0086 14000000 		.4byte	.LVL3
 1051 008a 04       		.byte	0x4
 1052 008b 00       		.uleb128 .LVL3-.LVL3
 1053 008c 10       		.uleb128 .LVL6-.LVL3
 1054 008d 01       		.uleb128 0x1
 1055 008e 54       		.byte	0x54
 1056 008f 04       		.byte	0x4
 1057 0090 10       		.uleb128 .LVL6-.LVL3
 1058 0091 D201     		.uleb128 .LFE432-.LVL3
 1059 0093 01       		.uleb128 0x1
 1060 0094 58       		.byte	0x58
 1061 0095 00       		.byte	0
 1062              	.LVUS6:
 1063 0096 00       		.uleb128 .LVU14
 1064 0097 00       		.uleb128 0
 1065              	.LLST6:
 1066 0098 08       		.byte	0x8
 1067 0099 18000000 		.4byte	.LVL4
 1068 009d CE01     		.uleb128 .LFE432-.LVL4
 1069 009f 01       		.uleb128 0x1
 1070 00a0 57       		.byte	0x57
 1071 00a1 00       		.byte	0
 1072              	.LVUS7:
 1073 00a2 01       		.uleb128 .LVU15
 1074 00a3 00       		.uleb128 .LVU19
 1075 00a4 00       		.uleb128 .LVU19
 1076 00a5 00       		.uleb128 .LVU41
 1077 00a6 00       		.uleb128 .LVU41
 1078 00a7 01       		.uleb128 .LVU47
 1079 00a8 01       		.uleb128 .LVU47
 1080 00a9 00       		.uleb128 0
 1081              	.LLST7:
 1082 00aa 06       		.byte	0x6
 1083 00ab 18000000 		.4byte	.LVL4
ARM GAS  C:\Users\DEVELO~1\AppData\Local\Temp\ccTt0A2l.s 			page 20


 1084 00af 04       		.byte	0x4
 1085 00b0 00       		.uleb128 .LVL4-.LVL4
 1086 00b1 0C       		.uleb128 .LVL6-.LVL4
 1087 00b2 02       		.uleb128 0x2
 1088 00b3 30       		.byte	0x30
 1089 00b4 9F       		.byte	0x9f
 1090 00b5 04       		.byte	0x4
 1091 00b6 0C       		.uleb128 .LVL6-.LVL4
 1092 00b7 30       		.uleb128 .LVL11-.LVL4
 1093 00b8 01       		.uleb128 0x1
 1094 00b9 52       		.byte	0x52
 1095 00ba 04       		.byte	0x4
 1096 00bb 30       		.uleb128 .LVL11-.LVL4
 1097 00bc 3A       		.uleb128 .LVL14-.LVL4
 1098 00bd 03       		.uleb128 0x3
 1099 00be 72       		.byte	0x72
 1100 00bf 7F       		.sleb128 -1
 1101 00c0 9F       		.byte	0x9f
 1102 00c1 04       		.byte	0x4
 1103 00c2 3A       		.uleb128 .LVL14-.LVL4
 1104 00c3 CE01     		.uleb128 .LFE432-.LVL4
 1105 00c5 01       		.uleb128 0x1
 1106 00c6 52       		.byte	0x52
 1107 00c7 00       		.byte	0
 1108              	.LVUS9:
 1109 00c8 00       		.uleb128 .LVU19
 1110 00c9 00       		.uleb128 .LVU32
 1111 00ca 00       		.uleb128 .LVU74
 1112 00cb 00       		.uleb128 .LVU99
 1113 00cc 00       		.uleb128 .LVU100
 1114 00cd 00       		.uleb128 0
 1115              	.LLST9:
 1116 00ce 06       		.byte	0x6
 1117 00cf 24000000 		.4byte	.LVL6
 1118 00d3 04       		.byte	0x4
 1119 00d4 00       		.uleb128 .LVL6-.LVL6
 1120 00d5 1C       		.uleb128 .LVL7-.LVL6
 1121 00d6 01       		.uleb128 0x1
 1122 00d7 5C       		.byte	0x5c
 1123 00d8 04       		.byte	0x4
 1124 00d9 7C       		.uleb128 .LVL15-.LVL6
 1125 00da A201     		.uleb128 .LVL18-.LVL6
 1126 00dc 01       		.uleb128 0x1
 1127 00dd 5C       		.byte	0x5c
 1128 00de 04       		.byte	0x4
 1129 00df A601     		.uleb128 .LVL19-.LVL6
 1130 00e1 C201     		.uleb128 .LFE432-.LVL6
 1131 00e3 01       		.uleb128 0x1
 1132 00e4 5C       		.byte	0x5c
 1133 00e5 00       		.byte	0
 1134              	.LVUS10:
 1135 00e6 00       		.uleb128 .LVU19
 1136 00e7 00       		.uleb128 .LVU32
 1137 00e8 01       		.uleb128 .LVU75
 1138 00e9 00       		.uleb128 .LVU99
 1139 00ea 00       		.uleb128 .LVU100
 1140 00eb 00       		.uleb128 0
ARM GAS  C:\Users\DEVELO~1\AppData\Local\Temp\ccTt0A2l.s 			page 21


 1141              	.LLST10:
 1142 00ec 06       		.byte	0x6
 1143 00ed 24000000 		.4byte	.LVL6
 1144 00f1 04       		.byte	0x4
 1145 00f2 00       		.uleb128 .LVL6-.LVL6
 1146 00f3 1C       		.uleb128 .LVL7-.LVL6
 1147 00f4 05       		.uleb128 0x5
 1148 00f5 31       		.byte	0x31
 1149 00f6 72       		.byte	0x72
 1150 00f7 00       		.sleb128 0
 1151 00f8 24       		.byte	0x24
 1152 00f9 9F       		.byte	0x9f
 1153 00fa 04       		.byte	0x4
 1154 00fb 7C       		.uleb128 .LVL15-.LVL6
 1155 00fc A201     		.uleb128 .LVL18-.LVL6
 1156 00fe 05       		.uleb128 0x5
 1157 00ff 31       		.byte	0x31
 1158 0100 72       		.byte	0x72
 1159 0101 00       		.sleb128 0
 1160 0102 24       		.byte	0x24
 1161 0103 9F       		.byte	0x9f
 1162 0104 04       		.byte	0x4
 1163 0105 A601     		.uleb128 .LVL19-.LVL6
 1164 0107 C201     		.uleb128 .LFE432-.LVL6
 1165 0109 05       		.uleb128 0x5
 1166 010a 31       		.byte	0x31
 1167 010b 72       		.byte	0x72
 1168 010c 00       		.sleb128 0
 1169 010d 24       		.byte	0x24
 1170 010e 9F       		.byte	0x9f
 1171 010f 00       		.byte	0
 1172              	.LVUS11:
 1173 0110 00       		.uleb128 .LVU19
 1174 0111 00       		.uleb128 .LVU32
 1175 0112 02       		.uleb128 .LVU76
 1176 0113 00       		.uleb128 .LVU99
 1177 0114 00       		.uleb128 .LVU100
 1178 0115 00       		.uleb128 0
 1179              	.LLST11:
 1180 0116 06       		.byte	0x6
 1181 0117 24000000 		.4byte	.LVL6
 1182 011b 04       		.byte	0x4
 1183 011c 00       		.uleb128 .LVL6-.LVL6
 1184 011d 1C       		.uleb128 .LVL7-.LVL6
 1185 011e 04       		.uleb128 0x4
 1186 011f 7A       		.byte	0x7a
 1187 0120 00       		.sleb128 0
 1188 0121 20       		.byte	0x20
 1189 0122 9F       		.byte	0x9f
 1190 0123 04       		.byte	0x4
 1191 0124 7C       		.uleb128 .LVL15-.LVL6
 1192 0125 A201     		.uleb128 .LVL18-.LVL6
 1193 0127 04       		.uleb128 0x4
 1194 0128 7A       		.byte	0x7a
 1195 0129 00       		.sleb128 0
 1196 012a 20       		.byte	0x20
 1197 012b 9F       		.byte	0x9f
ARM GAS  C:\Users\DEVELO~1\AppData\Local\Temp\ccTt0A2l.s 			page 22


 1198 012c 04       		.byte	0x4
 1199 012d A601     		.uleb128 .LVL19-.LVL6
 1200 012f C201     		.uleb128 .LFE432-.LVL6
 1201 0131 04       		.uleb128 0x4
 1202 0132 7A       		.byte	0x7a
 1203 0133 00       		.sleb128 0
 1204 0134 20       		.byte	0x20
 1205 0135 9F       		.byte	0x9f
 1206 0136 00       		.byte	0
 1207              	.LVUS12:
 1208 0137 00       		.uleb128 .LVU19
 1209 0138 00       		.uleb128 .LVU32
 1210 0139 00       		.uleb128 .LVU78
 1211 013a 00       		.uleb128 .LVU99
 1212 013b 00       		.uleb128 .LVU100
 1213 013c 00       		.uleb128 0
 1214              	.LLST12:
 1215 013d 06       		.byte	0x6
 1216 013e 24000000 		.4byte	.LVL6
 1217 0142 04       		.byte	0x4
 1218 0143 00       		.uleb128 .LVL6-.LVL6
 1219 0144 1C       		.uleb128 .LVL7-.LVL6
 1220 0145 01       		.uleb128 0x1
 1221 0146 54       		.byte	0x54
 1222 0147 04       		.byte	0x4
 1223 0148 8001     		.uleb128 .LVL16-.LVL6
 1224 014a A201     		.uleb128 .LVL18-.LVL6
 1225 014c 01       		.uleb128 0x1
 1226 014d 54       		.byte	0x54
 1227 014e 04       		.byte	0x4
 1228 014f A601     		.uleb128 .LVL19-.LVL6
 1229 0151 C201     		.uleb128 .LFE432-.LVL6
 1230 0153 01       		.uleb128 0x1
 1231 0154 54       		.byte	0x54
 1232 0155 00       		.byte	0
 1233              	.Ldebug_loc3:
 1234              		.section	.debug_aranges,"",%progbits
 1235 0000 24000000 		.4byte	0x24
 1236 0004 0200     		.2byte	0x2
 1237 0006 00000000 		.4byte	.Ldebug_info0
 1238 000a 04       		.byte	0x4
 1239 000b 00       		.byte	0
 1240 000c 0000     		.2byte	0
 1241 000e 0000     		.2byte	0
 1242 0010 00000000 		.4byte	.LFB431
 1243 0014 02000000 		.4byte	.LFE431-.LFB431
 1244 0018 00000000 		.4byte	.LFB432
 1245 001c E6000000 		.4byte	.LFE432-.LFB432
 1246 0020 00000000 		.4byte	0
 1247 0024 00000000 		.4byte	0
 1248              		.section	.debug_rnglists,"",%progbits
 1249              	.Ldebug_ranges0:
 1250 0000 2D000000 		.4byte	.Ldebug_ranges3-.Ldebug_ranges2
 1251              	.Ldebug_ranges2:
 1252 0004 0500     		.2byte	0x5
 1253 0006 04       		.byte	0x4
 1254 0007 00       		.byte	0
ARM GAS  C:\Users\DEVELO~1\AppData\Local\Temp\ccTt0A2l.s 			page 23


 1255 0008 00000000 		.4byte	0
 1256              	.LLRL8:
 1257 000c 05       		.byte	0x5
 1258 000d 1C000000 		.4byte	.LBB2
 1259 0011 04       		.byte	0x4
 1260 0012 00       		.uleb128 .LBB2-.LBB2
 1261 0013 24       		.uleb128 .LBE2-.LBB2
 1262 0014 04       		.byte	0x4
 1263 0015 3A       		.uleb128 .LBB3-.LBB2
 1264 0016 9C01     		.uleb128 .LBE3-.LBB2
 1265 0018 04       		.byte	0x4
 1266 0019 9E01     		.uleb128 .LBB4-.LBB2
 1267 001b A801     		.uleb128 .LBE4-.LBB2
 1268 001d 04       		.byte	0x4
 1269 001e AE01     		.uleb128 .LBB5-.LBB2
 1270 0020 CA01     		.uleb128 .LBE5-.LBB2
 1271 0022 00       		.byte	0
 1272              	.LLRL13:
 1273 0023 07       		.byte	0x7
 1274 0024 00000000 		.4byte	.LFB431
 1275 0028 02       		.uleb128 .LFE431-.LFB431
 1276 0029 07       		.byte	0x7
 1277 002a 00000000 		.4byte	.LFB432
 1278 002e E601     		.uleb128 .LFE432-.LFB432
 1279 0030 00       		.byte	0
 1280              	.Ldebug_ranges3:
 1281              		.section	.debug_line,"",%progbits
 1282              	.Ldebug_line0:
 1283 0000 D0020000 		.section	.debug_str,"MS",%progbits,1
 1283      03003701 
 1283      00000201 
 1283      FB0E0D00 
 1283      01010101 
 1284              	.LASF1:
 1285 0000 6C6F6E67 		.ascii	"long long int\000"
 1285      206C6F6E 
 1285      6720696E 
 1285      7400
 1286              	.LASF21:
 1287 000e 4F535045 		.ascii	"OSPEEDR\000"
 1287      45445200 
 1288              	.LASF18:
 1289 0016 636C6561 		.ascii	"clear\000"
 1289      7200
 1290              	.LASF19:
 1291 001c 4D4F4445 		.ascii	"MODER\000"
 1291      5200
 1292              	.LASF15:
 1293 0022 666C6F61 		.ascii	"float\000"
 1293      7400
 1294              	.LASF44:
 1295 0028 5F70616C 		.ascii	"_pal_lld_init\000"
 1295      5F6C6C64 
 1295      5F696E69 
 1295      7400
 1296              	.LASF23:
 1297 0036 42535252 		.ascii	"BSRR\000"
ARM GAS  C:\Users\DEVELO~1\AppData\Local\Temp\ccTt0A2l.s 			page 24


 1297      00
 1298              	.LASF5:
 1299 003b 73686F72 		.ascii	"short int\000"
 1299      7420696E 
 1299      7400
 1300              	.LASF34:
 1301 0045 6F747970 		.ascii	"otyper\000"
 1301      657200
 1302              	.LASF28:
 1303 004c 696F706F 		.ascii	"ioportmask_t\000"
 1303      72746D61 
 1303      736B5F74 
 1303      00
 1304              	.LASF39:
 1305 0059 474E5520 		.ascii	"GNU C17 11.3.1 20220712 -mcpu=cortex-m7 -mthumb -mf"
 1305      43313720 
 1305      31312E33 
 1305      2E312032 
 1305      30323230 
 1306 008c 6C6F6174 		.ascii	"loat-abi=soft -march=armv7e-m -ggdb -O2 -fomit-fram"
 1306      2D616269 
 1306      3D736F66 
 1306      74202D6D 
 1306      61726368 
 1307 00bf 652D706F 		.ascii	"e-pointer -falign-functions=16 -ffunction-sections "
 1307      696E7465 
 1307      72202D66 
 1307      616C6967 
 1307      6E2D6675 
 1308 00f2 2D666461 		.ascii	"-fdata-sections -fno-common\000"
 1308      74612D73 
 1308      65637469 
 1308      6F6E7320 
 1308      2D666E6F 
 1309              	.LASF20:
 1310 010e 4F545950 		.ascii	"OTYPER\000"
 1310      455200
 1311              	.LASF29:
 1312 0115 696F6D6F 		.ascii	"iomode_t\000"
 1312      64655F74 
 1312      00
 1313              	.LASF11:
 1314 011e 6C6F6E67 		.ascii	"long long unsigned int\000"
 1314      206C6F6E 
 1314      6720756E 
 1314      7369676E 
 1314      65642069 
 1315              	.LASF40:
 1316 0135 2E2E2F2E 		.ascii	"../../../os/hal/ports/STM32/LLD/GPIOv2/hal_pal_lld."
 1316      2E2F2E2E 
 1316      2F6F732F 
 1316      68616C2F 
 1316      706F7274 
 1317 0168 6300     		.ascii	"c\000"
 1318              	.LASF4:
 1319 016a 756E7369 		.ascii	"unsigned char\000"
 1319      676E6564 
ARM GAS  C:\Users\DEVELO~1\AppData\Local\Temp\ccTt0A2l.s 			page 25


 1319      20636861 
 1319      7200
 1320              	.LASF26:
 1321 0178 41465248 		.ascii	"AFRH\000"
 1321      00
 1322              	.LASF10:
 1323 017d 6C6F6E67 		.ascii	"long unsigned int\000"
 1323      20756E73 
 1323      69676E65 
 1323      6420696E 
 1323      7400
 1324              	.LASF6:
 1325 018f 73686F72 		.ascii	"short unsigned int\000"
 1325      7420756E 
 1325      7369676E 
 1325      65642069 
 1325      6E7400
 1326              	.LASF25:
 1327 01a2 4146524C 		.ascii	"AFRL\000"
 1327      00
 1328              	.LASF36:
 1329 01a7 70757064 		.ascii	"pupdr\000"
 1329      7200
 1330              	.LASF8:
 1331 01ad 5F5F7569 		.ascii	"__uint16_t\000"
 1331      6E743136 
 1331      5F7400
 1332              	.LASF16:
 1333 01b8 646F7562 		.ascii	"double\000"
 1333      6C6500
 1334              	.LASF38:
 1335 01bf 616C7472 		.ascii	"altrmask\000"
 1335      6D61736B 
 1335      00
 1336              	.LASF9:
 1337 01c8 5F5F7569 		.ascii	"__uint32_t\000"
 1337      6E743332 
 1337      5F7400
 1338              	.LASF42:
 1339 01d3 5F70616C 		.ascii	"_pal_lld_setgroupmode\000"
 1339      5F6C6C64 
 1339      5F736574 
 1339      67726F75 
 1339      706D6F64 
 1340              	.LASF0:
 1341 01e9 756E7369 		.ascii	"unsigned int\000"
 1341      676E6564 
 1341      20696E74 
 1341      00
 1342              	.LASF37:
 1343 01f6 616C7472 		.ascii	"altr\000"
 1343      00
 1344              	.LASF14:
 1345 01fb 63686172 		.ascii	"char\000"
 1345      00
 1346              	.LASF32:
 1347 0200 6D6F6465 		.ascii	"mode\000"
ARM GAS  C:\Users\DEVELO~1\AppData\Local\Temp\ccTt0A2l.s 			page 26


 1347      00
 1348              	.LASF24:
 1349 0205 4C4F434B 		.ascii	"LOCKR\000"
 1349      5200
 1350              	.LASF27:
 1351 020b 73746D33 		.ascii	"stm32_gpio_t\000"
 1351      325F6770 
 1351      696F5F74 
 1351      00
 1352              	.LASF22:
 1353 0218 50555044 		.ascii	"PUPDR\000"
 1353      5200
 1354              	.LASF35:
 1355 021e 6F737065 		.ascii	"ospeedr\000"
 1355      65647200 
 1356              	.LASF31:
 1357 0226 6D61736B 		.ascii	"mask\000"
 1357      00
 1358              	.LASF43:
 1359 022b 706F7274 		.ascii	"port\000"
 1359      00
 1360              	.LASF30:
 1361 0230 696F706F 		.ascii	"ioportid_t\000"
 1361      72746964 
 1361      5F7400
 1362              	.LASF12:
 1363 023b 75696E74 		.ascii	"uint16_t\000"
 1363      31365F74 
 1363      00
 1364              	.LASF41:
 1365 0244 433A5C43 		.ascii	"C:\\ChibiStudio\\chibios2111\\demos\\STM32\\RT-STM3"
 1365      68696269 
 1365      53747564 
 1365      696F5C63 
 1365      68696269 
 1366 0272 32483734 		.ascii	"2H743ZI_REV_XY-NUCLEO144 - Copie\000"
 1366      335A495F 
 1366      5245565F 
 1366      58592D4E 
 1366      55434C45 
 1367              	.LASF13:
 1368 0293 75696E74 		.ascii	"uint32_t\000"
 1368      33325F74 
 1368      00
 1369              	.LASF7:
 1370 029c 6C6F6E67 		.ascii	"long int\000"
 1370      20696E74 
 1370      00
 1371              	.LASF2:
 1372 02a5 6C6F6E67 		.ascii	"long double\000"
 1372      20646F75 
 1372      626C6500 
 1373              	.LASF3:
 1374 02b1 7369676E 		.ascii	"signed char\000"
 1374      65642063 
 1374      68617200 
 1375              	.LASF33:
ARM GAS  C:\Users\DEVELO~1\AppData\Local\Temp\ccTt0A2l.s 			page 27


 1376 02bd 6D6F6465 		.ascii	"moder\000"
 1376      7200
 1377              	.LASF17:
 1378 02c3 5F426F6F 		.ascii	"_Bool\000"
 1378      6C00
 1379              		.ident	"GCC: (Arm GNU Toolchain 11.3.Rel1) 11.3.1 20220712"
ARM GAS  C:\Users\DEVELO~1\AppData\Local\Temp\ccTt0A2l.s 			page 28


DEFINED SYMBOLS
                            *ABS*:00000000 hal_pal_lld.c
C:\Users\DEVELO~1\AppData\Local\Temp\ccTt0A2l.s:18     .text._pal_lld_init:00000000 $t
C:\Users\DEVELO~1\AppData\Local\Temp\ccTt0A2l.s:25     .text._pal_lld_init:00000000 _pal_lld_init
C:\Users\DEVELO~1\AppData\Local\Temp\ccTt0A2l.s:39     .text._pal_lld_setgroupmode:00000000 $t
C:\Users\DEVELO~1\AppData\Local\Temp\ccTt0A2l.s:46     .text._pal_lld_setgroupmode:00000000 _pal_lld_setgroupmode

NO UNDEFINED SYMBOLS
