ARM GAS  C:\Users\DEVELO~1\AppData\Local\Temp\cci5Hjc6.s 			page 1


   1              		.cpu cortex-m7
   2              		.arch armv7e-m
   3              		.fpu softvfp
   4              		.eabi_attribute 20, 1
   5              		.eabi_attribute 21, 1
   6              		.eabi_attribute 23, 3
   7              		.eabi_attribute 24, 1
   8              		.eabi_attribute 25, 1
   9              		.eabi_attribute 26, 1
  10              		.eabi_attribute 30, 2
  11              		.eabi_attribute 34, 1
  12              		.eabi_attribute 18, 4
  13              		.file	"oop_base_object.c"
  14              		.text
  15              	.Ltext0:
  16              		.cfi_sections	.debug_frame
  17              		.section	.text.__bo_objinit_impl,"ax",%progbits
  18              		.align	1
  19              		.p2align 4,,15
  20              		.global	__bo_objinit_impl
  21              		.syntax unified
  22              		.thumb
  23              		.thumb_func
  24              		.type	__bo_objinit_impl, %function
  25              	__bo_objinit_impl:
  26              	.LVL0:
  27              	.LFB387:
  28              		.file 1 "./ChibiOS/os/common/oop/src/oop_base_object.c"
  29              		.loc 1 73 52 view -0
  30              		.cfi_startproc
  31              		@ args = 0, pretend = 0, frame = 0
  32              		@ frame_needed = 0, uses_anonymous_args = 0
  33              		@ link register save eliminated.
  34              		.loc 1 74 3 view .LVU1
  35              		.loc 1 77 3 view .LVU2
  36              		.loc 1 77 13 is_stmt 0 view .LVU3
  37 0000 0160     		str	r1, [r0]
  38              		.loc 1 81 3 is_stmt 1 view .LVU4
  39              		.loc 1 82 1 is_stmt 0 view .LVU5
  40 0002 7047     		bx	lr
  41              		.cfi_endproc
  42              	.LFE387:
  43              		.size	__bo_objinit_impl, .-__bo_objinit_impl
  44              		.section	.text.__bo_dispose_impl,"ax",%progbits
  45              		.align	1
  46              		.p2align 4,,15
  47              		.global	__bo_dispose_impl
  48              		.syntax unified
  49              		.thumb
  50              		.thumb_func
  51              		.type	__bo_dispose_impl, %function
  52              	__bo_dispose_impl:
  53              	.LVL1:
  54              	.LFB388:
  55              		.loc 1 91 34 is_stmt 1 view -0
  56              		.cfi_startproc
  57              		@ args = 0, pretend = 0, frame = 0
ARM GAS  C:\Users\DEVELO~1\AppData\Local\Temp\cci5Hjc6.s 			page 2


  58              		@ frame_needed = 0, uses_anonymous_args = 0
  59              		@ link register save eliminated.
  60              		.loc 1 92 3 view .LVU7
  61              		.loc 1 95 3 view .LVU8
  62              		.loc 1 96 1 is_stmt 0 view .LVU9
  63 0000 7047     		bx	lr
  64              		.cfi_endproc
  65              	.LFE388:
  66              		.size	__bo_dispose_impl, .-__bo_dispose_impl
  67              		.text
  68              	.Letext0:
  69              		.file 2 "./ChibiOS/os/common/oop/include/oop_base_object.h"
  70              		.section	.debug_info,"",%progbits
  71              	.Ldebug_info0:
  72 0000 5C010000 		.4byte	0x15c
  73 0004 0500     		.2byte	0x5
  74 0006 01       		.byte	0x1
  75 0007 04       		.byte	0x4
  76 0008 00000000 		.4byte	.Ldebug_abbrev0
  77 000c 06       		.uleb128 0x6
  78 000d 73010000 		.4byte	.LASF16
  79 0011 1D       		.byte	0x1d
  80 0012 29010000 		.4byte	.LASF17
  81 0016 1B000000 		.4byte	.LASF18
  82 001a 0C000000 		.4byte	.LLRL2
  83 001e 00000000 		.4byte	0
  84 0022 00000000 		.4byte	.Ldebug_line0
  85 0026 07       		.uleb128 0x7
  86 0027 04       		.byte	0x4
  87 0028 05       		.byte	0x5
  88 0029 696E7400 		.ascii	"int\000"
  89 002d 01       		.uleb128 0x1
  90 002e 04       		.byte	0x4
  91 002f 07       		.byte	0x7
  92 0030 0E000000 		.4byte	.LASF0
  93 0034 01       		.uleb128 0x1
  94 0035 08       		.byte	0x8
  95 0036 05       		.byte	0x5
  96 0037 00000000 		.4byte	.LASF1
  97 003b 01       		.uleb128 0x1
  98 003c 08       		.byte	0x8
  99 003d 04       		.byte	0x4
 100 003e 1D010000 		.4byte	.LASF2
 101 0042 01       		.uleb128 0x1
 102 0043 01       		.byte	0x1
 103 0044 06       		.byte	0x6
 104 0045 FF000000 		.4byte	.LASF3
 105 0049 01       		.uleb128 0x1
 106 004a 01       		.byte	0x1
 107 004b 08       		.byte	0x8
 108 004c C2000000 		.4byte	.LASF4
 109 0050 01       		.uleb128 0x1
 110 0051 02       		.byte	0x2
 111 0052 05       		.byte	0x5
 112 0053 57010000 		.4byte	.LASF5
 113 0057 01       		.uleb128 0x1
 114 0058 02       		.byte	0x2
ARM GAS  C:\Users\DEVELO~1\AppData\Local\Temp\cci5Hjc6.s 			page 3


 115 0059 07       		.byte	0x7
 116 005a EC000000 		.4byte	.LASF6
 117 005e 01       		.uleb128 0x1
 118 005f 04       		.byte	0x4
 119 0060 05       		.byte	0x5
 120 0061 D5000000 		.4byte	.LASF7
 121 0065 01       		.uleb128 0x1
 122 0066 04       		.byte	0x4
 123 0067 07       		.byte	0x7
 124 0068 84000000 		.4byte	.LASF8
 125 006c 01       		.uleb128 0x1
 126 006d 08       		.byte	0x8
 127 006e 07       		.byte	0x7
 128 006f 96000000 		.4byte	.LASF9
 129 0073 01       		.uleb128 0x1
 130 0074 01       		.byte	0x1
 131 0075 08       		.byte	0x8
 132 0076 D0000000 		.4byte	.LASF10
 133 007a 08       		.uleb128 0x8
 134 007b 04       		.byte	0x4
 135 007c 02       		.uleb128 0x2
 136 007d 81000000 		.4byte	0x81
 137 0081 09       		.uleb128 0x9
 138 0082 8C000000 		.4byte	0x8c
 139 0086 0A       		.uleb128 0xa
 140 0087 7A000000 		.4byte	0x7a
 141 008b 00       		.byte	0
 142 008c 01       		.uleb128 0x1
 143 008d 01       		.byte	0x1
 144 008e 02       		.byte	0x2
 145 008f E6000000 		.4byte	.LASF11
 146 0093 0B       		.uleb128 0xb
 147 0094 6A000000 		.4byte	.LASF19
 148 0098 02       		.byte	0x2
 149 0099 97       		.byte	0x97
 150 009a 1C       		.byte	0x1c
 151 009b 9F000000 		.4byte	0x9f
 152 009f 04       		.uleb128 0x4
 153 00a0 78000000 		.4byte	.LASF12
 154 00a4 A4       		.byte	0xa4
 155 00a5 B7000000 		.4byte	0xb7
 156 00a9 0C       		.uleb128 0xc
 157 00aa 766D7400 		.ascii	"vmt\000"
 158 00ae 02       		.byte	0x2
 159 00af A8       		.byte	0xa8
 160 00b0 21       		.byte	0x21
 161 00b1 D4000000 		.4byte	0xd4
 162 00b5 00       		.byte	0
 163 00b6 00       		.byte	0
 164 00b7 04       		.uleb128 0x4
 165 00b8 B2000000 		.4byte	.LASF13
 166 00bc 9C       		.byte	0x9c
 167 00bd CF000000 		.4byte	0xcf
 168 00c1 0D       		.uleb128 0xd
 169 00c2 DE000000 		.4byte	.LASF14
 170 00c6 02       		.byte	0x2
 171 00c7 9E       		.byte	0x9e
ARM GAS  C:\Users\DEVELO~1\AppData\Local\Temp\cci5Hjc6.s 			page 4


 172 00c8 0A       		.byte	0xa
 173 00c9 7C000000 		.4byte	0x7c
 174 00cd 00       		.byte	0
 175 00ce 00       		.byte	0
 176 00cf 0E       		.uleb128 0xe
 177 00d0 B7000000 		.4byte	0xb7
 178 00d4 02       		.uleb128 0x2
 179 00d5 CF000000 		.4byte	0xcf
 180 00d9 0F       		.uleb128 0xf
 181 00da 0B010000 		.4byte	.LASF20
 182 00de 01       		.byte	0x1
 183 00df 5B       		.byte	0x5b
 184 00e0 06       		.byte	0x6
 185 00e1 00000000 		.4byte	.LFB388
 186 00e5 02000000 		.4byte	.LFE388-.LFB388
 187 00e9 01       		.uleb128 0x1
 188 00ea 9C       		.byte	0x9c
 189 00eb 0E010000 		.4byte	0x10e
 190 00ef 03       		.uleb128 0x3
 191 00f0 697000   		.ascii	"ip\000"
 192 00f3 5B       		.byte	0x5b
 193 00f4 1E       		.byte	0x1e
 194 00f5 7A000000 		.4byte	0x7a
 195 00f9 01       		.uleb128 0x1
 196 00fa 50       		.byte	0x50
 197 00fb 05       		.uleb128 0x5
 198 00fc AD000000 		.4byte	.LASF15
 199 0100 5C       		.byte	0x5c
 200 0101 0E010000 		.4byte	0x10e
 201 0105 0E000000 		.4byte	.LLST1
 202 0109 0C000000 		.4byte	.LVUS1
 203 010d 00       		.byte	0
 204 010e 02       		.uleb128 0x2
 205 010f 93000000 		.4byte	0x93
 206 0113 10       		.uleb128 0x10
 207 0114 61010000 		.4byte	.LASF21
 208 0118 01       		.byte	0x1
 209 0119 49       		.byte	0x49
 210 011a 07       		.byte	0x7
 211 011b 7A000000 		.4byte	0x7a
 212 011f 00000000 		.4byte	.LFB387
 213 0123 04000000 		.4byte	.LFE387-.LFB387
 214 0127 01       		.uleb128 0x1
 215 0128 9C       		.byte	0x9c
 216 0129 59010000 		.4byte	0x159
 217 012d 03       		.uleb128 0x3
 218 012e 697000   		.ascii	"ip\000"
 219 0131 49       		.byte	0x49
 220 0132 1F       		.byte	0x1f
 221 0133 7A000000 		.4byte	0x7a
 222 0137 01       		.uleb128 0x1
 223 0138 50       		.byte	0x50
 224 0139 03       		.uleb128 0x3
 225 013a 766D7400 		.ascii	"vmt\000"
 226 013e 49       		.byte	0x49
 227 013f 2F       		.byte	0x2f
 228 0140 59010000 		.4byte	0x159
ARM GAS  C:\Users\DEVELO~1\AppData\Local\Temp\cci5Hjc6.s 			page 5


 229 0144 01       		.uleb128 0x1
 230 0145 51       		.byte	0x51
 231 0146 05       		.uleb128 0x5
 232 0147 AD000000 		.4byte	.LASF15
 233 014b 4A       		.byte	0x4a
 234 014c 0E010000 		.4byte	0x10e
 235 0150 19000000 		.4byte	.LLST0
 236 0154 17000000 		.4byte	.LVUS0
 237 0158 00       		.byte	0
 238 0159 02       		.uleb128 0x2
 239 015a 5E010000 		.4byte	0x15e
 240 015e 11       		.uleb128 0x11
 241 015f 00       		.byte	0
 242              		.section	.debug_abbrev,"",%progbits
 243              	.Ldebug_abbrev0:
 244 0000 01       		.uleb128 0x1
 245 0001 24       		.uleb128 0x24
 246 0002 00       		.byte	0
 247 0003 0B       		.uleb128 0xb
 248 0004 0B       		.uleb128 0xb
 249 0005 3E       		.uleb128 0x3e
 250 0006 0B       		.uleb128 0xb
 251 0007 03       		.uleb128 0x3
 252 0008 0E       		.uleb128 0xe
 253 0009 00       		.byte	0
 254 000a 00       		.byte	0
 255 000b 02       		.uleb128 0x2
 256 000c 0F       		.uleb128 0xf
 257 000d 00       		.byte	0
 258 000e 0B       		.uleb128 0xb
 259 000f 21       		.uleb128 0x21
 260 0010 04       		.sleb128 4
 261 0011 49       		.uleb128 0x49
 262 0012 13       		.uleb128 0x13
 263 0013 00       		.byte	0
 264 0014 00       		.byte	0
 265 0015 03       		.uleb128 0x3
 266 0016 05       		.uleb128 0x5
 267 0017 00       		.byte	0
 268 0018 03       		.uleb128 0x3
 269 0019 08       		.uleb128 0x8
 270 001a 3A       		.uleb128 0x3a
 271 001b 21       		.uleb128 0x21
 272 001c 01       		.sleb128 1
 273 001d 3B       		.uleb128 0x3b
 274 001e 0B       		.uleb128 0xb
 275 001f 39       		.uleb128 0x39
 276 0020 0B       		.uleb128 0xb
 277 0021 49       		.uleb128 0x49
 278 0022 13       		.uleb128 0x13
 279 0023 02       		.uleb128 0x2
 280 0024 18       		.uleb128 0x18
 281 0025 00       		.byte	0
 282 0026 00       		.byte	0
 283 0027 04       		.uleb128 0x4
 284 0028 13       		.uleb128 0x13
 285 0029 01       		.byte	0x1
ARM GAS  C:\Users\DEVELO~1\AppData\Local\Temp\cci5Hjc6.s 			page 6


 286 002a 03       		.uleb128 0x3
 287 002b 0E       		.uleb128 0xe
 288 002c 0B       		.uleb128 0xb
 289 002d 21       		.uleb128 0x21
 290 002e 04       		.sleb128 4
 291 002f 3A       		.uleb128 0x3a
 292 0030 21       		.uleb128 0x21
 293 0031 02       		.sleb128 2
 294 0032 3B       		.uleb128 0x3b
 295 0033 0B       		.uleb128 0xb
 296 0034 39       		.uleb128 0x39
 297 0035 21       		.uleb128 0x21
 298 0036 08       		.sleb128 8
 299 0037 01       		.uleb128 0x1
 300 0038 13       		.uleb128 0x13
 301 0039 00       		.byte	0
 302 003a 00       		.byte	0
 303 003b 05       		.uleb128 0x5
 304 003c 34       		.uleb128 0x34
 305 003d 00       		.byte	0
 306 003e 03       		.uleb128 0x3
 307 003f 0E       		.uleb128 0xe
 308 0040 3A       		.uleb128 0x3a
 309 0041 21       		.uleb128 0x21
 310 0042 01       		.sleb128 1
 311 0043 3B       		.uleb128 0x3b
 312 0044 0B       		.uleb128 0xb
 313 0045 39       		.uleb128 0x39
 314 0046 21       		.uleb128 0x21
 315 0047 12       		.sleb128 18
 316 0048 49       		.uleb128 0x49
 317 0049 13       		.uleb128 0x13
 318 004a 02       		.uleb128 0x2
 319 004b 17       		.uleb128 0x17
 320 004c B742     		.uleb128 0x2137
 321 004e 17       		.uleb128 0x17
 322 004f 00       		.byte	0
 323 0050 00       		.byte	0
 324 0051 06       		.uleb128 0x6
 325 0052 11       		.uleb128 0x11
 326 0053 01       		.byte	0x1
 327 0054 25       		.uleb128 0x25
 328 0055 0E       		.uleb128 0xe
 329 0056 13       		.uleb128 0x13
 330 0057 0B       		.uleb128 0xb
 331 0058 03       		.uleb128 0x3
 332 0059 0E       		.uleb128 0xe
 333 005a 1B       		.uleb128 0x1b
 334 005b 0E       		.uleb128 0xe
 335 005c 55       		.uleb128 0x55
 336 005d 17       		.uleb128 0x17
 337 005e 11       		.uleb128 0x11
 338 005f 01       		.uleb128 0x1
 339 0060 10       		.uleb128 0x10
 340 0061 17       		.uleb128 0x17
 341 0062 00       		.byte	0
 342 0063 00       		.byte	0
ARM GAS  C:\Users\DEVELO~1\AppData\Local\Temp\cci5Hjc6.s 			page 7


 343 0064 07       		.uleb128 0x7
 344 0065 24       		.uleb128 0x24
 345 0066 00       		.byte	0
 346 0067 0B       		.uleb128 0xb
 347 0068 0B       		.uleb128 0xb
 348 0069 3E       		.uleb128 0x3e
 349 006a 0B       		.uleb128 0xb
 350 006b 03       		.uleb128 0x3
 351 006c 08       		.uleb128 0x8
 352 006d 00       		.byte	0
 353 006e 00       		.byte	0
 354 006f 08       		.uleb128 0x8
 355 0070 0F       		.uleb128 0xf
 356 0071 00       		.byte	0
 357 0072 0B       		.uleb128 0xb
 358 0073 0B       		.uleb128 0xb
 359 0074 00       		.byte	0
 360 0075 00       		.byte	0
 361 0076 09       		.uleb128 0x9
 362 0077 15       		.uleb128 0x15
 363 0078 01       		.byte	0x1
 364 0079 27       		.uleb128 0x27
 365 007a 19       		.uleb128 0x19
 366 007b 01       		.uleb128 0x1
 367 007c 13       		.uleb128 0x13
 368 007d 00       		.byte	0
 369 007e 00       		.byte	0
 370 007f 0A       		.uleb128 0xa
 371 0080 05       		.uleb128 0x5
 372 0081 00       		.byte	0
 373 0082 49       		.uleb128 0x49
 374 0083 13       		.uleb128 0x13
 375 0084 00       		.byte	0
 376 0085 00       		.byte	0
 377 0086 0B       		.uleb128 0xb
 378 0087 16       		.uleb128 0x16
 379 0088 00       		.byte	0
 380 0089 03       		.uleb128 0x3
 381 008a 0E       		.uleb128 0xe
 382 008b 3A       		.uleb128 0x3a
 383 008c 0B       		.uleb128 0xb
 384 008d 3B       		.uleb128 0x3b
 385 008e 0B       		.uleb128 0xb
 386 008f 39       		.uleb128 0x39
 387 0090 0B       		.uleb128 0xb
 388 0091 49       		.uleb128 0x49
 389 0092 13       		.uleb128 0x13
 390 0093 00       		.byte	0
 391 0094 00       		.byte	0
 392 0095 0C       		.uleb128 0xc
 393 0096 0D       		.uleb128 0xd
 394 0097 00       		.byte	0
 395 0098 03       		.uleb128 0x3
 396 0099 08       		.uleb128 0x8
 397 009a 3A       		.uleb128 0x3a
 398 009b 0B       		.uleb128 0xb
 399 009c 3B       		.uleb128 0x3b
ARM GAS  C:\Users\DEVELO~1\AppData\Local\Temp\cci5Hjc6.s 			page 8


 400 009d 0B       		.uleb128 0xb
 401 009e 39       		.uleb128 0x39
 402 009f 0B       		.uleb128 0xb
 403 00a0 49       		.uleb128 0x49
 404 00a1 13       		.uleb128 0x13
 405 00a2 38       		.uleb128 0x38
 406 00a3 0B       		.uleb128 0xb
 407 00a4 00       		.byte	0
 408 00a5 00       		.byte	0
 409 00a6 0D       		.uleb128 0xd
 410 00a7 0D       		.uleb128 0xd
 411 00a8 00       		.byte	0
 412 00a9 03       		.uleb128 0x3
 413 00aa 0E       		.uleb128 0xe
 414 00ab 3A       		.uleb128 0x3a
 415 00ac 0B       		.uleb128 0xb
 416 00ad 3B       		.uleb128 0x3b
 417 00ae 0B       		.uleb128 0xb
 418 00af 39       		.uleb128 0x39
 419 00b0 0B       		.uleb128 0xb
 420 00b1 49       		.uleb128 0x49
 421 00b2 13       		.uleb128 0x13
 422 00b3 38       		.uleb128 0x38
 423 00b4 0B       		.uleb128 0xb
 424 00b5 00       		.byte	0
 425 00b6 00       		.byte	0
 426 00b7 0E       		.uleb128 0xe
 427 00b8 26       		.uleb128 0x26
 428 00b9 00       		.byte	0
 429 00ba 49       		.uleb128 0x49
 430 00bb 13       		.uleb128 0x13
 431 00bc 00       		.byte	0
 432 00bd 00       		.byte	0
 433 00be 0F       		.uleb128 0xf
 434 00bf 2E       		.uleb128 0x2e
 435 00c0 01       		.byte	0x1
 436 00c1 3F       		.uleb128 0x3f
 437 00c2 19       		.uleb128 0x19
 438 00c3 03       		.uleb128 0x3
 439 00c4 0E       		.uleb128 0xe
 440 00c5 3A       		.uleb128 0x3a
 441 00c6 0B       		.uleb128 0xb
 442 00c7 3B       		.uleb128 0x3b
 443 00c8 0B       		.uleb128 0xb
 444 00c9 39       		.uleb128 0x39
 445 00ca 0B       		.uleb128 0xb
 446 00cb 27       		.uleb128 0x27
 447 00cc 19       		.uleb128 0x19
 448 00cd 11       		.uleb128 0x11
 449 00ce 01       		.uleb128 0x1
 450 00cf 12       		.uleb128 0x12
 451 00d0 06       		.uleb128 0x6
 452 00d1 40       		.uleb128 0x40
 453 00d2 18       		.uleb128 0x18
 454 00d3 7A       		.uleb128 0x7a
 455 00d4 19       		.uleb128 0x19
 456 00d5 01       		.uleb128 0x1
ARM GAS  C:\Users\DEVELO~1\AppData\Local\Temp\cci5Hjc6.s 			page 9


 457 00d6 13       		.uleb128 0x13
 458 00d7 00       		.byte	0
 459 00d8 00       		.byte	0
 460 00d9 10       		.uleb128 0x10
 461 00da 2E       		.uleb128 0x2e
 462 00db 01       		.byte	0x1
 463 00dc 3F       		.uleb128 0x3f
 464 00dd 19       		.uleb128 0x19
 465 00de 03       		.uleb128 0x3
 466 00df 0E       		.uleb128 0xe
 467 00e0 3A       		.uleb128 0x3a
 468 00e1 0B       		.uleb128 0xb
 469 00e2 3B       		.uleb128 0x3b
 470 00e3 0B       		.uleb128 0xb
 471 00e4 39       		.uleb128 0x39
 472 00e5 0B       		.uleb128 0xb
 473 00e6 27       		.uleb128 0x27
 474 00e7 19       		.uleb128 0x19
 475 00e8 49       		.uleb128 0x49
 476 00e9 13       		.uleb128 0x13
 477 00ea 11       		.uleb128 0x11
 478 00eb 01       		.uleb128 0x1
 479 00ec 12       		.uleb128 0x12
 480 00ed 06       		.uleb128 0x6
 481 00ee 40       		.uleb128 0x40
 482 00ef 18       		.uleb128 0x18
 483 00f0 7A       		.uleb128 0x7a
 484 00f1 19       		.uleb128 0x19
 485 00f2 01       		.uleb128 0x1
 486 00f3 13       		.uleb128 0x13
 487 00f4 00       		.byte	0
 488 00f5 00       		.byte	0
 489 00f6 11       		.uleb128 0x11
 490 00f7 26       		.uleb128 0x26
 491 00f8 00       		.byte	0
 492 00f9 00       		.byte	0
 493 00fa 00       		.byte	0
 494 00fb 00       		.byte	0
 495              		.section	.debug_loclists,"",%progbits
 496 0000 1E000000 		.4byte	.Ldebug_loc3-.Ldebug_loc2
 497              	.Ldebug_loc2:
 498 0004 0500     		.2byte	0x5
 499 0006 04       		.byte	0x4
 500 0007 00       		.byte	0
 501 0008 00000000 		.4byte	0
 502              	.Ldebug_loc0:
 503              	.LVUS1:
 504 000c 02       		.uleb128 .LVU8
 505 000d 00       		.uleb128 0
 506              	.LLST1:
 507 000e 08       		.byte	0x8
 508 000f 00000000 		.4byte	.LVL1
 509 0013 02       		.uleb128 .LFE388-.LVL1
 510 0014 01       		.uleb128 0x1
 511 0015 50       		.byte	0x50
 512 0016 00       		.byte	0
 513              	.LVUS0:
ARM GAS  C:\Users\DEVELO~1\AppData\Local\Temp\cci5Hjc6.s 			page 10


 514 0017 02       		.uleb128 .LVU2
 515 0018 00       		.uleb128 0
 516              	.LLST0:
 517 0019 08       		.byte	0x8
 518 001a 00000000 		.4byte	.LVL0
 519 001e 04       		.uleb128 .LFE387-.LVL0
 520 001f 01       		.uleb128 0x1
 521 0020 50       		.byte	0x50
 522 0021 00       		.byte	0
 523              	.Ldebug_loc3:
 524              		.section	.debug_aranges,"",%progbits
 525 0000 24000000 		.4byte	0x24
 526 0004 0200     		.2byte	0x2
 527 0006 00000000 		.4byte	.Ldebug_info0
 528 000a 04       		.byte	0x4
 529 000b 00       		.byte	0
 530 000c 0000     		.2byte	0
 531 000e 0000     		.2byte	0
 532 0010 00000000 		.4byte	.LFB387
 533 0014 04000000 		.4byte	.LFE387-.LFB387
 534 0018 00000000 		.4byte	.LFB388
 535 001c 02000000 		.4byte	.LFE388-.LFB388
 536 0020 00000000 		.4byte	0
 537 0024 00000000 		.4byte	0
 538              		.section	.debug_rnglists,"",%progbits
 539              	.Ldebug_ranges0:
 540 0000 15000000 		.4byte	.Ldebug_ranges3-.Ldebug_ranges2
 541              	.Ldebug_ranges2:
 542 0004 0500     		.2byte	0x5
 543 0006 04       		.byte	0x4
 544 0007 00       		.byte	0
 545 0008 00000000 		.4byte	0
 546              	.LLRL2:
 547 000c 07       		.byte	0x7
 548 000d 00000000 		.4byte	.LFB387
 549 0011 04       		.uleb128 .LFE387-.LFB387
 550 0012 07       		.byte	0x7
 551 0013 00000000 		.4byte	.LFB388
 552 0017 02       		.uleb128 .LFE388-.LFB388
 553 0018 00       		.byte	0
 554              	.Ldebug_ranges3:
 555              		.section	.debug_line,"",%progbits
 556              	.Ldebug_line0:
 557 0000 BB000000 		.section	.debug_str,"MS",%progbits,1
 557      03007900 
 557      00000201 
 557      FB0E0D00 
 557      01010101 
 558              	.LASF1:
 559 0000 6C6F6E67 		.ascii	"long long int\000"
 559      206C6F6E 
 559      6720696E 
 559      7400
 560              	.LASF0:
 561 000e 756E7369 		.ascii	"unsigned int\000"
 561      676E6564 
 561      20696E74 
ARM GAS  C:\Users\DEVELO~1\AppData\Local\Temp\cci5Hjc6.s 			page 11


 561      00
 562              	.LASF18:
 563 001b 433A5C43 		.ascii	"C:\\ChibiStudio\\chibios2111\\demos\\STM32\\RT-STM3"
 563      68696269 
 563      53747564 
 563      696F5C63 
 563      68696269 
 564 0049 32483734 		.ascii	"2H743ZI_REV_XY-NUCLEO144 - Copie\000"
 564      335A495F 
 564      5245565F 
 564      58592D4E 
 564      55434C45 
 565              	.LASF19:
 566 006a 62617365 		.ascii	"base_object_c\000"
 566      5F6F626A 
 566      6563745F 
 566      6300
 567              	.LASF12:
 568 0078 62617365 		.ascii	"base_object\000"
 568      5F6F626A 
 568      65637400 
 569              	.LASF8:
 570 0084 6C6F6E67 		.ascii	"long unsigned int\000"
 570      20756E73 
 570      69676E65 
 570      6420696E 
 570      7400
 571              	.LASF9:
 572 0096 6C6F6E67 		.ascii	"long long unsigned int\000"
 572      206C6F6E 
 572      6720756E 
 572      7369676E 
 572      65642069 
 573              	.LASF15:
 574 00ad 73656C66 		.ascii	"self\000"
 574      00
 575              	.LASF13:
 576 00b2 62617365 		.ascii	"base_object_vmt\000"
 576      5F6F626A 
 576      6563745F 
 576      766D7400 
 577              	.LASF4:
 578 00c2 756E7369 		.ascii	"unsigned char\000"
 578      676E6564 
 578      20636861 
 578      7200
 579              	.LASF10:
 580 00d0 63686172 		.ascii	"char\000"
 580      00
 581              	.LASF7:
 582 00d5 6C6F6E67 		.ascii	"long int\000"
 582      20696E74 
 582      00
 583              	.LASF14:
 584 00de 64697370 		.ascii	"dispose\000"
 584      6F736500 
 585              	.LASF11:
ARM GAS  C:\Users\DEVELO~1\AppData\Local\Temp\cci5Hjc6.s 			page 12


 586 00e6 5F426F6F 		.ascii	"_Bool\000"
 586      6C00
 587              	.LASF6:
 588 00ec 73686F72 		.ascii	"short unsigned int\000"
 588      7420756E 
 588      7369676E 
 588      65642069 
 588      6E7400
 589              	.LASF3:
 590 00ff 7369676E 		.ascii	"signed char\000"
 590      65642063 
 590      68617200 
 591              	.LASF20:
 592 010b 5F5F626F 		.ascii	"__bo_dispose_impl\000"
 592      5F646973 
 592      706F7365 
 592      5F696D70 
 592      6C00
 593              	.LASF2:
 594 011d 6C6F6E67 		.ascii	"long double\000"
 594      20646F75 
 594      626C6500 
 595              	.LASF17:
 596 0129 2E2F4368 		.ascii	"./ChibiOS/os/common/oop/src/oop_base_object.c\000"
 596      6962694F 
 596      532F6F73 
 596      2F636F6D 
 596      6D6F6E2F 
 597              	.LASF5:
 598 0157 73686F72 		.ascii	"short int\000"
 598      7420696E 
 598      7400
 599              	.LASF21:
 600 0161 5F5F626F 		.ascii	"__bo_objinit_impl\000"
 600      5F6F626A 
 600      696E6974 
 600      5F696D70 
 600      6C00
 601              	.LASF16:
 602 0173 474E5520 		.ascii	"GNU C17 11.3.1 20220712 -mcpu=cortex-m7 -mthumb -mf"
 602      43313720 
 602      31312E33 
 602      2E312032 
 602      30323230 
 603 01a6 6C6F6174 		.ascii	"loat-abi=soft -march=armv7e-m -ggdb -O2 -fomit-fram"
 603      2D616269 
 603      3D736F66 
 603      74202D6D 
 603      61726368 
 604 01d9 652D706F 		.ascii	"e-pointer -falign-functions=16 -ffunction-sections "
 604      696E7465 
 604      72202D66 
 604      616C6967 
 604      6E2D6675 
 605 020c 2D666461 		.ascii	"-fdata-sections -fno-common\000"
 605      74612D73 
 605      65637469 
ARM GAS  C:\Users\DEVELO~1\AppData\Local\Temp\cci5Hjc6.s 			page 13


 605      6F6E7320 
 605      2D666E6F 
 606              		.ident	"GCC: (Arm GNU Toolchain 11.3.Rel1) 11.3.1 20220712"
ARM GAS  C:\Users\DEVELO~1\AppData\Local\Temp\cci5Hjc6.s 			page 14


DEFINED SYMBOLS
                            *ABS*:00000000 oop_base_object.c
C:\Users\DEVELO~1\AppData\Local\Temp\cci5Hjc6.s:18     .text.__bo_objinit_impl:00000000 $t
C:\Users\DEVELO~1\AppData\Local\Temp\cci5Hjc6.s:25     .text.__bo_objinit_impl:00000000 __bo_objinit_impl
C:\Users\DEVELO~1\AppData\Local\Temp\cci5Hjc6.s:45     .text.__bo_dispose_impl:00000000 $t
C:\Users\DEVELO~1\AppData\Local\Temp\cci5Hjc6.s:52     .text.__bo_dispose_impl:00000000 __bo_dispose_impl

NO UNDEFINED SYMBOLS
