ARM GAS  C:\Users\DEVELO~1\AppData\Local\Temp\ccuRmiz7.s 			page 1


   1              		.cpu cortex-m7
   2              		.arch armv7e-m
   3              		.fpu softvfp
   4              		.eabi_attribute 20, 1
   5              		.eabi_attribute 21, 1
   6              		.eabi_attribute 23, 3
   7              		.eabi_attribute 24, 1
   8              		.eabi_attribute 25, 1
   9              		.eabi_attribute 26, 1
  10              		.eabi_attribute 30, 2
  11              		.eabi_attribute 34, 1
  12              		.eabi_attribute 18, 4
  13              		.file	"osal.c"
  14              		.text
  15              	.Ltext0:
  16              		.cfi_sections	.debug_frame
  17              	.Letext0:
  18              		.section	.debug_info,"",%progbits
  19              	.Ldebug_info0:
  20 0000 84000000 		.4byte	0x84
  21 0004 0500     		.2byte	0x5
  22 0006 01       		.byte	0x1
  23 0007 04       		.byte	0x4
  24 0008 00000000 		.4byte	.Ldebug_abbrev0
  25 000c 02       		.uleb128 0x2
  26 000d 1A010000 		.4byte	.LASF14
  27 0011 1D       		.byte	0x1d
  28 0012 0E000000 		.4byte	.LASF15
  29 0016 31000000 		.4byte	.LASF16
  30 001a 00000000 		.4byte	.Ldebug_line0
  31 001e 03       		.uleb128 0x3
  32 001f 04       		.byte	0x4
  33 0020 05       		.byte	0x5
  34 0021 696E7400 		.ascii	"int\000"
  35 0025 01       		.uleb128 0x1
  36 0026 04       		.byte	0x4
  37 0027 07       		.byte	0x7
  38 0028 0D010000 		.4byte	.LASF0
  39 002c 01       		.uleb128 0x1
  40 002d 08       		.byte	0x8
  41 002e 05       		.byte	0x5
  42 002f 00000000 		.4byte	.LASF1
  43 0033 01       		.uleb128 0x1
  44 0034 08       		.byte	0x8
  45 0035 04       		.byte	0x4
  46 0036 F1000000 		.4byte	.LASF2
  47 003a 01       		.uleb128 0x1
  48 003b 01       		.byte	0x1
  49 003c 06       		.byte	0x6
  50 003d E5000000 		.4byte	.LASF3
  51 0041 01       		.uleb128 0x1
  52 0042 01       		.byte	0x1
  53 0043 08       		.byte	0x8
  54 0044 A9000000 		.4byte	.LASF4
  55 0048 01       		.uleb128 0x1
  56 0049 02       		.byte	0x2
  57 004a 05       		.byte	0x5
ARM GAS  C:\Users\DEVELO~1\AppData\Local\Temp\ccuRmiz7.s 			page 2


  58 004b 03010000 		.4byte	.LASF5
  59 004f 01       		.uleb128 0x1
  60 0050 02       		.byte	0x2
  61 0051 07       		.byte	0x7
  62 0052 D2000000 		.4byte	.LASF6
  63 0056 01       		.uleb128 0x1
  64 0057 04       		.byte	0x4
  65 0058 05       		.byte	0x5
  66 0059 BC000000 		.4byte	.LASF7
  67 005d 01       		.uleb128 0x1
  68 005e 04       		.byte	0x4
  69 005f 07       		.byte	0x7
  70 0060 80000000 		.4byte	.LASF8
  71 0064 01       		.uleb128 0x1
  72 0065 08       		.byte	0x8
  73 0066 07       		.byte	0x7
  74 0067 92000000 		.4byte	.LASF9
  75 006b 01       		.uleb128 0x1
  76 006c 01       		.byte	0x1
  77 006d 08       		.byte	0x8
  78 006e B7000000 		.4byte	.LASF10
  79 0072 01       		.uleb128 0x1
  80 0073 04       		.byte	0x4
  81 0074 04       		.byte	0x4
  82 0075 FD000000 		.4byte	.LASF11
  83 0079 01       		.uleb128 0x1
  84 007a 08       		.byte	0x8
  85 007b 04       		.byte	0x4
  86 007c C5000000 		.4byte	.LASF12
  87 0080 01       		.uleb128 0x1
  88 0081 01       		.byte	0x1
  89 0082 02       		.byte	0x2
  90 0083 CC000000 		.4byte	.LASF13
  91 0087 00       		.byte	0
  92              		.section	.debug_abbrev,"",%progbits
  93              	.Ldebug_abbrev0:
  94 0000 01       		.uleb128 0x1
  95 0001 24       		.uleb128 0x24
  96 0002 00       		.byte	0
  97 0003 0B       		.uleb128 0xb
  98 0004 0B       		.uleb128 0xb
  99 0005 3E       		.uleb128 0x3e
 100 0006 0B       		.uleb128 0xb
 101 0007 03       		.uleb128 0x3
 102 0008 0E       		.uleb128 0xe
 103 0009 00       		.byte	0
 104 000a 00       		.byte	0
 105 000b 02       		.uleb128 0x2
 106 000c 11       		.uleb128 0x11
 107 000d 01       		.byte	0x1
 108 000e 25       		.uleb128 0x25
 109 000f 0E       		.uleb128 0xe
 110 0010 13       		.uleb128 0x13
 111 0011 0B       		.uleb128 0xb
 112 0012 03       		.uleb128 0x3
 113 0013 0E       		.uleb128 0xe
 114 0014 1B       		.uleb128 0x1b
ARM GAS  C:\Users\DEVELO~1\AppData\Local\Temp\ccuRmiz7.s 			page 3


 115 0015 0E       		.uleb128 0xe
 116 0016 10       		.uleb128 0x10
 117 0017 17       		.uleb128 0x17
 118 0018 00       		.byte	0
 119 0019 00       		.byte	0
 120 001a 03       		.uleb128 0x3
 121 001b 24       		.uleb128 0x24
 122 001c 00       		.byte	0
 123 001d 0B       		.uleb128 0xb
 124 001e 0B       		.uleb128 0xb
 125 001f 3E       		.uleb128 0x3e
 126 0020 0B       		.uleb128 0xb
 127 0021 03       		.uleb128 0x3
 128 0022 08       		.uleb128 0x8
 129 0023 00       		.byte	0
 130 0024 00       		.byte	0
 131 0025 00       		.byte	0
 132              		.section	.debug_aranges,"",%progbits
 133 0000 14000000 		.4byte	0x14
 134 0004 0200     		.2byte	0x2
 135 0006 00000000 		.4byte	.Ldebug_info0
 136 000a 04       		.byte	0x4
 137 000b 00       		.byte	0
 138 000c 0000     		.2byte	0
 139 000e 0000     		.2byte	0
 140 0010 00000000 		.4byte	0
 141 0014 00000000 		.4byte	0
 142              		.section	.debug_line,"",%progbits
 143              	.Ldebug_line0:
 144 0000 19000000 		.section	.debug_str,"MS",%progbits,1
 144      03001300 
 144      00000201 
 144      FB0E0D00 
 144      01010101 
 145              	.LASF1:
 146 0000 6C6F6E67 		.ascii	"long long int\000"
 146      206C6F6E 
 146      6720696E 
 146      7400
 147              	.LASF15:
 148 000e 2E2E2F2E 		.ascii	"../../../os/hal/osal/rt-nil/osal.c\000"
 148      2E2F2E2E 
 148      2F6F732F 
 148      68616C2F 
 148      6F73616C 
 149              	.LASF16:
 150 0031 433A5C43 		.ascii	"C:\\ChibiStudio\\chibios2111\\demos\\STM32\\RT-STM3"
 150      68696269 
 150      53747564 
 150      696F5C63 
 150      68696269 
 151 005f 32483734 		.ascii	"2H743ZI_REV_XY-NUCLEO144 - Copie\000"
 151      335A495F 
 151      5245565F 
 151      58592D4E 
 151      55434C45 
 152              	.LASF8:
ARM GAS  C:\Users\DEVELO~1\AppData\Local\Temp\ccuRmiz7.s 			page 4


 153 0080 6C6F6E67 		.ascii	"long unsigned int\000"
 153      20756E73 
 153      69676E65 
 153      6420696E 
 153      7400
 154              	.LASF9:
 155 0092 6C6F6E67 		.ascii	"long long unsigned int\000"
 155      206C6F6E 
 155      6720756E 
 155      7369676E 
 155      65642069 
 156              	.LASF4:
 157 00a9 756E7369 		.ascii	"unsigned char\000"
 157      676E6564 
 157      20636861 
 157      7200
 158              	.LASF10:
 159 00b7 63686172 		.ascii	"char\000"
 159      00
 160              	.LASF7:
 161 00bc 6C6F6E67 		.ascii	"long int\000"
 161      20696E74 
 161      00
 162              	.LASF12:
 163 00c5 646F7562 		.ascii	"double\000"
 163      6C6500
 164              	.LASF13:
 165 00cc 5F426F6F 		.ascii	"_Bool\000"
 165      6C00
 166              	.LASF6:
 167 00d2 73686F72 		.ascii	"short unsigned int\000"
 167      7420756E 
 167      7369676E 
 167      65642069 
 167      6E7400
 168              	.LASF3:
 169 00e5 7369676E 		.ascii	"signed char\000"
 169      65642063 
 169      68617200 
 170              	.LASF2:
 171 00f1 6C6F6E67 		.ascii	"long double\000"
 171      20646F75 
 171      626C6500 
 172              	.LASF11:
 173 00fd 666C6F61 		.ascii	"float\000"
 173      7400
 174              	.LASF5:
 175 0103 73686F72 		.ascii	"short int\000"
 175      7420696E 
 175      7400
 176              	.LASF0:
 177 010d 756E7369 		.ascii	"unsigned int\000"
 177      676E6564 
 177      20696E74 
 177      00
 178              	.LASF14:
 179 011a 474E5520 		.ascii	"GNU C17 11.3.1 20220712 -mcpu=cortex-m7 -mthumb -mf"
ARM GAS  C:\Users\DEVELO~1\AppData\Local\Temp\ccuRmiz7.s 			page 5


 179      43313720 
 179      31312E33 
 179      2E312032 
 179      30323230 
 180 014d 6C6F6174 		.ascii	"loat-abi=soft -march=armv7e-m -ggdb -O2 -fomit-fram"
 180      2D616269 
 180      3D736F66 
 180      74202D6D 
 180      61726368 
 181 0180 652D706F 		.ascii	"e-pointer -falign-functions=16 -ffunction-sections "
 181      696E7465 
 181      72202D66 
 181      616C6967 
 181      6E2D6675 
 182 01b3 2D666461 		.ascii	"-fdata-sections -fno-common\000"
 182      74612D73 
 182      65637469 
 182      6F6E7320 
 182      2D666E6F 
 183              		.ident	"GCC: (Arm GNU Toolchain 11.3.Rel1) 11.3.1 20220712"
ARM GAS  C:\Users\DEVELO~1\AppData\Local\Temp\ccuRmiz7.s 			page 6


DEFINED SYMBOLS
                            *ABS*:00000000 osal.c

NO UNDEFINED SYMBOLS
