ARM GAS  C:\Users\DEVELO~1\AppData\Local\Temp\ccZkLHFh.s 			page 1


   1              		.cpu cortex-m7
   2              		.arch armv7e-m
   3              		.fpu softvfp
   4              		.eabi_attribute 20, 1
   5              		.eabi_attribute 21, 1
   6              		.eabi_attribute 23, 3
   7              		.eabi_attribute 24, 1
   8              		.eabi_attribute 25, 1
   9              		.eabi_attribute 26, 1
  10              		.eabi_attribute 30, 2
  11              		.eabi_attribute 34, 1
  12              		.eabi_attribute 18, 4
  13              		.file	"syscalls.c"
  14              		.text
  15              	.Ltext0:
  16              		.cfi_sections	.debug_frame
  17              		.section	.text._write,"ax",%progbits
  18              		.align	1
  19              		.p2align 4,,15
  20              		.weak	_write
  21              		.syntax unified
  22              		.thumb
  23              		.thumb_func
  24              		.type	_write, %function
  25              	_write:
  26              	.LVL0:
  27              	.LFB0:
  28              		.file 1 "syscalls.c"
  29              		.loc 1 10 70 view -0
  30              		.cfi_startproc
  31              		@ args = 0, pretend = 0, frame = 0
  32              		@ frame_needed = 0, uses_anonymous_args = 0
  33              		.loc 1 11 5 view .LVU1
  34              		.loc 1 12 5 view .LVU2
  35              		.loc 1 13 5 view .LVU3
  36              		.loc 1 14 5 view .LVU4
  37              		.loc 1 10 70 is_stmt 0 view .LVU5
  38 0000 08B5     		push	{r3, lr}
  39              		.cfi_def_cfa_offset 8
  40              		.cfi_offset 3, -8
  41              		.cfi_offset 14, -4
  42              		.loc 1 14 5 view .LVU6
  43 0002 FFF7FEFF 		bl	__errno
  44              	.LVL1:
  45              		.loc 1 14 11 view .LVU7
  46 0006 5822     		movs	r2, #88
  47              		.loc 1 14 5 view .LVU8
  48 0008 0346     		mov	r3, r0
  49              		.loc 1 16 1 view .LVU9
  50 000a 4FF0FF30 		mov	r0, #-1
  51              		.loc 1 14 11 view .LVU10
  52 000e 1A60     		str	r2, [r3]
  53              		.loc 1 15 5 is_stmt 1 view .LVU11
  54              		.loc 1 16 1 is_stmt 0 view .LVU12
  55 0010 08BD     		pop	{r3, pc}
  56              		.cfi_endproc
  57              	.LFE0:
ARM GAS  C:\Users\DEVELO~1\AppData\Local\Temp\ccZkLHFh.s 			page 2


  58              		.size	_write, .-_write
  59 0012 00BF     		.section	.text._read,"ax",%progbits
  60              		.align	1
  61              		.p2align 4,,15
  62              		.weak	_read
  63              		.syntax unified
  64              		.thumb
  65              		.thumb_func
  66              		.type	_read, %function
  67              	_read:
  68              	.LFB11:
  69              		.cfi_startproc
  70              		@ args = 0, pretend = 0, frame = 0
  71              		@ frame_needed = 0, uses_anonymous_args = 0
  72 0000 08B5     		push	{r3, lr}
  73              		.cfi_def_cfa_offset 8
  74              		.cfi_offset 3, -8
  75              		.cfi_offset 14, -4
  76 0002 FFF7FEFF 		bl	__errno
  77 0006 5822     		movs	r2, #88
  78 0008 0346     		mov	r3, r0
  79 000a 4FF0FF30 		mov	r0, #-1
  80 000e 1A60     		str	r2, [r3]
  81 0010 08BD     		pop	{r3, pc}
  82              		.cfi_endproc
  83              	.LFE11:
  84              		.size	_read, .-_read
  85              		.section	.text._close,"ax",%progbits
  86              		.align	1
  87              		.p2align 4,,15
  88              		.weak	_close
  89              		.syntax unified
  90              		.thumb
  91              		.thumb_func
  92              		.type	_close, %function
  93              	_close:
  94              	.LVL2:
  95              	.LFB2:
  96              		.loc 1 26 44 is_stmt 1 view -0
  97              		.cfi_startproc
  98              		@ args = 0, pretend = 0, frame = 0
  99              		@ frame_needed = 0, uses_anonymous_args = 0
 100              		.loc 1 27 5 view .LVU14
 101              		.loc 1 28 5 view .LVU15
 102              		.loc 1 26 44 is_stmt 0 view .LVU16
 103 0000 08B5     		push	{r3, lr}
 104              		.cfi_def_cfa_offset 8
 105              		.cfi_offset 3, -8
 106              		.cfi_offset 14, -4
 107              		.loc 1 28 5 view .LVU17
 108 0002 FFF7FEFF 		bl	__errno
 109              	.LVL3:
 110              		.loc 1 28 11 view .LVU18
 111 0006 5822     		movs	r2, #88
 112              		.loc 1 28 5 view .LVU19
 113 0008 0346     		mov	r3, r0
 114              		.loc 1 30 1 view .LVU20
ARM GAS  C:\Users\DEVELO~1\AppData\Local\Temp\ccZkLHFh.s 			page 3


 115 000a 4FF0FF30 		mov	r0, #-1
 116              		.loc 1 28 11 view .LVU21
 117 000e 1A60     		str	r2, [r3]
 118              		.loc 1 29 5 is_stmt 1 view .LVU22
 119              		.loc 1 30 1 is_stmt 0 view .LVU23
 120 0010 08BD     		pop	{r3, pc}
 121              		.cfi_endproc
 122              	.LFE2:
 123              		.size	_close, .-_close
 124 0012 00BF     		.section	.text._lseek,"ax",%progbits
 125              		.align	1
 126              		.p2align 4,,15
 127              		.weak	_lseek
 128              		.syntax unified
 129              		.thumb
 130              		.thumb_func
 131              		.type	_lseek, %function
 132              	_lseek:
 133              	.LVL4:
 134              	.LFB3:
 135              		.loc 1 32 62 is_stmt 1 view -0
 136              		.cfi_startproc
 137              		@ args = 0, pretend = 0, frame = 0
 138              		@ frame_needed = 0, uses_anonymous_args = 0
 139              		.loc 1 33 5 view .LVU25
 140              		.loc 1 34 5 view .LVU26
 141              		.loc 1 35 5 view .LVU27
 142              		.loc 1 36 5 view .LVU28
 143              		.loc 1 32 62 is_stmt 0 view .LVU29
 144 0000 08B5     		push	{r3, lr}
 145              		.cfi_def_cfa_offset 8
 146              		.cfi_offset 3, -8
 147              		.cfi_offset 14, -4
 148              		.loc 1 36 5 view .LVU30
 149 0002 FFF7FEFF 		bl	__errno
 150              	.LVL5:
 151              		.loc 1 36 11 view .LVU31
 152 0006 5822     		movs	r2, #88
 153              		.loc 1 36 5 view .LVU32
 154 0008 0346     		mov	r3, r0
 155              		.loc 1 38 1 view .LVU33
 156 000a 4FF0FF30 		mov	r0, #-1
 157              		.loc 1 36 11 view .LVU34
 158 000e 1A60     		str	r2, [r3]
 159              		.loc 1 37 5 is_stmt 1 view .LVU35
 160              		.loc 1 38 1 is_stmt 0 view .LVU36
 161 0010 08BD     		pop	{r3, pc}
 162              		.cfi_endproc
 163              	.LFE3:
 164              		.size	_lseek, .-_lseek
 165 0012 00BF     		.section	.text._fstat,"ax",%progbits
 166              		.align	1
 167              		.p2align 4,,15
 168              		.weak	_fstat
 169              		.syntax unified
 170              		.thumb
 171              		.thumb_func
ARM GAS  C:\Users\DEVELO~1\AppData\Local\Temp\ccZkLHFh.s 			page 4


 172              		.type	_fstat, %function
 173              	_fstat:
 174              	.LVL6:
 175              	.LFB4:
 176              		.loc 1 40 61 is_stmt 1 view -0
 177              		.cfi_startproc
 178              		@ args = 0, pretend = 0, frame = 0
 179              		@ frame_needed = 0, uses_anonymous_args = 0
 180              		@ link register save eliminated.
 181              		.loc 1 41 5 view .LVU38
 182              		.loc 1 42 5 view .LVU39
 183              		.loc 1 42 8 is_stmt 0 view .LVU40
 184 0000 11B1     		cbz	r1, .L11
 185              		.loc 1 43 9 is_stmt 1 view .LVU41
 186              		.loc 1 43 21 is_stmt 0 view .LVU42
 187 0002 4FF40053 		mov	r3, #8192
 188 0006 4B60     		str	r3, [r1, #4]
 189              	.L11:
 190              		.loc 1 45 5 is_stmt 1 view .LVU43
 191              		.loc 1 46 1 is_stmt 0 view .LVU44
 192 0008 0020     		movs	r0, #0
 193              	.LVL7:
 194              		.loc 1 46 1 view .LVU45
 195 000a 7047     		bx	lr
 196              		.cfi_endproc
 197              	.LFE4:
 198              		.size	_fstat, .-_fstat
 199              		.section	.text._isatty,"ax",%progbits
 200              		.align	1
 201              		.p2align 4,,15
 202              		.weak	_isatty
 203              		.syntax unified
 204              		.thumb
 205              		.thumb_func
 206              		.type	_isatty, %function
 207              	_isatty:
 208              	.LVL8:
 209              	.LFB5:
 210              		.loc 1 48 45 is_stmt 1 view -0
 211              		.cfi_startproc
 212              		@ args = 0, pretend = 0, frame = 0
 213              		@ frame_needed = 0, uses_anonymous_args = 0
 214              		@ link register save eliminated.
 215              		.loc 1 49 5 view .LVU47
 216              		.loc 1 50 5 view .LVU48
 217              		.loc 1 51 1 is_stmt 0 view .LVU49
 218 0000 0120     		movs	r0, #1
 219              	.LVL9:
 220              		.loc 1 51 1 view .LVU50
 221 0002 7047     		bx	lr
 222              		.cfi_endproc
 223              	.LFE5:
 224              		.size	_isatty, .-_isatty
 225              		.section	.text._kill,"ax",%progbits
 226              		.align	1
 227              		.p2align 4,,15
 228              		.weak	_kill
ARM GAS  C:\Users\DEVELO~1\AppData\Local\Temp\ccZkLHFh.s 			page 5


 229              		.syntax unified
 230              		.thumb
 231              		.thumb_func
 232              		.type	_kill, %function
 233              	_kill:
 234              	.LVL10:
 235              	.LFB6:
 236              		.loc 1 53 51 is_stmt 1 view -0
 237              		.cfi_startproc
 238              		@ args = 0, pretend = 0, frame = 0
 239              		@ frame_needed = 0, uses_anonymous_args = 0
 240              		.loc 1 54 5 view .LVU52
 241              		.loc 1 55 5 view .LVU53
 242              		.loc 1 56 5 view .LVU54
 243              		.loc 1 53 51 is_stmt 0 view .LVU55
 244 0000 08B5     		push	{r3, lr}
 245              		.cfi_def_cfa_offset 8
 246              		.cfi_offset 3, -8
 247              		.cfi_offset 14, -4
 248              		.loc 1 56 5 view .LVU56
 249 0002 FFF7FEFF 		bl	__errno
 250              	.LVL11:
 251              		.loc 1 56 11 view .LVU57
 252 0006 5822     		movs	r2, #88
 253              		.loc 1 56 5 view .LVU58
 254 0008 0346     		mov	r3, r0
 255              		.loc 1 58 1 view .LVU59
 256 000a 4FF0FF30 		mov	r0, #-1
 257              		.loc 1 56 11 view .LVU60
 258 000e 1A60     		str	r2, [r3]
 259              		.loc 1 57 5 is_stmt 1 view .LVU61
 260              		.loc 1 58 1 is_stmt 0 view .LVU62
 261 0010 08BD     		pop	{r3, pc}
 262              		.cfi_endproc
 263              	.LFE6:
 264              		.size	_kill, .-_kill
 265 0012 00BF     		.section	.text._getpid,"ax",%progbits
 266              		.align	1
 267              		.p2align 4,,15
 268              		.weak	_getpid
 269              		.syntax unified
 270              		.thumb
 271              		.thumb_func
 272              		.type	_getpid, %function
 273              	_getpid:
 274              	.LFB7:
 275              		.loc 1 60 41 is_stmt 1 view -0
 276              		.cfi_startproc
 277              		@ args = 0, pretend = 0, frame = 0
 278              		@ frame_needed = 0, uses_anonymous_args = 0
 279              		@ link register save eliminated.
 280              		.loc 1 61 5 view .LVU64
 281              		.loc 1 62 1 is_stmt 0 view .LVU65
 282 0000 0120     		movs	r0, #1
 283 0002 7047     		bx	lr
 284              		.cfi_endproc
 285              	.LFE7:
ARM GAS  C:\Users\DEVELO~1\AppData\Local\Temp\ccZkLHFh.s 			page 6


 286              		.size	_getpid, .-_getpid
 287              		.section	.text._exit,"ax",%progbits
 288              		.align	1
 289              		.p2align 4,,15
 290              		.weak	_exit
 291              		.syntax unified
 292              		.thumb
 293              		.thumb_func
 294              		.type	_exit, %function
 295              	_exit:
 296              	.LFB8:
 297              		.loc 1 64 46 is_stmt 1 view -0
 298              		.cfi_startproc
 299              		@ Volatile: function does not return.
 300              		@ args = 0, pretend = 0, frame = 0
 301              		@ frame_needed = 0, uses_anonymous_args = 0
 302              		@ link register save eliminated.
 303              	.LVL12:
 304              	.L20:
 305              		.loc 1 65 5 discriminator 1 view .LVU67
 306              		.loc 1 66 5 discriminator 1 view .LVU68
 307              		.loc 1 67 5 discriminator 1 view .LVU69
 308              		.loc 1 66 11 discriminator 1 view .LVU70
 309 0000 FEE7     		b	.L20
 310              		.cfi_endproc
 311              	.LFE8:
 312              		.size	_exit, .-_exit
 313 0002 00BF     		.section	.text._sbrk,"ax",%progbits
 314              		.align	1
 315              		.p2align 4,,15
 316              		.weak	_sbrk
 317              		.syntax unified
 318              		.thumb
 319              		.thumb_func
 320              		.type	_sbrk, %function
 321              	_sbrk:
 322              	.LVL13:
 323              	.LFB9:
 324              		.loc 1 70 47 view -0
 325              		.cfi_startproc
 326              		@ args = 0, pretend = 0, frame = 0
 327              		@ frame_needed = 0, uses_anonymous_args = 0
 328              		.loc 1 71 5 view .LVU72
 329              		.loc 1 72 5 view .LVU73
 330              		.loc 1 70 47 is_stmt 0 view .LVU74
 331 0000 08B5     		push	{r3, lr}
 332              		.cfi_def_cfa_offset 8
 333              		.cfi_offset 3, -8
 334              		.cfi_offset 14, -4
 335              		.loc 1 72 5 view .LVU75
 336 0002 FFF7FEFF 		bl	__errno
 337              	.LVL14:
 338              		.loc 1 72 11 view .LVU76
 339 0006 0C22     		movs	r2, #12
 340              		.loc 1 72 5 view .LVU77
 341 0008 0346     		mov	r3, r0
 342              		.loc 1 74 1 view .LVU78
ARM GAS  C:\Users\DEVELO~1\AppData\Local\Temp\ccZkLHFh.s 			page 7


 343 000a 4FF0FF30 		mov	r0, #-1
 344              		.loc 1 72 11 view .LVU79
 345 000e 1A60     		str	r2, [r3]
 346              		.loc 1 73 5 is_stmt 1 view .LVU80
 347              		.loc 1 74 1 is_stmt 0 view .LVU81
 348 0010 08BD     		pop	{r3, pc}
 349              		.cfi_endproc
 350              	.LFE9:
 351              		.size	_sbrk, .-_sbrk
 352 0012 00BF     		.text
 353              	.Letext0:
 354              		.file 2 "c:\\chibistudio\\tools\\gnu tools arm embedded\\11.3 2022.08\\arm-none-eabi\\include\\mac
 355              		.file 3 "c:\\chibistudio\\tools\\gnu tools arm embedded\\11.3 2022.08\\arm-none-eabi\\include\\sys
 356              		.file 4 "c:\\chibistudio\\tools\\gnu tools arm embedded\\11.3 2022.08\\arm-none-eabi\\include\\sys
 357              		.file 5 "c:\\chibistudio\\tools\\gnu tools arm embedded\\11.3 2022.08\\arm-none-eabi\\include\\sys
 358              		.file 6 "c:\\chibistudio\\tools\\gnu tools arm embedded\\11.3 2022.08\\arm-none-eabi\\include\\sys
 359              		.file 7 "c:\\chibistudio\\tools\\gnu tools arm embedded\\11.3 2022.08\\arm-none-eabi\\include\\sys
 360              		.file 8 "c:\\chibistudio\\tools\\gnu tools arm embedded\\11.3 2022.08\\arm-none-eabi\\include\\sys
 361              		.section	.debug_info,"",%progbits
 362              	.Ldebug_info0:
 363 0000 07050000 		.4byte	0x507
 364 0004 0500     		.2byte	0x5
 365 0006 01       		.byte	0x1
 366 0007 04       		.byte	0x4
 367 0008 00000000 		.4byte	.Ldebug_abbrev0
 368 000c 0D       		.uleb128 0xd
 369 000d 66010000 		.4byte	.LASF62
 370 0011 1D       		.byte	0x1d
 371 0012 0B030000 		.4byte	.LASF63
 372 0016 B0000000 		.4byte	.LASF64
 373 001a 0C000000 		.4byte	.LLRL13
 374 001e 00000000 		.4byte	0
 375 0022 00000000 		.4byte	.Ldebug_line0
 376 0026 0E       		.uleb128 0xe
 377 0027 04       		.byte	0x4
 378 0028 05       		.byte	0x5
 379 0029 696E7400 		.ascii	"int\000"
 380 002d 03       		.uleb128 0x3
 381 002e 04       		.byte	0x4
 382 002f 07       		.byte	0x7
 383 0030 37010000 		.4byte	.LASF0
 384 0034 03       		.uleb128 0x3
 385 0035 08       		.byte	0x8
 386 0036 05       		.byte	0x5
 387 0037 54000000 		.4byte	.LASF1
 388 003b 03       		.uleb128 0x3
 389 003c 08       		.byte	0x8
 390 003d 04       		.byte	0x4
 391 003e 65020000 		.4byte	.LASF2
 392 0042 03       		.uleb128 0x3
 393 0043 01       		.byte	0x1
 394 0044 06       		.byte	0x6
 395 0045 62000000 		.4byte	.LASF3
 396 0049 03       		.uleb128 0x3
 397 004a 01       		.byte	0x1
 398 004b 08       		.byte	0x8
 399 004c AF020000 		.4byte	.LASF4
ARM GAS  C:\Users\DEVELO~1\AppData\Local\Temp\ccZkLHFh.s 			page 8


 400 0050 03       		.uleb128 0x3
 401 0051 02       		.byte	0x2
 402 0052 05       		.byte	0x5
 403 0053 BD020000 		.4byte	.LASF5
 404 0057 03       		.uleb128 0x3
 405 0058 02       		.byte	0x2
 406 0059 07       		.byte	0x7
 407 005a 21020000 		.4byte	.LASF6
 408 005e 03       		.uleb128 0x3
 409 005f 04       		.byte	0x4
 410 0060 05       		.byte	0x5
 411 0061 89000000 		.4byte	.LASF7
 412 0065 01       		.uleb128 0x1
 413 0066 13010000 		.4byte	.LASF10
 414 006a 02       		.byte	0x2
 415 006b 4F       		.byte	0x4f
 416 006c 19       		.byte	0x19
 417 006d 71000000 		.4byte	0x71
 418 0071 03       		.uleb128 0x3
 419 0072 04       		.byte	0x4
 420 0073 07       		.byte	0x7
 421 0074 54010000 		.4byte	.LASF8
 422 0078 03       		.uleb128 0x3
 423 0079 08       		.byte	0x8
 424 007a 07       		.byte	0x7
 425 007b 18000000 		.4byte	.LASF9
 426 007f 01       		.uleb128 0x1
 427 0080 39000000 		.4byte	.LASF11
 428 0084 02       		.byte	0x2
 429 0085 C8       		.byte	0xc8
 430 0086 1E       		.byte	0x1e
 431 0087 34000000 		.4byte	0x34
 432 008b 01       		.uleb128 0x1
 433 008c 7E000000 		.4byte	.LASF12
 434 0090 03       		.byte	0x3
 435 0091 1E       		.byte	0x1e
 436 0092 0E       		.byte	0xe
 437 0093 5E000000 		.4byte	0x5e
 438 0097 01       		.uleb128 0x1
 439 0098 78020000 		.4byte	.LASF13
 440 009c 03       		.byte	0x3
 441 009d 22       		.byte	0x22
 442 009e 0E       		.byte	0xe
 443 009f 5E000000 		.4byte	0x5e
 444 00a3 01       		.uleb128 0x1
 445 00a4 84020000 		.4byte	.LASF14
 446 00a8 03       		.byte	0x3
 447 00a9 2E       		.byte	0x2e
 448 00aa 0E       		.byte	0xe
 449 00ab 5E000000 		.4byte	0x5e
 450 00af 01       		.uleb128 0x1
 451 00b0 1E010000 		.4byte	.LASF15
 452 00b4 03       		.byte	0x3
 453 00b5 38       		.byte	0x38
 454 00b6 0F       		.byte	0xf
 455 00b7 50000000 		.4byte	0x50
 456 00bb 01       		.uleb128 0x1
ARM GAS  C:\Users\DEVELO~1\AppData\Local\Temp\ccZkLHFh.s 			page 9


 457 00bc FD020000 		.4byte	.LASF16
 458 00c0 03       		.byte	0x3
 459 00c1 3C       		.byte	0x3c
 460 00c2 18       		.byte	0x18
 461 00c3 57000000 		.4byte	0x57
 462 00c7 01       		.uleb128 0x1
 463 00c8 08000000 		.4byte	.LASF17
 464 00cc 03       		.byte	0x3
 465 00cd 3F       		.byte	0x3f
 466 00ce 18       		.byte	0x18
 467 00cf 57000000 		.4byte	0x57
 468 00d3 01       		.uleb128 0x1
 469 00d4 E0020000 		.4byte	.LASF18
 470 00d8 03       		.byte	0x3
 471 00d9 4B       		.byte	0x4b
 472 00da 18       		.byte	0x18
 473 00db 57000000 		.4byte	0x57
 474 00df 01       		.uleb128 0x1
 475 00e0 75000000 		.4byte	.LASF19
 476 00e4 03       		.byte	0x3
 477 00e5 5A       		.byte	0x5a
 478 00e6 14       		.byte	0x14
 479 00e7 65000000 		.4byte	0x65
 480 00eb 01       		.uleb128 0x1
 481 00ec 00000000 		.4byte	.LASF20
 482 00f0 03       		.byte	0x3
 483 00f1 66       		.byte	0x66
 484 00f2 10       		.byte	0x10
 485 00f3 A3000000 		.4byte	0xa3
 486 00f7 01       		.uleb128 0x1
 487 00f8 34020000 		.4byte	.LASF21
 488 00fc 03       		.byte	0x3
 489 00fd D5       		.byte	0xd5
 490 00fe 18       		.byte	0x18
 491 00ff 57000000 		.4byte	0x57
 492 0103 07       		.uleb128 0x7
 493 0104 08010000 		.4byte	0x108
 494 0108 03       		.uleb128 0x3
 495 0109 01       		.byte	0x1
 496 010a 08       		.byte	0x8
 497 010b F8020000 		.4byte	.LASF22
 498 010f 0F       		.uleb128 0xf
 499 0110 08010000 		.4byte	0x108
 500 0114 07       		.uleb128 0x7
 501 0115 0F010000 		.4byte	0x10f
 502 0119 01       		.uleb128 0x1
 503 011a 91020000 		.4byte	.LASF23
 504 011e 04       		.byte	0x4
 505 011f 2A       		.byte	0x2a
 506 0120 12       		.byte	0x12
 507 0121 7F000000 		.4byte	0x7f
 508 0125 0B       		.uleb128 0xb
 509 0126 D7020000 		.4byte	.LASF36
 510 012a 10       		.byte	0x10
 511 012b 05       		.byte	0x5
 512 012c 2F       		.byte	0x2f
 513 012d 4C010000 		.4byte	0x14c
ARM GAS  C:\Users\DEVELO~1\AppData\Local\Temp\ccZkLHFh.s 			page 10


 514 0131 02       		.uleb128 0x2
 515 0132 71020000 		.4byte	.LASF24
 516 0136 05       		.byte	0x5
 517 0137 30       		.byte	0x30
 518 0138 09       		.byte	0x9
 519 0139 19010000 		.4byte	0x119
 520 013d 00       		.byte	0
 521 013e 02       		.uleb128 0x2
 522 013f 5D020000 		.4byte	.LASF25
 523 0143 05       		.byte	0x5
 524 0144 31       		.byte	0x31
 525 0145 07       		.byte	0x7
 526 0146 5E000000 		.4byte	0x5e
 527 014a 08       		.byte	0x8
 528 014b 00       		.byte	0
 529 014c 01       		.uleb128 0x1
 530 014d 4B010000 		.4byte	.LASF26
 531 0151 06       		.byte	0x6
 532 0152 61       		.byte	0x61
 533 0153 14       		.byte	0x14
 534 0154 8B000000 		.4byte	0x8b
 535 0158 01       		.uleb128 0x1
 536 0159 32030000 		.4byte	.LASF27
 537 015d 06       		.byte	0x6
 538 015e 66       		.byte	0x66
 539 015f 15       		.byte	0x15
 540 0160 97000000 		.4byte	0x97
 541 0164 01       		.uleb128 0x1
 542 0165 E8020000 		.4byte	.LASF28
 543 0169 06       		.byte	0x6
 544 016a 79       		.byte	0x79
 545 016b 10       		.byte	0x10
 546 016c 03010000 		.4byte	0x103
 547 0170 01       		.uleb128 0x1
 548 0171 4F030000 		.4byte	.LASF29
 549 0175 06       		.byte	0x6
 550 0176 89       		.byte	0x89
 551 0177 12       		.byte	0x12
 552 0178 D3000000 		.4byte	0xd3
 553 017c 01       		.uleb128 0x1
 554 017d 07010000 		.4byte	.LASF30
 555 0181 06       		.byte	0x6
 556 0182 9B       		.byte	0x9b
 557 0183 12       		.byte	0x12
 558 0184 EB000000 		.4byte	0xeb
 559 0188 01       		.uleb128 0x1
 560 0189 8B020000 		.4byte	.LASF31
 561 018d 06       		.byte	0x6
 562 018e 9F       		.byte	0x9f
 563 018f 12       		.byte	0x12
 564 0190 AF000000 		.4byte	0xaf
 565 0194 01       		.uleb128 0x1
 566 0195 1B020000 		.4byte	.LASF32
 567 0199 06       		.byte	0x6
 568 019a A3       		.byte	0xa3
 569 019b 12       		.byte	0x12
 570 019c BB000000 		.4byte	0xbb
ARM GAS  C:\Users\DEVELO~1\AppData\Local\Temp\ccZkLHFh.s 			page 11


 571 01a0 01       		.uleb128 0x1
 572 01a1 0D010000 		.4byte	.LASF33
 573 01a5 06       		.byte	0x6
 574 01a6 A7       		.byte	0xa7
 575 01a7 12       		.byte	0x12
 576 01a8 C7000000 		.4byte	0xc7
 577 01ac 01       		.uleb128 0x1
 578 01ad 24030000 		.4byte	.LASF34
 579 01b1 06       		.byte	0x6
 580 01b2 BB       		.byte	0xbb
 581 01b3 12       		.byte	0x12
 582 01b4 DF000000 		.4byte	0xdf
 583 01b8 01       		.uleb128 0x1
 584 01b9 FF000000 		.4byte	.LASF35
 585 01bd 06       		.byte	0x6
 586 01be C0       		.byte	0xc0
 587 01bf 13       		.byte	0x13
 588 01c0 F7000000 		.4byte	0xf7
 589 01c4 0B       		.uleb128 0xb
 590 01c5 49000000 		.4byte	.LASF37
 591 01c9 58       		.byte	0x58
 592 01ca 07       		.byte	0x7
 593 01cb 1B       		.byte	0x1b
 594 01cc 87020000 		.4byte	0x287
 595 01d0 02       		.uleb128 0x2
 596 01d1 2B030000 		.4byte	.LASF38
 597 01d5 07       		.byte	0x7
 598 01d6 1D       		.byte	0x1d
 599 01d7 0A       		.byte	0xa
 600 01d8 88010000 		.4byte	0x188
 601 01dc 00       		.byte	0
 602 01dd 02       		.uleb128 0x2
 603 01de 6E000000 		.4byte	.LASF39
 604 01e2 07       		.byte	0x7
 605 01e3 1E       		.byte	0x1e
 606 01e4 0A       		.byte	0xa
 607 01e5 70010000 		.4byte	0x170
 608 01e9 02       		.byte	0x2
 609 01ea 02       		.uleb128 0x2
 610 01eb 55020000 		.4byte	.LASF40
 611 01ef 07       		.byte	0x7
 612 01f0 1F       		.byte	0x1f
 613 01f1 0A       		.byte	0xa
 614 01f2 AC010000 		.4byte	0x1ac
 615 01f6 04       		.byte	0x4
 616 01f7 02       		.uleb128 0x2
 617 01f8 A6020000 		.4byte	.LASF41
 618 01fc 07       		.byte	0x7
 619 01fd 20       		.byte	0x20
 620 01fe 0B       		.byte	0xb
 621 01ff B8010000 		.4byte	0x1b8
 622 0203 08       		.byte	0x8
 623 0204 02       		.uleb128 0x2
 624 0205 26010000 		.4byte	.LASF42
 625 0209 07       		.byte	0x7
 626 020a 21       		.byte	0x21
 627 020b 0A       		.byte	0xa
ARM GAS  C:\Users\DEVELO~1\AppData\Local\Temp\ccZkLHFh.s 			page 12


 628 020c 94010000 		.4byte	0x194
 629 0210 0A       		.byte	0xa
 630 0211 02       		.uleb128 0x2
 631 0212 16030000 		.4byte	.LASF43
 632 0216 07       		.byte	0x7
 633 0217 22       		.byte	0x22
 634 0218 0A       		.byte	0xa
 635 0219 A0010000 		.4byte	0x1a0
 636 021d 0C       		.byte	0xc
 637 021e 02       		.uleb128 0x2
 638 021f F0020000 		.4byte	.LASF44
 639 0223 07       		.byte	0x7
 640 0224 23       		.byte	0x23
 641 0225 0A       		.byte	0xa
 642 0226 88010000 		.4byte	0x188
 643 022a 0E       		.byte	0xe
 644 022b 02       		.uleb128 0x2
 645 022c 46020000 		.4byte	.LASF45
 646 0230 07       		.byte	0x7
 647 0231 24       		.byte	0x24
 648 0232 0A       		.byte	0xa
 649 0233 7C010000 		.4byte	0x17c
 650 0237 10       		.byte	0x10
 651 0238 02       		.uleb128 0x2
 652 0239 A8000000 		.4byte	.LASF46
 653 023d 07       		.byte	0x7
 654 023e 2A       		.byte	0x2a
 655 023f 13       		.byte	0x13
 656 0240 25010000 		.4byte	0x125
 657 0244 18       		.byte	0x18
 658 0245 02       		.uleb128 0x2
 659 0246 3C030000 		.4byte	.LASF47
 660 024a 07       		.byte	0x7
 661 024b 2B       		.byte	0x2b
 662 024c 13       		.byte	0x13
 663 024d 25010000 		.4byte	0x125
 664 0251 28       		.byte	0x28
 665 0252 02       		.uleb128 0x2
 666 0253 10000000 		.4byte	.LASF48
 667 0257 07       		.byte	0x7
 668 0258 2C       		.byte	0x2c
 669 0259 13       		.byte	0x13
 670 025a 25010000 		.4byte	0x125
 671 025e 38       		.byte	0x38
 672 025f 02       		.uleb128 0x2
 673 0260 CC020000 		.4byte	.LASF49
 674 0264 07       		.byte	0x7
 675 0265 2D       		.byte	0x2d
 676 0266 11       		.byte	0x11
 677 0267 58010000 		.4byte	0x158
 678 026b 48       		.byte	0x48
 679 026c 02       		.uleb128 0x2
 680 026d 2F000000 		.4byte	.LASF50
 681 0271 07       		.byte	0x7
 682 0272 2E       		.byte	0x2e
 683 0273 0C       		.byte	0xc
 684 0274 4C010000 		.4byte	0x14c
ARM GAS  C:\Users\DEVELO~1\AppData\Local\Temp\ccZkLHFh.s 			page 13


 685 0278 4C       		.byte	0x4c
 686 0279 02       		.uleb128 0x2
 687 027a 2D010000 		.4byte	.LASF51
 688 027e 07       		.byte	0x7
 689 027f 30       		.byte	0x30
 690 0280 09       		.byte	0x9
 691 0281 87020000 		.4byte	0x287
 692 0285 50       		.byte	0x50
 693 0286 00       		.byte	0
 694 0287 10       		.uleb128 0x10
 695 0288 5E000000 		.4byte	0x5e
 696 028c 97020000 		.4byte	0x297
 697 0290 11       		.uleb128 0x11
 698 0291 2D000000 		.4byte	0x2d
 699 0295 01       		.byte	0x1
 700 0296 00       		.byte	0
 701 0297 12       		.uleb128 0x12
 702 0298 9E020000 		.4byte	.LASF65
 703 029c 08       		.byte	0x8
 704 029d 13       		.byte	0x13
 705 029e 0D       		.byte	0xd
 706 029f A3020000 		.4byte	0x2a3
 707 02a3 07       		.uleb128 0x7
 708 02a4 26000000 		.4byte	0x26
 709 02a8 04       		.uleb128 0x4
 710 02a9 49030000 		.4byte	.LASF52
 711 02ad 46       		.byte	0x46
 712 02ae 1F       		.byte	0x1f
 713 02af 64010000 		.4byte	0x164
 714 02b3 00000000 		.4byte	.LFB9
 715 02b7 12000000 		.4byte	.LFE9-.LFB9
 716 02bb 01       		.uleb128 0x1
 717 02bc 9C       		.byte	0x9c
 718 02bd DE020000 		.4byte	0x2de
 719 02c1 05       		.uleb128 0x5
 720 02c2 44030000 		.4byte	.LASF54
 721 02c6 46       		.byte	0x46
 722 02c7 29       		.byte	0x29
 723 02c8 26000000 		.4byte	0x26
 724 02cc 10000000 		.4byte	.LLST12
 725 02d0 0C000000 		.4byte	.LVUS12
 726 02d4 06       		.uleb128 0x6
 727 02d5 06000000 		.4byte	.LVL14
 728 02d9 97020000 		.4byte	0x297
 729 02dd 00       		.byte	0
 730 02de 13       		.uleb128 0x13
 731 02df 4E000000 		.4byte	.LASF53
 732 02e3 01       		.byte	0x1
 733 02e4 40       		.byte	0x40
 734 02e5 1C       		.byte	0x1c
 735 02e6 00000000 		.4byte	.LFB8
 736 02ea 02000000 		.4byte	.LFE8-.LFB8
 737 02ee 01       		.uleb128 0x1
 738 02ef 9C       		.byte	0x9c
 739 02f0 08030000 		.4byte	0x308
 740 02f4 05       		.uleb128 0x5
 741 02f5 1D030000 		.4byte	.LASF55
ARM GAS  C:\Users\DEVELO~1\AppData\Local\Temp\ccZkLHFh.s 			page 14


 742 02f9 40       		.byte	0x40
 743 02fa 26       		.byte	0x26
 744 02fb 26000000 		.4byte	0x26
 745 02ff 25000000 		.4byte	.LLST11
 746 0303 23000000 		.4byte	.LVUS11
 747 0307 00       		.byte	0
 748 0308 14       		.uleb128 0x14
 749 0309 A0000000 		.4byte	.LASF66
 750 030d 01       		.byte	0x1
 751 030e 3C       		.byte	0x3c
 752 030f 1B       		.byte	0x1b
 753 0310 26000000 		.4byte	0x26
 754 0314 00000000 		.4byte	.LFB7
 755 0318 04000000 		.4byte	.LFE7-.LFB7
 756 031c 01       		.uleb128 0x1
 757 031d 9C       		.byte	0x9c
 758 031e 04       		.uleb128 0x4
 759 031f 05030000 		.4byte	.LASF56
 760 0323 35       		.byte	0x35
 761 0324 1B       		.byte	0x1b
 762 0325 26000000 		.4byte	0x26
 763 0329 00000000 		.4byte	.LFB6
 764 032d 12000000 		.4byte	.LFE6-.LFB6
 765 0331 01       		.uleb128 0x1
 766 0332 9C       		.byte	0x9c
 767 0333 67030000 		.4byte	0x367
 768 0337 08       		.uleb128 0x8
 769 0338 70696400 		.ascii	"pid\000"
 770 033c 35       		.byte	0x35
 771 033d 25       		.byte	0x25
 772 033e 26000000 		.4byte	0x26
 773 0342 32000000 		.4byte	.LLST9
 774 0346 2E000000 		.4byte	.LVUS9
 775 034a 08       		.uleb128 0x8
 776 034b 73696700 		.ascii	"sig\000"
 777 034f 35       		.byte	0x35
 778 0350 2E       		.byte	0x2e
 779 0351 26000000 		.4byte	0x26
 780 0355 49000000 		.4byte	.LLST10
 781 0359 45000000 		.4byte	.LVUS10
 782 035d 06       		.uleb128 0x6
 783 035e 06000000 		.4byte	.LVL11
 784 0362 97020000 		.4byte	0x297
 785 0366 00       		.byte	0
 786 0367 04       		.uleb128 0x4
 787 0368 3E020000 		.4byte	.LASF57
 788 036c 30       		.byte	0x30
 789 036d 1B       		.byte	0x1b
 790 036e 26000000 		.4byte	0x26
 791 0372 00000000 		.4byte	.LFB5
 792 0376 04000000 		.4byte	.LFE5-.LFB5
 793 037a 01       		.uleb128 0x1
 794 037b 9C       		.byte	0x9c
 795 037c 94030000 		.4byte	0x394
 796 0380 05       		.uleb128 0x5
 797 0381 C7020000 		.4byte	.LASF58
 798 0385 30       		.byte	0x30
ARM GAS  C:\Users\DEVELO~1\AppData\Local\Temp\ccZkLHFh.s 			page 15


 799 0386 27       		.byte	0x27
 800 0387 26000000 		.4byte	0x26
 801 038b 60000000 		.4byte	.LLST8
 802 038f 5C000000 		.4byte	.LVUS8
 803 0393 00       		.byte	0
 804 0394 04       		.uleb128 0x4
 805 0395 99000000 		.4byte	.LASF59
 806 0399 28       		.byte	0x28
 807 039a 1B       		.byte	0x1b
 808 039b 26000000 		.4byte	0x26
 809 039f 00000000 		.4byte	.LFB4
 810 03a3 0C000000 		.4byte	.LFE4-.LFB4
 811 03a7 01       		.uleb128 0x1
 812 03a8 9C       		.byte	0x9c
 813 03a9 CE030000 		.4byte	0x3ce
 814 03ad 05       		.uleb128 0x5
 815 03ae C7020000 		.4byte	.LASF58
 816 03b2 28       		.byte	0x28
 817 03b3 26       		.byte	0x26
 818 03b4 26000000 		.4byte	0x26
 819 03b8 77000000 		.4byte	.LLST7
 820 03bc 73000000 		.4byte	.LVUS7
 821 03c0 15       		.uleb128 0x15
 822 03c1 737400   		.ascii	"st\000"
 823 03c4 01       		.byte	0x1
 824 03c5 28       		.byte	0x28
 825 03c6 39       		.byte	0x39
 826 03c7 CE030000 		.4byte	0x3ce
 827 03cb 01       		.uleb128 0x1
 828 03cc 51       		.byte	0x51
 829 03cd 00       		.byte	0
 830 03ce 07       		.uleb128 0x7
 831 03cf C4010000 		.4byte	0x1c4
 832 03d3 04       		.uleb128 0x4
 833 03d4 92000000 		.4byte	.LASF60
 834 03d8 20       		.byte	0x20
 835 03d9 1B       		.byte	0x1b
 836 03da 26000000 		.4byte	0x26
 837 03de 00000000 		.4byte	.LFB3
 838 03e2 12000000 		.4byte	.LFE3-.LFB3
 839 03e6 01       		.uleb128 0x1
 840 03e7 9C       		.byte	0x9c
 841 03e8 2F040000 		.4byte	0x42f
 842 03ec 05       		.uleb128 0x5
 843 03ed C7020000 		.4byte	.LASF58
 844 03f1 20       		.byte	0x20
 845 03f2 26       		.byte	0x26
 846 03f3 26000000 		.4byte	0x26
 847 03f7 8E000000 		.4byte	.LLST4
 848 03fb 8A000000 		.4byte	.LVUS4
 849 03ff 08       		.uleb128 0x8
 850 0400 70747200 		.ascii	"ptr\000"
 851 0404 20       		.byte	0x20
 852 0405 30       		.byte	0x30
 853 0406 26000000 		.4byte	0x26
 854 040a A5000000 		.4byte	.LLST5
 855 040e A1000000 		.4byte	.LVUS5
ARM GAS  C:\Users\DEVELO~1\AppData\Local\Temp\ccZkLHFh.s 			page 16


 856 0412 08       		.uleb128 0x8
 857 0413 64697200 		.ascii	"dir\000"
 858 0417 20       		.byte	0x20
 859 0418 39       		.byte	0x39
 860 0419 26000000 		.4byte	0x26
 861 041d BC000000 		.4byte	.LLST6
 862 0421 B8000000 		.4byte	.LVUS6
 863 0425 06       		.uleb128 0x6
 864 0426 06000000 		.4byte	.LVL5
 865 042a 97020000 		.4byte	0x297
 866 042e 00       		.byte	0
 867 042f 04       		.uleb128 0x4
 868 0430 44010000 		.4byte	.LASF61
 869 0434 1A       		.byte	0x1a
 870 0435 1B       		.byte	0x1b
 871 0436 26000000 		.4byte	0x26
 872 043a 00000000 		.4byte	.LFB2
 873 043e 12000000 		.4byte	.LFE2-.LFB2
 874 0442 01       		.uleb128 0x1
 875 0443 9C       		.byte	0x9c
 876 0444 65040000 		.4byte	0x465
 877 0448 05       		.uleb128 0x5
 878 0449 C7020000 		.4byte	.LASF58
 879 044d 1A       		.byte	0x1a
 880 044e 26       		.byte	0x26
 881 044f 26000000 		.4byte	0x26
 882 0453 D3000000 		.4byte	.LLST3
 883 0457 CF000000 		.4byte	.LVUS3
 884 045b 06       		.uleb128 0x6
 885 045c 06000000 		.4byte	.LVL3
 886 0460 97020000 		.4byte	0x297
 887 0464 00       		.byte	0
 888 0465 16       		.uleb128 0x16
 889 0466 98020000 		.4byte	.LASF67
 890 046a 01       		.byte	0x1
 891 046b 12       		.byte	0x12
 892 046c 1B       		.byte	0x1b
 893 046d 26000000 		.4byte	0x26
 894 0471 97040000 		.4byte	0x497
 895 0475 0C       		.uleb128 0xc
 896 0476 C7020000 		.4byte	.LASF58
 897 047a 12       		.byte	0x12
 898 047b 25       		.byte	0x25
 899 047c 26000000 		.4byte	0x26
 900 0480 09       		.uleb128 0x9
 901 0481 70747200 		.ascii	"ptr\000"
 902 0485 12       		.byte	0x12
 903 0486 31       		.byte	0x31
 904 0487 03010000 		.4byte	0x103
 905 048b 09       		.uleb128 0x9
 906 048c 6C656E00 		.ascii	"len\000"
 907 0490 12       		.byte	0x12
 908 0491 3A       		.byte	0x3a
 909 0492 26000000 		.4byte	0x26
 910 0496 00       		.byte	0
 911 0497 17       		.uleb128 0x17
 912 0498 4E020000 		.4byte	.LASF68
ARM GAS  C:\Users\DEVELO~1\AppData\Local\Temp\ccZkLHFh.s 			page 17


 913 049c 01       		.byte	0x1
 914 049d 0A       		.byte	0xa
 915 049e 1B       		.byte	0x1b
 916 049f 26000000 		.4byte	0x26
 917 04a3 01       		.byte	0x1
 918 04a4 CA040000 		.4byte	0x4ca
 919 04a8 0C       		.uleb128 0xc
 920 04a9 C7020000 		.4byte	.LASF58
 921 04ad 0A       		.byte	0xa
 922 04ae 26       		.byte	0x26
 923 04af 26000000 		.4byte	0x26
 924 04b3 09       		.uleb128 0x9
 925 04b4 70747200 		.ascii	"ptr\000"
 926 04b8 0A       		.byte	0xa
 927 04b9 38       		.byte	0x38
 928 04ba 14010000 		.4byte	0x114
 929 04be 09       		.uleb128 0x9
 930 04bf 6C656E00 		.ascii	"len\000"
 931 04c3 0A       		.byte	0xa
 932 04c4 41       		.byte	0x41
 933 04c5 26000000 		.4byte	0x26
 934 04c9 00       		.byte	0
 935 04ca 18       		.uleb128 0x18
 936 04cb 97040000 		.4byte	0x497
 937 04cf 00000000 		.4byte	.LFB0
 938 04d3 12000000 		.4byte	.LFE0-.LFB0
 939 04d7 01       		.uleb128 0x1
 940 04d8 9C       		.byte	0x9c
 941 04d9 0A       		.uleb128 0xa
 942 04da A8040000 		.4byte	0x4a8
 943 04de EA000000 		.4byte	.LLST0
 944 04e2 E6000000 		.4byte	.LVUS0
 945 04e6 0A       		.uleb128 0xa
 946 04e7 B3040000 		.4byte	0x4b3
 947 04eb 01010000 		.4byte	.LLST1
 948 04ef FD000000 		.4byte	.LVUS1
 949 04f3 0A       		.uleb128 0xa
 950 04f4 BE040000 		.4byte	0x4be
 951 04f8 18010000 		.4byte	.LLST2
 952 04fc 14010000 		.4byte	.LVUS2
 953 0500 06       		.uleb128 0x6
 954 0501 06000000 		.4byte	.LVL1
 955 0505 97020000 		.4byte	0x297
 956 0509 00       		.byte	0
 957 050a 00       		.byte	0
 958              		.section	.debug_abbrev,"",%progbits
 959              	.Ldebug_abbrev0:
 960 0000 01       		.uleb128 0x1
 961 0001 16       		.uleb128 0x16
 962 0002 00       		.byte	0
 963 0003 03       		.uleb128 0x3
 964 0004 0E       		.uleb128 0xe
 965 0005 3A       		.uleb128 0x3a
 966 0006 0B       		.uleb128 0xb
 967 0007 3B       		.uleb128 0x3b
 968 0008 0B       		.uleb128 0xb
 969 0009 39       		.uleb128 0x39
ARM GAS  C:\Users\DEVELO~1\AppData\Local\Temp\ccZkLHFh.s 			page 18


 970 000a 0B       		.uleb128 0xb
 971 000b 49       		.uleb128 0x49
 972 000c 13       		.uleb128 0x13
 973 000d 00       		.byte	0
 974 000e 00       		.byte	0
 975 000f 02       		.uleb128 0x2
 976 0010 0D       		.uleb128 0xd
 977 0011 00       		.byte	0
 978 0012 03       		.uleb128 0x3
 979 0013 0E       		.uleb128 0xe
 980 0014 3A       		.uleb128 0x3a
 981 0015 0B       		.uleb128 0xb
 982 0016 3B       		.uleb128 0x3b
 983 0017 0B       		.uleb128 0xb
 984 0018 39       		.uleb128 0x39
 985 0019 0B       		.uleb128 0xb
 986 001a 49       		.uleb128 0x49
 987 001b 13       		.uleb128 0x13
 988 001c 38       		.uleb128 0x38
 989 001d 0B       		.uleb128 0xb
 990 001e 00       		.byte	0
 991 001f 00       		.byte	0
 992 0020 03       		.uleb128 0x3
 993 0021 24       		.uleb128 0x24
 994 0022 00       		.byte	0
 995 0023 0B       		.uleb128 0xb
 996 0024 0B       		.uleb128 0xb
 997 0025 3E       		.uleb128 0x3e
 998 0026 0B       		.uleb128 0xb
 999 0027 03       		.uleb128 0x3
 1000 0028 0E       		.uleb128 0xe
 1001 0029 00       		.byte	0
 1002 002a 00       		.byte	0
 1003 002b 04       		.uleb128 0x4
 1004 002c 2E       		.uleb128 0x2e
 1005 002d 01       		.byte	0x1
 1006 002e 3F       		.uleb128 0x3f
 1007 002f 19       		.uleb128 0x19
 1008 0030 03       		.uleb128 0x3
 1009 0031 0E       		.uleb128 0xe
 1010 0032 3A       		.uleb128 0x3a
 1011 0033 21       		.uleb128 0x21
 1012 0034 01       		.sleb128 1
 1013 0035 3B       		.uleb128 0x3b
 1014 0036 0B       		.uleb128 0xb
 1015 0037 39       		.uleb128 0x39
 1016 0038 0B       		.uleb128 0xb
 1017 0039 27       		.uleb128 0x27
 1018 003a 19       		.uleb128 0x19
 1019 003b 49       		.uleb128 0x49
 1020 003c 13       		.uleb128 0x13
 1021 003d 11       		.uleb128 0x11
 1022 003e 01       		.uleb128 0x1
 1023 003f 12       		.uleb128 0x12
 1024 0040 06       		.uleb128 0x6
 1025 0041 40       		.uleb128 0x40
 1026 0042 18       		.uleb128 0x18
ARM GAS  C:\Users\DEVELO~1\AppData\Local\Temp\ccZkLHFh.s 			page 19


 1027 0043 7A       		.uleb128 0x7a
 1028 0044 19       		.uleb128 0x19
 1029 0045 01       		.uleb128 0x1
 1030 0046 13       		.uleb128 0x13
 1031 0047 00       		.byte	0
 1032 0048 00       		.byte	0
 1033 0049 05       		.uleb128 0x5
 1034 004a 05       		.uleb128 0x5
 1035 004b 00       		.byte	0
 1036 004c 03       		.uleb128 0x3
 1037 004d 0E       		.uleb128 0xe
 1038 004e 3A       		.uleb128 0x3a
 1039 004f 21       		.uleb128 0x21
 1040 0050 01       		.sleb128 1
 1041 0051 3B       		.uleb128 0x3b
 1042 0052 0B       		.uleb128 0xb
 1043 0053 39       		.uleb128 0x39
 1044 0054 0B       		.uleb128 0xb
 1045 0055 49       		.uleb128 0x49
 1046 0056 13       		.uleb128 0x13
 1047 0057 02       		.uleb128 0x2
 1048 0058 17       		.uleb128 0x17
 1049 0059 B742     		.uleb128 0x2137
 1050 005b 17       		.uleb128 0x17
 1051 005c 00       		.byte	0
 1052 005d 00       		.byte	0
 1053 005e 06       		.uleb128 0x6
 1054 005f 48       		.uleb128 0x48
 1055 0060 00       		.byte	0
 1056 0061 7D       		.uleb128 0x7d
 1057 0062 01       		.uleb128 0x1
 1058 0063 7F       		.uleb128 0x7f
 1059 0064 13       		.uleb128 0x13
 1060 0065 00       		.byte	0
 1061 0066 00       		.byte	0
 1062 0067 07       		.uleb128 0x7
 1063 0068 0F       		.uleb128 0xf
 1064 0069 00       		.byte	0
 1065 006a 0B       		.uleb128 0xb
 1066 006b 21       		.uleb128 0x21
 1067 006c 04       		.sleb128 4
 1068 006d 49       		.uleb128 0x49
 1069 006e 13       		.uleb128 0x13
 1070 006f 00       		.byte	0
 1071 0070 00       		.byte	0
 1072 0071 08       		.uleb128 0x8
 1073 0072 05       		.uleb128 0x5
 1074 0073 00       		.byte	0
 1075 0074 03       		.uleb128 0x3
 1076 0075 08       		.uleb128 0x8
 1077 0076 3A       		.uleb128 0x3a
 1078 0077 21       		.uleb128 0x21
 1079 0078 01       		.sleb128 1
 1080 0079 3B       		.uleb128 0x3b
 1081 007a 0B       		.uleb128 0xb
 1082 007b 39       		.uleb128 0x39
 1083 007c 0B       		.uleb128 0xb
ARM GAS  C:\Users\DEVELO~1\AppData\Local\Temp\ccZkLHFh.s 			page 20


 1084 007d 49       		.uleb128 0x49
 1085 007e 13       		.uleb128 0x13
 1086 007f 02       		.uleb128 0x2
 1087 0080 17       		.uleb128 0x17
 1088 0081 B742     		.uleb128 0x2137
 1089 0083 17       		.uleb128 0x17
 1090 0084 00       		.byte	0
 1091 0085 00       		.byte	0
 1092 0086 09       		.uleb128 0x9
 1093 0087 05       		.uleb128 0x5
 1094 0088 00       		.byte	0
 1095 0089 03       		.uleb128 0x3
 1096 008a 08       		.uleb128 0x8
 1097 008b 3A       		.uleb128 0x3a
 1098 008c 21       		.uleb128 0x21
 1099 008d 01       		.sleb128 1
 1100 008e 3B       		.uleb128 0x3b
 1101 008f 0B       		.uleb128 0xb
 1102 0090 39       		.uleb128 0x39
 1103 0091 0B       		.uleb128 0xb
 1104 0092 49       		.uleb128 0x49
 1105 0093 13       		.uleb128 0x13
 1106 0094 00       		.byte	0
 1107 0095 00       		.byte	0
 1108 0096 0A       		.uleb128 0xa
 1109 0097 05       		.uleb128 0x5
 1110 0098 00       		.byte	0
 1111 0099 31       		.uleb128 0x31
 1112 009a 13       		.uleb128 0x13
 1113 009b 02       		.uleb128 0x2
 1114 009c 17       		.uleb128 0x17
 1115 009d B742     		.uleb128 0x2137
 1116 009f 17       		.uleb128 0x17
 1117 00a0 00       		.byte	0
 1118 00a1 00       		.byte	0
 1119 00a2 0B       		.uleb128 0xb
 1120 00a3 13       		.uleb128 0x13
 1121 00a4 01       		.byte	0x1
 1122 00a5 03       		.uleb128 0x3
 1123 00a6 0E       		.uleb128 0xe
 1124 00a7 0B       		.uleb128 0xb
 1125 00a8 0B       		.uleb128 0xb
 1126 00a9 3A       		.uleb128 0x3a
 1127 00aa 0B       		.uleb128 0xb
 1128 00ab 3B       		.uleb128 0x3b
 1129 00ac 0B       		.uleb128 0xb
 1130 00ad 39       		.uleb128 0x39
 1131 00ae 21       		.uleb128 0x21
 1132 00af 08       		.sleb128 8
 1133 00b0 01       		.uleb128 0x1
 1134 00b1 13       		.uleb128 0x13
 1135 00b2 00       		.byte	0
 1136 00b3 00       		.byte	0
 1137 00b4 0C       		.uleb128 0xc
 1138 00b5 05       		.uleb128 0x5
 1139 00b6 00       		.byte	0
 1140 00b7 03       		.uleb128 0x3
ARM GAS  C:\Users\DEVELO~1\AppData\Local\Temp\ccZkLHFh.s 			page 21


 1141 00b8 0E       		.uleb128 0xe
 1142 00b9 3A       		.uleb128 0x3a
 1143 00ba 21       		.uleb128 0x21
 1144 00bb 01       		.sleb128 1
 1145 00bc 3B       		.uleb128 0x3b
 1146 00bd 0B       		.uleb128 0xb
 1147 00be 39       		.uleb128 0x39
 1148 00bf 0B       		.uleb128 0xb
 1149 00c0 49       		.uleb128 0x49
 1150 00c1 13       		.uleb128 0x13
 1151 00c2 00       		.byte	0
 1152 00c3 00       		.byte	0
 1153 00c4 0D       		.uleb128 0xd
 1154 00c5 11       		.uleb128 0x11
 1155 00c6 01       		.byte	0x1
 1156 00c7 25       		.uleb128 0x25
 1157 00c8 0E       		.uleb128 0xe
 1158 00c9 13       		.uleb128 0x13
 1159 00ca 0B       		.uleb128 0xb
 1160 00cb 03       		.uleb128 0x3
 1161 00cc 0E       		.uleb128 0xe
 1162 00cd 1B       		.uleb128 0x1b
 1163 00ce 0E       		.uleb128 0xe
 1164 00cf 55       		.uleb128 0x55
 1165 00d0 17       		.uleb128 0x17
 1166 00d1 11       		.uleb128 0x11
 1167 00d2 01       		.uleb128 0x1
 1168 00d3 10       		.uleb128 0x10
 1169 00d4 17       		.uleb128 0x17
 1170 00d5 00       		.byte	0
 1171 00d6 00       		.byte	0
 1172 00d7 0E       		.uleb128 0xe
 1173 00d8 24       		.uleb128 0x24
 1174 00d9 00       		.byte	0
 1175 00da 0B       		.uleb128 0xb
 1176 00db 0B       		.uleb128 0xb
 1177 00dc 3E       		.uleb128 0x3e
 1178 00dd 0B       		.uleb128 0xb
 1179 00de 03       		.uleb128 0x3
 1180 00df 08       		.uleb128 0x8
 1181 00e0 00       		.byte	0
 1182 00e1 00       		.byte	0
 1183 00e2 0F       		.uleb128 0xf
 1184 00e3 26       		.uleb128 0x26
 1185 00e4 00       		.byte	0
 1186 00e5 49       		.uleb128 0x49
 1187 00e6 13       		.uleb128 0x13
 1188 00e7 00       		.byte	0
 1189 00e8 00       		.byte	0
 1190 00e9 10       		.uleb128 0x10
 1191 00ea 01       		.uleb128 0x1
 1192 00eb 01       		.byte	0x1
 1193 00ec 49       		.uleb128 0x49
 1194 00ed 13       		.uleb128 0x13
 1195 00ee 01       		.uleb128 0x1
 1196 00ef 13       		.uleb128 0x13
 1197 00f0 00       		.byte	0
ARM GAS  C:\Users\DEVELO~1\AppData\Local\Temp\ccZkLHFh.s 			page 22


 1198 00f1 00       		.byte	0
 1199 00f2 11       		.uleb128 0x11
 1200 00f3 21       		.uleb128 0x21
 1201 00f4 00       		.byte	0
 1202 00f5 49       		.uleb128 0x49
 1203 00f6 13       		.uleb128 0x13
 1204 00f7 2F       		.uleb128 0x2f
 1205 00f8 0B       		.uleb128 0xb
 1206 00f9 00       		.byte	0
 1207 00fa 00       		.byte	0
 1208 00fb 12       		.uleb128 0x12
 1209 00fc 2E       		.uleb128 0x2e
 1210 00fd 00       		.byte	0
 1211 00fe 3F       		.uleb128 0x3f
 1212 00ff 19       		.uleb128 0x19
 1213 0100 03       		.uleb128 0x3
 1214 0101 0E       		.uleb128 0xe
 1215 0102 3A       		.uleb128 0x3a
 1216 0103 0B       		.uleb128 0xb
 1217 0104 3B       		.uleb128 0x3b
 1218 0105 0B       		.uleb128 0xb
 1219 0106 39       		.uleb128 0x39
 1220 0107 0B       		.uleb128 0xb
 1221 0108 27       		.uleb128 0x27
 1222 0109 19       		.uleb128 0x19
 1223 010a 49       		.uleb128 0x49
 1224 010b 13       		.uleb128 0x13
 1225 010c 3C       		.uleb128 0x3c
 1226 010d 19       		.uleb128 0x19
 1227 010e 00       		.byte	0
 1228 010f 00       		.byte	0
 1229 0110 13       		.uleb128 0x13
 1230 0111 2E       		.uleb128 0x2e
 1231 0112 01       		.byte	0x1
 1232 0113 3F       		.uleb128 0x3f
 1233 0114 19       		.uleb128 0x19
 1234 0115 03       		.uleb128 0x3
 1235 0116 0E       		.uleb128 0xe
 1236 0117 3A       		.uleb128 0x3a
 1237 0118 0B       		.uleb128 0xb
 1238 0119 3B       		.uleb128 0x3b
 1239 011a 0B       		.uleb128 0xb
 1240 011b 39       		.uleb128 0x39
 1241 011c 0B       		.uleb128 0xb
 1242 011d 27       		.uleb128 0x27
 1243 011e 19       		.uleb128 0x19
 1244 011f 8701     		.uleb128 0x87
 1245 0121 19       		.uleb128 0x19
 1246 0122 11       		.uleb128 0x11
 1247 0123 01       		.uleb128 0x1
 1248 0124 12       		.uleb128 0x12
 1249 0125 06       		.uleb128 0x6
 1250 0126 40       		.uleb128 0x40
 1251 0127 18       		.uleb128 0x18
 1252 0128 7A       		.uleb128 0x7a
 1253 0129 19       		.uleb128 0x19
 1254 012a 01       		.uleb128 0x1
ARM GAS  C:\Users\DEVELO~1\AppData\Local\Temp\ccZkLHFh.s 			page 23


 1255 012b 13       		.uleb128 0x13
 1256 012c 00       		.byte	0
 1257 012d 00       		.byte	0
 1258 012e 14       		.uleb128 0x14
 1259 012f 2E       		.uleb128 0x2e
 1260 0130 00       		.byte	0
 1261 0131 3F       		.uleb128 0x3f
 1262 0132 19       		.uleb128 0x19
 1263 0133 03       		.uleb128 0x3
 1264 0134 0E       		.uleb128 0xe
 1265 0135 3A       		.uleb128 0x3a
 1266 0136 0B       		.uleb128 0xb
 1267 0137 3B       		.uleb128 0x3b
 1268 0138 0B       		.uleb128 0xb
 1269 0139 39       		.uleb128 0x39
 1270 013a 0B       		.uleb128 0xb
 1271 013b 27       		.uleb128 0x27
 1272 013c 19       		.uleb128 0x19
 1273 013d 49       		.uleb128 0x49
 1274 013e 13       		.uleb128 0x13
 1275 013f 11       		.uleb128 0x11
 1276 0140 01       		.uleb128 0x1
 1277 0141 12       		.uleb128 0x12
 1278 0142 06       		.uleb128 0x6
 1279 0143 40       		.uleb128 0x40
 1280 0144 18       		.uleb128 0x18
 1281 0145 7A       		.uleb128 0x7a
 1282 0146 19       		.uleb128 0x19
 1283 0147 00       		.byte	0
 1284 0148 00       		.byte	0
 1285 0149 15       		.uleb128 0x15
 1286 014a 05       		.uleb128 0x5
 1287 014b 00       		.byte	0
 1288 014c 03       		.uleb128 0x3
 1289 014d 08       		.uleb128 0x8
 1290 014e 3A       		.uleb128 0x3a
 1291 014f 0B       		.uleb128 0xb
 1292 0150 3B       		.uleb128 0x3b
 1293 0151 0B       		.uleb128 0xb
 1294 0152 39       		.uleb128 0x39
 1295 0153 0B       		.uleb128 0xb
 1296 0154 49       		.uleb128 0x49
 1297 0155 13       		.uleb128 0x13
 1298 0156 02       		.uleb128 0x2
 1299 0157 18       		.uleb128 0x18
 1300 0158 00       		.byte	0
 1301 0159 00       		.byte	0
 1302 015a 16       		.uleb128 0x16
 1303 015b 2E       		.uleb128 0x2e
 1304 015c 01       		.byte	0x1
 1305 015d 3F       		.uleb128 0x3f
 1306 015e 19       		.uleb128 0x19
 1307 015f 03       		.uleb128 0x3
 1308 0160 0E       		.uleb128 0xe
 1309 0161 3A       		.uleb128 0x3a
 1310 0162 0B       		.uleb128 0xb
 1311 0163 3B       		.uleb128 0x3b
ARM GAS  C:\Users\DEVELO~1\AppData\Local\Temp\ccZkLHFh.s 			page 24


 1312 0164 0B       		.uleb128 0xb
 1313 0165 39       		.uleb128 0x39
 1314 0166 0B       		.uleb128 0xb
 1315 0167 27       		.uleb128 0x27
 1316 0168 19       		.uleb128 0x19
 1317 0169 49       		.uleb128 0x49
 1318 016a 13       		.uleb128 0x13
 1319 016b 01       		.uleb128 0x1
 1320 016c 13       		.uleb128 0x13
 1321 016d 00       		.byte	0
 1322 016e 00       		.byte	0
 1323 016f 17       		.uleb128 0x17
 1324 0170 2E       		.uleb128 0x2e
 1325 0171 01       		.byte	0x1
 1326 0172 3F       		.uleb128 0x3f
 1327 0173 19       		.uleb128 0x19
 1328 0174 03       		.uleb128 0x3
 1329 0175 0E       		.uleb128 0xe
 1330 0176 3A       		.uleb128 0x3a
 1331 0177 0B       		.uleb128 0xb
 1332 0178 3B       		.uleb128 0x3b
 1333 0179 0B       		.uleb128 0xb
 1334 017a 39       		.uleb128 0x39
 1335 017b 0B       		.uleb128 0xb
 1336 017c 27       		.uleb128 0x27
 1337 017d 19       		.uleb128 0x19
 1338 017e 49       		.uleb128 0x49
 1339 017f 13       		.uleb128 0x13
 1340 0180 20       		.uleb128 0x20
 1341 0181 0B       		.uleb128 0xb
 1342 0182 01       		.uleb128 0x1
 1343 0183 13       		.uleb128 0x13
 1344 0184 00       		.byte	0
 1345 0185 00       		.byte	0
 1346 0186 18       		.uleb128 0x18
 1347 0187 2E       		.uleb128 0x2e
 1348 0188 01       		.byte	0x1
 1349 0189 31       		.uleb128 0x31
 1350 018a 13       		.uleb128 0x13
 1351 018b 11       		.uleb128 0x11
 1352 018c 01       		.uleb128 0x1
 1353 018d 12       		.uleb128 0x12
 1354 018e 06       		.uleb128 0x6
 1355 018f 40       		.uleb128 0x40
 1356 0190 18       		.uleb128 0x18
 1357 0191 7A       		.uleb128 0x7a
 1358 0192 19       		.uleb128 0x19
 1359 0193 00       		.byte	0
 1360 0194 00       		.byte	0
 1361 0195 00       		.byte	0
 1362              		.section	.debug_loclists,"",%progbits
 1363 0000 27010000 		.4byte	.Ldebug_loc3-.Ldebug_loc2
 1364              	.Ldebug_loc2:
 1365 0004 0500     		.2byte	0x5
 1366 0006 04       		.byte	0x4
 1367 0007 00       		.byte	0
 1368 0008 00000000 		.4byte	0
ARM GAS  C:\Users\DEVELO~1\AppData\Local\Temp\ccZkLHFh.s 			page 25


 1369              	.Ldebug_loc0:
 1370              	.LVUS12:
 1371 000c 00       		.uleb128 0
 1372 000d 00       		.uleb128 .LVU76
 1373 000e 00       		.uleb128 .LVU76
 1374 000f 00       		.uleb128 0
 1375              	.LLST12:
 1376 0010 06       		.byte	0x6
 1377 0011 00000000 		.4byte	.LVL13
 1378 0015 04       		.byte	0x4
 1379 0016 00       		.uleb128 .LVL13-.LVL13
 1380 0017 05       		.uleb128 .LVL14-1-.LVL13
 1381 0018 01       		.uleb128 0x1
 1382 0019 50       		.byte	0x50
 1383 001a 04       		.byte	0x4
 1384 001b 05       		.uleb128 .LVL14-1-.LVL13
 1385 001c 12       		.uleb128 .LFE9-.LVL13
 1386 001d 04       		.uleb128 0x4
 1387 001e A3       		.byte	0xa3
 1388 001f 01       		.uleb128 0x1
 1389 0020 50       		.byte	0x50
 1390 0021 9F       		.byte	0x9f
 1391 0022 00       		.byte	0
 1392              	.LVUS11:
 1393 0023 01       		.uleb128 .LVU67
 1394 0024 00       		.uleb128 0
 1395              	.LLST11:
 1396 0025 08       		.byte	0x8
 1397 0026 00000000 		.4byte	.LVL12
 1398 002a 02       		.uleb128 .LFE8-.LVL12
 1399 002b 01       		.uleb128 0x1
 1400 002c 50       		.byte	0x50
 1401 002d 00       		.byte	0
 1402              	.LVUS9:
 1403 002e 00       		.uleb128 0
 1404 002f 00       		.uleb128 .LVU57
 1405 0030 00       		.uleb128 .LVU57
 1406 0031 00       		.uleb128 0
 1407              	.LLST9:
 1408 0032 06       		.byte	0x6
 1409 0033 00000000 		.4byte	.LVL10
 1410 0037 04       		.byte	0x4
 1411 0038 00       		.uleb128 .LVL10-.LVL10
 1412 0039 05       		.uleb128 .LVL11-1-.LVL10
 1413 003a 01       		.uleb128 0x1
 1414 003b 50       		.byte	0x50
 1415 003c 04       		.byte	0x4
 1416 003d 05       		.uleb128 .LVL11-1-.LVL10
 1417 003e 12       		.uleb128 .LFE6-.LVL10
 1418 003f 04       		.uleb128 0x4
 1419 0040 A3       		.byte	0xa3
 1420 0041 01       		.uleb128 0x1
 1421 0042 50       		.byte	0x50
 1422 0043 9F       		.byte	0x9f
 1423 0044 00       		.byte	0
 1424              	.LVUS10:
 1425 0045 00       		.uleb128 0
ARM GAS  C:\Users\DEVELO~1\AppData\Local\Temp\ccZkLHFh.s 			page 26


 1426 0046 00       		.uleb128 .LVU57
 1427 0047 00       		.uleb128 .LVU57
 1428 0048 00       		.uleb128 0
 1429              	.LLST10:
 1430 0049 06       		.byte	0x6
 1431 004a 00000000 		.4byte	.LVL10
 1432 004e 04       		.byte	0x4
 1433 004f 00       		.uleb128 .LVL10-.LVL10
 1434 0050 05       		.uleb128 .LVL11-1-.LVL10
 1435 0051 01       		.uleb128 0x1
 1436 0052 51       		.byte	0x51
 1437 0053 04       		.byte	0x4
 1438 0054 05       		.uleb128 .LVL11-1-.LVL10
 1439 0055 12       		.uleb128 .LFE6-.LVL10
 1440 0056 04       		.uleb128 0x4
 1441 0057 A3       		.byte	0xa3
 1442 0058 01       		.uleb128 0x1
 1443 0059 51       		.byte	0x51
 1444 005a 9F       		.byte	0x9f
 1445 005b 00       		.byte	0
 1446              	.LVUS8:
 1447 005c 00       		.uleb128 0
 1448 005d 00       		.uleb128 .LVU50
 1449 005e 00       		.uleb128 .LVU50
 1450 005f 00       		.uleb128 0
 1451              	.LLST8:
 1452 0060 06       		.byte	0x6
 1453 0061 00000000 		.4byte	.LVL8
 1454 0065 04       		.byte	0x4
 1455 0066 00       		.uleb128 .LVL8-.LVL8
 1456 0067 02       		.uleb128 .LVL9-.LVL8
 1457 0068 01       		.uleb128 0x1
 1458 0069 50       		.byte	0x50
 1459 006a 04       		.byte	0x4
 1460 006b 02       		.uleb128 .LVL9-.LVL8
 1461 006c 04       		.uleb128 .LFE5-.LVL8
 1462 006d 04       		.uleb128 0x4
 1463 006e A3       		.byte	0xa3
 1464 006f 01       		.uleb128 0x1
 1465 0070 50       		.byte	0x50
 1466 0071 9F       		.byte	0x9f
 1467 0072 00       		.byte	0
 1468              	.LVUS7:
 1469 0073 00       		.uleb128 0
 1470 0074 00       		.uleb128 .LVU45
 1471 0075 00       		.uleb128 .LVU45
 1472 0076 00       		.uleb128 0
 1473              	.LLST7:
 1474 0077 06       		.byte	0x6
 1475 0078 00000000 		.4byte	.LVL6
 1476 007c 04       		.byte	0x4
 1477 007d 00       		.uleb128 .LVL6-.LVL6
 1478 007e 0A       		.uleb128 .LVL7-.LVL6
 1479 007f 01       		.uleb128 0x1
 1480 0080 50       		.byte	0x50
 1481 0081 04       		.byte	0x4
 1482 0082 0A       		.uleb128 .LVL7-.LVL6
ARM GAS  C:\Users\DEVELO~1\AppData\Local\Temp\ccZkLHFh.s 			page 27


 1483 0083 0C       		.uleb128 .LFE4-.LVL6
 1484 0084 04       		.uleb128 0x4
 1485 0085 A3       		.byte	0xa3
 1486 0086 01       		.uleb128 0x1
 1487 0087 50       		.byte	0x50
 1488 0088 9F       		.byte	0x9f
 1489 0089 00       		.byte	0
 1490              	.LVUS4:
 1491 008a 00       		.uleb128 0
 1492 008b 00       		.uleb128 .LVU31
 1493 008c 00       		.uleb128 .LVU31
 1494 008d 00       		.uleb128 0
 1495              	.LLST4:
 1496 008e 06       		.byte	0x6
 1497 008f 00000000 		.4byte	.LVL4
 1498 0093 04       		.byte	0x4
 1499 0094 00       		.uleb128 .LVL4-.LVL4
 1500 0095 05       		.uleb128 .LVL5-1-.LVL4
 1501 0096 01       		.uleb128 0x1
 1502 0097 50       		.byte	0x50
 1503 0098 04       		.byte	0x4
 1504 0099 05       		.uleb128 .LVL5-1-.LVL4
 1505 009a 12       		.uleb128 .LFE3-.LVL4
 1506 009b 04       		.uleb128 0x4
 1507 009c A3       		.byte	0xa3
 1508 009d 01       		.uleb128 0x1
 1509 009e 50       		.byte	0x50
 1510 009f 9F       		.byte	0x9f
 1511 00a0 00       		.byte	0
 1512              	.LVUS5:
 1513 00a1 00       		.uleb128 0
 1514 00a2 00       		.uleb128 .LVU31
 1515 00a3 00       		.uleb128 .LVU31
 1516 00a4 00       		.uleb128 0
 1517              	.LLST5:
 1518 00a5 06       		.byte	0x6
 1519 00a6 00000000 		.4byte	.LVL4
 1520 00aa 04       		.byte	0x4
 1521 00ab 00       		.uleb128 .LVL4-.LVL4
 1522 00ac 05       		.uleb128 .LVL5-1-.LVL4
 1523 00ad 01       		.uleb128 0x1
 1524 00ae 51       		.byte	0x51
 1525 00af 04       		.byte	0x4
 1526 00b0 05       		.uleb128 .LVL5-1-.LVL4
 1527 00b1 12       		.uleb128 .LFE3-.LVL4
 1528 00b2 04       		.uleb128 0x4
 1529 00b3 A3       		.byte	0xa3
 1530 00b4 01       		.uleb128 0x1
 1531 00b5 51       		.byte	0x51
 1532 00b6 9F       		.byte	0x9f
 1533 00b7 00       		.byte	0
 1534              	.LVUS6:
 1535 00b8 00       		.uleb128 0
 1536 00b9 00       		.uleb128 .LVU31
 1537 00ba 00       		.uleb128 .LVU31
 1538 00bb 00       		.uleb128 0
 1539              	.LLST6:
ARM GAS  C:\Users\DEVELO~1\AppData\Local\Temp\ccZkLHFh.s 			page 28


 1540 00bc 06       		.byte	0x6
 1541 00bd 00000000 		.4byte	.LVL4
 1542 00c1 04       		.byte	0x4
 1543 00c2 00       		.uleb128 .LVL4-.LVL4
 1544 00c3 05       		.uleb128 .LVL5-1-.LVL4
 1545 00c4 01       		.uleb128 0x1
 1546 00c5 52       		.byte	0x52
 1547 00c6 04       		.byte	0x4
 1548 00c7 05       		.uleb128 .LVL5-1-.LVL4
 1549 00c8 12       		.uleb128 .LFE3-.LVL4
 1550 00c9 04       		.uleb128 0x4
 1551 00ca A3       		.byte	0xa3
 1552 00cb 01       		.uleb128 0x1
 1553 00cc 52       		.byte	0x52
 1554 00cd 9F       		.byte	0x9f
 1555 00ce 00       		.byte	0
 1556              	.LVUS3:
 1557 00cf 00       		.uleb128 0
 1558 00d0 00       		.uleb128 .LVU18
 1559 00d1 00       		.uleb128 .LVU18
 1560 00d2 00       		.uleb128 0
 1561              	.LLST3:
 1562 00d3 06       		.byte	0x6
 1563 00d4 00000000 		.4byte	.LVL2
 1564 00d8 04       		.byte	0x4
 1565 00d9 00       		.uleb128 .LVL2-.LVL2
 1566 00da 05       		.uleb128 .LVL3-1-.LVL2
 1567 00db 01       		.uleb128 0x1
 1568 00dc 50       		.byte	0x50
 1569 00dd 04       		.byte	0x4
 1570 00de 05       		.uleb128 .LVL3-1-.LVL2
 1571 00df 12       		.uleb128 .LFE2-.LVL2
 1572 00e0 04       		.uleb128 0x4
 1573 00e1 A3       		.byte	0xa3
 1574 00e2 01       		.uleb128 0x1
 1575 00e3 50       		.byte	0x50
 1576 00e4 9F       		.byte	0x9f
 1577 00e5 00       		.byte	0
 1578              	.LVUS0:
 1579 00e6 00       		.uleb128 0
 1580 00e7 00       		.uleb128 .LVU7
 1581 00e8 00       		.uleb128 .LVU7
 1582 00e9 00       		.uleb128 0
 1583              	.LLST0:
 1584 00ea 06       		.byte	0x6
 1585 00eb 00000000 		.4byte	.LVL0
 1586 00ef 04       		.byte	0x4
 1587 00f0 00       		.uleb128 .LVL0-.LVL0
 1588 00f1 05       		.uleb128 .LVL1-1-.LVL0
 1589 00f2 01       		.uleb128 0x1
 1590 00f3 50       		.byte	0x50
 1591 00f4 04       		.byte	0x4
 1592 00f5 05       		.uleb128 .LVL1-1-.LVL0
 1593 00f6 12       		.uleb128 .LFE0-.LVL0
 1594 00f7 04       		.uleb128 0x4
 1595 00f8 A3       		.byte	0xa3
 1596 00f9 01       		.uleb128 0x1
ARM GAS  C:\Users\DEVELO~1\AppData\Local\Temp\ccZkLHFh.s 			page 29


 1597 00fa 50       		.byte	0x50
 1598 00fb 9F       		.byte	0x9f
 1599 00fc 00       		.byte	0
 1600              	.LVUS1:
 1601 00fd 00       		.uleb128 0
 1602 00fe 00       		.uleb128 .LVU7
 1603 00ff 00       		.uleb128 .LVU7
 1604 0100 00       		.uleb128 0
 1605              	.LLST1:
 1606 0101 06       		.byte	0x6
 1607 0102 00000000 		.4byte	.LVL0
 1608 0106 04       		.byte	0x4
 1609 0107 00       		.uleb128 .LVL0-.LVL0
 1610 0108 05       		.uleb128 .LVL1-1-.LVL0
 1611 0109 01       		.uleb128 0x1
 1612 010a 51       		.byte	0x51
 1613 010b 04       		.byte	0x4
 1614 010c 05       		.uleb128 .LVL1-1-.LVL0
 1615 010d 12       		.uleb128 .LFE0-.LVL0
 1616 010e 04       		.uleb128 0x4
 1617 010f A3       		.byte	0xa3
 1618 0110 01       		.uleb128 0x1
 1619 0111 51       		.byte	0x51
 1620 0112 9F       		.byte	0x9f
 1621 0113 00       		.byte	0
 1622              	.LVUS2:
 1623 0114 00       		.uleb128 0
 1624 0115 00       		.uleb128 .LVU7
 1625 0116 00       		.uleb128 .LVU7
 1626 0117 00       		.uleb128 0
 1627              	.LLST2:
 1628 0118 06       		.byte	0x6
 1629 0119 00000000 		.4byte	.LVL0
 1630 011d 04       		.byte	0x4
 1631 011e 00       		.uleb128 .LVL0-.LVL0
 1632 011f 05       		.uleb128 .LVL1-1-.LVL0
 1633 0120 01       		.uleb128 0x1
 1634 0121 52       		.byte	0x52
 1635 0122 04       		.byte	0x4
 1636 0123 05       		.uleb128 .LVL1-1-.LVL0
 1637 0124 12       		.uleb128 .LFE0-.LVL0
 1638 0125 04       		.uleb128 0x4
 1639 0126 A3       		.byte	0xa3
 1640 0127 01       		.uleb128 0x1
 1641 0128 52       		.byte	0x52
 1642 0129 9F       		.byte	0x9f
 1643 012a 00       		.byte	0
 1644              	.Ldebug_loc3:
 1645              		.section	.debug_aranges,"",%progbits
 1646 0000 5C000000 		.4byte	0x5c
 1647 0004 0200     		.2byte	0x2
 1648 0006 00000000 		.4byte	.Ldebug_info0
 1649 000a 04       		.byte	0x4
 1650 000b 00       		.byte	0
 1651 000c 0000     		.2byte	0
 1652 000e 0000     		.2byte	0
 1653 0010 00000000 		.4byte	.LFB0
ARM GAS  C:\Users\DEVELO~1\AppData\Local\Temp\ccZkLHFh.s 			page 30


 1654 0014 12000000 		.4byte	.LFE0-.LFB0
 1655 0018 00000000 		.4byte	.LFB2
 1656 001c 12000000 		.4byte	.LFE2-.LFB2
 1657 0020 00000000 		.4byte	.LFB3
 1658 0024 12000000 		.4byte	.LFE3-.LFB3
 1659 0028 00000000 		.4byte	.LFB4
 1660 002c 0C000000 		.4byte	.LFE4-.LFB4
 1661 0030 00000000 		.4byte	.LFB5
 1662 0034 04000000 		.4byte	.LFE5-.LFB5
 1663 0038 00000000 		.4byte	.LFB6
 1664 003c 12000000 		.4byte	.LFE6-.LFB6
 1665 0040 00000000 		.4byte	.LFB7
 1666 0044 04000000 		.4byte	.LFE7-.LFB7
 1667 0048 00000000 		.4byte	.LFB8
 1668 004c 02000000 		.4byte	.LFE8-.LFB8
 1669 0050 00000000 		.4byte	.LFB9
 1670 0054 12000000 		.4byte	.LFE9-.LFB9
 1671 0058 00000000 		.4byte	0
 1672 005c 00000000 		.4byte	0
 1673              		.section	.debug_rnglists,"",%progbits
 1674              	.Ldebug_ranges0:
 1675 0000 3F000000 		.4byte	.Ldebug_ranges3-.Ldebug_ranges2
 1676              	.Ldebug_ranges2:
 1677 0004 0500     		.2byte	0x5
 1678 0006 04       		.byte	0x4
 1679 0007 00       		.byte	0
 1680 0008 00000000 		.4byte	0
 1681              	.LLRL13:
 1682 000c 07       		.byte	0x7
 1683 000d 00000000 		.4byte	.LFB0
 1684 0011 12       		.uleb128 .LFE0-.LFB0
 1685 0012 07       		.byte	0x7
 1686 0013 00000000 		.4byte	.LFB2
 1687 0017 12       		.uleb128 .LFE2-.LFB2
 1688 0018 07       		.byte	0x7
 1689 0019 00000000 		.4byte	.LFB3
 1690 001d 12       		.uleb128 .LFE3-.LFB3
 1691 001e 07       		.byte	0x7
 1692 001f 00000000 		.4byte	.LFB4
 1693 0023 0C       		.uleb128 .LFE4-.LFB4
 1694 0024 07       		.byte	0x7
 1695 0025 00000000 		.4byte	.LFB5
 1696 0029 04       		.uleb128 .LFE5-.LFB5
 1697 002a 07       		.byte	0x7
 1698 002b 00000000 		.4byte	.LFB6
 1699 002f 12       		.uleb128 .LFE6-.LFB6
 1700 0030 07       		.byte	0x7
 1701 0031 00000000 		.4byte	.LFB7
 1702 0035 04       		.uleb128 .LFE7-.LFB7
 1703 0036 07       		.byte	0x7
 1704 0037 00000000 		.4byte	.LFB8
 1705 003b 02       		.uleb128 .LFE8-.LFB8
 1706 003c 07       		.byte	0x7
 1707 003d 00000000 		.4byte	.LFB9
 1708 0041 12       		.uleb128 .LFE9-.LFB9
 1709 0042 00       		.byte	0
 1710              	.Ldebug_ranges3:
ARM GAS  C:\Users\DEVELO~1\AppData\Local\Temp\ccZkLHFh.s 			page 31


 1711              		.section	.debug_line,"",%progbits
 1712              	.Ldebug_line0:
 1713 0000 A9020000 		.section	.debug_str,"MS",%progbits,1
 1713      03002801 
 1713      00000201 
 1713      FB0E0D00 
 1713      01010101 
 1714              	.LASF20:
 1715 0000 5F5F6F66 		.ascii	"__off_t\000"
 1715      665F7400 
 1716              	.LASF17:
 1717 0008 5F5F6769 		.ascii	"__gid_t\000"
 1717      645F7400 
 1718              	.LASF48:
 1719 0010 73745F63 		.ascii	"st_ctim\000"
 1719      74696D00 
 1720              	.LASF9:
 1721 0018 6C6F6E67 		.ascii	"long long unsigned int\000"
 1721      206C6F6E 
 1721      6720756E 
 1721      7369676E 
 1721      65642069 
 1722              	.LASF50:
 1723 002f 73745F62 		.ascii	"st_blocks\000"
 1723      6C6F636B 
 1723      7300
 1724              	.LASF11:
 1725 0039 5F5F696E 		.ascii	"__int_least64_t\000"
 1725      745F6C65 
 1725      61737436 
 1725      345F7400 
 1726              	.LASF37:
 1727 0049 73746174 		.ascii	"stat\000"
 1727      00
 1728              	.LASF53:
 1729 004e 5F657869 		.ascii	"_exit\000"
 1729      7400
 1730              	.LASF1:
 1731 0054 6C6F6E67 		.ascii	"long long int\000"
 1731      206C6F6E 
 1731      6720696E 
 1731      7400
 1732              	.LASF3:
 1733 0062 7369676E 		.ascii	"signed char\000"
 1733      65642063 
 1733      68617200 
 1734              	.LASF39:
 1735 006e 73745F69 		.ascii	"st_ino\000"
 1735      6E6F00
 1736              	.LASF19:
 1737 0075 5F5F6D6F 		.ascii	"__mode_t\000"
 1737      64655F74 
 1737      00
 1738              	.LASF12:
 1739 007e 5F5F626C 		.ascii	"__blkcnt_t\000"
 1739      6B636E74 
 1739      5F7400
ARM GAS  C:\Users\DEVELO~1\AppData\Local\Temp\ccZkLHFh.s 			page 32


 1740              	.LASF7:
 1741 0089 6C6F6E67 		.ascii	"long int\000"
 1741      20696E74 
 1741      00
 1742              	.LASF60:
 1743 0092 5F6C7365 		.ascii	"_lseek\000"
 1743      656B00
 1744              	.LASF59:
 1745 0099 5F667374 		.ascii	"_fstat\000"
 1745      617400
 1746              	.LASF66:
 1747 00a0 5F676574 		.ascii	"_getpid\000"
 1747      70696400 
 1748              	.LASF46:
 1749 00a8 73745F61 		.ascii	"st_atim\000"
 1749      74696D00 
 1750              	.LASF64:
 1751 00b0 433A5C43 		.ascii	"C:\\ChibiStudio\\chibios2111\\demos\\STM32\\RT-STM3"
 1751      68696269 
 1751      53747564 
 1751      696F5C63 
 1751      68696269 
 1752 00de 32483734 		.ascii	"2H743ZI_REV_XY-NUCLEO144 - Copie\000"
 1752      335A495F 
 1752      5245565F 
 1752      58592D4E 
 1752      55434C45 
 1753              	.LASF35:
 1754 00ff 6E6C696E 		.ascii	"nlink_t\000"
 1754      6B5F7400 
 1755              	.LASF30:
 1756 0107 6F66665F 		.ascii	"off_t\000"
 1756      7400
 1757              	.LASF33:
 1758 010d 6769645F 		.ascii	"gid_t\000"
 1758      7400
 1759              	.LASF10:
 1760 0113 5F5F7569 		.ascii	"__uint32_t\000"
 1760      6E743332 
 1760      5F7400
 1761              	.LASF15:
 1762 011e 5F5F6465 		.ascii	"__dev_t\000"
 1762      765F7400 
 1763              	.LASF42:
 1764 0126 73745F75 		.ascii	"st_uid\000"
 1764      696400
 1765              	.LASF51:
 1766 012d 73745F73 		.ascii	"st_spare4\000"
 1766      70617265 
 1766      3400
 1767              	.LASF0:
 1768 0137 756E7369 		.ascii	"unsigned int\000"
 1768      676E6564 
 1768      20696E74 
 1768      00
 1769              	.LASF61:
 1770 0144 5F636C6F 		.ascii	"_close\000"
ARM GAS  C:\Users\DEVELO~1\AppData\Local\Temp\ccZkLHFh.s 			page 33


 1770      736500
 1771              	.LASF26:
 1772 014b 626C6B63 		.ascii	"blkcnt_t\000"
 1772      6E745F74 
 1772      00
 1773              	.LASF8:
 1774 0154 6C6F6E67 		.ascii	"long unsigned int\000"
 1774      20756E73 
 1774      69676E65 
 1774      6420696E 
 1774      7400
 1775              	.LASF62:
 1776 0166 474E5520 		.ascii	"GNU C17 11.3.1 20220712 -mcpu=cortex-m7 -mthumb -mf"
 1776      43313720 
 1776      31312E33 
 1776      2E312032 
 1776      30323230 
 1777 0199 6C6F6174 		.ascii	"loat-abi=soft -march=armv7e-m -ggdb -O2 -fomit-fram"
 1777      2D616269 
 1777      3D736F66 
 1777      74202D6D 
 1777      61726368 
 1778 01cc 652D706F 		.ascii	"e-pointer -falign-functions=16 -ffunction-sections "
 1778      696E7465 
 1778      72202D66 
 1778      616C6967 
 1778      6E2D6675 
 1779 01ff 2D666461 		.ascii	"-fdata-sections -fno-common\000"
 1779      74612D73 
 1779      65637469 
 1779      6F6E7320 
 1779      2D666E6F 
 1780              	.LASF32:
 1781 021b 7569645F 		.ascii	"uid_t\000"
 1781      7400
 1782              	.LASF6:
 1783 0221 73686F72 		.ascii	"short unsigned int\000"
 1783      7420756E 
 1783      7369676E 
 1783      65642069 
 1783      6E7400
 1784              	.LASF21:
 1785 0234 5F5F6E6C 		.ascii	"__nlink_t\000"
 1785      696E6B5F 
 1785      7400
 1786              	.LASF57:
 1787 023e 5F697361 		.ascii	"_isatty\000"
 1787      74747900 
 1788              	.LASF45:
 1789 0246 73745F73 		.ascii	"st_size\000"
 1789      697A6500 
 1790              	.LASF68:
 1791 024e 5F777269 		.ascii	"_write\000"
 1791      746500
 1792              	.LASF40:
 1793 0255 73745F6D 		.ascii	"st_mode\000"
 1793      6F646500 
ARM GAS  C:\Users\DEVELO~1\AppData\Local\Temp\ccZkLHFh.s 			page 34


 1794              	.LASF25:
 1795 025d 74765F6E 		.ascii	"tv_nsec\000"
 1795      73656300 
 1796              	.LASF2:
 1797 0265 6C6F6E67 		.ascii	"long double\000"
 1797      20646F75 
 1797      626C6500 
 1798              	.LASF24:
 1799 0271 74765F73 		.ascii	"tv_sec\000"
 1799      656300
 1800              	.LASF13:
 1801 0278 5F5F626C 		.ascii	"__blksize_t\000"
 1801      6B73697A 
 1801      655F7400 
 1802              	.LASF14:
 1803 0284 5F6F6666 		.ascii	"_off_t\000"
 1803      5F7400
 1804              	.LASF31:
 1805 028b 6465765F 		.ascii	"dev_t\000"
 1805      7400
 1806              	.LASF23:
 1807 0291 74696D65 		.ascii	"time_t\000"
 1807      5F7400
 1808              	.LASF67:
 1809 0298 5F726561 		.ascii	"_read\000"
 1809      6400
 1810              	.LASF65:
 1811 029e 5F5F6572 		.ascii	"__errno\000"
 1811      726E6F00 
 1812              	.LASF41:
 1813 02a6 73745F6E 		.ascii	"st_nlink\000"
 1813      6C696E6B 
 1813      00
 1814              	.LASF4:
 1815 02af 756E7369 		.ascii	"unsigned char\000"
 1815      676E6564 
 1815      20636861 
 1815      7200
 1816              	.LASF5:
 1817 02bd 73686F72 		.ascii	"short int\000"
 1817      7420696E 
 1817      7400
 1818              	.LASF58:
 1819 02c7 66696C65 		.ascii	"file\000"
 1819      00
 1820              	.LASF49:
 1821 02cc 73745F62 		.ascii	"st_blksize\000"
 1821      6C6B7369 
 1821      7A6500
 1822              	.LASF36:
 1823 02d7 74696D65 		.ascii	"timespec\000"
 1823      73706563 
 1823      00
 1824              	.LASF18:
 1825 02e0 5F5F696E 		.ascii	"__ino_t\000"
 1825      6F5F7400 
 1826              	.LASF28:
ARM GAS  C:\Users\DEVELO~1\AppData\Local\Temp\ccZkLHFh.s 			page 35


 1827 02e8 63616464 		.ascii	"caddr_t\000"
 1827      725F7400 
 1828              	.LASF44:
 1829 02f0 73745F72 		.ascii	"st_rdev\000"
 1829      64657600 
 1830              	.LASF22:
 1831 02f8 63686172 		.ascii	"char\000"
 1831      00
 1832              	.LASF16:
 1833 02fd 5F5F7569 		.ascii	"__uid_t\000"
 1833      645F7400 
 1834              	.LASF56:
 1835 0305 5F6B696C 		.ascii	"_kill\000"
 1835      6C00
 1836              	.LASF63:
 1837 030b 73797363 		.ascii	"syscalls.c\000"
 1837      616C6C73 
 1837      2E6300
 1838              	.LASF43:
 1839 0316 73745F67 		.ascii	"st_gid\000"
 1839      696400
 1840              	.LASF55:
 1841 031d 73746174 		.ascii	"status\000"
 1841      757300
 1842              	.LASF34:
 1843 0324 6D6F6465 		.ascii	"mode_t\000"
 1843      5F7400
 1844              	.LASF38:
 1845 032b 73745F64 		.ascii	"st_dev\000"
 1845      657600
 1846              	.LASF27:
 1847 0332 626C6B73 		.ascii	"blksize_t\000"
 1847      697A655F 
 1847      7400
 1848              	.LASF47:
 1849 033c 73745F6D 		.ascii	"st_mtim\000"
 1849      74696D00 
 1850              	.LASF54:
 1851 0344 696E6372 		.ascii	"incr\000"
 1851      00
 1852              	.LASF52:
 1853 0349 5F736272 		.ascii	"_sbrk\000"
 1853      6B00
 1854              	.LASF29:
 1855 034f 696E6F5F 		.ascii	"ino_t\000"
 1855      7400
 1856              		.ident	"GCC: (Arm GNU Toolchain 11.3.Rel1) 11.3.1 20220712"
ARM GAS  C:\Users\DEVELO~1\AppData\Local\Temp\ccZkLHFh.s 			page 36


DEFINED SYMBOLS
                            *ABS*:00000000 syscalls.c
C:\Users\DEVELO~1\AppData\Local\Temp\ccZkLHFh.s:18     .text._write:00000000 $t
C:\Users\DEVELO~1\AppData\Local\Temp\ccZkLHFh.s:25     .text._write:00000000 _write
C:\Users\DEVELO~1\AppData\Local\Temp\ccZkLHFh.s:60     .text._read:00000000 $t
C:\Users\DEVELO~1\AppData\Local\Temp\ccZkLHFh.s:67     .text._read:00000000 _read
C:\Users\DEVELO~1\AppData\Local\Temp\ccZkLHFh.s:86     .text._close:00000000 $t
C:\Users\DEVELO~1\AppData\Local\Temp\ccZkLHFh.s:93     .text._close:00000000 _close
C:\Users\DEVELO~1\AppData\Local\Temp\ccZkLHFh.s:125    .text._lseek:00000000 $t
C:\Users\DEVELO~1\AppData\Local\Temp\ccZkLHFh.s:132    .text._lseek:00000000 _lseek
C:\Users\DEVELO~1\AppData\Local\Temp\ccZkLHFh.s:166    .text._fstat:00000000 $t
C:\Users\DEVELO~1\AppData\Local\Temp\ccZkLHFh.s:173    .text._fstat:00000000 _fstat
C:\Users\DEVELO~1\AppData\Local\Temp\ccZkLHFh.s:200    .text._isatty:00000000 $t
C:\Users\DEVELO~1\AppData\Local\Temp\ccZkLHFh.s:207    .text._isatty:00000000 _isatty
C:\Users\DEVELO~1\AppData\Local\Temp\ccZkLHFh.s:226    .text._kill:00000000 $t
C:\Users\DEVELO~1\AppData\Local\Temp\ccZkLHFh.s:233    .text._kill:00000000 _kill
C:\Users\DEVELO~1\AppData\Local\Temp\ccZkLHFh.s:266    .text._getpid:00000000 $t
C:\Users\DEVELO~1\AppData\Local\Temp\ccZkLHFh.s:273    .text._getpid:00000000 _getpid
C:\Users\DEVELO~1\AppData\Local\Temp\ccZkLHFh.s:288    .text._exit:00000000 $t
C:\Users\DEVELO~1\AppData\Local\Temp\ccZkLHFh.s:295    .text._exit:00000000 _exit
C:\Users\DEVELO~1\AppData\Local\Temp\ccZkLHFh.s:314    .text._sbrk:00000000 $t
C:\Users\DEVELO~1\AppData\Local\Temp\ccZkLHFh.s:321    .text._sbrk:00000000 _sbrk

UNDEFINED SYMBOLS
__errno
